/home/student/anaconda3/lib/python3.6/site-packages/h5py/__init__.py:36: FutureWarning: Conversion of the second argument of issubdtype from `float` to `np.floating` is deprecated. In future, it will be treated as `np.float64 == np.dtype(float).type`.
  from ._conv import register_converters as _register_converters
WARNING:tensorflow:From dropconnect_layer_input.py:19: read_data_sets (from tensorflow.contrib.learn.python.learn.datasets.mnist) is deprecated and will be removed in a future version.
Instructions for updating:
Please use alternatives such as official/mnist/dataset.py from tensorflow/models.
WARNING:tensorflow:From /home/student/anaconda3/lib/python3.6/site-packages/tensorflow/contrib/learn/python/learn/datasets/mnist.py:260: maybe_download (from tensorflow.contrib.learn.python.learn.datasets.base) is deprecated and will be removed in a future version.
Instructions for updating:
Please write your own downloading logic.
WARNING:tensorflow:From /home/student/anaconda3/lib/python3.6/site-packages/tensorflow/contrib/learn/python/learn/datasets/mnist.py:262: extract_images (from tensorflow.contrib.learn.python.learn.datasets.mnist) is deprecated and will be removed in a future version.
Instructions for updating:
Please use tf.data to implement this functionality.
WARNING:tensorflow:From /home/student/anaconda3/lib/python3.6/site-packages/tensorflow/contrib/learn/python/learn/datasets/mnist.py:267: extract_labels (from tensorflow.contrib.learn.python.learn.datasets.mnist) is deprecated and will be removed in a future version.
Instructions for updating:
Please use tf.data to implement this functionality.
WARNING:tensorflow:From /home/student/anaconda3/lib/python3.6/site-packages/tensorflow/contrib/learn/python/learn/datasets/mnist.py:110: dense_to_one_hot (from tensorflow.contrib.learn.python.learn.datasets.mnist) is deprecated and will be removed in a future version.
Instructions for updating:
Please use tf.one_hot on tensors.
WARNING:tensorflow:From /home/student/anaconda3/lib/python3.6/site-packages/tensorflow/contrib/learn/python/learn/datasets/mnist.py:290: DataSet.__init__ (from tensorflow.contrib.learn.python.learn.datasets.mnist) is deprecated and will be removed in a future version.
Instructions for updating:
Please use alternatives such as official/mnist/dataset.py from tensorflow/models.
2018-08-25 03:20:16.560070: I tensorflow/core/platform/cpu_feature_guard.cc:141] Your CPU supports instructions that this TensorFlow binary was not compiled to use: AVX2 FMA
2018-08-25 03:20:16.622768: I tensorflow/stream_executor/cuda/cuda_gpu_executor.cc:897] successful NUMA node read from SysFS had negative value (-1), but there must be at least one NUMA node, so returning NUMA node zero
2018-08-25 03:20:16.623090: I tensorflow/core/common_runtime/gpu/gpu_device.cc:1405] Found device 0 with properties: 
name: GeForce GTX 1050 major: 6 minor: 1 memoryClockRate(GHz): 1.531
pciBusID: 0000:01:00.0
totalMemory: 1.95GiB freeMemory: 1.18GiB
2018-08-25 03:20:16.623103: I tensorflow/core/common_runtime/gpu/gpu_device.cc:1484] Adding visible gpu devices: 0
2018-08-25 03:20:16.812082: I tensorflow/core/common_runtime/gpu/gpu_device.cc:965] Device interconnect StreamExecutor with strength 1 edge matrix:
2018-08-25 03:20:16.812118: I tensorflow/core/common_runtime/gpu/gpu_device.cc:971]      0 
2018-08-25 03:20:16.812125: I tensorflow/core/common_runtime/gpu/gpu_device.cc:984] 0:   N 
2018-08-25 03:20:16.812234: I tensorflow/core/common_runtime/gpu/gpu_device.cc:1097] Created TensorFlow device (/job:localhost/replica:0/task:0/device:GPU:0 with 919 MB memory) -> physical GPU (device: 0, name: GeForce GTX 1050, pci bus id: 0000:01:00.0, compute capability: 6.1)
2018-08-25 03:20:40.277008: I tensorflow/core/common_runtime/gpu/gpu_device.cc:1484] Adding visible gpu devices: 0
2018-08-25 03:20:40.277053: I tensorflow/core/common_runtime/gpu/gpu_device.cc:965] Device interconnect StreamExecutor with strength 1 edge matrix:
2018-08-25 03:20:40.277060: I tensorflow/core/common_runtime/gpu/gpu_device.cc:971]      0 
2018-08-25 03:20:40.277065: I tensorflow/core/common_runtime/gpu/gpu_device.cc:984] 0:   N 
2018-08-25 03:20:40.277170: I tensorflow/core/common_runtime/gpu/gpu_device.cc:1097] Created TensorFlow device (/job:localhost/replica:0/task:0/device:GPU:0 with 919 MB memory) -> physical GPU (device: 0, name: GeForce GTX 1050, pci bus id: 0000:01:00.0, compute capability: 6.1)
2018-08-25 03:21:03.148944: I tensorflow/core/common_runtime/gpu/gpu_device.cc:1484] Adding visible gpu devices: 0
2018-08-25 03:21:03.148991: I tensorflow/core/common_runtime/gpu/gpu_device.cc:965] Device interconnect StreamExecutor with strength 1 edge matrix:
2018-08-25 03:21:03.148998: I tensorflow/core/common_runtime/gpu/gpu_device.cc:971]      0 
2018-08-25 03:21:03.149003: I tensorflow/core/common_runtime/gpu/gpu_device.cc:984] 0:   N 
2018-08-25 03:21:03.149106: I tensorflow/core/common_runtime/gpu/gpu_device.cc:1097] Created TensorFlow device (/job:localhost/replica:0/task:0/device:GPU:0 with 919 MB memory) -> physical GPU (device: 0, name: GeForce GTX 1050, pci bus id: 0000:01:00.0, compute capability: 6.1)
2018-08-25 03:21:26.258788: I tensorflow/core/common_runtime/gpu/gpu_device.cc:1484] Adding visible gpu devices: 0
2018-08-25 03:21:26.258833: I tensorflow/core/common_runtime/gpu/gpu_device.cc:965] Device interconnect StreamExecutor with strength 1 edge matrix:
2018-08-25 03:21:26.258840: I tensorflow/core/common_runtime/gpu/gpu_device.cc:971]      0 
2018-08-25 03:21:26.258844: I tensorflow/core/common_runtime/gpu/gpu_device.cc:984] 0:   N 
2018-08-25 03:21:26.258944: I tensorflow/core/common_runtime/gpu/gpu_device.cc:1097] Created TensorFlow device (/job:localhost/replica:0/task:0/device:GPU:0 with 919 MB memory) -> physical GPU (device: 0, name: GeForce GTX 1050, pci bus id: 0000:01:00.0, compute capability: 6.1)
Extracting MNIST_data/train-images-idx3-ubyte.gz
Extracting MNIST_data/train-labels-idx1-ubyte.gz
Extracting MNIST_data/t10k-images-idx3-ubyte.gz
Extracting MNIST_data/t10k-labels-idx1-ubyte.gz
Nodes keep percentage is :  1.0
Epoch #0 cost=3.249587
Epoch #1 cost=3.249582
Epoch #2 cost=3.249582
Epoch #3 cost=3.249582
Epoch #4 cost=3.249581
Epoch #5 cost=3.249582
Epoch #6 cost=3.249582
Epoch #7 cost=3.249582
Epoch #8 cost=3.249582
Epoch #9 cost=3.249582
Epoch #0 cost=3.249559
Epoch #1 cost=3.249549
Epoch #2 cost=3.249547
Epoch #3 cost=3.249546
Epoch #4 cost=3.249547
Epoch #5 cost=3.249546
Epoch #6 cost=3.249546
Epoch #7 cost=3.249546
Epoch #8 cost=3.249546
Epoch #9 cost=3.249547
Epoch #0 cost=3.249596
Epoch #1 cost=3.249591
Epoch #2 cost=3.249591
Epoch #3 cost=3.249591
Epoch #4 cost=3.249591
Epoch #5 cost=3.249591
Epoch #6 cost=3.249591
Epoch #7 cost=3.249591
Epoch #8 cost=3.249591
Epoch #9 cost=3.249591
Epoch #0 cost=3.249691
Epoch #1 cost=3.249711
Epoch #2 cost=3.249716
Epoch #3 cost=3.249717
Epoch #4 cost=3.249717
Epoch #5 cost=3.249717
Epoch #6 cost=3.249717
Epoch #7 cost=3.249717
Epoch #8 cost=3.249717
Epoch #9 cost=3.249717
Epoch #0 cost=3.249646
Epoch #1 cost=3.249652
Epoch #2 cost=3.249653
Epoch #3 cost=3.249654
Epoch #4 cost=3.249654
Epoch #5 cost=3.249654
Epoch #6 cost=3.249654
Epoch #7 cost=3.249654
Epoch #8 cost=3.249654
Epoch #9 cost=3.249654
Epoch #0 cost=3.249627
Epoch #1 cost=3.249633
Epoch #2 cost=3.249635
Epoch #3 cost=3.249635
Epoch #4 cost=3.249635
Epoch #5 cost=3.249635
Epoch #6 cost=3.249635
Epoch #7 cost=3.249635
Epoch #8 cost=3.249635
Epoch #9 cost=3.249635
Epoch #0 cost=3.249654
Epoch #1 cost=3.249661
Epoch #2 cost=3.249663
Epoch #3 cost=3.249663
Epoch #4 cost=3.249664
Epoch #5 cost=3.249664
Epoch #6 cost=3.249664
Epoch #7 cost=3.249664
Epoch #8 cost=3.249664
Epoch #9 cost=3.249664
Epoch #0 cost=3.249614
Epoch #1 cost=3.249629
Epoch #2 cost=3.249633
Epoch #3 cost=3.249634
Epoch #4 cost=3.249634
Epoch #5 cost=3.249634
Epoch #6 cost=3.249634
Epoch #7 cost=3.249634
Epoch #8 cost=3.249634
Epoch #9 cost=3.249634
Epoch #0 cost=3.249487
Epoch #1 cost=3.249471
Epoch #2 cost=3.249469
Epoch #3 cost=3.249468
Epoch #4 cost=3.249467
Epoch #5 cost=3.249468
Epoch #6 cost=3.249468
Epoch #7 cost=3.249467
Epoch #8 cost=3.249468
Epoch #9 cost=3.249468
Epoch #0 cost=3.250592
Epoch #1 cost=3.250802
Epoch #2 cost=3.250842
Epoch #3 cost=3.250849
Epoch #4 cost=3.250851
Epoch #5 cost=3.250851
Epoch #6 cost=3.250851
Epoch #7 cost=3.250851
Epoch #8 cost=3.250851
Epoch #9 cost=3.250851
Nodes keep percentage is :  0.95
Epoch #0 cost=3.249587
Epoch #1 cost=3.249582
Epoch #2 cost=3.249582
Epoch #3 cost=3.249582
Epoch #4 cost=3.249582
Epoch #5 cost=3.249582
Epoch #6 cost=3.249582
Epoch #7 cost=3.249582
Epoch #8 cost=3.249582
Epoch #9 cost=3.249582
Epoch #0 cost=3.249559
Epoch #1 cost=3.249549
Epoch #2 cost=3.249547
Epoch #3 cost=3.249546
Epoch #4 cost=3.249546
Epoch #5 cost=3.249546
Epoch #6 cost=3.249546
Epoch #7 cost=3.249546
Epoch #8 cost=3.249546
Epoch #9 cost=3.249546
Epoch #0 cost=3.249596
Epoch #1 cost=3.249591
Epoch #2 cost=3.249591
Epoch #3 cost=3.249591
Epoch #4 cost=3.249591
Epoch #5 cost=3.249591
Epoch #6 cost=3.249591
Epoch #7 cost=3.249591
Epoch #8 cost=3.249591
Epoch #9 cost=3.249591
Epoch #0 cost=3.249691
Epoch #1 cost=3.249711
Epoch #2 cost=3.249716
Epoch #3 cost=3.249717
Epoch #4 cost=3.249717
Epoch #5 cost=3.249717
Epoch #6 cost=3.249717
Epoch #7 cost=3.249717
Epoch #8 cost=3.249717
Epoch #9 cost=3.249717
Epoch #0 cost=3.249646
Epoch #1 cost=3.249652
Epoch #2 cost=3.249653
Epoch #3 cost=3.249653
Epoch #4 cost=3.249654
Epoch #5 cost=3.249654
Epoch #6 cost=3.249654
Epoch #7 cost=3.249654
Epoch #8 cost=3.249654
Epoch #9 cost=3.249654
Epoch #0 cost=3.249627
Epoch #1 cost=3.249633
Epoch #2 cost=3.249634
Epoch #3 cost=3.249635
Epoch #4 cost=3.249635
Epoch #5 cost=3.249635
Epoch #6 cost=3.249635
Epoch #7 cost=3.249635
Epoch #8 cost=3.249635
Epoch #9 cost=3.249635
Epoch #0 cost=3.249654
Epoch #1 cost=3.249661
Epoch #2 cost=3.249663
Epoch #3 cost=3.249663
Epoch #4 cost=3.249664
Epoch #5 cost=3.249664
Epoch #6 cost=3.249664
Epoch #7 cost=3.249663
Epoch #8 cost=3.249663
Epoch #9 cost=3.249664
Epoch #0 cost=3.249614
Epoch #1 cost=3.249629
Epoch #2 cost=3.249633
Epoch #3 cost=3.249634
Epoch #4 cost=3.249634
Epoch #5 cost=3.249634
Epoch #6 cost=3.249634
Epoch #7 cost=3.249634
Epoch #8 cost=3.249634
Epoch #9 cost=3.249634
Epoch #0 cost=3.249487
Epoch #1 cost=3.249471
Epoch #2 cost=3.249468
Epoch #3 cost=3.249468
Epoch #4 cost=3.249467
Epoch #5 cost=3.249467
Epoch #6 cost=3.249467
Epoch #7 cost=3.249467
Epoch #8 cost=3.249467
Epoch #9 cost=3.249468
Epoch #0 cost=3.250592
Epoch #1 cost=3.250802
Epoch #2 cost=3.250842
Epoch #3 cost=3.250849
Epoch #4 cost=3.250851
Epoch #5 cost=3.250851
Epoch #6 cost=3.250851
Epoch #7 cost=3.250851
Epoch #8 cost=3.250851
Epoch #9 cost=3.250851
Nodes keep percentage is :  0.8999999999999999
Epoch #0 cost=3.249588
Epoch #1 cost=3.249583
Epoch #2 cost=3.249582
Epoch #3 cost=3.249582
Epoch #4 cost=3.249582
Epoch #5 cost=3.249582
Epoch #6 cost=3.249582
Epoch #7 cost=3.249582
Epoch #8 cost=3.249582
Epoch #9 cost=3.249582
Epoch #0 cost=3.249559
Epoch #1 cost=3.249549
Epoch #2 cost=3.249547
Epoch #3 cost=3.249547
Epoch #4 cost=3.249547
Epoch #5 cost=3.249547
Epoch #6 cost=3.249547
Epoch #7 cost=3.249547
Epoch #8 cost=3.249547
Epoch #9 cost=3.249547
Epoch #0 cost=3.249596
Epoch #1 cost=3.249592
Epoch #2 cost=3.249591
Epoch #3 cost=3.249591
Epoch #4 cost=3.249591
Epoch #5 cost=3.249591
Epoch #6 cost=3.249591
Epoch #7 cost=3.249591
Epoch #8 cost=3.249591
Epoch #9 cost=3.249591
Epoch #0 cost=3.249692
Epoch #1 cost=3.249712
Epoch #2 cost=3.249717
Epoch #3 cost=3.249717
Epoch #4 cost=3.249717
Epoch #5 cost=3.249717
Epoch #6 cost=3.249717
Epoch #7 cost=3.249718
Epoch #8 cost=3.249718
Epoch #9 cost=3.249717
Epoch #0 cost=3.249647
Epoch #1 cost=3.249652
Epoch #2 cost=3.249654
Epoch #3 cost=3.249655
Epoch #4 cost=3.249654
Epoch #5 cost=3.249654
Epoch #6 cost=3.249654
Epoch #7 cost=3.249654
Epoch #8 cost=3.249654
Epoch #9 cost=3.249654
Epoch #0 cost=3.249627
Epoch #1 cost=3.249633
Epoch #2 cost=3.249636
Epoch #3 cost=3.249635
Epoch #4 cost=3.249635
Epoch #5 cost=3.249635
Epoch #6 cost=3.249635
Epoch #7 cost=3.249635
Epoch #8 cost=3.249635
Epoch #9 cost=3.249635
Epoch #0 cost=3.249654
Epoch #1 cost=3.249662
Epoch #2 cost=3.249663
Epoch #3 cost=3.249664
Epoch #4 cost=3.249664
Epoch #5 cost=3.249664
Epoch #6 cost=3.249664
Epoch #7 cost=3.249664
Epoch #8 cost=3.249664
Epoch #9 cost=3.249664
Epoch #0 cost=3.249615
Epoch #1 cost=3.249630
Epoch #2 cost=3.249634
Epoch #3 cost=3.249634
Epoch #4 cost=3.249634
Epoch #5 cost=3.249634
Epoch #6 cost=3.249635
Epoch #7 cost=3.249635
Epoch #8 cost=3.249635
Epoch #9 cost=3.249635
Epoch #0 cost=3.249488
Epoch #1 cost=3.249472
Epoch #2 cost=3.249469
Epoch #3 cost=3.249468
Epoch #4 cost=3.249468
Epoch #5 cost=3.249468
Epoch #6 cost=3.249468
Epoch #7 cost=3.249468
Epoch #8 cost=3.249468
Epoch #9 cost=3.249468
Epoch #0 cost=3.250592
Epoch #1 cost=3.250803
Epoch #2 cost=3.250843
Epoch #3 cost=3.250850
Epoch #4 cost=3.250851
Epoch #5 cost=3.250852
Epoch #6 cost=3.250852
Epoch #7 cost=3.250852
Epoch #8 cost=3.250852
Epoch #9 cost=3.250852
Nodes keep percentage is :  0.8499999999999999
Epoch #0 cost=3.249588
Epoch #1 cost=3.249583
Epoch #2 cost=3.249583
Epoch #3 cost=3.249582
Epoch #4 cost=3.249582
Epoch #5 cost=3.249583
Epoch #6 cost=3.249582
Epoch #7 cost=3.249582
Epoch #8 cost=3.249582
Epoch #9 cost=3.249582
Epoch #0 cost=3.249560
Epoch #1 cost=3.249549
Epoch #2 cost=3.249548
Epoch #3 cost=3.249547
Epoch #4 cost=3.249547
Epoch #5 cost=3.249547
Epoch #6 cost=3.249547
Epoch #7 cost=3.249547
Epoch #8 cost=3.249547
Epoch #9 cost=3.249547
Epoch #0 cost=3.249596
Epoch #1 cost=3.249592
Epoch #2 cost=3.249591
Epoch #3 cost=3.249592
Epoch #4 cost=3.249591
Epoch #5 cost=3.249592
Epoch #6 cost=3.249592
Epoch #7 cost=3.249592
Epoch #8 cost=3.249592
Epoch #9 cost=3.249592
Epoch #0 cost=3.249692
Epoch #1 cost=3.249712
Epoch #2 cost=3.249717
Epoch #3 cost=3.249717
Epoch #4 cost=3.249718
Epoch #5 cost=3.249718
Epoch #6 cost=3.249718
Epoch #7 cost=3.249718
Epoch #8 cost=3.249718
Epoch #9 cost=3.249718
Epoch #0 cost=3.2496472018-08-25 03:21:49.437922: I tensorflow/core/common_runtime/gpu/gpu_device.cc:1484] Adding visible gpu devices: 0
2018-08-25 03:21:49.437968: I tensorflow/core/common_runtime/gpu/gpu_device.cc:965] Device interconnect StreamExecutor with strength 1 edge matrix:
2018-08-25 03:21:49.437975: I tensorflow/core/common_runtime/gpu/gpu_device.cc:971]      0 
2018-08-25 03:21:49.437979: I tensorflow/core/common_runtime/gpu/gpu_device.cc:984] 0:   N 
2018-08-25 03:21:49.438083: I tensorflow/core/common_runtime/gpu/gpu_device.cc:1097] Created TensorFlow device (/job:localhost/replica:0/task:0/device:GPU:0 with 919 MB memory) -> physical GPU (device: 0, name: GeForce GTX 1050, pci bus id: 0000:01:00.0, compute capability: 6.1)
2018-08-25 03:22:12.573894: I tensorflow/core/common_runtime/gpu/gpu_device.cc:1484] Adding visible gpu devices: 0
2018-08-25 03:22:12.573937: I tensorflow/core/common_runtime/gpu/gpu_device.cc:965] Device interconnect StreamExecutor with strength 1 edge matrix:
2018-08-25 03:22:12.573944: I tensorflow/core/common_runtime/gpu/gpu_device.cc:971]      0 
2018-08-25 03:22:12.573949: I tensorflow/core/common_runtime/gpu/gpu_device.cc:984] 0:   N 
2018-08-25 03:22:12.574053: I tensorflow/core/common_runtime/gpu/gpu_device.cc:1097] Created TensorFlow device (/job:localhost/replica:0/task:0/device:GPU:0 with 919 MB memory) -> physical GPU (device: 0, name: GeForce GTX 1050, pci bus id: 0000:01:00.0, compute capability: 6.1)
2018-08-25 03:22:35.697510: I tensorflow/core/common_runtime/gpu/gpu_device.cc:1484] Adding visible gpu devices: 0
2018-08-25 03:22:35.697556: I tensorflow/core/common_runtime/gpu/gpu_device.cc:965] Device interconnect StreamExecutor with strength 1 edge matrix:
2018-08-25 03:22:35.697563: I tensorflow/core/common_runtime/gpu/gpu_device.cc:971]      0 
2018-08-25 03:22:35.697567: I tensorflow/core/common_runtime/gpu/gpu_device.cc:984] 0:   N 
2018-08-25 03:22:35.697673: I tensorflow/core/common_runtime/gpu/gpu_device.cc:1097] Created TensorFlow device (/job:localhost/replica:0/task:0/device:GPU:0 with 919 MB memory) -> physical GPU (device: 0, name: GeForce GTX 1050, pci bus id: 0000:01:00.0, compute capability: 6.1)

Epoch #1 cost=3.249653
Epoch #2 cost=3.249654
Epoch #3 cost=3.249655
Epoch #4 cost=3.249654
Epoch #5 cost=3.249655
Epoch #6 cost=3.249654
Epoch #7 cost=3.249655
Epoch #8 cost=3.249655
Epoch #9 cost=3.249655
Epoch #0 cost=3.249628
Epoch #1 cost=3.249634
Epoch #2 cost=3.249635
Epoch #3 cost=3.249635
Epoch #4 cost=3.249635
Epoch #5 cost=3.249635
Epoch #6 cost=3.249635
Epoch #7 cost=3.249635
Epoch #8 cost=3.249635
Epoch #9 cost=3.249635
Epoch #0 cost=3.249655
Epoch #1 cost=3.249662
Epoch #2 cost=3.249664
Epoch #3 cost=3.249664
Epoch #4 cost=3.249664
Epoch #5 cost=3.249664
Epoch #6 cost=3.249665
Epoch #7 cost=3.249665
Epoch #8 cost=3.249665
Epoch #9 cost=3.249665
Epoch #0 cost=3.249615
Epoch #1 cost=3.249630
Epoch #2 cost=3.249634
Epoch #3 cost=3.249634
Epoch #4 cost=3.249635
Epoch #5 cost=3.249635
Epoch #6 cost=3.249635
Epoch #7 cost=3.249635
Epoch #8 cost=3.249635
Epoch #9 cost=3.249635
Epoch #0 cost=3.249488
Epoch #1 cost=3.249472
Epoch #2 cost=3.249469
Epoch #3 cost=3.249468
Epoch #4 cost=3.249469
Epoch #5 cost=3.249469
Epoch #6 cost=3.249468
Epoch #7 cost=3.249468
Epoch #8 cost=3.249468
Epoch #9 cost=3.249468
Epoch #0 cost=3.250593
Epoch #1 cost=3.250803
Epoch #2 cost=3.250843
Epoch #3 cost=3.250850
Epoch #4 cost=3.250851
Epoch #5 cost=3.250852
Epoch #6 cost=3.250852
Epoch #7 cost=3.250852
Epoch #8 cost=3.250852
Epoch #9 cost=3.250852
Nodes keep percentage is :  0.7999999999999998
Epoch #0 cost=3.249588
Epoch #1 cost=3.249583
Epoch #2 cost=3.249582
Epoch #3 cost=3.249582
Epoch #4 cost=3.249582
Epoch #5 cost=3.249582
Epoch #6 cost=3.249582
Epoch #7 cost=3.249582
Epoch #8 cost=3.249582
Epoch #9 cost=3.249582
Epoch #0 cost=3.249560
Epoch #1 cost=3.249549
Epoch #2 cost=3.249548
Epoch #3 cost=3.249547
Epoch #4 cost=3.249547
Epoch #5 cost=3.249547
Epoch #6 cost=3.249547
Epoch #7 cost=3.249547
Epoch #8 cost=3.249547
Epoch #9 cost=3.249547
Epoch #0 cost=3.249596
Epoch #1 cost=3.249592
Epoch #2 cost=3.249591
Epoch #3 cost=3.249591
Epoch #4 cost=3.249591
Epoch #5 cost=3.249592
Epoch #6 cost=3.249591
Epoch #7 cost=3.249591
Epoch #8 cost=3.249591
Epoch #9 cost=3.249591
Epoch #0 cost=3.249692
Epoch #1 cost=3.249712
Epoch #2 cost=3.249717
Epoch #3 cost=3.249718
Epoch #4 cost=3.249717
Epoch #5 cost=3.249718
Epoch #6 cost=3.249718
Epoch #7 cost=3.249718
Epoch #8 cost=3.249718
Epoch #9 cost=3.249718
Epoch #0 cost=3.249647
Epoch #1 cost=3.249653
Epoch #2 cost=3.249654
Epoch #3 cost=3.249655
Epoch #4 cost=3.249654
Epoch #5 cost=3.249654
Epoch #6 cost=3.249654
Epoch #7 cost=3.249654
Epoch #8 cost=3.249654
Epoch #9 cost=3.249654
Epoch #0 cost=3.249627
Epoch #1 cost=3.249633
Epoch #2 cost=3.249635
Epoch #3 cost=3.249636
Epoch #4 cost=3.249635
Epoch #5 cost=3.249635
Epoch #6 cost=3.249635
Epoch #7 cost=3.249635
Epoch #8 cost=3.249635
Epoch #9 cost=3.249635
Epoch #0 cost=3.249654
Epoch #1 cost=3.249662
Epoch #2 cost=3.249664
Epoch #3 cost=3.249664
Epoch #4 cost=3.249664
Epoch #5 cost=3.249664
Epoch #6 cost=3.249664
Epoch #7 cost=3.249664
Epoch #8 cost=3.249664
Epoch #9 cost=3.249665
Epoch #0 cost=3.249615
Epoch #1 cost=3.249630
Epoch #2 cost=3.249634
Epoch #3 cost=3.249634
Epoch #4 cost=3.249635
Epoch #5 cost=3.249635
Epoch #6 cost=3.249635
Epoch #7 cost=3.249635
Epoch #8 cost=3.249635
Epoch #9 cost=3.249635
Epoch #0 cost=3.249488
Epoch #1 cost=3.249472
Epoch #2 cost=3.249469
Epoch #3 cost=3.249468
Epoch #4 cost=3.249468
Epoch #5 cost=3.249468
Epoch #6 cost=3.249468
Epoch #7 cost=3.249468
Epoch #8 cost=3.249468
Epoch #9 cost=3.249468
Epoch #0 cost=3.250592
Epoch #1 cost=3.250803
Epoch #2 cost=3.250843
Epoch #3 cost=3.250850
Epoch #4 cost=3.250851
Epoch #5 cost=3.250852
Epoch #6 cost=3.250852
Epoch #7 cost=3.250852
Epoch #8 cost=3.250852
Epoch #9 cost=3.250852
Nodes keep percentage is :  0.7499999999999998
Epoch #0 cost=3.249588
Epoch #1 cost=3.249583
Epoch #2 cost=3.249583
Epoch #3 cost=3.249582
Epoch #4 cost=3.249582
Epoch #5 cost=3.249582
Epoch #6 cost=3.249582
Epoch #7 cost=3.249582
Epoch #8 cost=3.249582
Epoch #9 cost=3.249582
Epoch #0 cost=3.249560
Epoch #1 cost=3.249550
Epoch #2 cost=3.249547
Epoch #3 cost=3.249547
Epoch #4 cost=3.249547
Epoch #5 cost=3.249547
Epoch #6 cost=3.249547
Epoch #7 cost=3.249547
Epoch #8 cost=3.249547
Epoch #9 cost=3.249547
Epoch #0 cost=3.249596
Epoch #1 cost=3.249592
Epoch #2 cost=3.249592
Epoch #3 cost=3.249591
Epoch #4 cost=3.249592
Epoch #5 cost=3.249591
Epoch #6 cost=3.249592
Epoch #7 cost=3.249591
Epoch #8 cost=3.249591
Epoch #9 cost=3.249591
Epoch #0 cost=3.249692
Epoch #1 cost=3.249712
Epoch #2 cost=3.249716
Epoch #3 cost=3.249717
Epoch #4 cost=3.249717
Epoch #5 cost=3.249718
Epoch #6 cost=3.249717
Epoch #7 cost=3.249717
Epoch #8 cost=3.249718
Epoch #9 cost=3.249717
Epoch #0 cost=3.249647
Epoch #1 cost=3.249653
Epoch #2 cost=3.249654
Epoch #3 cost=3.249655
Epoch #4 cost=3.249655
Epoch #5 cost=3.249654
Epoch #6 cost=3.249654
Epoch #7 cost=3.249654
Epoch #8 cost=3.249654
Epoch #9 cost=3.249654
Epoch #0 cost=3.249627
Epoch #1 cost=3.249634
Epoch #2 cost=3.249635
Epoch #3 cost=3.249635
Epoch #4 cost=3.249635
Epoch #5 cost=3.249635
Epoch #6 cost=3.249635
Epoch #7 cost=3.249635
Epoch #8 cost=3.249635
Epoch #9 cost=3.249635
Epoch #0 cost=3.249654
Epoch #1 cost=3.249662
Epoch #2 cost=3.249664
Epoch #3 cost=3.249664
Epoch #4 cost=3.249664
Epoch #5 cost=3.249664
Epoch #6 cost=3.249664
Epoch #7 cost=3.249664
Epoch #8 cost=3.249664
Epoch #9 cost=3.249664
Epoch #0 cost=3.249615
Epoch #1 cost=3.249630
Epoch #2 cost=3.249634
Epoch #3 cost=3.249634
Epoch #4 cost=3.249634
Epoch #5 cost=3.249635
Epoch #6 cost=3.249635
Epoch #7 cost=3.249635
Epoch #8 cost=3.249635
Epoch #9 cost=3.249635
Epoch #0 cost=3.249488
Epoch #1 cost=3.249472
Epoch #2 cost=3.249469
Epoch #3 cost=3.249468
Epoch #4 cost=3.249469
Epoch #5 cost=3.249468
Epoch #6 cost=3.249468
Epoch #7 cost=3.249468
Epoch #8 cost=3.249468
Epoch #9 cost=3.249468
Epoch #0 cost=3.250592
Epoch #1 cost=3.250803
Epoch #2 cost=3.250843
Epoch #3 cost=3.250850
Epoch #4 cost=3.250851
Epoch #5 cost=3.250852
Epoch #6 cost=3.250852
Epoch #7 cost=3.250852
Epoch #8 cost=3.250852
Epoch #9 cost=3.250852
Nodes keep percentage is :  0.6999999999999997
Epoch #0 cost=3.249588
Epoch #1 cost=3.249583
Epoch #2 cost=3.249582
Epoch #3 cost=3.249582
Epoch #4 cost=3.249582
Epoch #5 cost=3.249582
Epoch #6 cost=3.249582
Epoch #7 cost=3.249582
Epoch #8 cost=3.249582
Epoch #9 cost=3.249582
Epoch #0 cost=3.249559
Epoch #1 cost=3.249549
Epoch #2 cost=3.249547
Epoch #3 cost=3.249547
Epoch #4 cost=3.249547
Epoch #5 cost=3.249547
Epoch #6 cost=3.249547
Epoch #7 cost=3.249547
Epoch #8 cost=3.249547
Epoch #9 cost=3.249547
Epoch #0 cost=3.249596
Epoch #1 cost=3.249592
Epoch #2 cost=3.249591
Epoch #3 cost=3.249591
Epoch #4 cost=3.249591
Epoch #5 cost=3.249591
Epoch #6 cost=3.249591
Epoch #7 cost=3.249591
Epoch #8 cost=3.249591
Epoch #9 cost=3.249591
Epoch #0 cost=3.249692
Epoch #1 cost=3.249711
Epoch #2 cost=3.249716
Epoch #3 cost=3.249717
Epoch #4 cost=3.249717
Epoch #5 cost=3.249717
Epoch #6 cost=3.249717
Epoch #7 cost=3.249717
Epoch #8 cost=3.249717
Epoch #9 cost=3.249717
Epoch #0 cost=3.249646
Epoch #1 cost=3.249652
Epoch #2 cost=3.249653
Epoch #3 cost=3.249654
Epoch #4 cost=3.249654
Epoch #5 cost=3.249654
Epoch #6 cost=3.249654
Epoch #7 cost=3.249654
Epoch #8 cost=3.249654
Epoch #9 cost=3.249654
Epoch #0 cost=3.249627
Epoch #1 cost=3.249633
Epoch #2 cost=3.249635
Epoch #3 cost=3.249635
Epoch #4 cost=3.249635
Epoch #5 cost=3.249635
Epoch #6 cost=3.249635
Epoch #7 cost=3.249635
Epoch #8 cost=3.249635
Epoch #9 cost=3.249635
Epoch #0 cost=3.249654
Epoch #1 cost=3.249661
Epoch #2 cost=3.249663
Epoch #3 cost=3.249664
Epoch #4 cost=3.249664
Epoch #5 cost=3.249664
Epoch #6 cost=3.249664
Epoch #7 cost=3.249664
Epoch #8 cost=3.249664
Epoch #9 cost=3.249664
Epoch #0 cost=3.249614
Epoch #1 cost=3.249630
Epoch #2 cost=3.249633
Epoch #3 cost=3.249634
Epoch #4 cost=3.249634
Epoch #5 cost=3.249634
Epoch #6 cost=3.249634
Epoch #7 cost=3.249634
Epoch #8 cost=3.249634
Epoch #9 cost=3.249634
Epoch #0 cost=3.249487
Epoch #1 cost=3.249472
Epoch #2 cost=3.249469
Epoch #3 cost=3.249468
Epoch #4 cost=3.249468
Epoch #5 cost=3.249468
Epoch #6 cost=3.249468
Epoch #7 cost=3.249468
Epoch #8 cost=3.249468
Epoch #9 cost=3.249468
Epoch #0 cost=3.250592
Epoch #1 cost=3.2508022018-08-25 03:22:58.849181: I tensorflow/core/common_runtime/gpu/gpu_device.cc:1484] Adding visible gpu devices: 0
2018-08-25 03:22:58.849230: I tensorflow/core/common_runtime/gpu/gpu_device.cc:965] Device interconnect StreamExecutor with strength 1 edge matrix:
2018-08-25 03:22:58.849237: I tensorflow/core/common_runtime/gpu/gpu_device.cc:971]      0 
2018-08-25 03:22:58.849242: I tensorflow/core/common_runtime/gpu/gpu_device.cc:984] 0:   N 
2018-08-25 03:22:58.849342: I tensorflow/core/common_runtime/gpu/gpu_device.cc:1097] Created TensorFlow device (/job:localhost/replica:0/task:0/device:GPU:0 with 919 MB memory) -> physical GPU (device: 0, name: GeForce GTX 1050, pci bus id: 0000:01:00.0, compute capability: 6.1)
2018-08-25 03:23:22.060578: I tensorflow/core/common_runtime/gpu/gpu_device.cc:1484] Adding visible gpu devices: 0
2018-08-25 03:23:22.060621: I tensorflow/core/common_runtime/gpu/gpu_device.cc:965] Device interconnect StreamExecutor with strength 1 edge matrix:
2018-08-25 03:23:22.060643: I tensorflow/core/common_runtime/gpu/gpu_device.cc:971]      0 
2018-08-25 03:23:22.060648: I tensorflow/core/common_runtime/gpu/gpu_device.cc:984] 0:   N 
2018-08-25 03:23:22.060752: I tensorflow/core/common_runtime/gpu/gpu_device.cc:1097] Created TensorFlow device (/job:localhost/replica:0/task:0/device:GPU:0 with 919 MB memory) -> physical GPU (device: 0, name: GeForce GTX 1050, pci bus id: 0000:01:00.0, compute capability: 6.1)
2018-08-25 03:23:45.279291: I tensorflow/core/common_runtime/gpu/gpu_device.cc:1484] Adding visible gpu devices: 0
2018-08-25 03:23:45.279338: I tensorflow/core/common_runtime/gpu/gpu_device.cc:965] Device interconnect StreamExecutor with strength 1 edge matrix:
2018-08-25 03:23:45.279345: I tensorflow/core/common_runtime/gpu/gpu_device.cc:971]      0 
2018-08-25 03:23:45.279350: I tensorflow/core/common_runtime/gpu/gpu_device.cc:984] 0:   N 
2018-08-25 03:23:45.279445: I tensorflow/core/common_runtime/gpu/gpu_device.cc:1097] Created TensorFlow device (/job:localhost/replica:0/task:0/device:GPU:0 with 919 MB memory) -> physical GPU (device: 0, name: GeForce GTX 1050, pci bus id: 0000:01:00.0, compute capability: 6.1)
2018-08-25 03:24:08.544462: I tensorflow/core/common_runtime/gpu/gpu_device.cc:1484] Adding visible gpu devices: 0
2018-08-25 03:24:08.544507: I tensorflow/core/common_runtime/gpu/gpu_device.cc:965] Device interconnect StreamExecutor with strength 1 edge matrix:
2018-08-25 03:24:08.544529: I tensorflow/core/common_runtime/gpu/gpu_device.cc:971]      0 
2018-08-25 03:24:08.544534: I tensorflow/core/common_runtime/gpu/gpu_device.cc:984] 0:   N 
2018-08-25 03:24:08.544624: I tensorflow/core/common_runtime/gpu/gpu_device.cc:1097] Created TensorFlow device (/job:localhost/replica:0/task:0/device:GPU:0 with 919 MB memory) -> physical GPU (device: 0, name: GeForce GTX 1050, pci bus id: 0000:01:00.0, compute capability: 6.1)

Epoch #2 cost=3.250842
Epoch #3 cost=3.250849
Epoch #4 cost=3.250851
Epoch #5 cost=3.250851
Epoch #6 cost=3.250851
Epoch #7 cost=3.250851
Epoch #8 cost=3.250851
Epoch #9 cost=3.250851
Nodes keep percentage is :  0.6499999999999997
Epoch #0 cost=3.249588
Epoch #1 cost=3.249583
Epoch #2 cost=3.249582
Epoch #3 cost=3.249582
Epoch #4 cost=3.249582
Epoch #5 cost=3.249582
Epoch #6 cost=3.249582
Epoch #7 cost=3.249582
Epoch #8 cost=3.249582
Epoch #9 cost=3.249582
Epoch #0 cost=3.249560
Epoch #1 cost=3.249549
Epoch #2 cost=3.249548
Epoch #3 cost=3.249547
Epoch #4 cost=3.249547
Epoch #5 cost=3.249547
Epoch #6 cost=3.249547
Epoch #7 cost=3.249547
Epoch #8 cost=3.249547
Epoch #9 cost=3.249547
Epoch #0 cost=3.249596
Epoch #1 cost=3.249592
Epoch #2 cost=3.249592
Epoch #3 cost=3.249592
Epoch #4 cost=3.249591
Epoch #5 cost=3.249591
Epoch #6 cost=3.249591
Epoch #7 cost=3.249591
Epoch #8 cost=3.249591
Epoch #9 cost=3.249591
Epoch #0 cost=3.249692
Epoch #1 cost=3.249712
Epoch #2 cost=3.249717
Epoch #3 cost=3.249717
Epoch #4 cost=3.249717
Epoch #5 cost=3.249718
Epoch #6 cost=3.249718
Epoch #7 cost=3.249718
Epoch #8 cost=3.249718
Epoch #9 cost=3.249718
Epoch #0 cost=3.249647
Epoch #1 cost=3.249653
Epoch #2 cost=3.249654
Epoch #3 cost=3.249655
Epoch #4 cost=3.249654
Epoch #5 cost=3.249654
Epoch #6 cost=3.249654
Epoch #7 cost=3.249654
Epoch #8 cost=3.249654
Epoch #9 cost=3.249654
Epoch #0 cost=3.249627
Epoch #1 cost=3.249634
Epoch #2 cost=3.249635
Epoch #3 cost=3.249636
Epoch #4 cost=3.249635
Epoch #5 cost=3.249635
Epoch #6 cost=3.249635
Epoch #7 cost=3.249635
Epoch #8 cost=3.249635
Epoch #9 cost=3.249635
Epoch #0 cost=3.249654
Epoch #1 cost=3.249662
Epoch #2 cost=3.249664
Epoch #3 cost=3.249664
Epoch #4 cost=3.249664
Epoch #5 cost=3.249664
Epoch #6 cost=3.249664
Epoch #7 cost=3.249664
Epoch #8 cost=3.249664
Epoch #9 cost=3.249664
Epoch #0 cost=3.249615
Epoch #1 cost=3.249630
Epoch #2 cost=3.249634
Epoch #3 cost=3.249635
Epoch #4 cost=3.249635
Epoch #5 cost=3.249635
Epoch #6 cost=3.249635
Epoch #7 cost=3.249635
Epoch #8 cost=3.249635
Epoch #9 cost=3.249635
Epoch #0 cost=3.249488
Epoch #1 cost=3.249472
Epoch #2 cost=3.249469
Epoch #3 cost=3.249468
Epoch #4 cost=3.249469
Epoch #5 cost=3.249469
Epoch #6 cost=3.249468
Epoch #7 cost=3.249468
Epoch #8 cost=3.249468
Epoch #9 cost=3.249468
Epoch #0 cost=3.250592
Epoch #1 cost=3.250803
Epoch #2 cost=3.250843
Epoch #3 cost=3.250850
Epoch #4 cost=3.250851
Epoch #5 cost=3.250852
Epoch #6 cost=3.250852
Epoch #7 cost=3.250852
Epoch #8 cost=3.250852
Epoch #9 cost=3.250852
Nodes keep percentage is :  0.5999999999999996
Epoch #0 cost=3.249589
Epoch #1 cost=3.249584
Epoch #2 cost=3.249583
Epoch #3 cost=3.249583
Epoch #4 cost=3.249583
Epoch #5 cost=3.249583
Epoch #6 cost=3.249583
Epoch #7 cost=3.249583
Epoch #8 cost=3.249583
Epoch #9 cost=3.249583
Epoch #0 cost=3.249560
Epoch #1 cost=3.249550
Epoch #2 cost=3.249548
Epoch #3 cost=3.249548
Epoch #4 cost=3.249548
Epoch #5 cost=3.249548
Epoch #6 cost=3.249548
Epoch #7 cost=3.249548
Epoch #8 cost=3.249548
Epoch #9 cost=3.249548
Epoch #0 cost=3.249597
Epoch #1 cost=3.249593
Epoch #2 cost=3.249593
Epoch #3 cost=3.249592
Epoch #4 cost=3.249592
Epoch #5 cost=3.249592
Epoch #6 cost=3.249593
Epoch #7 cost=3.249593
Epoch #8 cost=3.249593
Epoch #9 cost=3.249593
Epoch #0 cost=3.249693
Epoch #1 cost=3.249712
Epoch #2 cost=3.249717
Epoch #3 cost=3.249718
Epoch #4 cost=3.249719
Epoch #5 cost=3.249719
Epoch #6 cost=3.249719
Epoch #7 cost=3.249719
Epoch #8 cost=3.249719
Epoch #9 cost=3.249719
Epoch #0 cost=3.249647
Epoch #1 cost=3.249654
Epoch #2 cost=3.249655
Epoch #3 cost=3.249655
Epoch #4 cost=3.249655
Epoch #5 cost=3.249655
Epoch #6 cost=3.249655
Epoch #7 cost=3.249655
Epoch #8 cost=3.249655
Epoch #9 cost=3.249655
Epoch #0 cost=3.249628
Epoch #1 cost=3.249634
Epoch #2 cost=3.249636
Epoch #3 cost=3.249636
Epoch #4 cost=3.249637
Epoch #5 cost=3.249637
Epoch #6 cost=3.249637
Epoch #7 cost=3.249637
Epoch #8 cost=3.249637
Epoch #9 cost=3.249636
Epoch #0 cost=3.249656
Epoch #1 cost=3.249663
Epoch #2 cost=3.249665
Epoch #3 cost=3.249665
Epoch #4 cost=3.249665
Epoch #5 cost=3.249665
Epoch #6 cost=3.249665
Epoch #7 cost=3.249665
Epoch #8 cost=3.249665
Epoch #9 cost=3.249665
Epoch #0 cost=3.249616
Epoch #1 cost=3.249631
Epoch #2 cost=3.249635
Epoch #3 cost=3.249635
Epoch #4 cost=3.249635
Epoch #5 cost=3.249635
Epoch #6 cost=3.249635
Epoch #7 cost=3.249635
Epoch #8 cost=3.249635
Epoch #9 cost=3.249636
Epoch #0 cost=3.249489
Epoch #1 cost=3.249473
Epoch #2 cost=3.249470
Epoch #3 cost=3.249470
Epoch #4 cost=3.249469
Epoch #5 cost=3.249469
Epoch #6 cost=3.249469
Epoch #7 cost=3.249469
Epoch #8 cost=3.249469
Epoch #9 cost=3.249469
Epoch #0 cost=3.250593
Epoch #1 cost=3.250803
Epoch #2 cost=3.250843
Epoch #3 cost=3.250850
Epoch #4 cost=3.250852
Epoch #5 cost=3.250852
Epoch #6 cost=3.250852
Epoch #7 cost=3.250852
Epoch #8 cost=3.250852
Epoch #9 cost=3.250852
Nodes keep percentage is :  0.5499999999999996
Epoch #0 cost=3.249589
Epoch #1 cost=3.249584
Epoch #2 cost=3.249583
Epoch #3 cost=3.249583
Epoch #4 cost=3.249583
Epoch #5 cost=3.249583
Epoch #6 cost=3.249583
Epoch #7 cost=3.249583
Epoch #8 cost=3.249583
Epoch #9 cost=3.249583
Epoch #0 cost=3.249560
Epoch #1 cost=3.249550
Epoch #2 cost=3.249548
Epoch #3 cost=3.249548
Epoch #4 cost=3.249547
Epoch #5 cost=3.249547
Epoch #6 cost=3.249547
Epoch #7 cost=3.249547
Epoch #8 cost=3.249547
Epoch #9 cost=3.249547
Epoch #0 cost=3.249596
Epoch #1 cost=3.249592
Epoch #2 cost=3.249592
Epoch #3 cost=3.249592
Epoch #4 cost=3.249592
Epoch #5 cost=3.249592
Epoch #6 cost=3.249592
Epoch #7 cost=3.249592
Epoch #8 cost=3.249592
Epoch #9 cost=3.249592
Epoch #0 cost=3.249692
Epoch #1 cost=3.249712
Epoch #2 cost=3.249717
Epoch #3 cost=3.249718
Epoch #4 cost=3.249718
Epoch #5 cost=3.249718
Epoch #6 cost=3.249718
Epoch #7 cost=3.249718
Epoch #8 cost=3.249718
Epoch #9 cost=3.249718
Epoch #0 cost=3.249647
Epoch #1 cost=3.249653
Epoch #2 cost=3.249654
Epoch #3 cost=3.249655
Epoch #4 cost=3.249655
Epoch #5 cost=3.249655
Epoch #6 cost=3.249655
Epoch #7 cost=3.249655
Epoch #8 cost=3.249655
Epoch #9 cost=3.249655
Epoch #0 cost=3.249628
Epoch #1 cost=3.249634
Epoch #2 cost=3.249636
Epoch #3 cost=3.249636
Epoch #4 cost=3.249636
Epoch #5 cost=3.249636
Epoch #6 cost=3.249636
Epoch #7 cost=3.249636
Epoch #8 cost=3.249636
Epoch #9 cost=3.249636
Epoch #0 cost=3.249655
Epoch #1 cost=3.249662
Epoch #2 cost=3.249664
Epoch #3 cost=3.249665
Epoch #4 cost=3.249665
Epoch #5 cost=3.249665
Epoch #6 cost=3.249665
Epoch #7 cost=3.249665
Epoch #8 cost=3.249665
Epoch #9 cost=3.249665
Epoch #0 cost=3.249615
Epoch #1 cost=3.249630
Epoch #2 cost=3.249634
Epoch #3 cost=3.249635
Epoch #4 cost=3.249635
Epoch #5 cost=3.249635
Epoch #6 cost=3.249635
Epoch #7 cost=3.249635
Epoch #8 cost=3.249635
Epoch #9 cost=3.249635
Epoch #0 cost=3.249488
Epoch #1 cost=3.249473
Epoch #2 cost=3.249470
Epoch #3 cost=3.249469
Epoch #4 cost=3.249469
Epoch #5 cost=3.249469
Epoch #6 cost=3.249469
Epoch #7 cost=3.249469
Epoch #8 cost=3.249469
Epoch #9 cost=3.249469
Epoch #0 cost=3.250593
Epoch #1 cost=3.250803
Epoch #2 cost=3.250843
Epoch #3 cost=3.250850
Epoch #4 cost=3.250852
Epoch #5 cost=3.250852
Epoch #6 cost=3.250852
Epoch #7 cost=3.250852
Epoch #8 cost=3.250852
Epoch #9 cost=3.250852
Nodes keep percentage is :  0.49999999999999956
Epoch #0 cost=3.249589
Epoch #1 cost=3.249584
Epoch #2 cost=3.249583
Epoch #3 cost=3.249583
Epoch #4 cost=3.249583
Epoch #5 cost=3.249583
Epoch #6 cost=3.249583
Epoch #7 cost=3.249583
Epoch #8 cost=3.249583
Epoch #9 cost=3.249583
Epoch #0 cost=3.249560
Epoch #1 cost=3.249550
Epoch #2 cost=3.249548
Epoch #3 cost=3.249548
Epoch #4 cost=3.249548
Epoch #5 cost=3.249548
Epoch #6 cost=3.249548
Epoch #7 cost=3.249548
Epoch #8 cost=3.249548
Epoch #9 cost=3.249548
Epoch #0 cost=3.249597
Epoch #1 cost=3.249593
Epoch #2 cost=3.249592
Epoch #3 cost=3.249592
Epoch #4 cost=3.249592
Epoch #5 cost=3.249592
Epoch #6 cost=3.249592
Epoch #7 cost=3.249592
Epoch #8 cost=3.249592
Epoch #9 cost=3.249592
Epoch #0 cost=3.249692
Epoch #1 cost=3.249712
Epoch #2 cost=3.249717
Epoch #3 cost=3.249718
Epoch #4 cost=3.249718
Epoch #5 cost=3.249718
Epoch #6 cost=3.249718
Epoch #7 cost=3.249718
Epoch #8 cost=3.249718
Epoch #9 cost=3.2497182018-08-25 03:24:31.864687: I tensorflow/core/common_runtime/gpu/gpu_device.cc:1484] Adding visible gpu devices: 0
2018-08-25 03:24:31.864733: I tensorflow/core/common_runtime/gpu/gpu_device.cc:965] Device interconnect StreamExecutor with strength 1 edge matrix:
2018-08-25 03:24:31.864740: I tensorflow/core/common_runtime/gpu/gpu_device.cc:971]      0 
2018-08-25 03:24:31.864745: I tensorflow/core/common_runtime/gpu/gpu_device.cc:984] 0:   N 
2018-08-25 03:24:31.864849: I tensorflow/core/common_runtime/gpu/gpu_device.cc:1097] Created TensorFlow device (/job:localhost/replica:0/task:0/device:GPU:0 with 919 MB memory) -> physical GPU (device: 0, name: GeForce GTX 1050, pci bus id: 0000:01:00.0, compute capability: 6.1)
2018-08-25 03:24:55.179996: I tensorflow/core/common_runtime/gpu/gpu_device.cc:1484] Adding visible gpu devices: 0
2018-08-25 03:24:55.180045: I tensorflow/core/common_runtime/gpu/gpu_device.cc:965] Device interconnect StreamExecutor with strength 1 edge matrix:
2018-08-25 03:24:55.180052: I tensorflow/core/common_runtime/gpu/gpu_device.cc:971]      0 
2018-08-25 03:24:55.180057: I tensorflow/core/common_runtime/gpu/gpu_device.cc:984] 0:   N 
2018-08-25 03:24:55.180161: I tensorflow/core/common_runtime/gpu/gpu_device.cc:1097] Created TensorFlow device (/job:localhost/replica:0/task:0/device:GPU:0 with 919 MB memory) -> physical GPU (device: 0, name: GeForce GTX 1050, pci bus id: 0000:01:00.0, compute capability: 6.1)
2018-08-25 03:25:18.529601: I tensorflow/core/common_runtime/gpu/gpu_device.cc:1484] Adding visible gpu devices: 0
2018-08-25 03:25:18.529646: I tensorflow/core/common_runtime/gpu/gpu_device.cc:965] Device interconnect StreamExecutor with strength 1 edge matrix:
2018-08-25 03:25:18.529668: I tensorflow/core/common_runtime/gpu/gpu_device.cc:971]      0 
2018-08-25 03:25:18.529673: I tensorflow/core/common_runtime/gpu/gpu_device.cc:984] 0:   N 
2018-08-25 03:25:18.529795: I tensorflow/core/common_runtime/gpu/gpu_device.cc:1097] Created TensorFlow device (/job:localhost/replica:0/task:0/device:GPU:0 with 919 MB memory) -> physical GPU (device: 0, name: GeForce GTX 1050, pci bus id: 0000:01:00.0, compute capability: 6.1)

Epoch #0 cost=3.249647
Epoch #1 cost=3.249653
Epoch #2 cost=3.249655
Epoch #3 cost=3.249655
Epoch #4 cost=3.249655
Epoch #5 cost=3.249655
Epoch #6 cost=3.249655
Epoch #7 cost=3.249655
Epoch #8 cost=3.249655
Epoch #9 cost=3.249655
Epoch #0 cost=3.249628
Epoch #1 cost=3.249634
Epoch #2 cost=3.249636
Epoch #3 cost=3.249636
Epoch #4 cost=3.249636
Epoch #5 cost=3.249636
Epoch #6 cost=3.249636
Epoch #7 cost=3.249636
Epoch #8 cost=3.249636
Epoch #9 cost=3.249636
Epoch #0 cost=3.249655
Epoch #1 cost=3.249663
Epoch #2 cost=3.249664
Epoch #3 cost=3.249665
Epoch #4 cost=3.249665
Epoch #5 cost=3.249665
Epoch #6 cost=3.249665
Epoch #7 cost=3.249665
Epoch #8 cost=3.249665
Epoch #9 cost=3.249665
Epoch #0 cost=3.249615
Epoch #1 cost=3.249630
Epoch #2 cost=3.249634
Epoch #3 cost=3.249635
Epoch #4 cost=3.249635
Epoch #5 cost=3.249635
Epoch #6 cost=3.249635
Epoch #7 cost=3.249635
Epoch #8 cost=3.249635
Epoch #9 cost=3.249635
Epoch #0 cost=3.249489
Epoch #1 cost=3.249473
Epoch #2 cost=3.249470
Epoch #3 cost=3.249469
Epoch #4 cost=3.249469
Epoch #5 cost=3.249469
Epoch #6 cost=3.249469
Epoch #7 cost=3.249469
Epoch #8 cost=3.249469
Epoch #9 cost=3.249469
Epoch #0 cost=3.250593
Epoch #1 cost=3.250803
Epoch #2 cost=3.250843
Epoch #3 cost=3.250850
Epoch #4 cost=3.250852
Epoch #5 cost=3.250852
Epoch #6 cost=3.250852
Epoch #7 cost=3.250852
Epoch #8 cost=3.250852
Epoch #9 cost=3.250852
Nodes keep percentage is :  0.4499999999999995
Epoch #0 cost=3.249589
Epoch #1 cost=3.249584
Epoch #2 cost=3.249583
Epoch #3 cost=3.249583
Epoch #4 cost=3.249582
Epoch #5 cost=3.249583
Epoch #6 cost=3.249583
Epoch #7 cost=3.249583
Epoch #8 cost=3.249583
Epoch #9 cost=3.249583
Epoch #0 cost=3.249560
Epoch #1 cost=3.249550
Epoch #2 cost=3.249548
Epoch #3 cost=3.249548
Epoch #4 cost=3.249547
Epoch #5 cost=3.249548
Epoch #6 cost=3.249547
Epoch #7 cost=3.249547
Epoch #8 cost=3.249547
Epoch #9 cost=3.249547
Epoch #0 cost=3.249596
Epoch #1 cost=3.249592
Epoch #2 cost=3.249592
Epoch #3 cost=3.249592
Epoch #4 cost=3.249592
Epoch #5 cost=3.249592
Epoch #6 cost=3.249592
Epoch #7 cost=3.249592
Epoch #8 cost=3.249592
Epoch #9 cost=3.249592
Epoch #0 cost=3.249693
Epoch #1 cost=3.249712
Epoch #2 cost=3.249717
Epoch #3 cost=3.249718
Epoch #4 cost=3.249718
Epoch #5 cost=3.249718
Epoch #6 cost=3.249718
Epoch #7 cost=3.249718
Epoch #8 cost=3.249718
Epoch #9 cost=3.249718
Epoch #0 cost=3.249647
Epoch #1 cost=3.249653
Epoch #2 cost=3.249654
Epoch #3 cost=3.249655
Epoch #4 cost=3.249655
Epoch #5 cost=3.249655
Epoch #6 cost=3.249655
Epoch #7 cost=3.249655
Epoch #8 cost=3.249655
Epoch #9 cost=3.249655
Epoch #0 cost=3.249628
Epoch #1 cost=3.249634
Epoch #2 cost=3.249636
Epoch #3 cost=3.249636
Epoch #4 cost=3.249636
Epoch #5 cost=3.249636
Epoch #6 cost=3.249636
Epoch #7 cost=3.249636
Epoch #8 cost=3.249636
Epoch #9 cost=3.249636
Epoch #0 cost=3.249655
Epoch #1 cost=3.249662
Epoch #2 cost=3.249664
Epoch #3 cost=3.249665
Epoch #4 cost=3.249665
Epoch #5 cost=3.249665
Epoch #6 cost=3.249665
Epoch #7 cost=3.249665
Epoch #8 cost=3.249665
Epoch #9 cost=3.249665
Epoch #0 cost=3.249615
Epoch #1 cost=3.249630
Epoch #2 cost=3.249634
Epoch #3 cost=3.249635
Epoch #4 cost=3.249635
Epoch #5 cost=3.249635
Epoch #6 cost=3.249635
Epoch #7 cost=3.249635
Epoch #8 cost=3.249635
Epoch #9 cost=3.249635
Epoch #0 cost=3.249488
Epoch #1 cost=3.249473
Epoch #2 cost=3.249470
Epoch #3 cost=3.249469
Epoch #4 cost=3.249469
Epoch #5 cost=3.249469
Epoch #6 cost=3.249469
Epoch #7 cost=3.249469
Epoch #8 cost=3.249469
Epoch #9 cost=3.249469
Epoch #0 cost=3.250593
Epoch #1 cost=3.250803
Epoch #2 cost=3.250843
Epoch #3 cost=3.250850
Epoch #4 cost=3.250852
Epoch #5 cost=3.250852
Epoch #6 cost=3.250852
Epoch #7 cost=3.250852
Epoch #8 cost=3.250852
Epoch #9 cost=3.250852
Nodes keep percentage is :  0.39999999999999947
Epoch #0 cost=3.249590
Epoch #1 cost=3.249584
Epoch #2 cost=3.249584
Epoch #3 cost=3.249583
Epoch #4 cost=3.249583
Epoch #5 cost=3.249583
Epoch #6 cost=3.249583
Epoch #7 cost=3.249583
Epoch #8 cost=3.249583
Epoch #9 cost=3.249583
Epoch #0 cost=3.249561
Epoch #1 cost=3.249550
Epoch #2 cost=3.249549
Epoch #3 cost=3.249548
Epoch #4 cost=3.249548
Epoch #5 cost=3.249548
Epoch #6 cost=3.249548
Epoch #7 cost=3.249548
Epoch #8 cost=3.249548
Epoch #9 cost=3.249548
Epoch #0 cost=3.249598
Epoch #1 cost=3.249593
Epoch #2 cost=3.249593
Epoch #3 cost=3.249593
Epoch #4 cost=3.249592
Epoch #5 cost=3.249593
Epoch #6 cost=3.249593
Epoch #7 cost=3.249593
Epoch #8 cost=3.249593
Epoch #9 cost=3.249593
Epoch #0 cost=3.249693
Epoch #1 cost=3.249713
Epoch #2 cost=3.249717
Epoch #3 cost=3.249718
Epoch #4 cost=3.249719
Epoch #5 cost=3.249719
Epoch #6 cost=3.249719
Epoch #7 cost=3.249719
Epoch #8 cost=3.249719
Epoch #9 cost=3.249719
Epoch #0 cost=3.249648
Epoch #1 cost=3.249654
Epoch #2 cost=3.249655
Epoch #3 cost=3.249655
Epoch #4 cost=3.249655
Epoch #5 cost=3.249655
Epoch #6 cost=3.249655
Epoch #7 cost=3.249655
Epoch #8 cost=3.249655
Epoch #9 cost=3.249655
Epoch #0 cost=3.249629
Epoch #1 cost=3.249635
Epoch #2 cost=3.249636
Epoch #3 cost=3.249637
Epoch #4 cost=3.249637
Epoch #5 cost=3.249637
Epoch #6 cost=3.249637
Epoch #7 cost=3.249637
Epoch #8 cost=3.249637
Epoch #9 cost=3.249637
Epoch #0 cost=3.249656
Epoch #1 cost=3.249663
Epoch #2 cost=3.249665
Epoch #3 cost=3.249665
Epoch #4 cost=3.249665
Epoch #5 cost=3.249665
Epoch #6 cost=3.249665
Epoch #7 cost=3.249665
Epoch #8 cost=3.249665
Epoch #9 cost=3.249665
Epoch #0 cost=3.249616
Epoch #1 cost=3.249631
Epoch #2 cost=3.249635
Epoch #3 cost=3.249635
Epoch #4 cost=3.249636
Epoch #5 cost=3.249635
Epoch #6 cost=3.249636
Epoch #7 cost=3.249636
Epoch #8 cost=3.249636
Epoch #9 cost=3.249636
Epoch #0 cost=3.249489
Epoch #1 cost=3.249473
Epoch #2 cost=3.249470
Epoch #3 cost=3.249470
Epoch #4 cost=3.249469
Epoch #5 cost=3.249469
Epoch #6 cost=3.249469
Epoch #7 cost=3.249469
Epoch #8 cost=3.249469
Epoch #9 cost=3.249469
Epoch #0 cost=3.250593
Epoch #1 cost=3.250803
Epoch #2 cost=3.250844
Epoch #3 cost=3.250851
Epoch #4 cost=3.250853
Epoch #5 cost=3.250853
Epoch #6 cost=3.250853
Epoch #7 cost=3.250853
Epoch #8 cost=3.250853
Epoch #9 cost=3.250853
Nodes keep percentage is :  0.3499999999999994
Epoch #0 cost=3.249589
Epoch #1 cost=3.249583
Epoch #2 cost=3.249583
Epoch #3 cost=3.249583
Epoch #4 cost=3.249583
Epoch #5 cost=3.249583
Epoch #6 cost=3.249583
Epoch #7 cost=3.249583
Epoch #8 cost=3.249583
Epoch #9 cost=3.249583
Epoch #0 cost=3.249560
Epoch #1 cost=3.249550
Epoch #2 cost=3.249548
Epoch #3 cost=3.249548
Epoch #4 cost=3.249547
Epoch #5 cost=3.249548
Epoch #6 cost=3.249547
Epoch #7 cost=3.249547
Epoch #8 cost=3.249547
Epoch #9 cost=3.249548
Epoch #0 cost=3.249597
Epoch #1 cost=3.249593
Epoch #2 cost=3.249592
Epoch #3 cost=3.249592
Epoch #4 cost=3.249592
Epoch #5 cost=3.249592
Epoch #6 cost=3.249592
Epoch #7 cost=3.249592
Epoch #8 cost=3.249592
Epoch #9 cost=3.249592
Epoch #0 cost=3.249692
Epoch #1 cost=3.249712
Epoch #2 cost=3.249717
Epoch #3 cost=3.249718
Epoch #4 cost=3.249718
Epoch #5 cost=3.249718
Epoch #6 cost=3.249718
Epoch #7 cost=3.249718
Epoch #8 cost=3.249718
Epoch #9 cost=3.249718
Epoch #0 cost=3.249647
Epoch #1 cost=3.249653
Epoch #2 cost=3.249655
Epoch #3 cost=3.249655
Epoch #4 cost=3.249655
Epoch #5 cost=3.249655
Epoch #6 cost=3.249655
Epoch #7 cost=3.249655
Epoch #8 cost=3.249655
Epoch #9 cost=3.249655
Epoch #0 cost=3.249628
Epoch #1 cost=3.249634
Epoch #2 cost=3.249636
Epoch #3 cost=3.249636
Epoch #4 cost=3.249636
Epoch #5 cost=3.249636
Epoch #6 cost=3.249636
Epoch #7 cost=3.249636
Epoch #8 cost=3.249636
Epoch #9 cost=3.249636
Epoch #0 cost=3.249655
Epoch #1 cost=3.249662
Epoch #2 cost=3.249664
Epoch #3 cost=3.249665
Epoch #4 cost=3.249664
Epoch #5 cost=3.249665
Epoch #6 cost=3.249665
Epoch #7 cost=3.249665
Epoch #8 cost=3.249665
Epoch #9 cost=3.249665
Epoch #0 cost=3.249615
Epoch #1 cost=3.249630
Epoch #2 cost=3.249634
Epoch #3 cost=3.249635
Epoch #4 cost=3.249635
Epoch #5 cost=3.249635
Epoch #6 cost=3.249635
Epoch #7 cost=3.249635
Epoch #8 cost=3.249635
Epoch #9 cost=3.249635
Epoch #0 cost=3.249488
Epoch #1 cost=3.249473
Epoch #2 cost=3.249470
Epoch #3 cost=3.249469
Epoch #4 cost=3.249469
Epoch #5 cost=3.249469
Epoch #6 cost=3.249469
Epoch #7 cost=3.249469
Epoch #8 cost=3.249469
Epoch #9 cost=3.249469
2018-08-25 03:25:41.989425: I tensorflow/core/common_runtime/gpu/gpu_device.cc:1484] Adding visible gpu devices: 0
2018-08-25 03:25:41.989468: I tensorflow/core/common_runtime/gpu/gpu_device.cc:965] Device interconnect StreamExecutor with strength 1 edge matrix:
2018-08-25 03:25:41.989474: I tensorflow/core/common_runtime/gpu/gpu_device.cc:971]      0 
2018-08-25 03:25:41.989479: I tensorflow/core/common_runtime/gpu/gpu_device.cc:984] 0:   N 
2018-08-25 03:25:41.989568: I tensorflow/core/common_runtime/gpu/gpu_device.cc:1097] Created TensorFlow device (/job:localhost/replica:0/task:0/device:GPU:0 with 919 MB memory) -> physical GPU (device: 0, name: GeForce GTX 1050, pci bus id: 0000:01:00.0, compute capability: 6.1)
2018-08-25 03:26:05.501715: I tensorflow/core/common_runtime/gpu/gpu_device.cc:1484] Adding visible gpu devices: 0
2018-08-25 03:26:05.501760: I tensorflow/core/common_runtime/gpu/gpu_device.cc:965] Device interconnect StreamExecutor with strength 1 edge matrix:
2018-08-25 03:26:05.501767: I tensorflow/core/common_runtime/gpu/gpu_device.cc:971]      0 
2018-08-25 03:26:05.501771: I tensorflow/core/common_runtime/gpu/gpu_device.cc:984] 0:   N 
2018-08-25 03:26:05.501876: I tensorflow/core/common_runtime/gpu/gpu_device.cc:1097] Created TensorFlow device (/job:localhost/replica:0/task:0/device:GPU:0 with 919 MB memory) -> physical GPU (device: 0, name: GeForce GTX 1050, pci bus id: 0000:01:00.0, compute capability: 6.1)
2018-08-25 03:26:29.048241: I tensorflow/core/common_runtime/gpu/gpu_device.cc:1484] Adding visible gpu devices: 0
2018-08-25 03:26:29.048288: I tensorflow/core/common_runtime/gpu/gpu_device.cc:965] Device interconnect StreamExecutor with strength 1 edge matrix:
2018-08-25 03:26:29.048295: I tensorflow/core/common_runtime/gpu/gpu_device.cc:971]      0 
2018-08-25 03:26:29.048300: I tensorflow/core/common_runtime/gpu/gpu_device.cc:984] 0:   N 
2018-08-25 03:26:29.048408: I tensorflow/core/common_runtime/gpu/gpu_device.cc:1097] Created TensorFlow device (/job:localhost/replica:0/task:0/device:GPU:0 with 919 MB memory) -> physical GPU (device: 0, name: GeForce GTX 1050, pci bus id: 0000:01:00.0, compute capability: 6.1)
2018-08-25 03:26:52.627504: I tensorflow/core/common_runtime/gpu/gpu_device.cc:1484] Adding visible gpu devices: 0
2018-08-25 03:26:52.627552: I tensorflow/core/common_runtime/gpu/gpu_device.cc:965] Device interconnect StreamExecutor with strength 1 edge matrix:
2018-08-25 03:26:52.627559: I tensorflow/core/common_runtime/gpu/gpu_device.cc:971]      0 
2018-08-25 03:26:52.627564: I tensorflow/core/common_runtime/gpu/gpu_device.cc:984] 0:   N 
2018-08-25 03:26:52.627669: I tensorflow/core/common_runtime/gpu/gpu_device.cc:1097] Created TensorFlow device (/job:localhost/replica:0/task:0/device:GPU:0 with 919 MB memory) -> physical GPU (device: 0, name: GeForce GTX 1050, pci bus id: 0000:01:00.0, compute capability: 6.1)
Epoch #0 cost=3.250593
Epoch #1 cost=3.250803
Epoch #2 cost=3.250844
Epoch #3 cost=3.250851
Epoch #4 cost=3.250852
Epoch #5 cost=3.250853
Epoch #6 cost=3.250853
Epoch #7 cost=3.250853
Epoch #8 cost=3.250853
Epoch #9 cost=3.250853
Nodes keep percentage is :  0.2999999999999994
Epoch #0 cost=3.249589
Epoch #1 cost=3.249584
Epoch #2 cost=3.249583
Epoch #3 cost=3.249583
Epoch #4 cost=3.249583
Epoch #5 cost=3.249583
Epoch #6 cost=3.249583
Epoch #7 cost=3.249583
Epoch #8 cost=3.249583
Epoch #9 cost=3.249583
Epoch #0 cost=3.249560
Epoch #1 cost=3.249550
Epoch #2 cost=3.249548
Epoch #3 cost=3.249548
Epoch #4 cost=3.249547
Epoch #5 cost=3.249547
Epoch #6 cost=3.249548
Epoch #7 cost=3.249548
Epoch #8 cost=3.249548
Epoch #9 cost=3.249548
Epoch #0 cost=3.249597
Epoch #1 cost=3.249592
Epoch #2 cost=3.249592
Epoch #3 cost=3.249592
Epoch #4 cost=3.249592
Epoch #5 cost=3.249592
Epoch #6 cost=3.249592
Epoch #7 cost=3.249592
Epoch #8 cost=3.249592
Epoch #9 cost=3.249592
Epoch #0 cost=3.249693
Epoch #1 cost=3.249712
Epoch #2 cost=3.249717
Epoch #3 cost=3.249718
Epoch #4 cost=3.249718
Epoch #5 cost=3.249718
Epoch #6 cost=3.249718
Epoch #7 cost=3.249718
Epoch #8 cost=3.249718
Epoch #9 cost=3.249718
Epoch #0 cost=3.249647
Epoch #1 cost=3.249653
Epoch #2 cost=3.249655
Epoch #3 cost=3.249655
Epoch #4 cost=3.249655
Epoch #5 cost=3.249655
Epoch #6 cost=3.249655
Epoch #7 cost=3.249655
Epoch #8 cost=3.249655
Epoch #9 cost=3.249655
Epoch #0 cost=3.249628
Epoch #1 cost=3.249634
Epoch #2 cost=3.249636
Epoch #3 cost=3.249636
Epoch #4 cost=3.249636
Epoch #5 cost=3.249636
Epoch #6 cost=3.249636
Epoch #7 cost=3.249636
Epoch #8 cost=3.249636
Epoch #9 cost=3.249636
Epoch #0 cost=3.249655
Epoch #1 cost=3.249662
Epoch #2 cost=3.249665
Epoch #3 cost=3.249665
Epoch #4 cost=3.249665
Epoch #5 cost=3.249665
Epoch #6 cost=3.249665
Epoch #7 cost=3.249665
Epoch #8 cost=3.249665
Epoch #9 cost=3.249665
Epoch #0 cost=3.249615
Epoch #1 cost=3.249631
Epoch #2 cost=3.249635
Epoch #3 cost=3.249635
Epoch #4 cost=3.249635
Epoch #5 cost=3.249635
Epoch #6 cost=3.249635
Epoch #7 cost=3.249635
Epoch #8 cost=3.249635
Epoch #9 cost=3.249635
Epoch #0 cost=3.249488
Epoch #1 cost=3.249473
Epoch #2 cost=3.249470
Epoch #3 cost=3.249469
Epoch #4 cost=3.249469
Epoch #5 cost=3.249469
Epoch #6 cost=3.249469
Epoch #7 cost=3.249469
Epoch #8 cost=3.249469
Epoch #9 cost=3.249469
Epoch #0 cost=3.250593
Epoch #1 cost=3.250803
Epoch #2 cost=3.250843
Epoch #3 cost=3.250851
Epoch #4 cost=3.250852
Epoch #5 cost=3.250853
Epoch #6 cost=3.250852
Epoch #7 cost=3.250852
Epoch #8 cost=3.250852
Epoch #9 cost=3.250852
Nodes keep percentage is :  0.24999999999999933
Epoch #0 cost=3.249590
Epoch #1 cost=3.249584
Epoch #2 cost=3.249584
Epoch #3 cost=3.249584
Epoch #4 cost=3.249583
Epoch #5 cost=3.249583
Epoch #6 cost=3.249583
Epoch #7 cost=3.249583
Epoch #8 cost=3.249583
Epoch #9 cost=3.249583
Epoch #0 cost=3.249561
Epoch #1 cost=3.249550
Epoch #2 cost=3.249549
Epoch #3 cost=3.249548
Epoch #4 cost=3.249548
Epoch #5 cost=3.249548
Epoch #6 cost=3.249548
Epoch #7 cost=3.249548
Epoch #8 cost=3.249548
Epoch #9 cost=3.249548
Epoch #0 cost=3.249598
Epoch #1 cost=3.249593
Epoch #2 cost=3.249593
Epoch #3 cost=3.249593
Epoch #4 cost=3.249593
Epoch #5 cost=3.249593
Epoch #6 cost=3.249593
Epoch #7 cost=3.249593
Epoch #8 cost=3.249593
Epoch #9 cost=3.249593
Epoch #0 cost=3.249693
Epoch #1 cost=3.249713
Epoch #2 cost=3.249718
Epoch #3 cost=3.249719
Epoch #4 cost=3.249719
Epoch #5 cost=3.249719
Epoch #6 cost=3.249719
Epoch #7 cost=3.249719
Epoch #8 cost=3.249719
Epoch #9 cost=3.249719
Epoch #0 cost=3.249648
Epoch #1 cost=3.249654
Epoch #2 cost=3.249655
Epoch #3 cost=3.249655
Epoch #4 cost=3.249655
Epoch #5 cost=3.249655
Epoch #6 cost=3.249656
Epoch #7 cost=3.249656
Epoch #8 cost=3.249656
Epoch #9 cost=3.249655
Epoch #0 cost=3.249629
Epoch #1 cost=3.249635
Epoch #2 cost=3.249636
Epoch #3 cost=3.249637
Epoch #4 cost=3.249637
Epoch #5 cost=3.249637
Epoch #6 cost=3.249637
Epoch #7 cost=3.249637
Epoch #8 cost=3.249637
Epoch #9 cost=3.249637
Epoch #0 cost=3.249656
Epoch #1 cost=3.249663
Epoch #2 cost=3.249665
Epoch #3 cost=3.249665
Epoch #4 cost=3.249665
Epoch #5 cost=3.249665
Epoch #6 cost=3.249665
Epoch #7 cost=3.249665
Epoch #8 cost=3.249665
Epoch #9 cost=3.249665
Epoch #0 cost=3.249616
Epoch #1 cost=3.249631
Epoch #2 cost=3.249635
Epoch #3 cost=3.249636
Epoch #4 cost=3.249636
Epoch #5 cost=3.249636
Epoch #6 cost=3.249636
Epoch #7 cost=3.249636
Epoch #8 cost=3.249636
Epoch #9 cost=3.249636
Epoch #0 cost=3.249489
Epoch #1 cost=3.249473
Epoch #2 cost=3.249470
Epoch #3 cost=3.249470
Epoch #4 cost=3.249469
Epoch #5 cost=3.249469
Epoch #6 cost=3.249470
Epoch #7 cost=3.249470
Epoch #8 cost=3.249470
Epoch #9 cost=3.249470
Epoch #0 cost=3.250593
Epoch #1 cost=3.250804
Epoch #2 cost=3.250844
Epoch #3 cost=3.250851
Epoch #4 cost=3.250853
Epoch #5 cost=3.250853
Epoch #6 cost=3.250853
Epoch #7 cost=3.250853
Epoch #8 cost=3.250853
Epoch #9 cost=3.250853
Nodes keep percentage is :  0.1999999999999993
Epoch #0 cost=3.249589
Epoch #1 cost=3.249584
Epoch #2 cost=3.249584
Epoch #3 cost=3.249583
Epoch #4 cost=3.249583
Epoch #5 cost=3.249583
Epoch #6 cost=3.249583
Epoch #7 cost=3.249584
Epoch #8 cost=3.249583
Epoch #9 cost=3.249583
Epoch #0 cost=3.249561
Epoch #1 cost=3.249551
Epoch #2 cost=3.249549
Epoch #3 cost=3.249548
Epoch #4 cost=3.249548
Epoch #5 cost=3.249548
Epoch #6 cost=3.249548
Epoch #7 cost=3.249548
Epoch #8 cost=3.249548
Epoch #9 cost=3.249548
Epoch #0 cost=3.249597
Epoch #1 cost=3.249593
Epoch #2 cost=3.249593
Epoch #3 cost=3.249593
Epoch #4 cost=3.249593
Epoch #5 cost=3.249593
Epoch #6 cost=3.249592
Epoch #7 cost=3.249593
Epoch #8 cost=3.249593
Epoch #9 cost=3.249593
Epoch #0 cost=3.249693
Epoch #1 cost=3.249713
Epoch #2 cost=3.249718
Epoch #3 cost=3.249719
Epoch #4 cost=3.249719
Epoch #5 cost=3.249719
Epoch #6 cost=3.249719
Epoch #7 cost=3.249719
Epoch #8 cost=3.249719
Epoch #9 cost=3.249719
Epoch #0 cost=3.249648
Epoch #1 cost=3.249654
Epoch #2 cost=3.249655
Epoch #3 cost=3.249655
Epoch #4 cost=3.249655
Epoch #5 cost=3.249655
Epoch #6 cost=3.249655
Epoch #7 cost=3.249655
Epoch #8 cost=3.249656
Epoch #9 cost=3.249656
Epoch #0 cost=3.249629
Epoch #1 cost=3.249635
Epoch #2 cost=3.249636
Epoch #3 cost=3.249637
Epoch #4 cost=3.249637
Epoch #5 cost=3.249637
Epoch #6 cost=3.249637
Epoch #7 cost=3.249637
Epoch #8 cost=3.249637
Epoch #9 cost=3.249637
Epoch #0 cost=3.249655
Epoch #1 cost=3.249663
Epoch #2 cost=3.249665
Epoch #3 cost=3.249665
Epoch #4 cost=3.249665
Epoch #5 cost=3.249665
Epoch #6 cost=3.249665
Epoch #7 cost=3.249665
Epoch #8 cost=3.249665
Epoch #9 cost=3.249665
Epoch #0 cost=3.249616
Epoch #1 cost=3.249631
Epoch #2 cost=3.249635
Epoch #3 cost=3.249636
Epoch #4 cost=3.249636
Epoch #5 cost=3.249636
Epoch #6 cost=3.249635
Epoch #7 cost=3.249635
Epoch #8 cost=3.249635
Epoch #9 cost=3.249635
Epoch #0 cost=3.249489
Epoch #1 cost=3.249473
Epoch #2 cost=3.249470
Epoch #3 cost=3.249470
Epoch #4 cost=3.249469
Epoch #5 cost=3.249469
Epoch #6 cost=3.249469
Epoch #7 cost=3.249470
Epoch #8 cost=3.249470
Epoch #9 cost=3.249470
Epoch #0 cost=3.250593
Epoch #1 cost=3.250804
Epoch #2 cost=3.250844
Epoch #3 cost=3.250852
Epoch #4 cost=3.250853
Epoch #5 cost=3.250853
Epoch #6 cost=3.250853
Epoch #7 cost=3.250853
Epoch #8 cost=3.250853
Epoch #9 cost=3.250853
Nodes keep percentage is :  0.14999999999999925
Epoch #0 cost=3.249589
Epoch #1 cost=3.249584
Epoch #2 cost=3.249584
Epoch #3 cost=3.249583
Epoch #4 cost=3.249583
Epoch #5 cost=3.249584
Epoch #6 cost=3.249583
Epoch #7 cost=3.249583
Epoch #8 cost=3.249583
Epoch #9 cost=3.249583
Epoch #0 cost=3.249561
Epoch #1 cost=3.249551
Epoch #2 cost=3.249549
Epoch #3 cost=3.249549
Epoch #4 cost=3.249549
Epoch #5 cost=3.249549
Epoch #6 cost=3.249549
Epoch #7 cost=3.249549
Epoch #8 cost=3.249549
Epoch #9 cost=3.249549
Epoch #0 cost=3.249598
Epoch #1 cost=3.249593
Epoch #2 cost=3.249593
Epoch #3 cost=3.249593
Epoch #4 cost=3.249593
Epoch #5 cost=3.249593
Epoch #6 cost=3.249593
Epoch #7 cost=3.249593
Epoch #8 cost=3.249593
Epoch #9 cost=3.249593
Epoch #0 cost=3.249693
Epoch #1 cost=3.249713
Epoch #2 cost=3.249718
Epoch #3 cost=3.249719
Epoch #4 cost=3.249719
Epoch #5 cost=3.249719
Epoch #6 cost=3.249719
Epoch #7 cost=3.2497192018-08-25 03:27:16.218410: I tensorflow/core/common_runtime/gpu/gpu_device.cc:1484] Adding visible gpu devices: 0
2018-08-25 03:27:16.218458: I tensorflow/core/common_runtime/gpu/gpu_device.cc:965] Device interconnect StreamExecutor with strength 1 edge matrix:
2018-08-25 03:27:16.218480: I tensorflow/core/common_runtime/gpu/gpu_device.cc:971]      0 
2018-08-25 03:27:16.218491: I tensorflow/core/common_runtime/gpu/gpu_device.cc:984] 0:   N 
2018-08-25 03:27:16.218581: I tensorflow/core/common_runtime/gpu/gpu_device.cc:1097] Created TensorFlow device (/job:localhost/replica:0/task:0/device:GPU:0 with 919 MB memory) -> physical GPU (device: 0, name: GeForce GTX 1050, pci bus id: 0000:01:00.0, compute capability: 6.1)
2018-08-25 03:27:39.832684: I tensorflow/core/common_runtime/gpu/gpu_device.cc:1484] Adding visible gpu devices: 0
2018-08-25 03:27:39.832730: I tensorflow/core/common_runtime/gpu/gpu_device.cc:965] Device interconnect StreamExecutor with strength 1 edge matrix:
2018-08-25 03:27:39.832737: I tensorflow/core/common_runtime/gpu/gpu_device.cc:971]      0 
2018-08-25 03:27:39.832741: I tensorflow/core/common_runtime/gpu/gpu_device.cc:984] 0:   N 
2018-08-25 03:27:39.832838: I tensorflow/core/common_runtime/gpu/gpu_device.cc:1097] Created TensorFlow device (/job:localhost/replica:0/task:0/device:GPU:0 with 919 MB memory) -> physical GPU (device: 0, name: GeForce GTX 1050, pci bus id: 0000:01:00.0, compute capability: 6.1)

Epoch #8 cost=3.249719
Epoch #9 cost=3.249719
Epoch #0 cost=3.249648
Epoch #1 cost=3.249654
Epoch #2 cost=3.249655
Epoch #3 cost=3.249655
Epoch #4 cost=3.249655
Epoch #5 cost=3.249655
Epoch #6 cost=3.249656
Epoch #7 cost=3.249656
Epoch #8 cost=3.249655
Epoch #9 cost=3.249656
Epoch #0 cost=3.249629
Epoch #1 cost=3.249635
Epoch #2 cost=3.249636
Epoch #3 cost=3.249637
Epoch #4 cost=3.249637
Epoch #5 cost=3.249637
Epoch #6 cost=3.249637
Epoch #7 cost=3.249637
Epoch #8 cost=3.249637
Epoch #9 cost=3.249637
Epoch #0 cost=3.249656
Epoch #1 cost=3.249663
Epoch #2 cost=3.249665
Epoch #3 cost=3.249665
Epoch #4 cost=3.249665
Epoch #5 cost=3.249665
Epoch #6 cost=3.249665
Epoch #7 cost=3.249665
Epoch #8 cost=3.249665
Epoch #9 cost=3.249666
Epoch #0 cost=3.249616
Epoch #1 cost=3.249631
Epoch #2 cost=3.249635
Epoch #3 cost=3.249636
Epoch #4 cost=3.249636
Epoch #5 cost=3.249635
Epoch #6 cost=3.249636
Epoch #7 cost=3.249636
Epoch #8 cost=3.249635
Epoch #9 cost=3.249636
Epoch #0 cost=3.249489
Epoch #1 cost=3.249473
Epoch #2 cost=3.249470
Epoch #3 cost=3.249470
Epoch #4 cost=3.249469
Epoch #5 cost=3.249470
Epoch #6 cost=3.249470
Epoch #7 cost=3.249469
Epoch #8 cost=3.249469
Epoch #9 cost=3.249469
Epoch #0 cost=3.250593
Epoch #1 cost=3.250804
Epoch #2 cost=3.250844
Epoch #3 cost=3.250851
Epoch #4 cost=3.250853
Epoch #5 cost=3.250853
Epoch #6 cost=3.250853
Epoch #7 cost=3.250853
Epoch #8 cost=3.250853
Epoch #9 cost=3.250853
Nodes keep percentage is :  0.0999999999999992
Epoch #0 cost=3.249590
Epoch #1 cost=3.249585
Epoch #2 cost=3.249584
Epoch #3 cost=3.249584
Epoch #4 cost=3.249584
Epoch #5 cost=3.249584
Epoch #6 cost=3.249584
Epoch #7 cost=3.249584
Epoch #8 cost=3.249584
Epoch #9 cost=3.249584
Epoch #0 cost=3.249561
Epoch #1 cost=3.249551
Epoch #2 cost=3.249549
Epoch #3 cost=3.249549
Epoch #4 cost=3.249549
Epoch #5 cost=3.249549
Epoch #6 cost=3.249549
Epoch #7 cost=3.249549
Epoch #8 cost=3.249549
Epoch #9 cost=3.249549
Epoch #0 cost=3.249598
Epoch #1 cost=3.249594
Epoch #2 cost=3.249593
Epoch #3 cost=3.249593
Epoch #4 cost=3.249593
Epoch #5 cost=3.249593
Epoch #6 cost=3.249593
Epoch #7 cost=3.249593
Epoch #8 cost=3.249593
Epoch #9 cost=3.249593
Epoch #0 cost=3.249694
Epoch #1 cost=3.249714
Epoch #2 cost=3.249718
Epoch #3 cost=3.249719
Epoch #4 cost=3.249719
Epoch #5 cost=3.249719
Epoch #6 cost=3.249719
Epoch #7 cost=3.249719
Epoch #8 cost=3.249720
Epoch #9 cost=3.249720
Epoch #0 cost=3.249649
Epoch #1 cost=3.249654
Epoch #2 cost=3.249656
Epoch #3 cost=3.249656
Epoch #4 cost=3.249656
Epoch #5 cost=3.249656
Epoch #6 cost=3.249656
Epoch #7 cost=3.249656
Epoch #8 cost=3.249656
Epoch #9 cost=3.249656
Epoch #0 cost=3.249629
Epoch #1 cost=3.249635
Epoch #2 cost=3.249637
Epoch #3 cost=3.249637
Epoch #4 cost=3.249637
Epoch #5 cost=3.249637
Epoch #6 cost=3.249637
Epoch #7 cost=3.249637
Epoch #8 cost=3.249637
Epoch #9 cost=3.249637
Epoch #0 cost=3.249656
Epoch #1 cost=3.249664
Epoch #2 cost=3.249665
Epoch #3 cost=3.249666
Epoch #4 cost=3.249666
Epoch #5 cost=3.249666
Epoch #6 cost=3.249666
Epoch #7 cost=3.249665
Epoch #8 cost=3.249666
Epoch #9 cost=3.249666
Epoch #0 cost=3.249616
Epoch #1 cost=3.249632
Epoch #2 cost=3.249635
Epoch #3 cost=3.249636
Epoch #4 cost=3.249636
Epoch #5 cost=3.249636
Epoch #6 cost=3.249636
Epoch #7 cost=3.249636
Epoch #8 cost=3.249636
Epoch #9 cost=3.249636
Epoch #0 cost=3.249490
Epoch #1 cost=3.249474
Epoch #2 cost=3.249471
Epoch #3 cost=3.249470
Epoch #4 cost=3.249470
Epoch #5 cost=3.249470
Epoch #6 cost=3.249470
Epoch #7 cost=3.249470
Epoch #8 cost=3.249470
Epoch #9 cost=3.249470
Epoch #0 cost=3.250594
Epoch #1 cost=3.250804
Epoch #2 cost=3.250844
Epoch #3 cost=3.250852
Epoch #4 cost=3.250853
Epoch #5 cost=3.250854
Epoch #6 cost=3.250854
Epoch #7 cost=3.250854
Epoch #8 cost=3.250854
Epoch #9 cost=3.250854
Nodes keep percentage is :  0.049999999999999156
Epoch #0 cost=3.249590
Epoch #1 cost=3.249584
Epoch #2 cost=3.249584
Epoch #3 cost=3.249584
Epoch #4 cost=3.249584
Epoch #5 cost=3.249584
Epoch #6 cost=3.249584
Epoch #7 cost=3.249584
Epoch #8 cost=3.249584
Epoch #9 cost=3.249584
Epoch #0 cost=3.249561
Epoch #1 cost=3.249551
Epoch #2 cost=3.249549
Epoch #3 cost=3.249548
Epoch #4 cost=3.249549
Epoch #5 cost=3.249549
Epoch #6 cost=3.249549
Epoch #7 cost=3.249549
Epoch #8 cost=3.249549
Epoch #9 cost=3.249549
Epoch #0 cost=3.249598
Epoch #1 cost=3.249593
Epoch #2 cost=3.249593
Epoch #3 cost=3.249593
Epoch #4 cost=3.249593
Epoch #5 cost=3.249593
Epoch #6 cost=3.249593
Epoch #7 cost=3.249593
Epoch #8 cost=3.249593
Epoch #9 cost=3.249593
Epoch #0 cost=3.249694
Epoch #1 cost=3.249713
Epoch #2 cost=3.249718
Epoch #3 cost=3.249719
Epoch #4 cost=3.249719
Epoch #5 cost=3.249719
Epoch #6 cost=3.249719
Epoch #7 cost=3.249720
Epoch #8 cost=3.249720
Epoch #9 cost=3.249720
Epoch #0 cost=3.249649
Epoch #1 cost=3.249654
Epoch #2 cost=3.249655
Epoch #3 cost=3.249656
Epoch #4 cost=3.249656
Epoch #5 cost=3.249656
Epoch #6 cost=3.249656
Epoch #7 cost=3.249656
Epoch #8 cost=3.249656
Epoch #9 cost=3.249656
Epoch #0 cost=3.249629
Epoch #1 cost=3.249635
Epoch #2 cost=3.249637
Epoch #3 cost=3.249637
Epoch #4 cost=3.249637
Epoch #5 cost=3.249637
Epoch #6 cost=3.249637
Epoch #7 cost=3.249637
Epoch #8 cost=3.249637
Epoch #9 cost=3.249637
Epoch #0 cost=3.249656
Epoch #1 cost=3.249663
Epoch #2 cost=3.249665
Epoch #3 cost=3.249665
Epoch #4 cost=3.249666
Epoch #5 cost=3.249666
Epoch #6 cost=3.249666
Epoch #7 cost=3.249666
Epoch #8 cost=3.249666
Epoch #9 cost=3.249666
Epoch #0 cost=3.249616
Epoch #1 cost=3.249631
Epoch #2 cost=3.249635
Epoch #3 cost=3.249636
Epoch #4 cost=3.249636
Epoch #5 cost=3.249636
Epoch #6 cost=3.249636
Epoch #7 cost=3.249636
Epoch #8 cost=3.249636
Epoch #9 cost=3.249636
Epoch #0 cost=3.249490
Epoch #1 cost=3.249474
Epoch #2 cost=3.249471
Epoch #3 cost=3.249470
Epoch #4 cost=3.249470
Epoch #5 cost=3.249470
Epoch #6 cost=3.249470
Epoch #7 cost=3.249470
Epoch #8 cost=3.249470
Epoch #9 cost=3.249470
Epoch #0 cost=3.250594
Epoch #1 cost=3.250804
Epoch #2 cost=3.250844
Epoch #3 cost=3.250852
Epoch #4 cost=3.250853
Epoch #5 cost=3.250853
Epoch #6 cost=3.250853
Epoch #7 cost=3.250853
Epoch #8 cost=3.250853
Epoch #9 cost=3.250853
