Extracting MNIST_data/train-images-idx3-ubyte.gz
Extracting MNIST_data/train-labels-idx1-ubyte.gz
Extracting MNIST_data/t10k-images-idx3-ubyte.gz
Extracting MNIST_data/t10k-labels-idx1-ubyte.gz
Nodes keep percentage is :  1.0
** Start training **
Epoch #0 cost=0.000970
Epoch #1 cost=0.000971
Epoch #2 cost=0.000969
Epoch #3 cost=0.000966
Epoch #4 cost=0.000964
Epoch #5 cost=0.000961
Epoch #6 cost=0.000959
Epoch #7 cost=0.000957
Epoch #8 cost=0.000955
Epoch #9 cost=0.000952
Epoch #10 cost=0.000951
Epoch #11 cost=0.000948
Epoch #12 cost=0.000946
Epoch #13 cost=0.000944
Epoch #14 cost=0.000942
Epoch #15 cost=0.000940
Epoch #16 cost=0.000937
Epoch #17 cost=0.000935
Epoch #18 cost=0.000933
Epoch #19 cost=0.000931
** Start training **
Epoch #0 cost=0.000966
Epoch #1 cost=0.000966
Epoch #2 cost=0.000963
Epoch #3 cost=0.000960
Epoch #4 cost=0.000957
Epoch #5 cost=0.000955
Epoch #6 cost=0.000953
Epoch #7 cost=0.000950
Epoch #8 cost=0.000949
Epoch #9 cost=0.000946
Epoch #10 cost=0.000944
Epoch #11 cost=0.000943
Epoch #12 cost=0.000940
Epoch #13 cost=0.000939
Epoch #14 cost=0.000936
Epoch #15 cost=0.000934
Epoch #16 cost=0.000932
Epoch #17 cost=0.000930
Epoch #18 cost=0.000927
Epoch #19 cost=0.000926
** Start training **
Epoch #0 cost=0.000976
Epoch #1 cost=0.000978
Epoch #2 cost=0.000977
Epoch #3 cost=0.000975
Epoch #4 cost=0.000973
Epoch #5 cost=0.000971
Epoch #6 cost=0.000969
Epoch #7 cost=0.000967
Epoch #8 cost=0.000965
Epoch #9 cost=0.000963
Epoch #10 cost=0.000961
Epoch #11 cost=0.000959
Epoch #12 cost=0.000956
Epoch #13 cost=0.000955
Epoch #14 cost=0.000953
Epoch #15 cost=0.000950
Epoch #16 cost=0.000948
Epoch #17 cost=0.000946
Epoch #18 cost=0.000944
Epoch #19 cost=0.000942
** Start training **
Epoch #0 cost=0.000982
Epoch #1 cost=0.000987
Epoch #2 cost=0.000986
Epoch #3 cost=0.000984
Epoch #4 cost=0.000982
Epoch #5 cost=0.000980
Epoch #6 cost=0.000978
Epoch #7 cost=0.000976
Epoch #8 cost=0.000973
Epoch #9 cost=0.000971
Epoch #10 cost=0.000969
Epoch #11 cost=0.000967
Epoch #12 cost=0.000964
Epoch #13 cost=0.000962
Epoch #14 cost=0.000959
Epoch #15 cost=0.000957
Epoch #16 cost=0.000955
Epoch #17 cost=0.000952
Epoch #18 cost=0.000949
Epoch #19 cost=0.000947
** Start training **
Epoch #0 cost=0.000972
Epoch #1 cost=0.000974
Epoch #2 cost=0.000972
Epoch #3 cost=0.000971
Epoch #4 cost=0.000969
Epoch #5 cost=0.000967
Epoch #6 cost=0.000965
Epoch #7 cost=0.000964
Epoch #8 cost=0.000962
Epoch #9 cost=0.000960
Epoch #10 cost=0.000958
Epoch #11 cost=0.000956
Epoch #12 cost=0.000955
Epoch #13 cost=0.000953
Epoch #14 cost=0.000951
Epoch #15 cost=0.000949
Epoch #16 cost=0.000947
Epoch #17 cost=0.000945
Epoch #18 cost=0.000943
Epoch #19 cost=0.000940
** Start training **
Epoch #0 cost=0.000977
Epoch #1 cost=0.000980
Epoch #2 cost=0.000978
Epoch #3 cost=0.000975
Epoch #4 cost=0.000972
Epoch #5 cost=0.000970
Epoch #6 cost=0.000967
Epoch #7 cost=0.000965
Epoch #8 cost=0.000962
Epoch #9 cost=0.000960
Epoch #10 cost=0.000957
Epoch #11 cost=0.000955
Epoch #12 cost=0.000953
Epoch #13 cost=0.000950
Epoch #14 cost=0.000947
Epoch #15 cost=0.000945
Epoch #16 cost=0.000943
Epoch #17 cost=0.000940
Epoch #18 cost=0.000938
Epoch #19 cost=0.000936
** Start training **
Epoch #0 cost=0.000967
Epoch #1 cost=0.000966
Epoch #2 cost=0.000962
Epoch #3 cost=0.000959
Epoch #4 cost=0.000956
Epoch #5 cost=0.000953
Epoch #6 cost=0.000950
Epoch #7 cost=0.000948
Epoch #8 cost=0.000945
Epoch #9 cost=0.000942
Epoch #10 cost=0.000940
Epoch #11 cost=0.000938
Epoch #12 cost=0.000935
Epoch #13 cost=0.000933
Epoch #14 cost=0.000931
Epoch #15 cost=0.000927
Epoch #16 cost=0.000926
Epoch #17 cost=0.000923
Epoch #18 cost=0.000920
Epoch #19 cost=0.000918
** Start training **
Epoch #0 cost=0.000955
Epoch #1 cost=0.000955
Epoch #2 cost=0.000953
Epoch #3 cost=0.000951
Epoch #4 cost=0.000950
Epoch #5 cost=0.000949
Epoch #6 cost=0.000947
Epoch #7 cost=0.000946
Epoch #8 cost=0.000944
Epoch #9 cost=0.000941
Epoch #10 cost=0.000939
Epoch #11 cost=0.000938
Epoch #12 cost=0.000936
Epoch #13 cost=0.000933
Epoch #14 cost=0.000932
Epoch #15 cost=0.000929
Epoch #16 cost=0.000927
Epoch #17 cost=0.000925
Epoch #18 cost=0.000923
Epoch #19 cost=0.000921
** Start training **
Epoch #0 cost=0.000957
Epoch #1 cost=0.000954
Epoch #2 cost=0.000950
Epoch #3 cost=0.000945
Epoch #4 cost=0.000941
Epoch #5 cost=0.000938
Epoch #6 cost=0.000934
Epoch #7 cost=0.000931
Epoch #8 cost=0.000928
Epoch #9 cost=0.000925
Epoch #10 cost=0.000922
Epoch #11 cost=0.000920
Epoch #12 cost=0.000917
Epoch #13 cost=0.000914
Epoch #14 cost=0.000912
Epoch #15 cost=0.000909
Epoch #16 cost=0.000907
Epoch #17 cost=0.000904
Epoch #18 cost=0.000902
Epoch #19 cost=0.000900
** Start training **
Epoch #0 cost=0.000869
Epoch #1 cost=0.000863
Epoch #2 cost=0.000858
Epoch #3 cost=0.000854
Epoch #4 cost=0.000850
Epoch #5 cost=0.000846
Epoch #6 cost=0.000843
Epoch #7 cost=0.000839
Epoch #8 cost=0.000836
Epoch #9 cost=0.000833
Epoch #10 cost=0.000831
Epoch #11 cost=0.000828
Epoch #12 cost=0.000825
Epoch #13 cost=0.000823
Epoch #14 cost=0.000821
Epoch #15 cost=0.000819
Epoch #16 cost=0.000816
Epoch #17 cost=0.000814
Epoch #18 cost=0.000812
Epoch #19 cost=0.000810
Nodes keep percentage is :  0.95
** Start training **
Epoch #0 cost=0.008200
Epoch #1 cost=0.005900
Epoch #2 cost=0.004845
Epoch #3 cost=0.004227
Epoch #4 cost=0.003829
Epoch #5 cost=0.003544
Epoch #6 cost=0.003334
Epoch #7 cost=0.003174
Epoch #8 cost=0.003044
Epoch #9 cost=0.002940
Epoch #10 cost=0.002850
Epoch #11 cost=0.002776
Epoch #12 cost=0.002711
Epoch #13 cost=0.002652
Epoch #14 cost=0.002602
Epoch #15 cost=0.002556
Epoch #16 cost=0.002516
Epoch #17 cost=0.002480
Epoch #18 cost=0.002446
Epoch #19 cost=0.002418
** Start training **
Epoch #0 cost=0.007965
Epoch #1 cost=0.005768
Epoch #2 cost=0.004770
Epoch #3 cost=0.004192
Epoch #4 cost=0.003811
Epoch #5 cost=0.003543
Epoch #6 cost=0.003345
Epoch #7 cost=0.003190
Epoch #8 cost=0.003067
Epoch #9 cost=0.002964
Epoch #10 cost=0.002876
Epoch #11 cost=0.002802
Epoch #12 cost=0.002737
Epoch #13 cost=0.002680
Epoch #14 cost=0.002630
Epoch #15 cost=0.002585
Epoch #16 cost=0.002547
Epoch #17 cost=0.002513
Epoch #18 cost=0.002482
Epoch #19 cost=0.002453
** Start training **
Epoch #0 cost=0.008142
Epoch #1 cost=0.005949
Epoch #2 cost=0.004928
Epoch #3 cost=0.004322
Epoch #4 cost=0.003925
Epoch #5 cost=0.003651
Epoch #6 cost=0.003441
Epoch #7 cost=0.003281
Epoch #8 cost=0.003147
Epoch #9 cost=0.003038
Epoch #10 cost=0.002944
Epoch #11 cost=0.002863
Epoch #12 cost=0.002794
Epoch #13 cost=0.002735
Epoch #14 cost=0.002684
Epoch #15 cost=0.002636
Epoch #16 cost=0.002595
Epoch #17 cost=0.002556
Epoch #18 cost=0.002520
Epoch #19 cost=0.002488
** Start training **
Epoch #0 cost=0.008159
Epoch #1 cost=0.005959
Epoch #2 cost=0.004939
Epoch #3 cost=0.004337
Epoch #4 cost=0.003934
Epoch #5 cost=0.003649
Epoch #6 cost=0.003439
Epoch #7 cost=0.003274
Epoch #8 cost=0.003141
Epoch #9 cost=0.003033
Epoch #10 cost=0.002937
Epoch #11 cost=0.002859
Epoch #12 cost=0.002787
Epoch #13 cost=0.002726
Epoch #14 cost=0.002672
Epoch #15 cost=0.002626
Epoch #16 cost=0.002582
Epoch #17 cost=0.002544
Epoch #18 cost=0.002509
Epoch #19 cost=0.002478
** Start training **
Epoch #0 cost=0.008026
Epoch #1 cost=0.005802
Epoch #2 cost=0.004812
Epoch #3 cost=0.004252
Epoch #4 cost=0.003882
Epoch #5 cost=0.003623
Epoch #6 cost=0.003427
Epoch #7 cost=0.003273
Epoch #8 cost=0.003151
Epoch #9 cost=0.003047
Epoch #10 cost=0.002960
Epoch #11 cost=0.002884
Epoch #12 cost=0.002817
Epoch #13 cost=0.002761
Epoch #14 cost=0.002712
Epoch #15 cost=0.002666
Epoch #16 cost=0.002627
Epoch #17 cost=0.002589
Epoch #18 cost=0.002555
Epoch #19 cost=0.002523
** Start training **
Epoch #0 cost=0.007967
Epoch #1 cost=0.005832
Epoch #2 cost=0.004854
Epoch #3 cost=0.004277
Epoch #4 cost=0.003907
Epoch #5 cost=0.003633
Epoch #6 cost=0.003427
Epoch #7 cost=0.003268
Epoch #8 cost=0.003138
Epoch #9 cost=0.003031
Epoch #10 cost=0.002941
Epoch #11 cost=0.002866
Epoch #12 cost=0.002804
Epoch #13 cost=0.002747
Epoch #14 cost=0.002697
Epoch #15 cost=0.002654
Epoch #16 cost=0.002617
Epoch #17 cost=0.002581
Epoch #18 cost=0.002549
Epoch #19 cost=0.002521
** Start training **
Epoch #0 cost=0.007875
Epoch #1 cost=0.005642
Epoch #2 cost=0.004636
Epoch #3 cost=0.004059
Epoch #4 cost=0.003690
Epoch #5 cost=0.003430
Epoch #6 cost=0.003235
Epoch #7 cost=0.003085
Epoch #8 cost=0.002962
Epoch #9 cost=0.002861
Epoch #10 cost=0.002775
Epoch #11 cost=0.002702
Epoch #12 cost=0.002638
Epoch #13 cost=0.002582
Epoch #14 cost=0.002530
Epoch #15 cost=0.002486
Epoch #16 cost=0.002446
Epoch #17 cost=0.002410
Epoch #18 cost=0.002375
Epoch #19 cost=0.002344
** Start training **
Epoch #0 cost=0.008102
Epoch #1 cost=0.005839
Epoch #2 cost=0.004827
Epoch #3 cost=0.004240
Epoch #4 cost=0.003855
Epoch #5 cost=0.003579
Epoch #6 cost=0.003375
Epoch #7 cost=0.003216
Epoch #8 cost=0.003088
Epoch #9 cost=0.002978
Epoch #10 cost=0.002888
Epoch #11 cost=0.002811
Epoch #12 cost=0.002744
Epoch #13 cost=0.002686
Epoch #14 cost=0.002634
Epoch #15 cost=0.002588
Epoch #16 cost=0.002545
Epoch #17 cost=0.002507
Epoch #18 cost=0.002473
Epoch #19 cost=0.002442
** Start training **
Epoch #0 cost=0.008128
Epoch #1 cost=0.005733
Epoch #2 cost=0.004704
Epoch #3 cost=0.004126
Epoch #4 cost=0.003752
Epoch #5 cost=0.003489
Epoch #6 cost=0.003292
Epoch #7 cost=0.003137
Epoch #8 cost=0.003013
Epoch #9 cost=0.002909
Epoch #10 cost=0.002824
Epoch #11 cost=0.002748
Epoch #12 cost=0.002683
Epoch #13 cost=0.002627
Epoch #14 cost=0.002579
Epoch #15 cost=0.002535
Epoch #16 cost=0.002494
Epoch #17 cost=0.002457
Epoch #18 cost=0.002424
Epoch #19 cost=0.002393
** Start training **
Epoch #0 cost=0.003981
Epoch #1 cost=0.003298
Epoch #2 cost=0.003047
Epoch #3 cost=0.002887
Epoch #4 cost=0.002767
Epoch #5 cost=0.002671
Epoch #6 cost=0.002587
Epoch #7 cost=0.002515
Epoch #8 cost=0.002456
Epoch #9 cost=0.002402
Epoch #10 cost=0.002355
Epoch #11 cost=0.002314
Epoch #12 cost=0.002276
Epoch #13 cost=0.002242
Epoch #14 cost=0.002209
Epoch #15 cost=0.002180
Epoch #16 cost=0.002153
Epoch #17 cost=0.002127
Epoch #18 cost=0.002102
Epoch #19 cost=0.002078
Nodes keep percentage is :  0.8999999999999999
** Start training **
Epoch #0 cost=0.012581
Epoch #1 cost=0.011573
Epoch #2 cost=0.010806
Epoch #3 cost=0.010173
Epoch #4 cost=0.009663
Epoch #5 cost=0.009219
Epoch #6 cost=0.008832
Epoch #7 cost=0.008505
Epoch #8 cost=0.008213
Epoch #9 cost=0.007938
Epoch #10 cost=0.007695
Epoch #11 cost=0.007488
Epoch #12 cost=0.007282
Epoch #13 cost=0.007096
Epoch #14 cost=0.006918
Epoch #15 cost=0.006761
Epoch #16 cost=0.006615
Epoch #17 cost=0.006479
Epoch #18 cost=0.006347
Epoch #19 cost=0.006216
** Start training **
Epoch #0 cost=0.012785
Epoch #1 cost=0.011915
Epoch #2 cost=0.011195
Epoch #3 cost=0.010548
Epoch #4 cost=0.009986
Epoch #5 cost=0.009521
Epoch #6 cost=0.009127
Epoch #7 cost=0.008762
Epoch #8 cost=0.008439
Epoch #9 cost=0.008166
Epoch #10 cost=0.007924
Epoch #11 cost=0.007699
Epoch #12 cost=0.007486
Epoch #13 cost=0.007285
Epoch #14 cost=0.007104
Epoch #15 cost=0.006940
Epoch #16 cost=0.006784
Epoch #17 cost=0.006637
Epoch #18 cost=0.006499
Epoch #19 cost=0.006367
** Start training **
Epoch #0 cost=0.012692
Epoch #1 cost=0.011989
Epoch #2 cost=0.011318
Epoch #3 cost=0.010730
Epoch #4 cost=0.010218
Epoch #5 cost=0.009776
Epoch #6 cost=0.009376
Epoch #7 cost=0.009021
Epoch #8 cost=0.008712
Epoch #9 cost=0.008430
Epoch #10 cost=0.008176
Epoch #11 cost=0.007949
Epoch #12 cost=0.007724
Epoch #13 cost=0.007519
Epoch #14 cost=0.007328
Epoch #15 cost=0.007147
Epoch #16 cost=0.006976
Epoch #17 cost=0.006817
Epoch #18 cost=0.006665
Epoch #19 cost=0.006521
** Start training **
Epoch #0 cost=0.012411
Epoch #1 cost=0.011485
Epoch #2 cost=0.010736
Epoch #3 cost=0.010161
Epoch #4 cost=0.009692
Epoch #5 cost=0.009285
Epoch #6 cost=0.008934
Epoch #7 cost=0.008632
Epoch #8 cost=0.008361
Epoch #9 cost=0.008123
Epoch #10 cost=0.007902
Epoch #11 cost=0.007688
Epoch #12 cost=0.007493
Epoch #13 cost=0.007316
Epoch #14 cost=0.007147
Epoch #15 cost=0.006991
Epoch #16 cost=0.006847
Epoch #17 cost=0.006704
Epoch #18 cost=0.006570
Epoch #19 cost=0.006445
** Start training **
Epoch #0 cost=0.012809
Epoch #1 cost=0.011810
Epoch #2 cost=0.011020
Epoch #3 cost=0.010453
Epoch #4 cost=0.009959
Epoch #5 cost=0.009531
Epoch #6 cost=0.009140
Epoch #7 cost=0.008803
Epoch #8 cost=0.008510
Epoch #9 cost=0.008248
Epoch #10 cost=0.008013
Epoch #11 cost=0.007789
Epoch #12 cost=0.007576
Epoch #13 cost=0.007386
Epoch #14 cost=0.007207
Epoch #15 cost=0.007040
Epoch #16 cost=0.006887
Epoch #17 cost=0.006740
Epoch #18 cost=0.006600
Epoch #19 cost=0.006474
** Start training **
Epoch #0 cost=0.012781
Epoch #1 cost=0.011823
Epoch #2 cost=0.011094
Epoch #3 cost=0.010493
Epoch #4 cost=0.010007
Epoch #5 cost=0.009600
Epoch #6 cost=0.009232
Epoch #7 cost=0.008898
Epoch #8 cost=0.008586
Epoch #9 cost=0.008305
Epoch #10 cost=0.008061
Epoch #11 cost=0.007831
Epoch #12 cost=0.007624
Epoch #13 cost=0.007440
Epoch #14 cost=0.007270
Epoch #15 cost=0.007109
Epoch #16 cost=0.006950
Epoch #17 cost=0.006803
Epoch #18 cost=0.006661
Epoch #19 cost=0.006525
** Start training **
Epoch #0 cost=0.012633
Epoch #1 cost=0.011667
Epoch #2 cost=0.010843
Epoch #3 cost=0.010203
Epoch #4 cost=0.009671
Epoch #5 cost=0.009237
Epoch #6 cost=0.008853
Epoch #7 cost=0.008517
Epoch #8 cost=0.008204
Epoch #9 cost=0.007938
Epoch #10 cost=0.007696
Epoch #11 cost=0.007477
Epoch #12 cost=0.007275
Epoch #13 cost=0.007083
Epoch #14 cost=0.006912
Epoch #15 cost=0.006752
Epoch #16 cost=0.006602
Epoch #17 cost=0.006461
Epoch #18 cost=0.006323
Epoch #19 cost=0.006192
** Start training **
Epoch #0 cost=0.012561
Epoch #1 cost=0.011677
Epoch #2 cost=0.010908
Epoch #3 cost=0.010288
Epoch #4 cost=0.009794
Epoch #5 cost=0.009374
Epoch #6 cost=0.008993
Epoch #7 cost=0.008651
Epoch #8 cost=0.008351
Epoch #9 cost=0.008090
Epoch #10 cost=0.007846
Epoch #11 cost=0.007630
Epoch #12 cost=0.007429
Epoch #13 cost=0.007248
Epoch #14 cost=0.007074
Epoch #15 cost=0.006922
Epoch #16 cost=0.006789
Epoch #17 cost=0.006656
Epoch #18 cost=0.006528
Epoch #19 cost=0.006405
** Start training **
Epoch #0 cost=0.012024
Epoch #1 cost=0.011179
Epoch #2 cost=0.010472
Epoch #3 cost=0.009905
Epoch #4 cost=0.009429
Epoch #5 cost=0.009043
Epoch #6 cost=0.008672
Epoch #7 cost=0.008350
Epoch #8 cost=0.008077
Epoch #9 cost=0.007827
Epoch #10 cost=0.007599
Epoch #11 cost=0.007391
Epoch #12 cost=0.007200
Epoch #13 cost=0.007014
Epoch #14 cost=0.006846
Epoch #15 cost=0.006690
Epoch #16 cost=0.006545
Epoch #17 cost=0.006406
Epoch #18 cost=0.006278
Epoch #19 cost=0.006153
** Start training **
Epoch #0 cost=0.013383
Epoch #1 cost=0.010125
Epoch #2 cost=0.008738
Epoch #3 cost=0.007929
Epoch #4 cost=0.007380
Epoch #5 cost=0.006976
Epoch #6 cost=0.006655
Epoch #7 cost=0.006377
Epoch #8 cost=0.006145
Epoch #9 cost=0.005938
Epoch #10 cost=0.005762
Epoch #11 cost=0.005601
Epoch #12 cost=0.005458
Epoch #13 cost=0.005328
Epoch #14 cost=0.005200
Epoch #15 cost=0.005084
Epoch #16 cost=0.004980
Epoch #17 cost=0.004885
Epoch #18 cost=0.004793
Epoch #19 cost=0.004709
Nodes keep percentage is :  0.8499999999999999
** Start training **
Epoch #0 cost=0.022811
Epoch #1 cost=0.019483
Epoch #2 cost=0.017533
Epoch #3 cost=0.016182
Epoch #4 cost=0.015111
Epoch #5 cost=0.014219
Epoch #6 cost=0.013565
Epoch #7 cost=0.013040
Epoch #8 cost=0.012589
Epoch #9 cost=0.012175
Epoch #10 cost=0.011791
Epoch #11 cost=0.011459
Epoch #12 cost=0.011136
Epoch #13 cost=0.010857
Epoch #14 cost=0.010593
Epoch #15 cost=0.010360
Epoch #16 cost=0.010100
Epoch #17 cost=0.009851
Epoch #18 cost=0.009630
Epoch #19 cost=0.009431
** Start training **
Epoch #0 cost=0.022608
Epoch #1 cost=0.019351
Epoch #2 cost=0.017354
Epoch #3 cost=0.015969
Epoch #4 cost=0.014921
Epoch #5 cost=0.014081
Epoch #6 cost=0.013465
Epoch #7 cost=0.012948
Epoch #8 cost=0.012496
Epoch #9 cost=0.012086
Epoch #10 cost=0.011709
Epoch #11 cost=0.011364
Epoch #12 cost=0.011047
Epoch #13 cost=0.010790
Epoch #14 cost=0.010531
Epoch #15 cost=0.010290
Epoch #16 cost=0.010051
Epoch #17 cost=0.009831
Epoch #18 cost=0.009619
Epoch #19 cost=0.009412
** Start training **
Epoch #0 cost=0.023167
Epoch #1 cost=0.019825
Epoch #2 cost=0.017780
Epoch #3 cost=0.016334
Epoch #4 cost=0.015214
Epoch #5 cost=0.014409
Epoch #6 cost=0.013800
Epoch #7 cost=0.013266
Epoch #8 cost=0.012798
Epoch #9 cost=0.012367
Epoch #10 cost=0.012003
Epoch #11 cost=0.011648
Epoch #12 cost=0.011338
Epoch #13 cost=0.011045
Epoch #14 cost=0.010773
Epoch #15 cost=0.010506
Epoch #16 cost=0.010285
Epoch #17 cost=0.010068
Epoch #18 cost=0.009838
Epoch #19 cost=0.009625
** Start training **
Epoch #0 cost=0.023160
Epoch #1 cost=0.019847
Epoch #2 cost=0.017817
Epoch #3 cost=0.016342
Epoch #4 cost=0.015200
Epoch #5 cost=0.014277
Epoch #6 cost=0.013594
Epoch #7 cost=0.013023
Epoch #8 cost=0.012553
Epoch #9 cost=0.012110
Epoch #10 cost=0.011742
Epoch #11 cost=0.011404
Epoch #12 cost=0.011093
Epoch #13 cost=0.010806
Epoch #14 cost=0.010528
Epoch #15 cost=0.010277
Epoch #16 cost=0.010047
Epoch #17 cost=0.009833
Epoch #18 cost=0.009625
Epoch #19 cost=0.009430
** Start training **
Epoch #0 cost=0.023656
Epoch #1 cost=0.020347
Epoch #2 cost=0.018286
Epoch #3 cost=0.016804
Epoch #4 cost=0.015578
Epoch #5 cost=0.014615
Epoch #6 cost=0.013935
Epoch #7 cost=0.013313
Epoch #8 cost=0.012780
Epoch #9 cost=0.012316
Epoch #10 cost=0.011912
Epoch #11 cost=0.011533
Epoch #12 cost=0.011225
Epoch #13 cost=0.010908
Epoch #14 cost=0.010635
Epoch #15 cost=0.010376
Epoch #16 cost=0.010136
Epoch #17 cost=0.009897
Epoch #18 cost=0.009693
Epoch #19 cost=0.009472
** Start training **
Epoch #0 cost=0.022985
Epoch #1 cost=0.019757
Epoch #2 cost=0.017669
Epoch #3 cost=0.016230
Epoch #4 cost=0.015055
Epoch #5 cost=0.014170
Epoch #6 cost=0.013506
Epoch #7 cost=0.012939
Epoch #8 cost=0.012419
Epoch #9 cost=0.012004
Epoch #10 cost=0.011632
Epoch #11 cost=0.011311
Epoch #12 cost=0.010997
Epoch #13 cost=0.010720
Epoch #14 cost=0.010444
Epoch #15 cost=0.010185
Epoch #16 cost=0.009957
Epoch #17 cost=0.009736
Epoch #18 cost=0.009529
Epoch #19 cost=0.009337
** Start training **
Epoch #0 cost=0.023149
Epoch #1 cost=0.019731
Epoch #2 cost=0.017544
Epoch #3 cost=0.016000
Epoch #4 cost=0.014786
Epoch #5 cost=0.013788
Epoch #6 cost=0.013082
Epoch #7 cost=0.012527
Epoch #8 cost=0.012048
Epoch #9 cost=0.011610
Epoch #10 cost=0.011218
Epoch #11 cost=0.010887
Epoch #12 cost=0.010584
Epoch #13 cost=0.010289
Epoch #14 cost=0.010018
Epoch #15 cost=0.009772
Epoch #16 cost=0.009553
Epoch #17 cost=0.009330
Epoch #18 cost=0.009129
Epoch #19 cost=0.008934
** Start training **
Epoch #0 cost=0.024234
Epoch #1 cost=0.020379
Epoch #2 cost=0.017956
Epoch #3 cost=0.016287
Epoch #4 cost=0.014977
Epoch #5 cost=0.014047
Epoch #6 cost=0.013367
Epoch #7 cost=0.012828
Epoch #8 cost=0.012371
Epoch #9 cost=0.011939
Epoch #10 cost=0.011564
Epoch #11 cost=0.011230
Epoch #12 cost=0.010902
Epoch #13 cost=0.010590
Epoch #14 cost=0.010303
Epoch #15 cost=0.010039
Epoch #16 cost=0.009784
Epoch #17 cost=0.009556
Epoch #18 cost=0.009348
Epoch #19 cost=0.009153
** Start training **
Epoch #0 cost=0.022538
Epoch #1 cost=0.019303
Epoch #2 cost=0.017191
Epoch #3 cost=0.015703
Epoch #4 cost=0.014554
Epoch #5 cost=0.013676
Epoch #6 cost=0.013000
Epoch #7 cost=0.012512
Epoch #8 cost=0.012093
Epoch #9 cost=0.011702
Epoch #10 cost=0.011355
Epoch #11 cost=0.011035
Epoch #12 cost=0.010731
Epoch #13 cost=0.010435
Epoch #14 cost=0.010170
Epoch #15 cost=0.009922
Epoch #16 cost=0.009708
Epoch #17 cost=0.009495
Epoch #18 cost=0.009307
Epoch #19 cost=0.009122
** Start training **
Epoch #0 cost=0.019084
Epoch #1 cost=0.015706
Epoch #2 cost=0.014007
Epoch #3 cost=0.012900
Epoch #4 cost=0.012051
Epoch #5 cost=0.011412
Epoch #6 cost=0.010906
Epoch #7 cost=0.010485
Epoch #8 cost=0.010093
Epoch #9 cost=0.009754
Epoch #10 cost=0.009460
Epoch #11 cost=0.009188
Epoch #12 cost=0.008925
Epoch #13 cost=0.008678
Epoch #14 cost=0.008461
Epoch #15 cost=0.008261
Epoch #16 cost=0.008076
Epoch #17 cost=0.007891
Epoch #18 cost=0.007720
Epoch #19 cost=0.007551
Nodes keep percentage is :  0.7999999999999998
** Start training **
Epoch #0 cost=0.036001
Epoch #1 cost=0.032291
Epoch #2 cost=0.029747
Epoch #3 cost=0.027823
Epoch #4 cost=0.026265
Epoch #5 cost=0.024917
Epoch #6 cost=0.023810
Epoch #7 cost=0.022922
Epoch #8 cost=0.022202
Epoch #9 cost=0.021462
Epoch #10 cost=0.020816
Epoch #11 cost=0.020205
Epoch #12 cost=0.019650
Epoch #13 cost=0.019122
Epoch #14 cost=0.018567
Epoch #15 cost=0.018110
Epoch #16 cost=0.017622
Epoch #17 cost=0.017184
Epoch #18 cost=0.016796
Epoch #19 cost=0.016408
** Start training **
Epoch #0 cost=0.035067
Epoch #1 cost=0.031217
Epoch #2 cost=0.028837
Epoch #3 cost=0.026903
Epoch #4 cost=0.025395
Epoch #5 cost=0.024159
Epoch #6 cost=0.023156
Epoch #7 cost=0.022408
Epoch #8 cost=0.021748
Epoch #9 cost=0.021089
Epoch #10 cost=0.020501
Epoch #11 cost=0.019934
Epoch #12 cost=0.019427
Epoch #13 cost=0.018913
Epoch #14 cost=0.018416
Epoch #15 cost=0.017971
Epoch #16 cost=0.017546
Epoch #17 cost=0.017154
Epoch #18 cost=0.016756
Epoch #19 cost=0.016421
** Start training **
Epoch #0 cost=0.036043
Epoch #1 cost=0.032447
Epoch #2 cost=0.030121
Epoch #3 cost=0.028084
Epoch #4 cost=0.026473
Epoch #5 cost=0.025180
Epoch #6 cost=0.024045
Epoch #7 cost=0.023157
Epoch #8 cost=0.022375
Epoch #9 cost=0.021638
Epoch #10 cost=0.020986
Epoch #11 cost=0.020301
Epoch #12 cost=0.019699
Epoch #13 cost=0.019150
Epoch #14 cost=0.018618
Epoch #15 cost=0.018115
Epoch #16 cost=0.017624
Epoch #17 cost=0.017199
Epoch #18 cost=0.016729
Epoch #19 cost=0.016322
** Start training **
Epoch #0 cost=0.035112
Epoch #1 cost=0.031212
Epoch #2 cost=0.028705
Epoch #3 cost=0.026760
Epoch #4 cost=0.025267
Epoch #5 cost=0.023944
Epoch #6 cost=0.022934
Epoch #7 cost=0.022042
Epoch #8 cost=0.021276
Epoch #9 cost=0.020650
Epoch #10 cost=0.020021
Epoch #11 cost=0.019473
Epoch #12 cost=0.018929
Epoch #13 cost=0.018419
Epoch #14 cost=0.017938
Epoch #15 cost=0.017484
Epoch #16 cost=0.017047
Epoch #17 cost=0.016606
Epoch #18 cost=0.016190
Epoch #19 cost=0.015774
** Start training **
Epoch #0 cost=0.035951
Epoch #1 cost=0.032146
Epoch #2 cost=0.029785
Epoch #3 cost=0.027790
Epoch #4 cost=0.026142
Epoch #5 cost=0.024740
Epoch #6 cost=0.023702
Epoch #7 cost=0.022752
Epoch #8 cost=0.021936
Epoch #9 cost=0.021234
Epoch #10 cost=0.020568
Epoch #11 cost=0.019930
Epoch #12 cost=0.019389
Epoch #13 cost=0.018849
Epoch #14 cost=0.018384
Epoch #15 cost=0.017875
Epoch #16 cost=0.017467
Epoch #17 cost=0.017012
Epoch #18 cost=0.016580
Epoch #19 cost=0.016203
** Start training **
Epoch #0 cost=0.035571
Epoch #1 cost=0.031923
Epoch #2 cost=0.029513
Epoch #3 cost=0.027590
Epoch #4 cost=0.026014
Epoch #5 cost=0.024789
Epoch #6 cost=0.023725
Epoch #7 cost=0.022841
Epoch #8 cost=0.022029
Epoch #9 cost=0.021288
Epoch #10 cost=0.020594
Epoch #11 cost=0.019965
Epoch #12 cost=0.019393
Epoch #13 cost=0.018870
Epoch #14 cost=0.018402
Epoch #15 cost=0.017968
Epoch #16 cost=0.017516
Epoch #17 cost=0.017107
Epoch #18 cost=0.016688
Epoch #19 cost=0.016288
** Start training **
Epoch #0 cost=0.035179
Epoch #1 cost=0.031198
Epoch #2 cost=0.028785
Epoch #3 cost=0.026937
Epoch #4 cost=0.025427
Epoch #5 cost=0.024181
Epoch #6 cost=0.023204
Epoch #7 cost=0.022344
Epoch #8 cost=0.021630
Epoch #9 cost=0.020958
Epoch #10 cost=0.020329
Epoch #11 cost=0.019783
Epoch #12 cost=0.019205
Epoch #13 cost=0.018704
Epoch #14 cost=0.018260
Epoch #15 cost=0.017811
Epoch #16 cost=0.017399
Epoch #17 cost=0.016976
Epoch #18 cost=0.016542
Epoch #19 cost=0.016143
** Start training **
Epoch #0 cost=0.036057
Epoch #1 cost=0.032120
Epoch #2 cost=0.029589
Epoch #3 cost=0.027598
Epoch #4 cost=0.025952
Epoch #5 cost=0.024608
Epoch #6 cost=0.023490
Epoch #7 cost=0.022514
Epoch #8 cost=0.021652
Epoch #9 cost=0.020845
Epoch #10 cost=0.020175
Epoch #11 cost=0.019545
Epoch #12 cost=0.018939
Epoch #13 cost=0.018402
Epoch #14 cost=0.017934
Epoch #15 cost=0.017446
Epoch #16 cost=0.016977
Epoch #17 cost=0.016552
Epoch #18 cost=0.016123
Epoch #19 cost=0.015717
** Start training **
Epoch #0 cost=0.035256
Epoch #1 cost=0.031178
Epoch #2 cost=0.028577
Epoch #3 cost=0.026537
Epoch #4 cost=0.024940
Epoch #5 cost=0.023620
Epoch #6 cost=0.022557
Epoch #7 cost=0.021629
Epoch #8 cost=0.020846
Epoch #9 cost=0.020189
Epoch #10 cost=0.019544
Epoch #11 cost=0.018923
Epoch #12 cost=0.018447
Epoch #13 cost=0.017963
Epoch #14 cost=0.017500
Epoch #15 cost=0.017045
Epoch #16 cost=0.016640
Epoch #17 cost=0.016255
Epoch #18 cost=0.015892
Epoch #19 cost=0.015519
** Start training **
Epoch #0 cost=0.041814
Epoch #1 cost=0.031345
Epoch #2 cost=0.026546
Epoch #3 cost=0.023531
Epoch #4 cost=0.021395
Epoch #5 cost=0.019814
Epoch #6 cost=0.018573
Epoch #7 cost=0.017564
Epoch #8 cost=0.016690
Epoch #9 cost=0.015919
Epoch #10 cost=0.015231
Epoch #11 cost=0.014611
Epoch #12 cost=0.014070
Epoch #13 cost=0.013601
Epoch #14 cost=0.013165
Epoch #15 cost=0.012755
Epoch #16 cost=0.012391
Epoch #17 cost=0.012036
Epoch #18 cost=0.011739
Epoch #19 cost=0.011437
Nodes keep percentage is :  0.7499999999999998
** Start training **
Epoch #0 cost=0.059926
Epoch #1 cost=0.054011
Epoch #2 cost=0.050622
Epoch #3 cost=0.047993
Epoch #4 cost=0.045855
Epoch #5 cost=0.043885
Epoch #6 cost=0.042066
Epoch #7 cost=0.040456
Epoch #8 cost=0.038850
Epoch #9 cost=0.037411
Epoch #10 cost=0.036018
Epoch #11 cost=0.034670
Epoch #12 cost=0.033438
Epoch #13 cost=0.032183
Epoch #14 cost=0.031010
Epoch #15 cost=0.029928
Epoch #16 cost=0.028839
Epoch #17 cost=0.027747
Epoch #18 cost=0.026756
Epoch #19 cost=0.025899
** Start training **
Epoch #0 cost=0.059634
Epoch #1 cost=0.053678
Epoch #2 cost=0.049853
Epoch #3 cost=0.046913
Epoch #4 cost=0.044612
Epoch #5 cost=0.042641
Epoch #6 cost=0.040939
Epoch #7 cost=0.039294
Epoch #8 cost=0.037685
Epoch #9 cost=0.036260
Epoch #10 cost=0.034833
Epoch #11 cost=0.033494
Epoch #12 cost=0.032264
Epoch #13 cost=0.031055
Epoch #14 cost=0.029967
Epoch #15 cost=0.028892
Epoch #16 cost=0.027894
Epoch #17 cost=0.026915
Epoch #18 cost=0.026022
Epoch #19 cost=0.025124
** Start training **
Epoch #0 cost=0.060328
Epoch #1 cost=0.054612
Epoch #2 cost=0.050945
Epoch #3 cost=0.047740
Epoch #4 cost=0.045452
Epoch #5 cost=0.043512
Epoch #6 cost=0.041650
Epoch #7 cost=0.039892
Epoch #8 cost=0.038242
Epoch #9 cost=0.036739
Epoch #10 cost=0.035337
Epoch #11 cost=0.033945
Epoch #12 cost=0.032718
Epoch #13 cost=0.031487
Epoch #14 cost=0.030267
Epoch #15 cost=0.029156
Epoch #16 cost=0.028054
Epoch #17 cost=0.027049
Epoch #18 cost=0.026096
Epoch #19 cost=0.025176
** Start training **
Epoch #0 cost=0.059898
Epoch #1 cost=0.053800
Epoch #2 cost=0.050024
Epoch #3 cost=0.047202
Epoch #4 cost=0.044883
Epoch #5 cost=0.042813
Epoch #6 cost=0.040888
Epoch #7 cost=0.039214
Epoch #8 cost=0.037597
Epoch #9 cost=0.036089
Epoch #10 cost=0.034622
Epoch #11 cost=0.033253
Epoch #12 cost=0.031995
Epoch #13 cost=0.030764
Epoch #14 cost=0.029593
Epoch #15 cost=0.028546
Epoch #16 cost=0.027553
Epoch #17 cost=0.026551
Epoch #18 cost=0.025651
Epoch #19 cost=0.024813
** Start training **
Epoch #0 cost=0.060202
Epoch #1 cost=0.054433
Epoch #2 cost=0.050760
Epoch #3 cost=0.047713
Epoch #4 cost=0.045313
Epoch #5 cost=0.043186
Epoch #6 cost=0.041236
Epoch #7 cost=0.039413
Epoch #8 cost=0.037637
Epoch #9 cost=0.036111
Epoch #10 cost=0.034707
Epoch #11 cost=0.033283
Epoch #12 cost=0.031988
Epoch #13 cost=0.030763
Epoch #14 cost=0.029622
Epoch #15 cost=0.028520
Epoch #16 cost=0.027549
Epoch #17 cost=0.026565
Epoch #18 cost=0.025648
Epoch #19 cost=0.024753
** Start training **
Epoch #0 cost=0.059757
Epoch #1 cost=0.054019
Epoch #2 cost=0.050319
Epoch #3 cost=0.047465
Epoch #4 cost=0.045129
Epoch #5 cost=0.043096
Epoch #6 cost=0.041290
Epoch #7 cost=0.039713
Epoch #8 cost=0.038093
Epoch #9 cost=0.036558
Epoch #10 cost=0.035140
Epoch #11 cost=0.033764
Epoch #12 cost=0.032508
Epoch #13 cost=0.031215
Epoch #14 cost=0.030045
Epoch #15 cost=0.028907
Epoch #16 cost=0.027890
Epoch #17 cost=0.026888
Epoch #18 cost=0.025973
Epoch #19 cost=0.025114
** Start training **
Epoch #0 cost=0.060428
Epoch #1 cost=0.054531
Epoch #2 cost=0.050847
Epoch #3 cost=0.047785
Epoch #4 cost=0.045198
Epoch #5 cost=0.043075
Epoch #6 cost=0.041222
Epoch #7 cost=0.039494
Epoch #8 cost=0.037912
Epoch #9 cost=0.036431
Epoch #10 cost=0.034969
Epoch #11 cost=0.033623
Epoch #12 cost=0.032288
Epoch #13 cost=0.031028
Epoch #14 cost=0.029834
Epoch #15 cost=0.028740
Epoch #16 cost=0.027707
Epoch #17 cost=0.026730
Epoch #18 cost=0.025757
Epoch #19 cost=0.024867
** Start training **
Epoch #0 cost=0.060778
Epoch #1 cost=0.054687
Epoch #2 cost=0.050527
Epoch #3 cost=0.047196
Epoch #4 cost=0.044570
Epoch #5 cost=0.042280
Epoch #6 cost=0.040293
Epoch #7 cost=0.038476
Epoch #8 cost=0.036753
Epoch #9 cost=0.035181
Epoch #10 cost=0.033660
Epoch #11 cost=0.032270
Epoch #12 cost=0.030950
Epoch #13 cost=0.029746
Epoch #14 cost=0.028641
Epoch #15 cost=0.027532
Epoch #16 cost=0.026546
Epoch #17 cost=0.025573
Epoch #18 cost=0.024672
Epoch #19 cost=0.023840
** Start training **
Epoch #0 cost=0.059046
Epoch #1 cost=0.053052
Epoch #2 cost=0.049531
Epoch #3 cost=0.046534
Epoch #4 cost=0.044127
Epoch #5 cost=0.042068
Epoch #6 cost=0.040267
Epoch #7 cost=0.038546
Epoch #8 cost=0.036964
Epoch #9 cost=0.035390
Epoch #10 cost=0.033965
Epoch #11 cost=0.032580
Epoch #12 cost=0.031290
Epoch #13 cost=0.030006
Epoch #14 cost=0.028732
Epoch #15 cost=0.027668
Epoch #16 cost=0.026685
Epoch #17 cost=0.025689
Epoch #18 cost=0.024735
Epoch #19 cost=0.023857
** Start training **
Epoch #0 cost=0.050347
Epoch #1 cost=0.043400
Epoch #2 cost=0.039342
Epoch #3 cost=0.036439
Epoch #4 cost=0.034196
Epoch #5 cost=0.032276
Epoch #6 cost=0.030636
Epoch #7 cost=0.029227
Epoch #8 cost=0.027844
Epoch #9 cost=0.026685
Epoch #10 cost=0.025584
Epoch #11 cost=0.024573
Epoch #12 cost=0.023714
Epoch #13 cost=0.022871
Epoch #14 cost=0.022084
Epoch #15 cost=0.021341
Epoch #16 cost=0.020667
Epoch #17 cost=0.020030
Epoch #18 cost=0.019452
Epoch #19 cost=0.018868
Nodes keep percentage is :  0.6999999999999997
** Start training **
Epoch #0 cost=0.092805
Epoch #1 cost=0.081538
Epoch #2 cost=0.075355
Epoch #3 cost=0.071171
Epoch #4 cost=0.067462
Epoch #5 cost=0.064335
Epoch #6 cost=0.061721
Epoch #7 cost=0.059259
Epoch #8 cost=0.057044
Epoch #9 cost=0.055145
Epoch #10 cost=0.053284
Epoch #11 cost=0.051557
Epoch #12 cost=0.049975
Epoch #13 cost=0.048371
Epoch #14 cost=0.046899
Epoch #15 cost=0.045510
Epoch #16 cost=0.044277
Epoch #17 cost=0.043025
Epoch #18 cost=0.041774
Epoch #19 cost=0.040637
** Start training **
Epoch #0 cost=0.091052
Epoch #1 cost=0.079291
Epoch #2 cost=0.072988
Epoch #3 cost=0.068617
Epoch #4 cost=0.065025
Epoch #5 cost=0.062079
Epoch #6 cost=0.059381
Epoch #7 cost=0.056955
Epoch #8 cost=0.054902
Epoch #9 cost=0.053031
Epoch #10 cost=0.051429
Epoch #11 cost=0.049920
Epoch #12 cost=0.048422
Epoch #13 cost=0.047101
Epoch #14 cost=0.045824
Epoch #15 cost=0.044601
Epoch #16 cost=0.043362
Epoch #17 cost=0.042200
Epoch #18 cost=0.041208
Epoch #19 cost=0.040161
** Start training **
Epoch #0 cost=0.091215
Epoch #1 cost=0.079982
Epoch #2 cost=0.073788
Epoch #3 cost=0.069442
Epoch #4 cost=0.065874
Epoch #5 cost=0.062923
Epoch #6 cost=0.060455
Epoch #7 cost=0.058147
Epoch #8 cost=0.056071
Epoch #9 cost=0.054215
Epoch #10 cost=0.052395
Epoch #11 cost=0.050789
Epoch #12 cost=0.049301
Epoch #13 cost=0.047789
Epoch #14 cost=0.046493
Epoch #15 cost=0.045160
Epoch #16 cost=0.043925
Epoch #17 cost=0.042748
Epoch #18 cost=0.041577
Epoch #19 cost=0.040457
** Start training **
Epoch #0 cost=0.090284
Epoch #1 cost=0.078521
Epoch #2 cost=0.072406
Epoch #3 cost=0.067808
Epoch #4 cost=0.064126
Epoch #5 cost=0.061098
Epoch #6 cost=0.058531
Epoch #7 cost=0.056262
Epoch #8 cost=0.054182
Epoch #9 cost=0.052245
Epoch #10 cost=0.050448
Epoch #11 cost=0.048778
Epoch #12 cost=0.047268
Epoch #13 cost=0.045799
Epoch #14 cost=0.044410
Epoch #15 cost=0.043129
Epoch #16 cost=0.041882
Epoch #17 cost=0.040713
Epoch #18 cost=0.039572
Epoch #19 cost=0.038551
** Start training **
Epoch #0 cost=0.091888
Epoch #1 cost=0.080501
Epoch #2 cost=0.074360
Epoch #3 cost=0.070071
Epoch #4 cost=0.066600
Epoch #5 cost=0.063506
Epoch #6 cost=0.060789
Epoch #7 cost=0.058441
Epoch #8 cost=0.056358
Epoch #9 cost=0.054420
Epoch #10 cost=0.052673
Epoch #11 cost=0.051063
Epoch #12 cost=0.049467
Epoch #13 cost=0.047931
Epoch #14 cost=0.046443
Epoch #15 cost=0.045060
Epoch #16 cost=0.043735
Epoch #17 cost=0.042503
Epoch #18 cost=0.041302
Epoch #19 cost=0.040201
** Start training **
Epoch #0 cost=0.090633
Epoch #1 cost=0.079118
Epoch #2 cost=0.073256
Epoch #3 cost=0.068896
Epoch #4 cost=0.065355
Epoch #5 cost=0.062342
Epoch #6 cost=0.059802
Epoch #7 cost=0.057400
Epoch #8 cost=0.055359
Epoch #9 cost=0.053483
Epoch #10 cost=0.051689
Epoch #11 cost=0.050117
Epoch #12 cost=0.048556
Epoch #13 cost=0.047073
Epoch #14 cost=0.045635
Epoch #15 cost=0.044275
Epoch #16 cost=0.042987
Epoch #17 cost=0.041758
Epoch #18 cost=0.040629
Epoch #19 cost=0.039585
** Start training **
Epoch #0 cost=0.090038
Epoch #1 cost=0.078307
Epoch #2 cost=0.071948
Epoch #3 cost=0.067440
Epoch #4 cost=0.063847
Epoch #5 cost=0.060771
Epoch #6 cost=0.058242
Epoch #7 cost=0.055959
Epoch #8 cost=0.053910
Epoch #9 cost=0.052113
Epoch #10 cost=0.050437
Epoch #11 cost=0.048842
Epoch #12 cost=0.047445
Epoch #13 cost=0.046131
Epoch #14 cost=0.044787
Epoch #15 cost=0.043568
Epoch #16 cost=0.042383
Epoch #17 cost=0.041145
Epoch #18 cost=0.040060
Epoch #19 cost=0.039000
** Start training **
Epoch #0 cost=0.092563
Epoch #1 cost=0.080739
Epoch #2 cost=0.074801
Epoch #3 cost=0.070153
Epoch #4 cost=0.066435
Epoch #5 cost=0.063301
Epoch #6 cost=0.060566
Epoch #7 cost=0.058098
Epoch #8 cost=0.055956
Epoch #9 cost=0.053941
Epoch #10 cost=0.052113
Epoch #11 cost=0.050416
Epoch #12 cost=0.048833
Epoch #13 cost=0.047303
Epoch #14 cost=0.045950
Epoch #15 cost=0.044588
Epoch #16 cost=0.043330
Epoch #17 cost=0.042061
Epoch #18 cost=0.040880
Epoch #19 cost=0.039760
** Start training **
Epoch #0 cost=0.091093
Epoch #1 cost=0.079366
Epoch #2 cost=0.073145
Epoch #3 cost=0.068639
Epoch #4 cost=0.064853
Epoch #5 cost=0.061790
Epoch #6 cost=0.059063
Epoch #7 cost=0.056626
Epoch #8 cost=0.054420
Epoch #9 cost=0.052436
Epoch #10 cost=0.050593
Epoch #11 cost=0.048914
Epoch #12 cost=0.047354
Epoch #13 cost=0.045943
Epoch #14 cost=0.044554
Epoch #15 cost=0.043198
Epoch #16 cost=0.041954
Epoch #17 cost=0.040777
Epoch #18 cost=0.039667
Epoch #19 cost=0.038600
** Start training **
Epoch #0 cost=0.061353
Epoch #1 cost=0.050150
Epoch #2 cost=0.044313
Epoch #3 cost=0.040343
Epoch #4 cost=0.037262
Epoch #5 cost=0.034646
Epoch #6 cost=0.032601
Epoch #7 cost=0.030776
Epoch #8 cost=0.029168
Epoch #9 cost=0.027777
Epoch #10 cost=0.026531
Epoch #11 cost=0.025429
Epoch #12 cost=0.024390
Epoch #13 cost=0.023410
Epoch #14 cost=0.022544
Epoch #15 cost=0.021734
Epoch #16 cost=0.021012
Epoch #17 cost=0.020314
Epoch #18 cost=0.019704
Epoch #19 cost=0.019118
Nodes keep percentage is :  0.6499999999999997
** Start training **
Epoch #0 cost=0.108855
Epoch #1 cost=0.098845
Epoch #2 cost=0.092821
Epoch #3 cost=0.088796
Epoch #4 cost=0.085365
Epoch #5 cost=0.082506
Epoch #6 cost=0.079984
Epoch #7 cost=0.077712
Epoch #8 cost=0.075473
Epoch #9 cost=0.073412
Epoch #10 cost=0.071410
Epoch #11 cost=0.069558
Epoch #12 cost=0.067714
Epoch #13 cost=0.066075
Epoch #14 cost=0.064450
Epoch #15 cost=0.062901
Epoch #16 cost=0.061303
Epoch #17 cost=0.059806
Epoch #18 cost=0.058404
Epoch #19 cost=0.057039
** Start training **
Epoch #0 cost=0.110328
Epoch #1 cost=0.098435
Epoch #2 cost=0.092045
Epoch #3 cost=0.087669
Epoch #4 cost=0.084048
Epoch #5 cost=0.081148
Epoch #6 cost=0.078678
Epoch #7 cost=0.076443
Epoch #8 cost=0.074358
Epoch #9 cost=0.072369
Epoch #10 cost=0.070488
Epoch #11 cost=0.068765
Epoch #12 cost=0.067069
Epoch #13 cost=0.065461
Epoch #14 cost=0.063850
Epoch #15 cost=0.062354
Epoch #16 cost=0.060948
Epoch #17 cost=0.059587
Epoch #18 cost=0.058325
Epoch #19 cost=0.057043
** Start training **
Epoch #0 cost=0.110011
Epoch #1 cost=0.098547
Epoch #2 cost=0.092204
Epoch #3 cost=0.087795
Epoch #4 cost=0.084427
Epoch #5 cost=0.081448
Epoch #6 cost=0.078809
Epoch #7 cost=0.076432
Epoch #8 cost=0.074304
Epoch #9 cost=0.072358
Epoch #10 cost=0.070512
Epoch #11 cost=0.068821
Epoch #12 cost=0.067045
Epoch #13 cost=0.065383
Epoch #14 cost=0.063788
Epoch #15 cost=0.062269
Epoch #16 cost=0.060781
Epoch #17 cost=0.059342
Epoch #18 cost=0.058008
Epoch #19 cost=0.056760
** Start training **
Epoch #0 cost=0.110258
Epoch #1 cost=0.098711
Epoch #2 cost=0.092275
Epoch #3 cost=0.087927
Epoch #4 cost=0.084393
Epoch #5 cost=0.081333
Epoch #6 cost=0.078593
Epoch #7 cost=0.076090
Epoch #8 cost=0.073700
Epoch #9 cost=0.071577
Epoch #10 cost=0.069601
Epoch #11 cost=0.067794
Epoch #12 cost=0.066040
Epoch #13 cost=0.064349
Epoch #14 cost=0.062841
Epoch #15 cost=0.061350
Epoch #16 cost=0.059855
Epoch #17 cost=0.058477
Epoch #18 cost=0.057188
Epoch #19 cost=0.055863
** Start training **
Epoch #0 cost=0.111008
Epoch #1 cost=0.099703
Epoch #2 cost=0.093603
Epoch #3 cost=0.089457
Epoch #4 cost=0.086142
Epoch #5 cost=0.083134
Epoch #6 cost=0.080473
Epoch #7 cost=0.077921
Epoch #8 cost=0.075641
Epoch #9 cost=0.073398
Epoch #10 cost=0.071482
Epoch #11 cost=0.069645
Epoch #12 cost=0.067903
Epoch #13 cost=0.066189
Epoch #14 cost=0.064545
Epoch #15 cost=0.062972
Epoch #16 cost=0.061427
Epoch #17 cost=0.059938
Epoch #18 cost=0.058546
Epoch #19 cost=0.057095
** Start training **
Epoch #0 cost=0.109825
Epoch #1 cost=0.097964
Epoch #2 cost=0.091829
Epoch #3 cost=0.087556
Epoch #4 cost=0.083893
Epoch #5 cost=0.080680
Epoch #6 cost=0.078055
Epoch #7 cost=0.075660
Epoch #8 cost=0.073421
Epoch #9 cost=0.071363
Epoch #10 cost=0.069393
Epoch #11 cost=0.067510
Epoch #12 cost=0.065767
Epoch #13 cost=0.064091
Epoch #14 cost=0.062518
Epoch #15 cost=0.061119
Epoch #16 cost=0.059744
Epoch #17 cost=0.058378
Epoch #18 cost=0.056963
Epoch #19 cost=0.055619
** Start training **
Epoch #0 cost=0.110299
Epoch #1 cost=0.098442
Epoch #2 cost=0.091861
Epoch #3 cost=0.087313
Epoch #4 cost=0.083741
Epoch #5 cost=0.080539
Epoch #6 cost=0.077798
Epoch #7 cost=0.075396
Epoch #8 cost=0.073087
Epoch #9 cost=0.071033
Epoch #10 cost=0.068963
Epoch #11 cost=0.067155
Epoch #12 cost=0.065387
Epoch #13 cost=0.063810
Epoch #14 cost=0.062292
Epoch #15 cost=0.060786
Epoch #16 cost=0.059308
Epoch #17 cost=0.057867
Epoch #18 cost=0.056509
Epoch #19 cost=0.055259
** Start training **
Epoch #0 cost=0.112391
Epoch #1 cost=0.100868
Epoch #2 cost=0.094338
Epoch #3 cost=0.089933
Epoch #4 cost=0.086487
Epoch #5 cost=0.083336
Epoch #6 cost=0.080521
Epoch #7 cost=0.078010
Epoch #8 cost=0.075627
Epoch #9 cost=0.073574
Epoch #10 cost=0.071566
Epoch #11 cost=0.069678
Epoch #12 cost=0.067816
Epoch #13 cost=0.066019
Epoch #14 cost=0.064415
Epoch #15 cost=0.062880
Epoch #16 cost=0.061391
Epoch #17 cost=0.059943
Epoch #18 cost=0.058517
Epoch #19 cost=0.057144
** Start training **
Epoch #0 cost=0.109144
Epoch #1 cost=0.097869
Epoch #2 cost=0.091558
Epoch #3 cost=0.087155
Epoch #4 cost=0.083800
Epoch #5 cost=0.080922
Epoch #6 cost=0.078269
Epoch #7 cost=0.075709
Epoch #8 cost=0.073419
Epoch #9 cost=0.071279
Epoch #10 cost=0.069296
Epoch #11 cost=0.067385
Epoch #12 cost=0.065608
Epoch #13 cost=0.063934
Epoch #14 cost=0.062328
Epoch #15 cost=0.060785
Epoch #16 cost=0.059322
Epoch #17 cost=0.057935
Epoch #18 cost=0.056571
Epoch #19 cost=0.055254
** Start training **
Epoch #0 cost=0.096233
Epoch #1 cost=0.081411
Epoch #2 cost=0.072273
Epoch #3 cost=0.065744
Epoch #4 cost=0.060608
Epoch #5 cost=0.056393
Epoch #6 cost=0.052922
Epoch #7 cost=0.049982
Epoch #8 cost=0.047349
Epoch #9 cost=0.045058
Epoch #10 cost=0.042987
Epoch #11 cost=0.041098
Epoch #12 cost=0.039322
Epoch #13 cost=0.037744
Epoch #14 cost=0.036267
Epoch #15 cost=0.034887
Epoch #16 cost=0.033588
Epoch #17 cost=0.032405
Epoch #18 cost=0.031253
Epoch #19 cost=0.030209
Nodes keep percentage is :  0.5999999999999996
** Start training **
Epoch #0 cost=0.129900
Epoch #1 cost=0.114587
Epoch #2 cost=0.106563
Epoch #3 cost=0.101253
Epoch #4 cost=0.096911
Epoch #5 cost=0.093215
Epoch #6 cost=0.090029
Epoch #7 cost=0.087130
Epoch #8 cost=0.084494
Epoch #9 cost=0.081902
Epoch #10 cost=0.079594
Epoch #11 cost=0.077291
Epoch #12 cost=0.075178
Epoch #13 cost=0.073132
Epoch #14 cost=0.071122
Epoch #15 cost=0.069307
Epoch #16 cost=0.067427
Epoch #17 cost=0.065646
Epoch #18 cost=0.063932
Epoch #19 cost=0.062237
** Start training **
Epoch #0 cost=0.129630
Epoch #1 cost=0.114978
Epoch #2 cost=0.107193
Epoch #3 cost=0.102271
Epoch #4 cost=0.098009
Epoch #5 cost=0.094464
Epoch #6 cost=0.091434
Epoch #7 cost=0.088756
Epoch #8 cost=0.086231
Epoch #9 cost=0.083934
Epoch #10 cost=0.081707
Epoch #11 cost=0.079491
Epoch #12 cost=0.077514
Epoch #13 cost=0.075611
Epoch #14 cost=0.073796
Epoch #15 cost=0.072050
Epoch #16 cost=0.070298
Epoch #17 cost=0.068576
Epoch #18 cost=0.066890
Epoch #19 cost=0.065120
** Start training **
Epoch #0 cost=0.129510
Epoch #1 cost=0.114592
Epoch #2 cost=0.107531
Epoch #3 cost=0.102684
Epoch #4 cost=0.098480
Epoch #5 cost=0.095031
Epoch #6 cost=0.091945
Epoch #7 cost=0.089035
Epoch #8 cost=0.086399
Epoch #9 cost=0.084026
Epoch #10 cost=0.081830
Epoch #11 cost=0.079649
Epoch #12 cost=0.077668
Epoch #13 cost=0.075719
Epoch #14 cost=0.073808
Epoch #15 cost=0.072014
Epoch #16 cost=0.070167
Epoch #17 cost=0.068357
Epoch #18 cost=0.066493
Epoch #19 cost=0.064794
** Start training **
Epoch #0 cost=0.128877
Epoch #1 cost=0.114098
Epoch #2 cost=0.106688
Epoch #3 cost=0.101466
Epoch #4 cost=0.097190
Epoch #5 cost=0.093670
Epoch #6 cost=0.090481
Epoch #7 cost=0.087813
Epoch #8 cost=0.085410
Epoch #9 cost=0.083077
Epoch #10 cost=0.080889
Epoch #11 cost=0.078717
Epoch #12 cost=0.076601
Epoch #13 cost=0.074477
Epoch #14 cost=0.072548
Epoch #15 cost=0.070607
Epoch #16 cost=0.068713
Epoch #17 cost=0.066891
Epoch #18 cost=0.065098
Epoch #19 cost=0.063316
** Start training **
Epoch #0 cost=0.129900
Epoch #1 cost=0.115535
Epoch #2 cost=0.108170
Epoch #3 cost=0.103123
Epoch #4 cost=0.099146
Epoch #5 cost=0.095823
Epoch #6 cost=0.093146
Epoch #7 cost=0.090538
Epoch #8 cost=0.088129
Epoch #9 cost=0.085882
Epoch #10 cost=0.083704
Epoch #11 cost=0.081521
Epoch #12 cost=0.079450
Epoch #13 cost=0.077403
Epoch #14 cost=0.075349
Epoch #15 cost=0.073420
Epoch #16 cost=0.071442
Epoch #17 cost=0.069598
Epoch #18 cost=0.067712
Epoch #19 cost=0.065819
** Start training **
Epoch #0 cost=0.128698
Epoch #1 cost=0.113910
Epoch #2 cost=0.106483
Epoch #3 cost=0.101131
Epoch #4 cost=0.096923
Epoch #5 cost=0.093408
Epoch #6 cost=0.090276
Epoch #7 cost=0.087497
Epoch #8 cost=0.084933
Epoch #9 cost=0.082629
Epoch #10 cost=0.080387
Epoch #11 cost=0.078333
Epoch #12 cost=0.076351
Epoch #13 cost=0.074363
Epoch #14 cost=0.072465
Epoch #15 cost=0.070613
Epoch #16 cost=0.068742
Epoch #17 cost=0.067008
Epoch #18 cost=0.065318
Epoch #19 cost=0.063653
** Start training **
Epoch #0 cost=0.129227
Epoch #1 cost=0.114352
Epoch #2 cost=0.106687
Epoch #3 cost=0.101423
Epoch #4 cost=0.097182
Epoch #5 cost=0.093700
Epoch #6 cost=0.090530
Epoch #7 cost=0.087671
Epoch #8 cost=0.085157
Epoch #9 cost=0.082782
Epoch #10 cost=0.080683
Epoch #11 cost=0.078542
Epoch #12 cost=0.076564
Epoch #13 cost=0.074613
Epoch #14 cost=0.072664
Epoch #15 cost=0.070847
Epoch #16 cost=0.069075
Epoch #17 cost=0.067258
Epoch #18 cost=0.065517
Epoch #19 cost=0.063800
** Start training **
Epoch #0 cost=0.130001
Epoch #1 cost=0.115402
Epoch #2 cost=0.108226
Epoch #3 cost=0.102912
Epoch #4 cost=0.098415
Epoch #5 cost=0.094586
Epoch #6 cost=0.091201
Epoch #7 cost=0.088190
Epoch #8 cost=0.085465
Epoch #9 cost=0.082896
Epoch #10 cost=0.080440
Epoch #11 cost=0.078237
Epoch #12 cost=0.076050
Epoch #13 cost=0.073969
Epoch #14 cost=0.071848
Epoch #15 cost=0.069854
Epoch #16 cost=0.067817
Epoch #17 cost=0.065926
Epoch #18 cost=0.064042
Epoch #19 cost=0.062213
** Start training **
Epoch #0 cost=0.128130
Epoch #1 cost=0.113303
Epoch #2 cost=0.106063
Epoch #3 cost=0.101071
Epoch #4 cost=0.096875
Epoch #5 cost=0.093322
Epoch #6 cost=0.089971
Epoch #7 cost=0.087095
Epoch #8 cost=0.084427
Epoch #9 cost=0.081946
Epoch #10 cost=0.079624
Epoch #11 cost=0.077316
Epoch #12 cost=0.075111
Epoch #13 cost=0.073089
Epoch #14 cost=0.071049
Epoch #15 cost=0.069124
Epoch #16 cost=0.067250
Epoch #17 cost=0.065542
Epoch #18 cost=0.063862
Epoch #19 cost=0.062147
** Start training **
Epoch #0 cost=0.124283
Epoch #1 cost=0.100584
Epoch #2 cost=0.087467
Epoch #3 cost=0.078424
Epoch #4 cost=0.071408
Epoch #5 cost=0.065659
Epoch #6 cost=0.061021
Epoch #7 cost=0.057119
Epoch #8 cost=0.053889
Epoch #9 cost=0.051012
Epoch #10 cost=0.048474
Epoch #11 cost=0.046353
Epoch #12 cost=0.044238
Epoch #13 cost=0.042468
Epoch #14 cost=0.040741
Epoch #15 cost=0.039253
Epoch #16 cost=0.037901
Epoch #17 cost=0.036571
Epoch #18 cost=0.035298
Epoch #19 cost=0.034079
Nodes keep percentage is :  0.5499999999999996
** Start training **
Epoch #0 cost=0.185317
Epoch #1 cost=0.158310
Epoch #2 cost=0.145403
Epoch #3 cost=0.135834
Epoch #4 cost=0.128590
Epoch #5 cost=0.122626
Epoch #6 cost=0.117883
Epoch #7 cost=0.113144
Epoch #8 cost=0.108837
Epoch #9 cost=0.105225
Epoch #10 cost=0.102122
Epoch #11 cost=0.099299
Epoch #12 cost=0.096658
Epoch #13 cost=0.094097
Epoch #14 cost=0.091663
Epoch #15 cost=0.089224
Epoch #16 cost=0.087024
Epoch #17 cost=0.084647
Epoch #18 cost=0.082518
Epoch #19 cost=0.080412
** Start training **
Epoch #0 cost=0.196485
Epoch #1 cost=0.169573
Epoch #2 cost=0.154034
Epoch #3 cost=0.143438
Epoch #4 cost=0.135054
Epoch #5 cost=0.128361
Epoch #6 cost=0.122741
Epoch #7 cost=0.118140
Epoch #8 cost=0.113560
Epoch #9 cost=0.109396
Epoch #10 cost=0.105703
Epoch #11 cost=0.102410
Epoch #12 cost=0.099215
Epoch #13 cost=0.096066
Epoch #14 cost=0.093395
Epoch #15 cost=0.090834
Epoch #16 cost=0.088521
Epoch #17 cost=0.086276
Epoch #18 cost=0.084231
Epoch #19 cost=0.082142
** Start training **
Epoch #0 cost=0.196110
Epoch #1 cost=0.169389
Epoch #2 cost=0.154504
Epoch #3 cost=0.144035
Epoch #4 cost=0.136580
Epoch #5 cost=0.130774
Epoch #6 cost=0.125237
Epoch #7 cost=0.120187
Epoch #8 cost=0.115846
Epoch #9 cost=0.112096
Epoch #10 cost=0.108657
Epoch #11 cost=0.105315
Epoch #12 cost=0.102427
Epoch #13 cost=0.099872
Epoch #14 cost=0.097276
Epoch #15 cost=0.094511
Epoch #16 cost=0.092163
Epoch #17 cost=0.089897
Epoch #18 cost=0.087800
Epoch #19 cost=0.085705
** Start training **
Epoch #0 cost=0.196284
Epoch #1 cost=0.169608
Epoch #2 cost=0.154649
Epoch #3 cost=0.144515
Epoch #4 cost=0.136771
Epoch #5 cost=0.130632
Epoch #6 cost=0.124875
Epoch #7 cost=0.119927
Epoch #8 cost=0.115671
Epoch #9 cost=0.111720
Epoch #10 cost=0.108159
Epoch #11 cost=0.104605
Epoch #12 cost=0.101089
Epoch #13 cost=0.098083
Epoch #14 cost=0.095552
Epoch #15 cost=0.093027
Epoch #16 cost=0.090600
Epoch #17 cost=0.088096
Epoch #18 cost=0.085754
Epoch #19 cost=0.083572
** Start training **
Epoch #0 cost=0.197401
Epoch #1 cost=0.171023
Epoch #2 cost=0.156220
Epoch #3 cost=0.146245
Epoch #4 cost=0.138505
Epoch #5 cost=0.131962
Epoch #6 cost=0.126595
Epoch #7 cost=0.121285
Epoch #8 cost=0.116505
Epoch #9 cost=0.112567
Epoch #10 cost=0.109350
Epoch #11 cost=0.106364
Epoch #12 cost=0.103325
Epoch #13 cost=0.100412
Epoch #14 cost=0.097756
Epoch #15 cost=0.095195
Epoch #16 cost=0.092667
Epoch #17 cost=0.090382
Epoch #18 cost=0.088208
Epoch #19 cost=0.086146
** Start training **
Epoch #0 cost=0.196148
Epoch #1 cost=0.169504
Epoch #2 cost=0.154293
Epoch #3 cost=0.144124
Epoch #4 cost=0.136447
Epoch #5 cost=0.129683
Epoch #6 cost=0.123769
Epoch #7 cost=0.118349
Epoch #8 cost=0.113179
Epoch #9 cost=0.109090
Epoch #10 cost=0.105342
Epoch #11 cost=0.102342
Epoch #12 cost=0.099402
Epoch #13 cost=0.096579
Epoch #14 cost=0.093952
Epoch #15 cost=0.091390
Epoch #16 cost=0.089069
Epoch #17 cost=0.086793
Epoch #18 cost=0.084622
Epoch #19 cost=0.082525
** Start training **
Epoch #0 cost=0.197200
Epoch #1 cost=0.169978
Epoch #2 cost=0.154370
Epoch #3 cost=0.144103
Epoch #4 cost=0.136343
Epoch #5 cost=0.130009
Epoch #6 cost=0.124151
Epoch #7 cost=0.119185
Epoch #8 cost=0.114576
Epoch #9 cost=0.110641
Epoch #10 cost=0.106819
Epoch #11 cost=0.103703
Epoch #12 cost=0.100883
Epoch #13 cost=0.097960
Epoch #14 cost=0.095126
Epoch #15 cost=0.092554
Epoch #16 cost=0.090060
Epoch #17 cost=0.087791
Epoch #18 cost=0.085664
Epoch #19 cost=0.083568
** Start training **
Epoch #0 cost=0.198673
Epoch #1 cost=0.172125
Epoch #2 cost=0.156432
Epoch #3 cost=0.145967
Epoch #4 cost=0.137885
Epoch #5 cost=0.131281
Epoch #6 cost=0.125750
Epoch #7 cost=0.120792
Epoch #8 cost=0.116481
Epoch #9 cost=0.112625
Epoch #10 cost=0.109059
Epoch #11 cost=0.105748
Epoch #12 cost=0.102587
Epoch #13 cost=0.100031
Epoch #14 cost=0.097461
Epoch #15 cost=0.094876
Epoch #16 cost=0.092473
Epoch #17 cost=0.090017
Epoch #18 cost=0.087696
Epoch #19 cost=0.085240
** Start training **
Epoch #0 cost=0.195356
Epoch #1 cost=0.168991
Epoch #2 cost=0.154321
Epoch #3 cost=0.144073
Epoch #4 cost=0.136471
Epoch #5 cost=0.130307
Epoch #6 cost=0.123681
Epoch #7 cost=0.118424
Epoch #8 cost=0.113948
Epoch #9 cost=0.109928
Epoch #10 cost=0.106305
Epoch #11 cost=0.102852
Epoch #12 cost=0.100072
Epoch #13 cost=0.097280
Epoch #14 cost=0.094582
Epoch #15 cost=0.091928
Epoch #16 cost=0.089349
Epoch #17 cost=0.086925
Epoch #18 cost=0.084747
Epoch #19 cost=0.082677
** Start training **
Epoch #0 cost=0.199500
Epoch #1 cost=0.158032
Epoch #2 cost=0.135155
Epoch #3 cost=0.119618
Epoch #4 cost=0.107748
Epoch #5 cost=0.099084
Epoch #6 cost=0.091926
Epoch #7 cost=0.085536
Epoch #8 cost=0.080285
Epoch #9 cost=0.075731
Epoch #10 cost=0.071800
Epoch #11 cost=0.068089
Epoch #12 cost=0.064498
Epoch #13 cost=0.060984
Epoch #14 cost=0.058150
Epoch #15 cost=0.055649
Epoch #16 cost=0.053588
Epoch #17 cost=0.051545
Epoch #18 cost=0.049546
Epoch #19 cost=0.047678
Nodes keep percentage is :  0.49999999999999956
** Start training **
Epoch #0 cost=0.214287
Epoch #1 cost=0.185329
Epoch #2 cost=0.171742
Epoch #3 cost=0.160984
Epoch #4 cost=0.153205
Epoch #5 cost=0.147009
Epoch #6 cost=0.141895
Epoch #7 cost=0.137494
Epoch #8 cost=0.133707
Epoch #9 cost=0.130212
Epoch #10 cost=0.126989
Epoch #11 cost=0.123886
Epoch #12 cost=0.121022
Epoch #13 cost=0.118315
Epoch #14 cost=0.115873
Epoch #15 cost=0.113532
Epoch #16 cost=0.111285
Epoch #17 cost=0.108868
Epoch #18 cost=0.106568
Epoch #19 cost=0.104386
** Start training **
Epoch #0 cost=0.213380
Epoch #1 cost=0.186843
Epoch #2 cost=0.170806
Epoch #3 cost=0.161524
Epoch #4 cost=0.154194
Epoch #5 cost=0.148035
Epoch #6 cost=0.142576
Epoch #7 cost=0.137920
Epoch #8 cost=0.133759
Epoch #9 cost=0.129975
Epoch #10 cost=0.126611
Epoch #11 cost=0.123428
Epoch #12 cost=0.120717
Epoch #13 cost=0.118023
Epoch #14 cost=0.115286
Epoch #15 cost=0.112691
Epoch #16 cost=0.110260
Epoch #17 cost=0.107881
Epoch #18 cost=0.105608
Epoch #19 cost=0.103344
** Start training **
Epoch #0 cost=0.213147
Epoch #1 cost=0.186159
Epoch #2 cost=0.171243
Epoch #3 cost=0.161972
Epoch #4 cost=0.154781
Epoch #5 cost=0.148585
Epoch #6 cost=0.143342
Epoch #7 cost=0.138699
Epoch #8 cost=0.134763
Epoch #9 cost=0.131159
Epoch #10 cost=0.127954
Epoch #11 cost=0.124909
Epoch #12 cost=0.122044
Epoch #13 cost=0.119240
Epoch #14 cost=0.116483
Epoch #15 cost=0.113967
Epoch #16 cost=0.111522
Epoch #17 cost=0.109109
Epoch #18 cost=0.106917
Epoch #19 cost=0.104685
** Start training **
Epoch #0 cost=0.212524
Epoch #1 cost=0.186044
Epoch #2 cost=0.170657
Epoch #3 cost=0.161627
Epoch #4 cost=0.154473
Epoch #5 cost=0.148253
Epoch #6 cost=0.143129
Epoch #7 cost=0.138450
Epoch #8 cost=0.134169
Epoch #9 cost=0.130472
Epoch #10 cost=0.127154
Epoch #11 cost=0.124064
Epoch #12 cost=0.121144
Epoch #13 cost=0.118405
Epoch #14 cost=0.115662
Epoch #15 cost=0.113064
Epoch #16 cost=0.110543
Epoch #17 cost=0.108040
Epoch #18 cost=0.105644
Epoch #19 cost=0.103363
** Start training **
Epoch #0 cost=0.213874
Epoch #1 cost=0.187647
Epoch #2 cost=0.172305
Epoch #3 cost=0.163380
Epoch #4 cost=0.156323
Epoch #5 cost=0.150137
Epoch #6 cost=0.144677
Epoch #7 cost=0.139996
Epoch #8 cost=0.135961
Epoch #9 cost=0.132279
Epoch #10 cost=0.129063
Epoch #11 cost=0.126045
Epoch #12 cost=0.123152
Epoch #13 cost=0.120369
Epoch #14 cost=0.117647
Epoch #15 cost=0.114964
Epoch #16 cost=0.112454
Epoch #17 cost=0.109929
Epoch #18 cost=0.107518
Epoch #19 cost=0.105154
** Start training **
Epoch #0 cost=0.212456
Epoch #1 cost=0.186100
Epoch #2 cost=0.170556
Epoch #3 cost=0.161525
Epoch #4 cost=0.154225
Epoch #5 cost=0.148008
Epoch #6 cost=0.142854
Epoch #7 cost=0.138278
Epoch #8 cost=0.134162
Epoch #9 cost=0.130447
Epoch #10 cost=0.127029
Epoch #11 cost=0.123947
Epoch #12 cost=0.121024
Epoch #13 cost=0.118139
Epoch #14 cost=0.115384
Epoch #15 cost=0.112795
Epoch #16 cost=0.110335
Epoch #17 cost=0.107919
Epoch #18 cost=0.105475
Epoch #19 cost=0.103196
** Start training **
Epoch #0 cost=0.213348
Epoch #1 cost=0.186401
Epoch #2 cost=0.171034
Epoch #3 cost=0.161599
Epoch #4 cost=0.154225
Epoch #5 cost=0.147699
Epoch #6 cost=0.142052
Epoch #7 cost=0.137267
Epoch #8 cost=0.133103
Epoch #9 cost=0.129146
Epoch #10 cost=0.125712
Epoch #11 cost=0.122646
Epoch #12 cost=0.119637
Epoch #13 cost=0.116809
Epoch #14 cost=0.114077
Epoch #15 cost=0.111464
Epoch #16 cost=0.108924
Epoch #17 cost=0.106606
Epoch #18 cost=0.104217
Epoch #19 cost=0.102005
** Start training **
Epoch #0 cost=0.215028
Epoch #1 cost=0.188685
Epoch #2 cost=0.172870
Epoch #3 cost=0.163293
Epoch #4 cost=0.155826
Epoch #5 cost=0.149410
Epoch #6 cost=0.143901
Epoch #7 cost=0.139253
Epoch #8 cost=0.135109
Epoch #9 cost=0.131222
Epoch #10 cost=0.127732
Epoch #11 cost=0.124624
Epoch #12 cost=0.121697
Epoch #13 cost=0.118948
Epoch #14 cost=0.116101
Epoch #15 cost=0.113508
Epoch #16 cost=0.110985
Epoch #17 cost=0.108718
Epoch #18 cost=0.106451
Epoch #19 cost=0.104256
** Start training **
Epoch #0 cost=0.211773
Epoch #1 cost=0.185321
Epoch #2 cost=0.169987
Epoch #3 cost=0.160785
Epoch #4 cost=0.153388
Epoch #5 cost=0.147137
Epoch #6 cost=0.141902
Epoch #7 cost=0.137405
Epoch #8 cost=0.133328
Epoch #9 cost=0.129459
Epoch #10 cost=0.125945
Epoch #11 cost=0.122751
Epoch #12 cost=0.119824
Epoch #13 cost=0.117008
Epoch #14 cost=0.114350
Epoch #15 cost=0.111665
Epoch #16 cost=0.109133
Epoch #17 cost=0.106830
Epoch #18 cost=0.104476
Epoch #19 cost=0.102201
** Start training **
Epoch #0 cost=0.235825
Epoch #1 cost=0.179450
Epoch #2 cost=0.149556
Epoch #3 cost=0.131716
Epoch #4 cost=0.118667
Epoch #5 cost=0.108491
Epoch #6 cost=0.100172
Epoch #7 cost=0.093303
Epoch #8 cost=0.087763
Epoch #9 cost=0.083055
Epoch #10 cost=0.079133
Epoch #11 cost=0.075470
Epoch #12 cost=0.071940
Epoch #13 cost=0.068862
Epoch #14 cost=0.066041
Epoch #15 cost=0.063482
Epoch #16 cost=0.061170
Epoch #17 cost=0.059029
Epoch #18 cost=0.056824
Epoch #19 cost=0.054786
Nodes keep percentage is :  0.4499999999999995
** Start training **
Epoch #0 cost=0.287381
Epoch #1 cost=0.232955
Epoch #2 cost=0.209957
Epoch #3 cost=0.195034
Epoch #4 cost=0.184655
Epoch #5 cost=0.176485
Epoch #6 cost=0.169557
Epoch #7 cost=0.163225
Epoch #8 cost=0.157792
Epoch #9 cost=0.153250
Epoch #10 cost=0.149218
Epoch #11 cost=0.145561
Epoch #12 cost=0.142171
Epoch #13 cost=0.138917
Epoch #14 cost=0.135996
Epoch #15 cost=0.133311
Epoch #16 cost=0.130799
Epoch #17 cost=0.128462
Epoch #18 cost=0.126147
Epoch #19 cost=0.124123
** Start training **
Epoch #0 cost=0.314084
Epoch #1 cost=0.244566
Epoch #2 cost=0.218075
Epoch #3 cost=0.202715
Epoch #4 cost=0.191152
Epoch #5 cost=0.182402
Epoch #6 cost=0.175268
Epoch #7 cost=0.169180
Epoch #8 cost=0.163792
Epoch #9 cost=0.158786
Epoch #10 cost=0.154275
Epoch #11 cost=0.149829
Epoch #12 cost=0.145891
Epoch #13 cost=0.142215
Epoch #14 cost=0.138663
Epoch #15 cost=0.135519
Epoch #16 cost=0.132694
Epoch #17 cost=0.130032
Epoch #18 cost=0.127463
Epoch #19 cost=0.125147
** Start training **
Epoch #0 cost=0.311643
Epoch #1 cost=0.243267
Epoch #2 cost=0.217019
Epoch #3 cost=0.201636
Epoch #4 cost=0.190304
Epoch #5 cost=0.181840
Epoch #6 cost=0.174816
Epoch #7 cost=0.168806
Epoch #8 cost=0.163628
Epoch #9 cost=0.158819
Epoch #10 cost=0.154300
Epoch #11 cost=0.150194
Epoch #12 cost=0.146418
Epoch #13 cost=0.142767
Epoch #14 cost=0.139586
Epoch #15 cost=0.136681
Epoch #16 cost=0.133862
Epoch #17 cost=0.131407
Epoch #18 cost=0.128999
Epoch #19 cost=0.126775
** Start training **
Epoch #0 cost=0.311005
Epoch #1 cost=0.242341
Epoch #2 cost=0.215953
Epoch #3 cost=0.200505
Epoch #4 cost=0.189236
Epoch #5 cost=0.180663
Epoch #6 cost=0.173740
Epoch #7 cost=0.167884
Epoch #8 cost=0.162640
Epoch #9 cost=0.157793
Epoch #10 cost=0.153371
Epoch #11 cost=0.149430
Epoch #12 cost=0.145785
Epoch #13 cost=0.142310
Epoch #14 cost=0.139060
Epoch #15 cost=0.136082
Epoch #16 cost=0.133136
Epoch #17 cost=0.130588
Epoch #18 cost=0.127968
Epoch #19 cost=0.125534
** Start training **
Epoch #0 cost=0.312459
Epoch #1 cost=0.244104
Epoch #2 cost=0.217480
Epoch #3 cost=0.201897
Epoch #4 cost=0.190459
Epoch #5 cost=0.181966
Epoch #6 cost=0.175015
Epoch #7 cost=0.168946
Epoch #8 cost=0.163552
Epoch #9 cost=0.158703
Epoch #10 cost=0.154280
Epoch #11 cost=0.150247
Epoch #12 cost=0.146602
Epoch #13 cost=0.143247
Epoch #14 cost=0.140062
Epoch #15 cost=0.137108
Epoch #16 cost=0.134455
Epoch #17 cost=0.131868
Epoch #18 cost=0.129481
Epoch #19 cost=0.127145
** Start training **
Epoch #0 cost=0.311951
Epoch #1 cost=0.243408
Epoch #2 cost=0.216573
Epoch #3 cost=0.201425
Epoch #4 cost=0.190001
Epoch #5 cost=0.181403
Epoch #6 cost=0.174499
Epoch #7 cost=0.168547
Epoch #8 cost=0.163217
Epoch #9 cost=0.158278
Epoch #10 cost=0.153705
Epoch #11 cost=0.149587
Epoch #12 cost=0.145917
Epoch #13 cost=0.142330
Epoch #14 cost=0.139118
Epoch #15 cost=0.136170
Epoch #16 cost=0.133420
Epoch #17 cost=0.130848
Epoch #18 cost=0.128424
Epoch #19 cost=0.126243
** Start training **
Epoch #0 cost=0.312898
Epoch #1 cost=0.243717
Epoch #2 cost=0.216707
Epoch #3 cost=0.201048
Epoch #4 cost=0.189323
Epoch #5 cost=0.180312
Epoch #6 cost=0.173129
Epoch #7 cost=0.167112
Epoch #8 cost=0.161508
Epoch #9 cost=0.156598
Epoch #10 cost=0.152151
Epoch #11 cost=0.147872
Epoch #12 cost=0.144104
Epoch #13 cost=0.140939
Epoch #14 cost=0.137874
Epoch #15 cost=0.135116
Epoch #16 cost=0.132496
Epoch #17 cost=0.129997
Epoch #18 cost=0.127732
Epoch #19 cost=0.125549
** Start training **
Epoch #0 cost=0.313455
Epoch #1 cost=0.245517
Epoch #2 cost=0.218913
Epoch #3 cost=0.203359
Epoch #4 cost=0.191636
Epoch #5 cost=0.182473
Epoch #6 cost=0.175034
Epoch #7 cost=0.168849
Epoch #8 cost=0.163279
Epoch #9 cost=0.158268
Epoch #10 cost=0.153525
Epoch #11 cost=0.149382
Epoch #12 cost=0.145741
Epoch #13 cost=0.142319
Epoch #14 cost=0.139114
Epoch #15 cost=0.136077
Epoch #16 cost=0.133254
Epoch #17 cost=0.130573
Epoch #18 cost=0.128078
Epoch #19 cost=0.125713
** Start training **
Epoch #0 cost=0.311914
Epoch #1 cost=0.243985
Epoch #2 cost=0.217259
Epoch #3 cost=0.201887
Epoch #4 cost=0.190719
Epoch #5 cost=0.182105
Epoch #6 cost=0.175096
Epoch #7 cost=0.169038
Epoch #8 cost=0.163624
Epoch #9 cost=0.158761
Epoch #10 cost=0.154061
Epoch #11 cost=0.149744
Epoch #12 cost=0.145829
Epoch #13 cost=0.142361
Epoch #14 cost=0.139020
Epoch #15 cost=0.135930
Epoch #16 cost=0.133033
Epoch #17 cost=0.130305
Epoch #18 cost=0.127714
Epoch #19 cost=0.125332
** Start training **
Epoch #0 cost=0.347954
Epoch #1 cost=0.250029
Epoch #2 cost=0.203654
Epoch #3 cost=0.173477
Epoch #4 cost=0.151629
Epoch #5 cost=0.135477
Epoch #6 cost=0.122796
Epoch #7 cost=0.112644
Epoch #8 cost=0.104524
Epoch #9 cost=0.097482
Epoch #10 cost=0.091397
Epoch #11 cost=0.086117
Epoch #12 cost=0.081646
Epoch #13 cost=0.077587
Epoch #14 cost=0.073950
Epoch #15 cost=0.070798
Epoch #16 cost=0.067842
Epoch #17 cost=0.065130
Epoch #18 cost=0.062652
Epoch #19 cost=0.060375
Nodes keep percentage is :  0.39999999999999947
** Start training **
Epoch #0 cost=0.338808
Epoch #1 cost=0.274968
Epoch #2 cost=0.247088
Epoch #3 cost=0.226869
Epoch #4 cost=0.213538
Epoch #5 cost=0.204041
Epoch #6 cost=0.195938
Epoch #7 cost=0.189559
Epoch #8 cost=0.184289
Epoch #9 cost=0.179369
Epoch #10 cost=0.174953
Epoch #11 cost=0.170895
Epoch #12 cost=0.167292
Epoch #13 cost=0.163877
Epoch #14 cost=0.160828
Epoch #15 cost=0.157911
Epoch #16 cost=0.155100
Epoch #17 cost=0.152847
Epoch #18 cost=0.150386
Epoch #19 cost=0.148105
** Start training **
Epoch #0 cost=0.332399
Epoch #1 cost=0.273703
Epoch #2 cost=0.244954
Epoch #3 cost=0.226982
Epoch #4 cost=0.212630
Epoch #5 cost=0.202007
Epoch #6 cost=0.193758
Epoch #7 cost=0.186905
Epoch #8 cost=0.180728
Epoch #9 cost=0.174658
Epoch #10 cost=0.169199
Epoch #11 cost=0.165026
Epoch #12 cost=0.161195
Epoch #13 cost=0.157836
Epoch #14 cost=0.154824
Epoch #15 cost=0.152057
Epoch #16 cost=0.149361
Epoch #17 cost=0.146740
Epoch #18 cost=0.144112
Epoch #19 cost=0.141735
** Start training **
Epoch #0 cost=0.323290
Epoch #1 cost=0.267262
Epoch #2 cost=0.240519
Epoch #3 cost=0.223464
Epoch #4 cost=0.210492
Epoch #5 cost=0.200449
Epoch #6 cost=0.192217
Epoch #7 cost=0.185302
Epoch #8 cost=0.178420
Epoch #9 cost=0.173269
Epoch #10 cost=0.168977
Epoch #11 cost=0.165139
Epoch #12 cost=0.161442
Epoch #13 cost=0.157954
Epoch #14 cost=0.154927
Epoch #15 cost=0.152093
Epoch #16 cost=0.149466
Epoch #17 cost=0.146841
Epoch #18 cost=0.144631
Epoch #19 cost=0.142420
** Start training **
Epoch #0 cost=0.323848
Epoch #1 cost=0.266686
Epoch #2 cost=0.239944
Epoch #3 cost=0.222617
Epoch #4 cost=0.210062
Epoch #5 cost=0.200024
Epoch #6 cost=0.191910
Epoch #7 cost=0.185051
Epoch #8 cost=0.179288
Epoch #9 cost=0.174192
Epoch #10 cost=0.169855
Epoch #11 cost=0.165812
Epoch #12 cost=0.162209
Epoch #13 cost=0.158487
Epoch #14 cost=0.154925
Epoch #15 cost=0.151934
Epoch #16 cost=0.149307
Epoch #17 cost=0.146750
Epoch #18 cost=0.144287
Epoch #19 cost=0.141960
** Start training **
Epoch #0 cost=0.324316
Epoch #1 cost=0.267132
Epoch #2 cost=0.240724
Epoch #3 cost=0.224002
Epoch #4 cost=0.211641
Epoch #5 cost=0.201511
Epoch #6 cost=0.193261
Epoch #7 cost=0.186394
Epoch #8 cost=0.179382
Epoch #9 cost=0.174350
Epoch #10 cost=0.170042
Epoch #11 cost=0.166150
Epoch #12 cost=0.162471
Epoch #13 cost=0.159156
Epoch #14 cost=0.156105
Epoch #15 cost=0.153319
Epoch #16 cost=0.150700
Epoch #17 cost=0.148145
Epoch #18 cost=0.145658
Epoch #19 cost=0.143258
** Start training **
Epoch #0 cost=0.323403
Epoch #1 cost=0.266530
Epoch #2 cost=0.239993
Epoch #3 cost=0.222892
Epoch #4 cost=0.210009
Epoch #5 cost=0.199998
Epoch #6 cost=0.191659
Epoch #7 cost=0.184430
Epoch #8 cost=0.177406
Epoch #9 cost=0.172061
Epoch #10 cost=0.167636
Epoch #11 cost=0.163739
Epoch #12 cost=0.160231
Epoch #13 cost=0.156872
Epoch #14 cost=0.153816
Epoch #15 cost=0.150839
Epoch #16 cost=0.148116
Epoch #17 cost=0.145418
Epoch #18 cost=0.142800
Epoch #19 cost=0.140451
** Start training **
Epoch #0 cost=0.323766
Epoch #1 cost=0.266770
Epoch #2 cost=0.240220
Epoch #3 cost=0.222837
Epoch #4 cost=0.209880
Epoch #5 cost=0.199625
Epoch #6 cost=0.191196
Epoch #7 cost=0.184301
Epoch #8 cost=0.178075
Epoch #9 cost=0.172881
Epoch #10 cost=0.167418
Epoch #11 cost=0.163236
Epoch #12 cost=0.159598
Epoch #13 cost=0.156225
Epoch #14 cost=0.153044
Epoch #15 cost=0.150184
Epoch #16 cost=0.147550
Epoch #17 cost=0.145031
Epoch #18 cost=0.142488
Epoch #19 cost=0.140271
** Start training **
Epoch #0 cost=0.324696
Epoch #1 cost=0.269015
Epoch #2 cost=0.243142
Epoch #3 cost=0.225856
Epoch #4 cost=0.212941
Epoch #5 cost=0.202742
Epoch #6 cost=0.194308
Epoch #7 cost=0.187380
Epoch #8 cost=0.181372
Epoch #9 cost=0.175466
Epoch #10 cost=0.170897
Epoch #11 cost=0.166913
Epoch #12 cost=0.163321
Epoch #13 cost=0.159965
Epoch #14 cost=0.156908
Epoch #15 cost=0.153994
Epoch #16 cost=0.151269
Epoch #17 cost=0.148588
Epoch #18 cost=0.146136
Epoch #19 cost=0.143812
** Start training **
Epoch #0 cost=0.323468
Epoch #1 cost=0.267652
Epoch #2 cost=0.240446
Epoch #3 cost=0.223168
Epoch #4 cost=0.210336
Epoch #5 cost=0.200310
Epoch #6 cost=0.192042
Epoch #7 cost=0.184784
Epoch #8 cost=0.178685
Epoch #9 cost=0.172456
Epoch #10 cost=0.167710
Epoch #11 cost=0.163634
Epoch #12 cost=0.159836
Epoch #13 cost=0.156423
Epoch #14 cost=0.153133
Epoch #15 cost=0.150038
Epoch #16 cost=0.147229
Epoch #17 cost=0.144472
Epoch #18 cost=0.141877
Epoch #19 cost=0.139316
** Start training **
Epoch #0 cost=0.422545
Epoch #1 cost=0.316465
Epoch #2 cost=0.260847
Epoch #3 cost=0.224668
Epoch #4 cost=0.197866
Epoch #5 cost=0.177549
Epoch #6 cost=0.161229
Epoch #7 cost=0.147540
Epoch #8 cost=0.136303
Epoch #9 cost=0.127199
Epoch #10 cost=0.117599
Epoch #11 cost=0.110418
Epoch #12 cost=0.104391
Epoch #13 cost=0.098874
Epoch #14 cost=0.093961
Epoch #15 cost=0.089652
Epoch #16 cost=0.085770
Epoch #17 cost=0.082254
Epoch #18 cost=0.078949
Epoch #19 cost=0.076121
Nodes keep percentage is :  0.3499999999999994
** Start training **
Epoch #0 cost=0.418468
Epoch #1 cost=0.308648
Epoch #2 cost=0.271776
Epoch #3 cost=0.251055
Epoch #4 cost=0.236226
Epoch #5 cost=0.224759
Epoch #6 cost=0.215408
Epoch #7 cost=0.207694
Epoch #8 cost=0.201036
Epoch #9 cost=0.195280
Epoch #10 cost=0.189987
Epoch #11 cost=0.185203
Epoch #12 cost=0.181112
Epoch #13 cost=0.177544
Epoch #14 cost=0.174377
Epoch #15 cost=0.171360
Epoch #16 cost=0.168500
Epoch #17 cost=0.165868
Epoch #18 cost=0.163448
Epoch #19 cost=0.161136
** Start training **
Epoch #0 cost=0.435213
Epoch #1 cost=0.314539
Epoch #2 cost=0.275353
Epoch #3 cost=0.254074
Epoch #4 cost=0.239024
Epoch #5 cost=0.226331
Epoch #6 cost=0.216454
Epoch #7 cost=0.208604
Epoch #8 cost=0.201883
Epoch #9 cost=0.195947
Epoch #10 cost=0.190716
Epoch #11 cost=0.186045
Epoch #12 cost=0.181701
Epoch #13 cost=0.177622
Epoch #14 cost=0.173898
Epoch #15 cost=0.170493
Epoch #16 cost=0.167299
Epoch #17 cost=0.164350
Epoch #18 cost=0.161672
Epoch #19 cost=0.159220
** Start training **
Epoch #0 cost=0.431061
Epoch #1 cost=0.312506
Epoch #2 cost=0.274233
Epoch #3 cost=0.251880
Epoch #4 cost=0.236585
Epoch #5 cost=0.225176
Epoch #6 cost=0.216241
Epoch #7 cost=0.208567
Epoch #8 cost=0.201584
Epoch #9 cost=0.195502
Epoch #10 cost=0.190169
Epoch #11 cost=0.185233
Epoch #12 cost=0.180850
Epoch #13 cost=0.176749
Epoch #14 cost=0.172990
Epoch #15 cost=0.169532
Epoch #16 cost=0.166436
Epoch #17 cost=0.163559
Epoch #18 cost=0.160944
Epoch #19 cost=0.158247
** Start training **
Epoch #0 cost=0.430500
Epoch #1 cost=0.311825
Epoch #2 cost=0.273804
Epoch #3 cost=0.251277
Epoch #4 cost=0.236028
Epoch #5 cost=0.224667
Epoch #6 cost=0.215343
Epoch #7 cost=0.207296
Epoch #8 cost=0.200596
Epoch #9 cost=0.194650
Epoch #10 cost=0.189331
Epoch #11 cost=0.184594
Epoch #12 cost=0.179997
Epoch #13 cost=0.175886
Epoch #14 cost=0.172126
Epoch #15 cost=0.168753
Epoch #16 cost=0.165570
Epoch #17 cost=0.162754
Epoch #18 cost=0.160064
Epoch #19 cost=0.157506
** Start training **
Epoch #0 cost=0.430290
Epoch #1 cost=0.313272
Epoch #2 cost=0.275643
Epoch #3 cost=0.253243
Epoch #4 cost=0.238148
Epoch #5 cost=0.227193
Epoch #6 cost=0.218192
Epoch #7 cost=0.210339
Epoch #8 cost=0.203578
Epoch #9 cost=0.197653
Epoch #10 cost=0.192356
Epoch #11 cost=0.187423
Epoch #12 cost=0.183008
Epoch #13 cost=0.178991
Epoch #14 cost=0.175270
Epoch #15 cost=0.171881
Epoch #16 cost=0.168799
Epoch #17 cost=0.165951
Epoch #18 cost=0.163444
Epoch #19 cost=0.160983
** Start training **
Epoch #0 cost=0.431168
Epoch #1 cost=0.312720
Epoch #2 cost=0.273831
Epoch #3 cost=0.250951
Epoch #4 cost=0.236029
Epoch #5 cost=0.224481
Epoch #6 cost=0.215738
Epoch #7 cost=0.208172
Epoch #8 cost=0.201641
Epoch #9 cost=0.195451
Epoch #10 cost=0.190137
Epoch #11 cost=0.185144
Epoch #12 cost=0.180611
Epoch #13 cost=0.176663
Epoch #14 cost=0.173023
Epoch #15 cost=0.169655
Epoch #16 cost=0.166352
Epoch #17 cost=0.163465
Epoch #18 cost=0.160640
Epoch #19 cost=0.157990
** Start training **
Epoch #0 cost=0.432370
Epoch #1 cost=0.313923
Epoch #2 cost=0.275480
Epoch #3 cost=0.252511
Epoch #4 cost=0.236857
Epoch #5 cost=0.225218
Epoch #6 cost=0.215911
Epoch #7 cost=0.207870
Epoch #8 cost=0.200783
Epoch #9 cost=0.194594
Epoch #10 cost=0.188939
Epoch #11 cost=0.183810
Epoch #12 cost=0.179320
Epoch #13 cost=0.175135
Epoch #14 cost=0.171214
Epoch #15 cost=0.167636
Epoch #16 cost=0.164490
Epoch #17 cost=0.161597
Epoch #18 cost=0.158820
Epoch #19 cost=0.156136
** Start training **
Epoch #0 cost=0.430557
Epoch #1 cost=0.314281
Epoch #2 cost=0.276503
Epoch #3 cost=0.254046
Epoch #4 cost=0.238669
Epoch #5 cost=0.227263
Epoch #6 cost=0.218194
Epoch #7 cost=0.210267
Epoch #8 cost=0.203310
Epoch #9 cost=0.197153
Epoch #10 cost=0.191606
Epoch #11 cost=0.186662
Epoch #12 cost=0.181902
Epoch #13 cost=0.177573
Epoch #14 cost=0.173574
Epoch #15 cost=0.169829
Epoch #16 cost=0.166445
Epoch #17 cost=0.163444
Epoch #18 cost=0.160674
Epoch #19 cost=0.158215
** Start training **
Epoch #0 cost=0.429351
Epoch #1 cost=0.311756
Epoch #2 cost=0.273992
Epoch #3 cost=0.251801
Epoch #4 cost=0.236723
Epoch #5 cost=0.225575
Epoch #6 cost=0.216887
Epoch #7 cost=0.209246
Epoch #8 cost=0.202508
Epoch #9 cost=0.196492
Epoch #10 cost=0.191012
Epoch #11 cost=0.185974
Epoch #12 cost=0.181383
Epoch #13 cost=0.177071
Epoch #14 cost=0.173130
Epoch #15 cost=0.169504
Epoch #16 cost=0.166297
Epoch #17 cost=0.163264
Epoch #18 cost=0.160385
Epoch #19 cost=0.157780
** Start training **
Epoch #0 cost=0.572975
Epoch #1 cost=0.397074
Epoch #2 cost=0.323026
Epoch #3 cost=0.272608
Epoch #4 cost=0.236031
Epoch #5 cost=0.208060
Epoch #6 cost=0.186856
Epoch #7 cost=0.170075
Epoch #8 cost=0.156144
Epoch #9 cost=0.144673
Epoch #10 cost=0.134886
Epoch #11 cost=0.126674
Epoch #12 cost=0.119620
Epoch #13 cost=0.113336
Epoch #14 cost=0.107801
Epoch #15 cost=0.102659
Epoch #16 cost=0.098042
Epoch #17 cost=0.093931
Epoch #18 cost=0.089998
Epoch #19 cost=0.086478
Nodes keep percentage is :  0.2999999999999994
** Start training **
Epoch #0 cost=0.650854
Epoch #1 cost=0.419859
Epoch #2 cost=0.357525
Epoch #3 cost=0.321249
Epoch #4 cost=0.296044
Epoch #5 cost=0.277321
Epoch #6 cost=0.261965
Epoch #7 cost=0.249204
Epoch #8 cost=0.238282
Epoch #9 cost=0.229009
Epoch #10 cost=0.221024
Epoch #11 cost=0.214059
Epoch #12 cost=0.207704
Epoch #13 cost=0.201757
Epoch #14 cost=0.196436
Epoch #15 cost=0.191274
Epoch #16 cost=0.186500
Epoch #17 cost=0.182542
Epoch #18 cost=0.178847
Epoch #19 cost=0.175346
** Start training **
Epoch #0 cost=0.536784
Epoch #1 cost=0.392634
Epoch #2 cost=0.341179
Epoch #3 cost=0.309400
Epoch #4 cost=0.286601
Epoch #5 cost=0.268611
Epoch #6 cost=0.253997
Epoch #7 cost=0.241006
Epoch #8 cost=0.229993
Epoch #9 cost=0.220465
Epoch #10 cost=0.212384
Epoch #11 cost=0.205496
Epoch #12 cost=0.199056
Epoch #13 cost=0.193000
Epoch #14 cost=0.187663
Epoch #15 cost=0.183005
Epoch #16 cost=0.178825
Epoch #17 cost=0.174972
Epoch #18 cost=0.171500
Epoch #19 cost=0.168353
** Start training **
Epoch #0 cost=0.535185
Epoch #1 cost=0.391200
Epoch #2 cost=0.341701
Epoch #3 cost=0.309699
Epoch #4 cost=0.286459
Epoch #5 cost=0.268454
Epoch #6 cost=0.253660
Epoch #7 cost=0.241215
Epoch #8 cost=0.230273
Epoch #9 cost=0.221187
Epoch #10 cost=0.212564
Epoch #11 cost=0.205305
Epoch #12 cost=0.198800
Epoch #13 cost=0.193058
Epoch #14 cost=0.187980
Epoch #15 cost=0.183395
Epoch #16 cost=0.179287
Epoch #17 cost=0.175104
Epoch #18 cost=0.171611
Epoch #19 cost=0.168665
** Start training **
Epoch #0 cost=0.533304
Epoch #1 cost=0.391583
Epoch #2 cost=0.341339
Epoch #3 cost=0.308801
Epoch #4 cost=0.285905
Epoch #5 cost=0.268110
Epoch #6 cost=0.253441
Epoch #7 cost=0.240982
Epoch #8 cost=0.230285
Epoch #9 cost=0.221090
Epoch #10 cost=0.212534
Epoch #11 cost=0.205087
Epoch #12 cost=0.198798
Epoch #13 cost=0.193293
Epoch #14 cost=0.187767
Epoch #15 cost=0.183031
Epoch #16 cost=0.178848
Epoch #17 cost=0.175191
Epoch #18 cost=0.171856
Epoch #19 cost=0.168857
** Start training **
Epoch #0 cost=0.537159
Epoch #1 cost=0.393444
Epoch #2 cost=0.343575
Epoch #3 cost=0.311297
Epoch #4 cost=0.288304
Epoch #5 cost=0.270393
Epoch #6 cost=0.255626
Epoch #7 cost=0.243115
Epoch #8 cost=0.232420
Epoch #9 cost=0.222800
Epoch #10 cost=0.214523
Epoch #11 cost=0.207405
Epoch #12 cost=0.201154
Epoch #13 cost=0.195819
Epoch #14 cost=0.190575
Epoch #15 cost=0.185867
Epoch #16 cost=0.181712
Epoch #17 cost=0.177922
Epoch #18 cost=0.174549
Epoch #19 cost=0.171437
** Start training **
Epoch #0 cost=0.537674
Epoch #1 cost=0.391815
Epoch #2 cost=0.341271
Epoch #3 cost=0.309648
Epoch #4 cost=0.286678
Epoch #5 cost=0.268862
Epoch #6 cost=0.254385
Epoch #7 cost=0.241982
Epoch #8 cost=0.230932
Epoch #9 cost=0.221272
Epoch #10 cost=0.212848
Epoch #11 cost=0.205612
Epoch #12 cost=0.199345
Epoch #13 cost=0.193107
Epoch #14 cost=0.187886
Epoch #15 cost=0.183134
Epoch #16 cost=0.178823
Epoch #17 cost=0.174708
Epoch #18 cost=0.171218
Epoch #19 cost=0.167861
** Start training **
Epoch #0 cost=0.534924
Epoch #1 cost=0.392076
Epoch #2 cost=0.341593
Epoch #3 cost=0.309504
Epoch #4 cost=0.286534
Epoch #5 cost=0.268789
Epoch #6 cost=0.253833
Epoch #7 cost=0.241001
Epoch #8 cost=0.229550
Epoch #9 cost=0.219442
Epoch #10 cost=0.211410
Epoch #11 cost=0.204029
Epoch #12 cost=0.197288
Epoch #13 cost=0.191551
Epoch #14 cost=0.186203
Epoch #15 cost=0.181409
Epoch #16 cost=0.177178
Epoch #17 cost=0.173404
Epoch #18 cost=0.169792
Epoch #19 cost=0.166481
** Start training **
Epoch #0 cost=0.537549
Epoch #1 cost=0.394441
Epoch #2 cost=0.344730
Epoch #3 cost=0.312611
Epoch #4 cost=0.289532
Epoch #5 cost=0.271343
Epoch #6 cost=0.256537
Epoch #7 cost=0.243933
Epoch #8 cost=0.232635
Epoch #9 cost=0.222902
Epoch #10 cost=0.214756
Epoch #11 cost=0.207744
Epoch #12 cost=0.201189
Epoch #13 cost=0.195437
Epoch #14 cost=0.190181
Epoch #15 cost=0.185595
Epoch #16 cost=0.181354
Epoch #17 cost=0.177200
Epoch #18 cost=0.173616
Epoch #19 cost=0.170465
** Start training **
Epoch #0 cost=0.534795
Epoch #1 cost=0.391886
Epoch #2 cost=0.341662
Epoch #3 cost=0.309872
Epoch #4 cost=0.287220
Epoch #5 cost=0.269330
Epoch #6 cost=0.254894
Epoch #7 cost=0.242792
Epoch #8 cost=0.231722
Epoch #9 cost=0.222669
Epoch #10 cost=0.214515
Epoch #11 cost=0.206983
Epoch #12 cost=0.199935
Epoch #13 cost=0.194221
Epoch #14 cost=0.189191
Epoch #15 cost=0.184584
Epoch #16 cost=0.180464
Epoch #17 cost=0.176551
Epoch #18 cost=0.172893
Epoch #19 cost=0.169312
** Start training **
Epoch #0 cost=0.651987
Epoch #1 cost=0.471202
Epoch #2 cost=0.391082
Epoch #3 cost=0.340111
Epoch #4 cost=0.301723
Epoch #5 cost=0.269955
Epoch #6 cost=0.244070
Epoch #7 cost=0.222268
Epoch #8 cost=0.204105
Epoch #9 cost=0.188529
Epoch #10 cost=0.175322
Epoch #11 cost=0.164130
Epoch #12 cost=0.154269
Epoch #13 cost=0.145753
Epoch #14 cost=0.137977
Epoch #15 cost=0.131071
Epoch #16 cost=0.125295
Epoch #17 cost=0.119846
Epoch #18 cost=0.114854
Epoch #19 cost=0.110325
Nodes keep percentage is :  0.24999999999999933
** Start training **
Epoch #0 cost=0.601764
Epoch #1 cost=0.416083
Epoch #2 cost=0.364482
Epoch #3 cost=0.333246
Epoch #4 cost=0.309735
Epoch #5 cost=0.291542
Epoch #6 cost=0.277014
Epoch #7 cost=0.264147
Epoch #8 cost=0.252887
Epoch #9 cost=0.243073
Epoch #10 cost=0.234783
Epoch #11 cost=0.227224
Epoch #12 cost=0.220481
Epoch #13 cost=0.214220
Epoch #14 cost=0.208652
Epoch #15 cost=0.203545
Epoch #16 cost=0.198783
Epoch #17 cost=0.194395
Epoch #18 cost=0.190479
Epoch #19 cost=0.186906
** Start training **
Epoch #0 cost=0.614294
Epoch #1 cost=0.422362
Epoch #2 cost=0.369925
Epoch #3 cost=0.337539
Epoch #4 cost=0.313912
Epoch #5 cost=0.294809
Epoch #6 cost=0.279586
Epoch #7 cost=0.266960
Epoch #8 cost=0.255975
Epoch #9 cost=0.246143
Epoch #10 cost=0.237367
Epoch #11 cost=0.229651
Epoch #12 cost=0.222658
Epoch #13 cost=0.216412
Epoch #14 cost=0.210629
Epoch #15 cost=0.205058
Epoch #16 cost=0.199878
Epoch #17 cost=0.195198
Epoch #18 cost=0.190964
Epoch #19 cost=0.186955
** Start training **
Epoch #0 cost=0.597910
Epoch #1 cost=0.419198
Epoch #2 cost=0.368054
Epoch #3 cost=0.336406
Epoch #4 cost=0.312238
Epoch #5 cost=0.293928
Epoch #6 cost=0.279283
Epoch #7 cost=0.266917
Epoch #8 cost=0.255938
Epoch #9 cost=0.246344
Epoch #10 cost=0.237949
Epoch #11 cost=0.230430
Epoch #12 cost=0.223575
Epoch #13 cost=0.217048
Epoch #14 cost=0.210840
Epoch #15 cost=0.205442
Epoch #16 cost=0.200406
Epoch #17 cost=0.195663
Epoch #18 cost=0.191241
Epoch #19 cost=0.187351
** Start training **
Epoch #0 cost=0.604906
Epoch #1 cost=0.418769
Epoch #2 cost=0.366900
Epoch #3 cost=0.334254
Epoch #4 cost=0.311002
Epoch #5 cost=0.292637
Epoch #6 cost=0.278221
Epoch #7 cost=0.266175
Epoch #8 cost=0.255428
Epoch #9 cost=0.245972
Epoch #10 cost=0.237298
Epoch #11 cost=0.229535
Epoch #12 cost=0.222467
Epoch #13 cost=0.216097
Epoch #14 cost=0.210365
Epoch #15 cost=0.204674
Epoch #16 cost=0.199488
Epoch #17 cost=0.194806
Epoch #18 cost=0.190508
Epoch #19 cost=0.186477
** Start training **
Epoch #0 cost=0.619498
Epoch #1 cost=0.419865
Epoch #2 cost=0.368641
Epoch #3 cost=0.336541
Epoch #4 cost=0.313704
Epoch #5 cost=0.295680
Epoch #6 cost=0.281001
Epoch #7 cost=0.268511
Epoch #8 cost=0.257721
Epoch #9 cost=0.248033
Epoch #10 cost=0.239311
Epoch #11 cost=0.231504
Epoch #12 cost=0.224330
Epoch #13 cost=0.217971
Epoch #14 cost=0.212311
Epoch #15 cost=0.206870
Epoch #16 cost=0.201889
Epoch #17 cost=0.197266
Epoch #18 cost=0.192942
Epoch #19 cost=0.189111
** Start training **
Epoch #0 cost=0.610158
Epoch #1 cost=0.419196
Epoch #2 cost=0.367533
Epoch #3 cost=0.334749
Epoch #4 cost=0.312057
Epoch #5 cost=0.293985
Epoch #6 cost=0.279193
Epoch #7 cost=0.266641
Epoch #8 cost=0.255615
Epoch #9 cost=0.246041
Epoch #10 cost=0.237497
Epoch #11 cost=0.229789
Epoch #12 cost=0.222666
Epoch #13 cost=0.216000
Epoch #14 cost=0.210081
Epoch #15 cost=0.204591
Epoch #16 cost=0.199638
Epoch #17 cost=0.194910
Epoch #18 cost=0.190490
Epoch #19 cost=0.186327
** Start training **
Epoch #0 cost=0.607784
Epoch #1 cost=0.419448
Epoch #2 cost=0.366903
Epoch #3 cost=0.334343
Epoch #4 cost=0.311367
Epoch #5 cost=0.293355
Epoch #6 cost=0.278771
Epoch #7 cost=0.266319
Epoch #8 cost=0.255383
Epoch #9 cost=0.245414
Epoch #10 cost=0.236780
Epoch #11 cost=0.228583
Epoch #12 cost=0.221271
Epoch #13 cost=0.214509
Epoch #14 cost=0.208736
Epoch #15 cost=0.203208
Epoch #16 cost=0.198344
Epoch #17 cost=0.193770
Epoch #18 cost=0.189665
Epoch #19 cost=0.185816
** Start training **
Epoch #0 cost=0.605719
Epoch #1 cost=0.422018
Epoch #2 cost=0.370541
Epoch #3 cost=0.337993
Epoch #4 cost=0.314747
Epoch #5 cost=0.296404
Epoch #6 cost=0.281351
Epoch #7 cost=0.268800
Epoch #8 cost=0.257783
Epoch #9 cost=0.247975
Epoch #10 cost=0.239082
Epoch #11 cost=0.231363
Epoch #12 cost=0.224494
Epoch #13 cost=0.218194
Epoch #14 cost=0.212196
Epoch #15 cost=0.206748
Epoch #16 cost=0.201930
Epoch #17 cost=0.197203
Epoch #18 cost=0.192931
Epoch #19 cost=0.189038
** Start training **
Epoch #0 cost=0.612810
Epoch #1 cost=0.417313
Epoch #2 cost=0.365759
Epoch #3 cost=0.333586
Epoch #4 cost=0.311151
Epoch #5 cost=0.293742
Epoch #6 cost=0.278853
Epoch #7 cost=0.266475
Epoch #8 cost=0.255674
Epoch #9 cost=0.246011
Epoch #10 cost=0.237439
Epoch #11 cost=0.229757
Epoch #12 cost=0.222631
Epoch #13 cost=0.216064
Epoch #14 cost=0.210114
Epoch #15 cost=0.204561
Epoch #16 cost=0.199299
Epoch #17 cost=0.194599
Epoch #18 cost=0.190336
Epoch #19 cost=0.186331
** Start training **
Epoch #0 cost=0.770132
Epoch #1 cost=0.527203
Epoch #2 cost=0.443341
Epoch #3 cost=0.391196
Epoch #4 cost=0.350998
Epoch #5 cost=0.317637
Epoch #6 cost=0.289269
Epoch #7 cost=0.263565
Epoch #8 cost=0.241828
Epoch #9 cost=0.223009
Epoch #10 cost=0.206832
Epoch #11 cost=0.192794
Epoch #12 cost=0.180164
Epoch #13 cost=0.168867
Epoch #14 cost=0.158898
Epoch #15 cost=0.150437
Epoch #16 cost=0.142939
Epoch #17 cost=0.136060
Epoch #18 cost=0.129972
Epoch #19 cost=0.124691
Nodes keep percentage is :  0.1999999999999993
** Start training **
Epoch #0 cost=0.808850
Epoch #1 cost=0.487199
Epoch #2 cost=0.425756
Epoch #3 cost=0.392956
Epoch #4 cost=0.370084
Epoch #5 cost=0.350117
Epoch #6 cost=0.332871
Epoch #7 cost=0.317663
Epoch #8 cost=0.304034
Epoch #9 cost=0.292115
Epoch #10 cost=0.281571
Epoch #11 cost=0.272440
Epoch #12 cost=0.263554
Epoch #13 cost=0.255960
Epoch #14 cost=0.249203
Epoch #15 cost=0.243046
Epoch #16 cost=0.237463
Epoch #17 cost=0.232013
Epoch #18 cost=0.227160
Epoch #19 cost=0.222703
** Start training **
Epoch #0 cost=0.810644
Epoch #1 cost=0.489411
Epoch #2 cost=0.430892
Epoch #3 cost=0.398417
Epoch #4 cost=0.375316
Epoch #5 cost=0.355531
Epoch #6 cost=0.337371
Epoch #7 cost=0.322091
Epoch #8 cost=0.308284
Epoch #9 cost=0.296428
Epoch #10 cost=0.285724
Epoch #11 cost=0.275653
Epoch #12 cost=0.266856
Epoch #13 cost=0.258519
Epoch #14 cost=0.250947
Epoch #15 cost=0.244276
Epoch #16 cost=0.238099
Epoch #17 cost=0.232557
Epoch #18 cost=0.227581
Epoch #19 cost=0.222902
** Start training **
Epoch #0 cost=0.799680
Epoch #1 cost=0.485535
Epoch #2 cost=0.427749
Epoch #3 cost=0.396360
Epoch #4 cost=0.373952
Epoch #5 cost=0.354344
Epoch #6 cost=0.337733
Epoch #7 cost=0.322685
Epoch #8 cost=0.308926
Epoch #9 cost=0.296101
Epoch #10 cost=0.285060
Epoch #11 cost=0.275500
Epoch #12 cost=0.266897
Epoch #13 cost=0.258461
Epoch #14 cost=0.250849
Epoch #15 cost=0.244162
Epoch #16 cost=0.238184
Epoch #17 cost=0.232867
Epoch #18 cost=0.228049
Epoch #19 cost=0.223718
** Start training **
Epoch #0 cost=0.800991
Epoch #1 cost=0.486378
Epoch #2 cost=0.428620
Epoch #3 cost=0.396672
Epoch #4 cost=0.373508
Epoch #5 cost=0.354187
Epoch #6 cost=0.336797
Epoch #7 cost=0.321459
Epoch #8 cost=0.306954
Epoch #9 cost=0.295181
Epoch #10 cost=0.284265
Epoch #11 cost=0.275076
Epoch #12 cost=0.266515
Epoch #13 cost=0.258264
Epoch #14 cost=0.250880
Epoch #15 cost=0.244017
Epoch #16 cost=0.237832
Epoch #17 cost=0.232329
Epoch #18 cost=0.227322
Epoch #19 cost=0.222741
** Start training **
Epoch #0 cost=0.789823
Epoch #1 cost=0.486492
Epoch #2 cost=0.429020
Epoch #3 cost=0.397742
Epoch #4 cost=0.374574
Epoch #5 cost=0.355171
Epoch #6 cost=0.338159
Epoch #7 cost=0.323106
Epoch #8 cost=0.309676
Epoch #9 cost=0.297132
Epoch #10 cost=0.286330
Epoch #11 cost=0.276978
Epoch #12 cost=0.268360
Epoch #13 cost=0.260128
Epoch #14 cost=0.252821
Epoch #15 cost=0.246518
Epoch #16 cost=0.240464
Epoch #17 cost=0.235017
Epoch #18 cost=0.229884
Epoch #19 cost=0.225240
** Start training **
Epoch #0 cost=0.792712
Epoch #1 cost=0.487314
Epoch #2 cost=0.429045
Epoch #3 cost=0.397065
Epoch #4 cost=0.374099
Epoch #5 cost=0.354951
Epoch #6 cost=0.337083
Epoch #7 cost=0.321905
Epoch #8 cost=0.308609
Epoch #9 cost=0.296879
Epoch #10 cost=0.285594
Epoch #11 cost=0.275602
Epoch #12 cost=0.266957
Epoch #13 cost=0.259056
Epoch #14 cost=0.251765
Epoch #15 cost=0.245113
Epoch #16 cost=0.238956
Epoch #17 cost=0.233404
Epoch #18 cost=0.228507
Epoch #19 cost=0.223976
** Start training **
Epoch #0 cost=0.781385
Epoch #1 cost=0.487814
Epoch #2 cost=0.429575
Epoch #3 cost=0.397638
Epoch #4 cost=0.374253
Epoch #5 cost=0.355202
Epoch #6 cost=0.338002
Epoch #7 cost=0.322549
Epoch #8 cost=0.308755
Epoch #9 cost=0.297131
Epoch #10 cost=0.286419
Epoch #11 cost=0.275740
Epoch #12 cost=0.266829
Epoch #13 cost=0.258778
Epoch #14 cost=0.251378
Epoch #15 cost=0.244711
Epoch #16 cost=0.238708
Epoch #17 cost=0.233353
Epoch #18 cost=0.228438
Epoch #19 cost=0.223786
** Start training **
Epoch #0 cost=0.789146
Epoch #1 cost=0.488798
Epoch #2 cost=0.431867
Epoch #3 cost=0.400431
Epoch #4 cost=0.377153
Epoch #5 cost=0.357209
Epoch #6 cost=0.340274
Epoch #7 cost=0.324168
Epoch #8 cost=0.310602
Epoch #9 cost=0.298658
Epoch #10 cost=0.287780
Epoch #11 cost=0.278117
Epoch #12 cost=0.269387
Epoch #13 cost=0.261463
Epoch #14 cost=0.254340
Epoch #15 cost=0.247889
Epoch #16 cost=0.241816
Epoch #17 cost=0.236312
Epoch #18 cost=0.231185
Epoch #19 cost=0.226451
** Start training **
Epoch #0 cost=0.793757
Epoch #1 cost=0.485869
Epoch #2 cost=0.427899
Epoch #3 cost=0.396010
Epoch #4 cost=0.373635
Epoch #5 cost=0.354125
Epoch #6 cost=0.337316
Epoch #7 cost=0.322340
Epoch #8 cost=0.308535
Epoch #9 cost=0.295892
Epoch #10 cost=0.284789
Epoch #11 cost=0.274920
Epoch #12 cost=0.266237
Epoch #13 cost=0.258034
Epoch #14 cost=0.250767
Epoch #15 cost=0.244049
Epoch #16 cost=0.238007
Epoch #17 cost=0.232484
Epoch #18 cost=0.227370
Epoch #19 cost=0.222767
** Start training **
Epoch #0 cost=1.015657
Epoch #1 cost=0.648076
Epoch #2 cost=0.557463
Epoch #3 cost=0.503961
Epoch #4 cost=0.461971
Epoch #5 cost=0.425483
Epoch #6 cost=0.392247
Epoch #7 cost=0.360885
Epoch #8 cost=0.332502
Epoch #9 cost=0.306673
Epoch #10 cost=0.282577
Epoch #11 cost=0.261287
Epoch #12 cost=0.242597
Epoch #13 cost=0.225787
Epoch #14 cost=0.210660
Epoch #15 cost=0.196720
Epoch #16 cost=0.184669
Epoch #17 cost=0.173935
Epoch #18 cost=0.164551
Epoch #19 cost=0.156426
Nodes keep percentage is :  0.14999999999999925
** Start training **
Epoch #0 cost=1.519393
Epoch #1 cost=0.698714
Epoch #2 cost=0.526351
Epoch #3 cost=0.467940
Epoch #4 cost=0.434657
Epoch #5 cost=0.411221
Epoch #6 cost=0.392056
Epoch #7 cost=0.376205
Epoch #8 cost=0.361712
Epoch #9 cost=0.349038
Epoch #10 cost=0.336970
Epoch #11 cost=0.325969
Epoch #12 cost=0.316470
Epoch #13 cost=0.307539
Epoch #14 cost=0.299119
Epoch #15 cost=0.291591
Epoch #16 cost=0.284274
Epoch #17 cost=0.277357
Epoch #18 cost=0.271229
Epoch #19 cost=0.265427
** Start training **
Epoch #0 cost=1.458178
Epoch #1 cost=0.671341
Epoch #2 cost=0.515176
Epoch #3 cost=0.461948
Epoch #4 cost=0.430072
Epoch #5 cost=0.407521
Epoch #6 cost=0.390128
Epoch #7 cost=0.375204
Epoch #8 cost=0.362343
Epoch #9 cost=0.349866
Epoch #10 cost=0.338097
Epoch #11 cost=0.327302
Epoch #12 cost=0.317420
Epoch #13 cost=0.308133
Epoch #14 cost=0.299237
Epoch #15 cost=0.290884
Epoch #16 cost=0.283394
Epoch #17 cost=0.276555
Epoch #18 cost=0.270233
Epoch #19 cost=0.264372
** Start training **
Epoch #0 cost=1.455193
Epoch #1 cost=0.669015
Epoch #2 cost=0.513096
Epoch #3 cost=0.459767
Epoch #4 cost=0.428463
Epoch #5 cost=0.406402
Epoch #6 cost=0.389271
Epoch #7 cost=0.374627
Epoch #8 cost=0.361161
Epoch #9 cost=0.349579
Epoch #10 cost=0.337825
Epoch #11 cost=0.327059
Epoch #12 cost=0.317118
Epoch #13 cost=0.307747
Epoch #14 cost=0.298900
Epoch #15 cost=0.290879
Epoch #16 cost=0.283531
Epoch #17 cost=0.276559
Epoch #18 cost=0.270455
Epoch #19 cost=0.264691
** Start training **
Epoch #0 cost=1.456368
Epoch #1 cost=0.668052
Epoch #2 cost=0.513151
Epoch #3 cost=0.461261
Epoch #4 cost=0.429166
Epoch #5 cost=0.406479
Epoch #6 cost=0.388784
Epoch #7 cost=0.374010
Epoch #8 cost=0.360372
Epoch #9 cost=0.348728
Epoch #10 cost=0.337108
Epoch #11 cost=0.326637
Epoch #12 cost=0.316570
Epoch #13 cost=0.307315
Epoch #14 cost=0.298800
Epoch #15 cost=0.290751
Epoch #16 cost=0.283224
Epoch #17 cost=0.276471
Epoch #18 cost=0.270493
Epoch #19 cost=0.264867
** Start training **
Epoch #0 cost=1.448923
Epoch #1 cost=0.669705
Epoch #2 cost=0.514793
Epoch #3 cost=0.462749
Epoch #4 cost=0.431008
Epoch #5 cost=0.408610
Epoch #6 cost=0.391166
Epoch #7 cost=0.376647
Epoch #8 cost=0.363232
Epoch #9 cost=0.350816
Epoch #10 cost=0.339545
Epoch #11 cost=0.328764
Epoch #12 cost=0.318690
Epoch #13 cost=0.309217
Epoch #14 cost=0.300204
Epoch #15 cost=0.292075
Epoch #16 cost=0.284643
Epoch #17 cost=0.277662
Epoch #18 cost=0.271215
Epoch #19 cost=0.265313
** Start training **
Epoch #0 cost=1.456554
Epoch #1 cost=0.670135
Epoch #2 cost=0.514044
Epoch #3 cost=0.461848
Epoch #4 cost=0.429699
Epoch #5 cost=0.407347
Epoch #6 cost=0.390106
Epoch #7 cost=0.375628
Epoch #8 cost=0.362003
Epoch #9 cost=0.350104
Epoch #10 cost=0.338749
Epoch #11 cost=0.328125
Epoch #12 cost=0.318002
Epoch #13 cost=0.308467
Epoch #14 cost=0.299725
Epoch #15 cost=0.291885
Epoch #16 cost=0.284504
Epoch #17 cost=0.277547
Epoch #18 cost=0.271342
Epoch #19 cost=0.265475
** Start training **
Epoch #0 cost=1.458743
Epoch #1 cost=0.670981
Epoch #2 cost=0.514909
Epoch #3 cost=0.462208
Epoch #4 cost=0.430220
Epoch #5 cost=0.407682
Epoch #6 cost=0.389655
Epoch #7 cost=0.375112
Epoch #8 cost=0.361688
Epoch #9 cost=0.349904
Epoch #10 cost=0.338407
Epoch #11 cost=0.327510
Epoch #12 cost=0.317427
Epoch #13 cost=0.307805
Epoch #14 cost=0.298898
Epoch #15 cost=0.290667
Epoch #16 cost=0.283246
Epoch #17 cost=0.276321
Epoch #18 cost=0.270168
Epoch #19 cost=0.264470
** Start training **
Epoch #0 cost=1.449102
Epoch #1 cost=0.669505
Epoch #2 cost=0.516809
Epoch #3 cost=0.464877
Epoch #4 cost=0.433246
Epoch #5 cost=0.410309
Epoch #6 cost=0.392726
Epoch #7 cost=0.377140
Epoch #8 cost=0.363549
Epoch #9 cost=0.351388
Epoch #10 cost=0.339275
Epoch #11 cost=0.328184
Epoch #12 cost=0.317826
Epoch #13 cost=0.308123
Epoch #14 cost=0.299424
Epoch #15 cost=0.291389
Epoch #16 cost=0.283926
Epoch #17 cost=0.277030
Epoch #18 cost=0.270894
Epoch #19 cost=0.265168
** Start training **
Epoch #0 cost=1.453867
Epoch #1 cost=0.668618
Epoch #2 cost=0.513224
Epoch #3 cost=0.461344
Epoch #4 cost=0.430115
Epoch #5 cost=0.407799
Epoch #6 cost=0.390746
Epoch #7 cost=0.376228
Epoch #8 cost=0.363611
Epoch #9 cost=0.351220
Epoch #10 cost=0.339319
Epoch #11 cost=0.328684
Epoch #12 cost=0.318767
Epoch #13 cost=0.309247
Epoch #14 cost=0.300270
Epoch #15 cost=0.292067
Epoch #16 cost=0.284493
Epoch #17 cost=0.277358
Epoch #18 cost=0.271096
Epoch #19 cost=0.265220
** Start training **
Epoch #0 cost=1.546166
Epoch #1 cost=0.829362
Epoch #2 cost=0.673904
Epoch #3 cost=0.599482
Epoch #4 cost=0.551116
Epoch #5 cost=0.513666
Epoch #6 cost=0.481330
Epoch #7 cost=0.451514
Epoch #8 cost=0.422030
Epoch #9 cost=0.395445
Epoch #10 cost=0.371131
Epoch #11 cost=0.348170
Epoch #12 cost=0.326492
Epoch #13 cost=0.306697
Epoch #14 cost=0.287662
Epoch #15 cost=0.270719
Epoch #16 cost=0.255056
Epoch #17 cost=0.240881
Epoch #18 cost=0.227993
Epoch #19 cost=0.216013
Nodes keep percentage is :  0.0999999999999992
** Start training **
Epoch #0 cost=1.913726
Epoch #1 cost=0.857524
Epoch #2 cost=0.572661
Epoch #3 cost=0.495826
Epoch #4 cost=0.462387
Epoch #5 cost=0.440288
Epoch #6 cost=0.423503
Epoch #7 cost=0.409666
Epoch #8 cost=0.396994
Epoch #9 cost=0.385737
Epoch #10 cost=0.374841
Epoch #11 cost=0.364019
Epoch #12 cost=0.353696
Epoch #13 cost=0.343762
Epoch #14 cost=0.334018
Epoch #15 cost=0.325156
Epoch #16 cost=0.316228
Epoch #17 cost=0.307659
Epoch #18 cost=0.299671
Epoch #19 cost=0.292046
** Start training **
Epoch #0 cost=1.927547
Epoch #1 cost=0.856025
Epoch #2 cost=0.574170
Epoch #3 cost=0.499003
Epoch #4 cost=0.466159
Epoch #5 cost=0.443821
Epoch #6 cost=0.426624
Epoch #7 cost=0.412072
Epoch #8 cost=0.399312
Epoch #9 cost=0.387920
Epoch #10 cost=0.377006
Epoch #11 cost=0.366038
Epoch #12 cost=0.355570
Epoch #13 cost=0.345695
Epoch #14 cost=0.335852
Epoch #15 cost=0.326795
Epoch #16 cost=0.317971
Epoch #17 cost=0.309458
Epoch #18 cost=0.301363
Epoch #19 cost=0.293347
** Start training **
Epoch #0 cost=1.929381
Epoch #1 cost=0.849340
Epoch #2 cost=0.573015
Epoch #3 cost=0.495794
Epoch #4 cost=0.463054
Epoch #5 cost=0.441619
Epoch #6 cost=0.424937
Epoch #7 cost=0.411030
Epoch #8 cost=0.398854
Epoch #9 cost=0.387714
Epoch #10 cost=0.376482
Epoch #11 cost=0.365483
Epoch #12 cost=0.354899
Epoch #13 cost=0.344780
Epoch #14 cost=0.335032
Epoch #15 cost=0.325842
Epoch #16 cost=0.317351
Epoch #17 cost=0.309058
Epoch #18 cost=0.300906
Epoch #19 cost=0.293218
** Start training **
Epoch #0 cost=1.935739
Epoch #1 cost=0.856252
Epoch #2 cost=0.570225
Epoch #3 cost=0.496363
Epoch #4 cost=0.464122
Epoch #5 cost=0.442278
Epoch #6 cost=0.425171
Epoch #7 cost=0.411290
Epoch #8 cost=0.399272
Epoch #9 cost=0.387819
Epoch #10 cost=0.377121
Epoch #11 cost=0.366352
Epoch #12 cost=0.356001
Epoch #13 cost=0.345922
Epoch #14 cost=0.336135
Epoch #15 cost=0.326866
Epoch #16 cost=0.317724
Epoch #17 cost=0.309290
Epoch #18 cost=0.301065
Epoch #19 cost=0.293497
** Start training **
Epoch #0 cost=1.927559
Epoch #1 cost=0.853217
Epoch #2 cost=0.572757
Epoch #3 cost=0.497318
Epoch #4 cost=0.465046
Epoch #5 cost=0.443335
Epoch #6 cost=0.426740
Epoch #7 cost=0.412802
Epoch #8 cost=0.400818
Epoch #9 cost=0.389476
Epoch #10 cost=0.378498
Epoch #11 cost=0.367770
Epoch #12 cost=0.357167
Epoch #13 cost=0.347024
Epoch #14 cost=0.337443
Epoch #15 cost=0.328396
Epoch #16 cost=0.319722
Epoch #17 cost=0.311284
Epoch #18 cost=0.303347
Epoch #19 cost=0.295916
** Start training **
Epoch #0 cost=1.931024
Epoch #1 cost=0.849733
Epoch #2 cost=0.572752
Epoch #3 cost=0.496025
Epoch #4 cost=0.463661
Epoch #5 cost=0.441915
Epoch #6 cost=0.425059
Epoch #7 cost=0.410819
Epoch #8 cost=0.398611
Epoch #9 cost=0.387450
Epoch #10 cost=0.376624
Epoch #11 cost=0.366082
Epoch #12 cost=0.355941
Epoch #13 cost=0.346121
Epoch #14 cost=0.336483
Epoch #15 cost=0.327022
Epoch #16 cost=0.318265
Epoch #17 cost=0.309995
Epoch #18 cost=0.302022
Epoch #19 cost=0.294194
** Start training **
Epoch #0 cost=1.934104
Epoch #1 cost=0.880749
Epoch #2 cost=0.571696
Epoch #3 cost=0.498183
Epoch #4 cost=0.465362
Epoch #5 cost=0.442844
Epoch #6 cost=0.425473
Epoch #7 cost=0.411195
Epoch #8 cost=0.398392
Epoch #9 cost=0.386873
Epoch #10 cost=0.375703
Epoch #11 cost=0.364786
Epoch #12 cost=0.354319
Epoch #13 cost=0.344438
Epoch #14 cost=0.334767
Epoch #15 cost=0.325700
Epoch #16 cost=0.316999
Epoch #17 cost=0.308319
Epoch #18 cost=0.300118
Epoch #19 cost=0.292126
** Start training **
Epoch #0 cost=1.936207
Epoch #1 cost=0.866498
Epoch #2 cost=0.572163
Epoch #3 cost=0.500116
Epoch #4 cost=0.467600
Epoch #5 cost=0.445949
Epoch #6 cost=0.429056
Epoch #7 cost=0.414751
Epoch #8 cost=0.402502
Epoch #9 cost=0.391310
Epoch #10 cost=0.380185
Epoch #11 cost=0.369303
Epoch #12 cost=0.358980
Epoch #13 cost=0.348988
Epoch #14 cost=0.339147
Epoch #15 cost=0.330054
Epoch #16 cost=0.320826
Epoch #17 cost=0.312142
Epoch #18 cost=0.303869
Epoch #19 cost=0.296201
** Start training **
Epoch #0 cost=1.936023
Epoch #1 cost=0.854539
Epoch #2 cost=0.570407
Epoch #3 cost=0.495951
Epoch #4 cost=0.463120
Epoch #5 cost=0.441858
Epoch #6 cost=0.425528
Epoch #7 cost=0.411746
Epoch #8 cost=0.400090
Epoch #9 cost=0.389163
Epoch #10 cost=0.378877
Epoch #11 cost=0.368739
Epoch #12 cost=0.358649
Epoch #13 cost=0.348799
Epoch #14 cost=0.339236
Epoch #15 cost=0.329809
Epoch #16 cost=0.320830
Epoch #17 cost=0.312241
Epoch #18 cost=0.304088
Epoch #19 cost=0.296539
** Start training **
Epoch #0 cost=1.999512
Epoch #1 cost=0.980596
Epoch #2 cost=0.758954
Epoch #3 cost=0.658437
Epoch #4 cost=0.607449
Epoch #5 cost=0.571606
Epoch #6 cost=0.541109
Epoch #7 cost=0.513561
Epoch #8 cost=0.487242
Epoch #9 cost=0.463245
Epoch #10 cost=0.440366
Epoch #11 cost=0.418762
Epoch #12 cost=0.397700
Epoch #13 cost=0.377570
Epoch #14 cost=0.358446
Epoch #15 cost=0.339790
Epoch #16 cost=0.323044
Epoch #17 cost=0.306725
Epoch #18 cost=0.291782
Epoch #19 cost=0.277752
Nodes keep percentage is :  0.049999999999999156
** Start training **
Epoch #0 cost=2.765467
Epoch #1 cost=1.325949
Epoch #2 cost=0.751339
Epoch #3 cost=0.573043
Epoch #4 cost=0.513367
Epoch #5 cost=0.484019
Epoch #6 cost=0.464860
Epoch #7 cost=0.450350
Epoch #8 cost=0.438102
Epoch #9 cost=0.427138
Epoch #10 cost=0.416857
Epoch #11 cost=0.406954
Epoch #12 cost=0.397165
Epoch #13 cost=0.387611
Epoch #14 cost=0.378284
Epoch #15 cost=0.369248
Epoch #16 cost=0.360927
Epoch #17 cost=0.352399
Epoch #18 cost=0.343787
Epoch #19 cost=0.335811
** Start training **
Epoch #0 cost=2.760281
Epoch #1 cost=1.315421
Epoch #2 cost=0.747909
Epoch #3 cost=0.574591
Epoch #4 cost=0.516285
Epoch #5 cost=0.487523
Epoch #6 cost=0.468103
Epoch #7 cost=0.453415
Epoch #8 cost=0.440073
Epoch #9 cost=0.429046
Epoch #10 cost=0.419425
Epoch #11 cost=0.409931
Epoch #12 cost=0.400844
Epoch #13 cost=0.391237
Epoch #14 cost=0.381381
Epoch #15 cost=0.372018
Epoch #16 cost=0.363239
Epoch #17 cost=0.354800
Epoch #18 cost=0.346695
Epoch #19 cost=0.338804
** Start training **
Epoch #0 cost=2.722504
Epoch #1 cost=1.296569
Epoch #2 cost=0.737013
Epoch #3 cost=0.567218
Epoch #4 cost=0.509506
Epoch #5 cost=0.480261
Epoch #6 cost=0.461351
Epoch #7 cost=0.447477
Epoch #8 cost=0.436050
Epoch #9 cost=0.425565
Epoch #10 cost=0.416007
Epoch #11 cost=0.406234
Epoch #12 cost=0.396621
Epoch #13 cost=0.387152
Epoch #14 cost=0.378019
Epoch #15 cost=0.369099
Epoch #16 cost=0.360142
Epoch #17 cost=0.351451
Epoch #18 cost=0.343536
Epoch #19 cost=0.335536
** Start training **
Epoch #0 cost=2.725009
Epoch #1 cost=1.292455
Epoch #2 cost=0.733048
Epoch #3 cost=0.565495
Epoch #4 cost=0.509988
Epoch #5 cost=0.481521
Epoch #6 cost=0.463067
Epoch #7 cost=0.449543
Epoch #8 cost=0.438094
Epoch #9 cost=0.427504
Epoch #10 cost=0.417913
Epoch #11 cost=0.408583
Epoch #12 cost=0.399209
Epoch #13 cost=0.389822
Epoch #14 cost=0.380281
Epoch #15 cost=0.370678
Epoch #16 cost=0.362012
Epoch #17 cost=0.353524
Epoch #18 cost=0.345434
Epoch #19 cost=0.337360
** Start training **
Epoch #0 cost=2.721252
Epoch #1 cost=1.287388
Epoch #2 cost=0.733139
Epoch #3 cost=0.566204
Epoch #4 cost=0.510952
Epoch #5 cost=0.483033
Epoch #6 cost=0.463775
Epoch #7 cost=0.450086
Epoch #8 cost=0.438724
Epoch #9 cost=0.428467
Epoch #10 cost=0.419028
Epoch #11 cost=0.409713
Epoch #12 cost=0.400440
Epoch #13 cost=0.391211
Epoch #14 cost=0.381947
Epoch #15 cost=0.372812
Epoch #16 cost=0.363593
Epoch #17 cost=0.354674
Epoch #18 cost=0.346508
Epoch #19 cost=0.339660
** Start training **
Epoch #0 cost=2.726167
Epoch #1 cost=1.299435
Epoch #2 cost=0.737496
Epoch #3 cost=0.566702
Epoch #4 cost=0.510267
Epoch #5 cost=0.482109
Epoch #6 cost=0.462479
Epoch #7 cost=0.448583
Epoch #8 cost=0.437106
Epoch #9 cost=0.426819
Epoch #10 cost=0.417027
Epoch #11 cost=0.407840
Epoch #12 cost=0.398703
Epoch #13 cost=0.389075
Epoch #14 cost=0.379955
Epoch #15 cost=0.370709
Epoch #16 cost=0.361394
Epoch #17 cost=0.352660
Epoch #18 cost=0.344841
Epoch #19 cost=0.337889
** Start training **
Epoch #0 cost=2.727215
Epoch #1 cost=1.297693
Epoch #2 cost=0.734951
Epoch #3 cost=0.567802
Epoch #4 cost=0.512212
Epoch #5 cost=0.483534
Epoch #6 cost=0.464736
Epoch #7 cost=0.450641
Epoch #8 cost=0.439111
Epoch #9 cost=0.428611
Epoch #10 cost=0.418766
Epoch #11 cost=0.409499
Epoch #12 cost=0.400460
Epoch #13 cost=0.389555
Epoch #14 cost=0.379780
Epoch #15 cost=0.370093
Epoch #16 cost=0.361024
Epoch #17 cost=0.353535
Epoch #18 cost=0.345577
Epoch #19 cost=0.337525
** Start training **
Epoch #0 cost=2.724344
Epoch #1 cost=1.349153
Epoch #2 cost=0.733294
Epoch #3 cost=0.567953
Epoch #4 cost=0.513178
Epoch #5 cost=0.484703
Epoch #6 cost=0.466545
Epoch #7 cost=0.452974
Epoch #8 cost=0.441466
Epoch #9 cost=0.430842
Epoch #10 cost=0.420913
Epoch #11 cost=0.411571
Epoch #12 cost=0.402110
Epoch #13 cost=0.392496
Epoch #14 cost=0.382647
Epoch #15 cost=0.373046
Epoch #16 cost=0.364439
Epoch #17 cost=0.355810
Epoch #18 cost=0.347613
Epoch #19 cost=0.340221
** Start training **
Epoch #0 cost=2.721009
Epoch #1 cost=1.336630
Epoch #2 cost=0.729684
Epoch #3 cost=0.563887
Epoch #4 cost=0.509105
Epoch #5 cost=0.481034
Epoch #6 cost=0.461959
Epoch #7 cost=0.448387
Epoch #8 cost=0.437305
Epoch #9 cost=0.427449
Epoch #10 cost=0.418081
Epoch #11 cost=0.408794
Epoch #12 cost=0.399494
Epoch #13 cost=0.390282
Epoch #14 cost=0.380718
Epoch #15 cost=0.371339
Epoch #16 cost=0.362816
Epoch #17 cost=0.354551
Epoch #18 cost=0.346824
Epoch #19 cost=0.339319
** Start training **
Epoch #0 cost=2.810954
Epoch #1 cost=1.455884
Epoch #2 cost=0.931213
Epoch #3 cost=0.765907
Epoch #4 cost=0.677527
Epoch #5 cost=0.630548
Epoch #6 cost=0.598728
Epoch #7 cost=0.571876
Epoch #8 cost=0.548956
Epoch #9 cost=0.528246
Epoch #10 cost=0.509040
Epoch #11 cost=0.490379
Epoch #12 cost=0.472241
Epoch #13 cost=0.454851
Epoch #14 cost=0.438491
Epoch #15 cost=0.421481
Epoch #16 cost=0.404635
Epoch #17 cost=0.388575
Epoch #18 cost=0.373414
Epoch #19 cost=0.358768
