Extracting MNIST_data/train-images-idx3-ubyte.gz
Extracting MNIST_data/train-labels-idx1-ubyte.gz
Extracting MNIST_data/t10k-images-idx3-ubyte.gz
Extracting MNIST_data/t10k-labels-idx1-ubyte.gz
Nodes keep percentage is :  1.0
Nodes keep percentage is :  0.95
Nodes keep percentage is :  0.8999999999999999
Nodes keep percentage is :  0.8499999999999999
Nodes keep percentage is :  0.7999999999999998
Nodes keep percentage is :  0.7499999999999998
Nodes keep percentage is :  0.6999999999999997
Nodes keep percentage is :  0.6499999999999997
Nodes keep percentage is :  0.5999999999999996
Nodes keep percentage is :  0.5499999999999996
Nodes keep percentage is :  0.49999999999999956
Nodes keep percentage is :  0.4499999999999995
Nodes keep percentage is :  0.39999999999999947
Nodes keep percentage is :  0.3499999999999994
Nodes keep percentage is :  0.2999999999999994
Nodes keep percentage is :  0.24999999999999933
Nodes keep percentage is :  0.1999999999999993
Nodes keep percentage is :  0.14999999999999925
Nodes keep percentage is :  0.0999999999999992
Nodes keep percentage is :  0.049999999999999156
