
Shape of w is  (5, 2)

w
 [[0.39971159 0.2551795 ]
 [0.55667696 0.20293796]
 [0.317701   0.45257144]
 [0.63599758 0.50876921]
 [0.67961964 0.84134546]] 

Total number of elements in the matrix is  10  and for keep percentage  0.2 , these bits will be masked  [8 3 4 1 7 0 5 9]

wf
  [0.39971159 0.2551795  0.55667696 0.20293796 0.317701   0.45257144
 0.63599758 0.50876921 0.67961964 0.84134546]

After masking 
 [0.         0.         0.55667696 0.         0.         0.
 0.63599758 0.         0.         0.        ]

junk
 [[0.         0.        ]
 [0.55667696 0.        ]
 [0.         0.        ]
 [0.63599758 0.        ]
 [0.         0.        ]]

Shape of w1 is  (5, 2)

w1 [[0.76881006 0.96664372]
 [0.32095036 0.60627798]
 [0.73004307 0.2101985 ]
 [0.40197657 0.43549059]
 [0.32140761 0.43447371]] 

Shape of w2 is  (4, 2)

w2 [[0.63295936 0.22390544]
 [0.69932019 0.779316  ]
 [0.93653557 0.34069293]
 [0.60261113 0.65649279]] 

Shape of w3 is  (2, 3)

w3 [[0.13289197 0.72842299 0.44666407]
 [0.86096349 0.59212347 0.44225175]] 

Total number of elements in the matrix is  24  and for keep percentage  0.2 , these bits will be masked  [ 8  3 15 11 19 20 23  7  6 14 21 17  4 16  9 12  0  5 18]

wf
  [0.76881006 0.96664372 0.32095036 0.60627798 0.73004307 0.2101985
 0.40197657 0.43549059 0.32140761 0.43447371 0.63295936 0.22390544
 0.69932019 0.779316   0.93653557 0.34069293 0.60261113 0.65649279
 0.13289197 0.72842299 0.44666407 0.86096349 0.59212347 0.44225175]

After masking 
 [0.         0.96664372 0.32095036 0.         0.         0.
 0.         0.         0.         0.         0.63295936 0.
 0.         0.779316   0.         0.         0.         0.
 0.         0.         0.         0.         0.59212347 0.        ]

junk1
 [[0.         0.96664372]
 [0.32095036 0.        ]
 [0.         0.        ]
 [0.         0.        ]
 [0.         0.        ]] 


junk2
 [[0.63295936 0.        ]
 [0.         0.779316  ]
 [0.         0.        ]
 [0.         0.        ]] 


junk3
 [[0.         0.         0.        ]
 [0.         0.59212347 0.        ]] 

