Extracting MNIST_data/train-images-idx3-ubyte.gz
Extracting MNIST_data/train-labels-idx1-ubyte.gz
Extracting MNIST_data/t10k-images-idx3-ubyte.gz
Extracting MNIST_data/t10k-labels-idx1-ubyte.gz
Nodes keep percentage is :  1.0
Epoch #0 cost=0.044808
Epoch #1 cost=0.045178
Epoch #2 cost=0.041374
Epoch #3 cost=0.040652
Epoch #4 cost=0.038650
Epoch #5 cost=0.038086
Epoch #6 cost=0.038490
Epoch #7 cost=0.038344
Epoch #8 cost=0.038224
Epoch #9 cost=0.038142
Epoch #0 cost=0.044832
Epoch #1 cost=0.043770
Epoch #2 cost=0.039710
Epoch #3 cost=0.038783
Epoch #4 cost=0.036750
Epoch #5 cost=0.036544
Epoch #6 cost=0.036059
Epoch #7 cost=0.036185
Epoch #8 cost=0.035763
Epoch #9 cost=0.035667
Epoch #0 cost=0.045351
Epoch #1 cost=0.042160
Epoch #2 cost=0.040873
Epoch #3 cost=0.038190
Epoch #4 cost=0.038606
Epoch #5 cost=0.037886
Epoch #6 cost=0.037411
Epoch #7 cost=0.037917
Epoch #8 cost=0.037564
Epoch #9 cost=0.037679
Epoch #0 cost=0.046285
Epoch #1 cost=0.042725
Epoch #2 cost=0.039212
Epoch #3 cost=0.038110
Epoch #4 cost=0.037696
Epoch #5 cost=0.036547
Epoch #6 cost=0.035823
Epoch #7 cost=0.035695
Epoch #8 cost=0.035666
Epoch #9 cost=0.035717
Epoch #0 cost=0.046889
Epoch #1 cost=0.045112
Epoch #2 cost=0.042863
Epoch #3 cost=0.040119
Epoch #4 cost=0.038113
Epoch #5 cost=0.037670
Epoch #6 cost=0.037184
Epoch #7 cost=0.037112
Epoch #8 cost=0.037052
Epoch #9 cost=0.037122
Epoch #0 cost=0.046891
Epoch #1 cost=0.044025
Epoch #2 cost=0.041617
Epoch #3 cost=0.039629
Epoch #4 cost=0.037559
Epoch #5 cost=0.036628
Epoch #6 cost=0.036780
Epoch #7 cost=0.035962
Epoch #8 cost=0.036069
Epoch #9 cost=0.035889
Epoch #0 cost=0.047783
Epoch #1 cost=0.041132
Epoch #2 cost=0.040003
Epoch #3 cost=0.038172
Epoch #4 cost=0.036506
Epoch #5 cost=0.036160
Epoch #6 cost=0.036165
Epoch #7 cost=0.036079
Epoch #8 cost=0.036170
Epoch #9 cost=0.036263
Epoch #0 cost=0.048240
Epoch #1 cost=0.042321
Epoch #2 cost=0.039149
Epoch #3 cost=0.039341
Epoch #4 cost=0.038659
Epoch #5 cost=0.036750
Epoch #6 cost=0.036582
Epoch #7 cost=0.036288
Epoch #8 cost=0.035915
Epoch #9 cost=0.035704
Epoch #0 cost=0.046634
Epoch #1 cost=0.042484
Epoch #2 cost=0.039123
Epoch #3 cost=0.037731
Epoch #4 cost=0.036241
Epoch #5 cost=0.036239
Epoch #6 cost=0.035852
Epoch #7 cost=0.036035
Epoch #8 cost=0.035871
Epoch #9 cost=0.035850
Epoch #0 cost=0.002992
Epoch #1 cost=0.002665
Epoch #2 cost=0.001917
Epoch #3 cost=0.001536
Epoch #4 cost=0.001216
Epoch #5 cost=0.000984
Epoch #6 cost=0.000852
Epoch #7 cost=0.000798
Epoch #8 cost=0.000741
Epoch #9 cost=0.000695
Nodes keep percentage is :  0.95
Epoch #0 cost=0.045503
Epoch #1 cost=0.043599
Epoch #2 cost=0.040969
Epoch #3 cost=0.039433
Epoch #4 cost=0.038243
Epoch #5 cost=0.037847
Epoch #6 cost=0.037681
Epoch #7 cost=0.037500
Epoch #8 cost=0.037261
Epoch #9 cost=0.037273
Epoch #0 cost=0.043706
Epoch #1 cost=0.043288
Epoch #2 cost=0.040577
Epoch #3 cost=0.039259
Epoch #4 cost=0.038538
Epoch #5 cost=0.038361
Epoch #6 cost=0.038007
Epoch #7 cost=0.037801
Epoch #8 cost=0.037733
Epoch #9 cost=0.037671
Epoch #0 cost=0.047981
Epoch #1 cost=0.046372
Epoch #2 cost=0.042352
Epoch #3 cost=0.039993
Epoch #4 cost=0.039221
Epoch #5 cost=0.038501
Epoch #6 cost=0.038211
Epoch #7 cost=0.038439
Epoch #8 cost=0.038165
Epoch #9 cost=0.038135
Epoch #0 cost=0.043564
Epoch #1 cost=0.042999
Epoch #2 cost=0.040141
Epoch #3 cost=0.038554
Epoch #4 cost=0.037675
Epoch #5 cost=0.037519
Epoch #6 cost=0.037522
Epoch #7 cost=0.037291
Epoch #8 cost=0.037168
Epoch #9 cost=0.037328
Epoch #0 cost=0.045067
Epoch #1 cost=0.043414
Epoch #2 cost=0.040679
Epoch #3 cost=0.039155
Epoch #4 cost=0.038755
Epoch #5 cost=0.038369
Epoch #6 cost=0.038296
Epoch #7 cost=0.038210
Epoch #8 cost=0.038488
Epoch #9 cost=0.038525
Epoch #0 cost=0.045908
Epoch #1 cost=0.045050
Epoch #2 cost=0.042842
Epoch #3 cost=0.040035
Epoch #4 cost=0.039186
Epoch #5 cost=0.038450
Epoch #6 cost=0.038293
Epoch #7 cost=0.038148
Epoch #8 cost=0.037997
Epoch #9 cost=0.037581
Epoch #0 cost=0.046773
Epoch #1 cost=0.045464
Epoch #2 cost=0.041121
Epoch #3 cost=0.039993
Epoch #4 cost=0.038744
Epoch #5 cost=0.038362
Epoch #6 cost=0.038113
Epoch #7 cost=0.037976
Epoch #8 cost=0.037950
Epoch #9 cost=0.037930
Epoch #0 cost=0.046337
Epoch #1 cost=0.042978
Epoch #2 cost=0.042156
Epoch #3 cost=0.039963
Epoch #4 cost=0.039390
Epoch #5 cost=0.039128
Epoch #6 cost=0.038582
Epoch #7 cost=0.038742
Epoch #8 cost=0.038383
Epoch #9 cost=0.038208
Epoch #0 cost=0.044250
Epoch #1 cost=0.041868
Epoch #2 cost=0.040869
Epoch #3 cost=0.039550
Epoch #4 cost=0.038541
Epoch #5 cost=0.038144
Epoch #6 cost=0.038046
Epoch #7 cost=0.038073
Epoch #8 cost=0.037904
Epoch #9 cost=0.038195
Epoch #0 cost=0.008127
Epoch #1 cost=0.004470
Epoch #2 cost=0.003641
Epoch #3 cost=0.003196
Epoch #4 cost=0.002767
Epoch #5 cost=0.002597
Epoch #6 cost=0.002403
Epoch #7 cost=0.002185
Epoch #8 cost=0.001984
Epoch #9 cost=0.001789
Nodes keep percentage is :  0.8999999999999999
Epoch #0 cost=0.068964
Epoch #1 cost=0.057247
Epoch #2 cost=0.053846
Epoch #3 cost=0.049675
Epoch #4 cost=0.047132
Epoch #5 cost=0.044963
Epoch #6 cost=0.043718
Epoch #7 cost=0.042580
Epoch #8 cost=0.041923
Epoch #9 cost=0.041176
Epoch #0 cost=0.073125
Epoch #1 cost=0.061857
Epoch #2 cost=0.055612
Epoch #3 cost=0.049587
Epoch #4 cost=0.048372
Epoch #5 cost=0.045003
Epoch #6 cost=0.044154
Epoch #7 cost=0.043499
Epoch #8 cost=0.042918
Epoch #9 cost=0.042301
Epoch #0 cost=0.069869
Epoch #1 cost=0.055269
Epoch #2 cost=0.057055
Epoch #3 cost=0.048347
Epoch #4 cost=0.046572
Epoch #5 cost=0.044081
Epoch #6 cost=0.044231
Epoch #7 cost=0.043694
Epoch #8 cost=0.043256
Epoch #9 cost=0.042818
Epoch #0 cost=0.072206
Epoch #1 cost=0.060358
Epoch #2 cost=0.054252
Epoch #3 cost=0.048562
Epoch #4 cost=0.046437
Epoch #5 cost=0.045226
Epoch #6 cost=0.043577
Epoch #7 cost=0.043035
Epoch #8 cost=0.041734
Epoch #9 cost=0.040901
Epoch #0 cost=0.072010
Epoch #1 cost=0.059148
Epoch #2 cost=0.055580
Epoch #3 cost=0.048387
Epoch #4 cost=0.047493
Epoch #5 cost=0.044112
Epoch #6 cost=0.043833
Epoch #7 cost=0.042757
Epoch #8 cost=0.042557
Epoch #9 cost=0.041707
Epoch #0 cost=0.072812
Epoch #1 cost=0.063103
Epoch #2 cost=0.053242
Epoch #3 cost=0.049058
Epoch #4 cost=0.045087
Epoch #5 cost=0.043806
Epoch #6 cost=0.043104
Epoch #7 cost=0.042479
Epoch #8 cost=0.041507
Epoch #9 cost=0.041206
Epoch #0 cost=0.068102
Epoch #1 cost=0.055057
Epoch #2 cost=0.050647
Epoch #3 cost=0.049699
Epoch #4 cost=0.044105
Epoch #5 cost=0.042843
Epoch #6 cost=0.041798
Epoch #7 cost=0.041168
Epoch #8 cost=0.040682
Epoch #9 cost=0.040476
Epoch #0 cost=0.069854
Epoch #1 cost=0.059276
Epoch #2 cost=0.052498
Epoch #3 cost=0.050324
Epoch #4 cost=0.047671
Epoch #5 cost=0.045601
Epoch #6 cost=0.044666
Epoch #7 cost=0.043238
Epoch #8 cost=0.042248
Epoch #9 cost=0.041585
Epoch #0 cost=0.070810
Epoch #1 cost=0.066107
Epoch #2 cost=0.050359
Epoch #3 cost=0.047923
Epoch #4 cost=0.047332
Epoch #5 cost=0.045113
Epoch #6 cost=0.043329
Epoch #7 cost=0.042538
Epoch #8 cost=0.041841
Epoch #9 cost=0.041633
Epoch #0 cost=0.021956
Epoch #1 cost=0.015879
Epoch #2 cost=0.014356
Epoch #3 cost=0.012143
Epoch #4 cost=0.010288
Epoch #5 cost=0.009765
Epoch #6 cost=0.009302
Epoch #7 cost=0.008193
Epoch #8 cost=0.007039
Epoch #9 cost=0.006038
Nodes keep percentage is :  0.8499999999999999
Epoch #0 cost=0.091997
Epoch #1 cost=0.083208
Epoch #2 cost=0.074428
Epoch #3 cost=0.066729
Epoch #4 cost=0.063492
Epoch #5 cost=0.059892
Epoch #6 cost=0.056734
Epoch #7 cost=0.053687
Epoch #8 cost=0.051474
Epoch #9 cost=0.050631
Epoch #0 cost=0.089009
Epoch #1 cost=0.081185
Epoch #2 cost=0.074895
Epoch #3 cost=0.069774
Epoch #4 cost=0.064779
Epoch #5 cost=0.060242
Epoch #6 cost=0.057557
Epoch #7 cost=0.054574
Epoch #8 cost=0.051753
Epoch #9 cost=0.050117
Epoch #0 cost=0.089459
Epoch #1 cost=0.079528
Epoch #2 cost=0.072955
Epoch #3 cost=0.067728
Epoch #4 cost=0.064607
Epoch #5 cost=0.061528
Epoch #6 cost=0.059132
Epoch #7 cost=0.055402
Epoch #8 cost=0.052567
Epoch #9 cost=0.050363
Epoch #0 cost=0.089892
Epoch #1 cost=0.080564
Epoch #2 cost=0.075817
Epoch #3 cost=0.069100
Epoch #4 cost=0.063175
Epoch #5 cost=0.057087
Epoch #6 cost=0.052222
Epoch #7 cost=0.049310
Epoch #8 cost=0.048473
Epoch #9 cost=0.048241
Epoch #0 cost=0.090237
Epoch #1 cost=0.082670
Epoch #2 cost=0.074064
Epoch #3 cost=0.068558
Epoch #4 cost=0.065649
Epoch #5 cost=0.062883
Epoch #6 cost=0.059414
Epoch #7 cost=0.055357
Epoch #8 cost=0.051851
Epoch #9 cost=0.049542
Epoch #0 cost=0.088589
Epoch #1 cost=0.080739
Epoch #2 cost=0.073591
Epoch #3 cost=0.069271
Epoch #4 cost=0.065703
Epoch #5 cost=0.063075
Epoch #6 cost=0.059150
Epoch #7 cost=0.056665
Epoch #8 cost=0.053538
Epoch #9 cost=0.052105
Epoch #0 cost=0.092176
Epoch #1 cost=0.086365
Epoch #2 cost=0.077850
Epoch #3 cost=0.070617
Epoch #4 cost=0.066843
Epoch #5 cost=0.061511
Epoch #6 cost=0.054938
Epoch #7 cost=0.052099
Epoch #8 cost=0.048908
Epoch #9 cost=0.047780
Epoch #0 cost=0.091831
Epoch #1 cost=0.084774
Epoch #2 cost=0.076915
Epoch #3 cost=0.068834
Epoch #4 cost=0.064685
Epoch #5 cost=0.060774
Epoch #6 cost=0.056087
Epoch #7 cost=0.053795
Epoch #8 cost=0.052844
Epoch #9 cost=0.051774
Epoch #0 cost=0.091224
Epoch #1 cost=0.081728
Epoch #2 cost=0.074029
Epoch #3 cost=0.067494
Epoch #4 cost=0.064912
Epoch #5 cost=0.059883
Epoch #6 cost=0.056591
Epoch #7 cost=0.054548
Epoch #8 cost=0.052683
Epoch #9 cost=0.050593
Epoch #0 cost=0.058982
Epoch #1 cost=0.032277
Epoch #2 cost=0.021643
Epoch #3 cost=0.016203
Epoch #4 cost=0.012872
Epoch #5 cost=0.010438
Epoch #6 cost=0.009004
Epoch #7 cost=0.007077
Epoch #8 cost=0.005616
Epoch #9 cost=0.004624
Nodes keep percentage is :  0.7999999999999998
Epoch #0 cost=0.090776
Epoch #1 cost=0.072416
Epoch #2 cost=0.063413
Epoch #3 cost=0.059433
Epoch #4 cost=0.058750
Epoch #5 cost=0.056836
Epoch #6 cost=0.054624
Epoch #7 cost=0.052336
Epoch #8 cost=0.051025
Epoch #9 cost=0.049962
Epoch #0 cost=0.094517
Epoch #1 cost=0.072050
Epoch #2 cost=0.063318
Epoch #3 cost=0.058916
Epoch #4 cost=0.059117
Epoch #5 cost=0.055730
Epoch #6 cost=0.053965
Epoch #7 cost=0.052001
Epoch #8 cost=0.051174
Epoch #9 cost=0.049643
Epoch #0 cost=0.090573
Epoch #1 cost=0.071957
Epoch #2 cost=0.063537
Epoch #3 cost=0.059830
Epoch #4 cost=0.058363
Epoch #5 cost=0.056478
Epoch #6 cost=0.055003
Epoch #7 cost=0.052822
Epoch #8 cost=0.051635
Epoch #9 cost=0.050295
Epoch #0 cost=0.091701
Epoch #1 cost=0.070351
Epoch #2 cost=0.062125
Epoch #3 cost=0.061056
Epoch #4 cost=0.060551
Epoch #5 cost=0.057174
Epoch #6 cost=0.055802
Epoch #7 cost=0.053728
Epoch #8 cost=0.052581
Epoch #9 cost=0.049981
Epoch #0 cost=0.091644
Epoch #1 cost=0.070518
Epoch #2 cost=0.064117
Epoch #3 cost=0.062078
Epoch #4 cost=0.061164
Epoch #5 cost=0.058927
Epoch #6 cost=0.057393
Epoch #7 cost=0.055451
Epoch #8 cost=0.053614
Epoch #9 cost=0.052143
Epoch #0 cost=0.094297
Epoch #1 cost=0.071702
Epoch #2 cost=0.061323
Epoch #3 cost=0.057851
Epoch #4 cost=0.055996
Epoch #5 cost=0.054371
Epoch #6 cost=0.051785
Epoch #7 cost=0.050703
Epoch #8 cost=0.049114
Epoch #9 cost=0.048629
Epoch #0 cost=0.092836
Epoch #1 cost=0.072265
Epoch #2 cost=0.065190
Epoch #3 cost=0.060055
Epoch #4 cost=0.057688
Epoch #5 cost=0.054089
Epoch #6 cost=0.051983
Epoch #7 cost=0.050842
Epoch #8 cost=0.049827
Epoch #9 cost=0.049722
Epoch #0 cost=0.094211
Epoch #1 cost=0.077154
Epoch #2 cost=0.067844
Epoch #3 cost=0.064817
Epoch #4 cost=0.062777
Epoch #5 cost=0.060420
Epoch #6 cost=0.058186
Epoch #7 cost=0.056396
Epoch #8 cost=0.053867
Epoch #9 cost=0.052710
Epoch #0 cost=0.090253
Epoch #1 cost=0.067412
Epoch #2 cost=0.059947
Epoch #3 cost=0.056938
Epoch #4 cost=0.055168
Epoch #5 cost=0.053223
Epoch #6 cost=0.051424
Epoch #7 cost=0.050449
Epoch #8 cost=0.049177
Epoch #9 cost=0.047978
Epoch #0 cost=0.053918
Epoch #1 cost=0.034954
Epoch #2 cost=0.027749
Epoch #3 cost=0.019876
Epoch #4 cost=0.012685
Epoch #5 cost=0.010906
Epoch #6 cost=0.008649
Epoch #7 cost=0.007467
Epoch #8 cost=0.008053
Epoch #9 cost=0.006426
Nodes keep percentage is :  0.7499999999999998
Epoch #0 cost=0.149157
Epoch #1 cost=0.123562
Epoch #2 cost=0.110268
Epoch #3 cost=0.102142
Epoch #4 cost=0.093870
Epoch #5 cost=0.087055
Epoch #6 cost=0.081097
Epoch #7 cost=0.075145
Epoch #8 cost=0.070989
Epoch #9 cost=0.066955
Epoch #0 cost=0.151861
Epoch #1 cost=0.121596
Epoch #2 cost=0.107171
Epoch #3 cost=0.097965
Epoch #4 cost=0.088701
Epoch #5 cost=0.082707
Epoch #6 cost=0.076270
Epoch #7 cost=0.072131
Epoch #8 cost=0.068866
Epoch #9 cost=0.064686
Epoch #0 cost=0.151417
Epoch #1 cost=0.121699
Epoch #2 cost=0.108370
Epoch #3 cost=0.098561
Epoch #4 cost=0.092692
Epoch #5 cost=0.086460
Epoch #6 cost=0.082874
Epoch #7 cost=0.077608
Epoch #8 cost=0.073233
Epoch #9 cost=0.069625
Epoch #0 cost=0.149272
Epoch #1 cost=0.120813
Epoch #2 cost=0.108614
Epoch #3 cost=0.099636
Epoch #4 cost=0.089598
Epoch #5 cost=0.081783
Epoch #6 cost=0.075300
Epoch #7 cost=0.070913
Epoch #8 cost=0.067792
Epoch #9 cost=0.063771
Epoch #0 cost=0.148985
Epoch #1 cost=0.118548
Epoch #2 cost=0.109558
Epoch #3 cost=0.100845
Epoch #4 cost=0.090446
Epoch #5 cost=0.083833
Epoch #6 cost=0.079345
Epoch #7 cost=0.075287
Epoch #8 cost=0.072437
Epoch #9 cost=0.070329
Epoch #0 cost=0.150452
Epoch #1 cost=0.119381
Epoch #2 cost=0.109285
Epoch #3 cost=0.099081
Epoch #4 cost=0.094805
Epoch #5 cost=0.088341
Epoch #6 cost=0.082777
Epoch #7 cost=0.077262
Epoch #8 cost=0.073211
Epoch #9 cost=0.069401
Epoch #0 cost=0.150982
Epoch #1 cost=0.120829
Epoch #2 cost=0.111076
Epoch #3 cost=0.102826
Epoch #4 cost=0.095098
Epoch #5 cost=0.088897
Epoch #6 cost=0.084076
Epoch #7 cost=0.079296
Epoch #8 cost=0.074890
Epoch #9 cost=0.070838
Epoch #0 cost=0.151699
Epoch #1 cost=0.125028
Epoch #2 cost=0.111996
Epoch #3 cost=0.103820
Epoch #4 cost=0.095424
Epoch #5 cost=0.087612
Epoch #6 cost=0.081329
Epoch #7 cost=0.075137
Epoch #8 cost=0.071308
Epoch #9 cost=0.067771
Epoch #0 cost=0.146318
Epoch #1 cost=0.117431
Epoch #2 cost=0.101640
Epoch #3 cost=0.092999
Epoch #4 cost=0.086282
Epoch #5 cost=0.080598
Epoch #6 cost=0.074954
Epoch #7 cost=0.070190
Epoch #8 cost=0.066830
Epoch #9 cost=0.064604
Epoch #0 cost=0.130008
Epoch #1 cost=0.076331
Epoch #2 cost=0.054791
Epoch #3 cost=0.041341
Epoch #4 cost=0.034332
Epoch #5 cost=0.029886
Epoch #6 cost=0.026826
Epoch #7 cost=0.023700
Epoch #8 cost=0.021415
Epoch #9 cost=0.019789
Nodes keep percentage is :  0.6999999999999997
Epoch #0 cost=0.136855
Epoch #1 cost=0.111980
Epoch #2 cost=0.102364
Epoch #3 cost=0.091716
Epoch #4 cost=0.084284
Epoch #5 cost=0.079101
Epoch #6 cost=0.075216
Epoch #7 cost=0.073117
Epoch #8 cost=0.070980
Epoch #9 cost=0.068733
Epoch #0 cost=0.137431
Epoch #1 cost=0.108977
Epoch #2 cost=0.099216
Epoch #3 cost=0.088992
Epoch #4 cost=0.082434
Epoch #5 cost=0.077889
Epoch #6 cost=0.074646
Epoch #7 cost=0.071600
Epoch #8 cost=0.069669
Epoch #9 cost=0.068234
Epoch #0 cost=0.137411
Epoch #1 cost=0.111036
Epoch #2 cost=0.100215
Epoch #3 cost=0.089913
Epoch #4 cost=0.081996
Epoch #5 cost=0.077340
Epoch #6 cost=0.074515
Epoch #7 cost=0.071890
Epoch #8 cost=0.069979
Epoch #9 cost=0.068388
Epoch #0 cost=0.135737
Epoch #1 cost=0.109050
Epoch #2 cost=0.097943
Epoch #3 cost=0.088277
Epoch #4 cost=0.080998
Epoch #5 cost=0.077101
Epoch #6 cost=0.075403
Epoch #7 cost=0.071616
Epoch #8 cost=0.070048
Epoch #9 cost=0.068633
Epoch #0 cost=0.138133
Epoch #1 cost=0.111587
Epoch #2 cost=0.099770
Epoch #3 cost=0.089712
Epoch #4 cost=0.082825
Epoch #5 cost=0.078997
Epoch #6 cost=0.074743
Epoch #7 cost=0.072141
Epoch #8 cost=0.070036
Epoch #9 cost=0.068086
Epoch #0 cost=0.135684
Epoch #1 cost=0.109199
Epoch #2 cost=0.096994
Epoch #3 cost=0.087755
Epoch #4 cost=0.080611
Epoch #5 cost=0.077345
Epoch #6 cost=0.074406
Epoch #7 cost=0.072688
Epoch #8 cost=0.070039
Epoch #9 cost=0.067373
Epoch #0 cost=0.136245
Epoch #1 cost=0.110394
Epoch #2 cost=0.101368
Epoch #3 cost=0.090551
Epoch #4 cost=0.082278
Epoch #5 cost=0.077532
Epoch #6 cost=0.074815
Epoch #7 cost=0.072197
Epoch #8 cost=0.071618
Epoch #9 cost=0.069728
Epoch #0 cost=0.138697
Epoch #1 cost=0.114691
Epoch #2 cost=0.102348
Epoch #3 cost=0.091718
Epoch #4 cost=0.083915
Epoch #5 cost=0.079218
Epoch #6 cost=0.075155
Epoch #7 cost=0.072325
Epoch #8 cost=0.070014
Epoch #9 cost=0.068090
Epoch #0 cost=0.136744
Epoch #1 cost=0.106847
Epoch #2 cost=0.095356
Epoch #3 cost=0.084888
Epoch #4 cost=0.079488
Epoch #5 cost=0.074854
Epoch #6 cost=0.072058
Epoch #7 cost=0.069970
Epoch #8 cost=0.068692
Epoch #9 cost=0.067145
Epoch #0 cost=0.166081
Epoch #1 cost=0.098603
Epoch #2 cost=0.068726
Epoch #3 cost=0.052308
Epoch #4 cost=0.038794
Epoch #5 cost=0.029458
Epoch #6 cost=0.024357
Epoch #7 cost=0.019558
Epoch #8 cost=0.016619
Epoch #9 cost=0.014746
Nodes keep percentage is :  0.6499999999999997
Epoch #0 cost=0.197780
Epoch #1 cost=0.154391
Epoch #2 cost=0.142698
Epoch #3 cost=0.129136
Epoch #4 cost=0.120112
Epoch #5 cost=0.111763
Epoch #6 cost=0.105959
Epoch #7 cost=0.099224
Epoch #8 cost=0.095317
Epoch #9 cost=0.089523
Epoch #0 cost=0.198074
Epoch #1 cost=0.155279
Epoch #2 cost=0.143033
Epoch #3 cost=0.130860
Epoch #4 cost=0.118781
Epoch #5 cost=0.109991
Epoch #6 cost=0.102157
Epoch #7 cost=0.095009
Epoch #8 cost=0.089136
Epoch #9 cost=0.084142
Epoch #0 cost=0.196483
Epoch #1 cost=0.158211
Epoch #2 cost=0.146600
Epoch #3 cost=0.131248
Epoch #4 cost=0.122153
Epoch #5 cost=0.112013
Epoch #6 cost=0.105835
Epoch #7 cost=0.099011
Epoch #8 cost=0.093603
Epoch #9 cost=0.088055
Epoch #0 cost=0.197150
Epoch #1 cost=0.154827
Epoch #2 cost=0.146524
Epoch #3 cost=0.131682
Epoch #4 cost=0.120042
Epoch #5 cost=0.109606
Epoch #6 cost=0.100173
Epoch #7 cost=0.093954
Epoch #8 cost=0.088474
Epoch #9 cost=0.081647
Epoch #0 cost=0.198462
Epoch #1 cost=0.154872
Epoch #2 cost=0.139377
Epoch #3 cost=0.128195
Epoch #4 cost=0.121576
Epoch #5 cost=0.111384
Epoch #6 cost=0.103944
Epoch #7 cost=0.098373
Epoch #8 cost=0.091123
Epoch #9 cost=0.085603
Epoch #0 cost=0.198540
Epoch #1 cost=0.157532
Epoch #2 cost=0.143778
Epoch #3 cost=0.134463
Epoch #4 cost=0.121608
Epoch #5 cost=0.113715
Epoch #6 cost=0.104747
Epoch #7 cost=0.098576
Epoch #8 cost=0.093779
Epoch #9 cost=0.089216
Epoch #0 cost=0.195531
Epoch #1 cost=0.150627
Epoch #2 cost=0.137494
Epoch #3 cost=0.126248
Epoch #4 cost=0.114904
Epoch #5 cost=0.106711
Epoch #6 cost=0.099029
Epoch #7 cost=0.091672
Epoch #8 cost=0.084987
Epoch #9 cost=0.080161
Epoch #0 cost=0.197928
Epoch #1 cost=0.159585
Epoch #2 cost=0.149502
Epoch #3 cost=0.136900
Epoch #4 cost=0.126283
Epoch #5 cost=0.117401
Epoch #6 cost=0.111459
Epoch #7 cost=0.103270
Epoch #8 cost=0.096825
Epoch #9 cost=0.091337
Epoch #0 cost=0.190863
Epoch #1 cost=0.148645
Epoch #2 cost=0.139277
Epoch #3 cost=0.123979
Epoch #4 cost=0.114199
Epoch #5 cost=0.106369
Epoch #6 cost=0.100181
Epoch #7 cost=0.093400
Epoch #8 cost=0.085422
Epoch #9 cost=0.079966
Epoch #0 cost=0.205185
Epoch #1 cost=0.113906
Epoch #2 cost=0.086420
Epoch #3 cost=0.065363
Epoch #4 cost=0.053699
Epoch #5 cost=0.044573
Epoch #6 cost=0.036886
Epoch #7 cost=0.031142
Epoch #8 cost=0.029500
Epoch #9 cost=0.023218
Nodes keep percentage is :  0.5999999999999996
Epoch #0 cost=0.401895
Epoch #1 cost=0.206381
Epoch #2 cost=0.185300
Epoch #3 cost=0.165665
Epoch #4 cost=0.155174
Epoch #5 cost=0.149140
Epoch #6 cost=0.141289
Epoch #7 cost=0.133994
Epoch #8 cost=0.125150
Epoch #9 cost=0.113712
Epoch #0 cost=0.570444
Epoch #1 cost=0.209458
Epoch #2 cost=0.182163
Epoch #3 cost=0.161484
Epoch #4 cost=0.151818
Epoch #5 cost=0.139584
Epoch #6 cost=0.130013
Epoch #7 cost=0.121991
Epoch #8 cost=0.110313
Epoch #9 cost=0.101655
Epoch #0 cost=0.398550
Epoch #1 cost=0.213159
Epoch #2 cost=0.187367
Epoch #3 cost=0.168931
Epoch #4 cost=0.156319
Epoch #5 cost=0.143579
Epoch #6 cost=0.130913
Epoch #7 cost=0.120449
Epoch #8 cost=0.108761
Epoch #9 cost=0.101954
Epoch #0 cost=1.114117
Epoch #1 cost=0.215469
Epoch #2 cost=0.190327
Epoch #3 cost=0.167656
Epoch #4 cost=0.158504
Epoch #5 cost=0.146566
Epoch #6 cost=0.134977
Epoch #7 cost=0.125986
Epoch #8 cost=0.115012
Epoch #9 cost=0.103986
Epoch #0 cost=0.430316
Epoch #1 cost=0.214243
Epoch #2 cost=0.182090
Epoch #3 cost=0.162403
Epoch #4 cost=0.152365
Epoch #5 cost=0.145433
Epoch #6 cost=0.135348
Epoch #7 cost=0.125422
Epoch #8 cost=0.111903
Epoch #9 cost=0.105692
Epoch #0 cost=1.236264
Epoch #1 cost=0.214841
Epoch #2 cost=0.190561
Epoch #3 cost=0.170150
Epoch #4 cost=0.157688
Epoch #5 cost=0.148022
Epoch #6 cost=0.139618
Epoch #7 cost=0.127812
Epoch #8 cost=0.115830
Epoch #9 cost=0.105331
Epoch #0 cost=1.126966
Epoch #1 cost=0.208733
Epoch #2 cost=0.179184
Epoch #3 cost=0.162542
Epoch #4 cost=0.154962
Epoch #5 cost=0.145196
Epoch #6 cost=0.139254
Epoch #7 cost=0.130114
Epoch #8 cost=0.121804
Epoch #9 cost=0.112320
Epoch #0 cost=0.526020
Epoch #1 cost=0.218918
Epoch #2 cost=0.180971
Epoch #3 cost=0.155682
Epoch #4 cost=0.144729
Epoch #5 cost=0.135625
Epoch #6 cost=0.124117
Epoch #7 cost=0.111622
Epoch #8 cost=0.106069
Epoch #9 cost=0.100788
Epoch #0 cost=0.390091
Epoch #1 cost=0.205254
Epoch #2 cost=0.173241
Epoch #3 cost=0.157050
Epoch #4 cost=0.146693
Epoch #5 cost=0.136064
Epoch #6 cost=0.127840
Epoch #7 cost=0.118879
Epoch #8 cost=0.106449
Epoch #9 cost=0.096210
Epoch #0 cost=0.511313
Epoch #1 cost=0.141724
Epoch #2 cost=0.099170
Epoch #3 cost=0.081544
Epoch #4 cost=0.068041
Epoch #5 cost=0.054678
Epoch #6 cost=0.044043
Epoch #7 cost=0.035611
Epoch #8 cost=0.026768
Epoch #9 cost=0.024890
Nodes keep percentage is :  0.5499999999999996
Epoch #0 cost=0.759634
Epoch #1 cost=0.271647
Epoch #2 cost=0.191178
Epoch #3 cost=0.174009
Epoch #4 cost=0.165933
Epoch #5 cost=0.155845
Epoch #6 cost=0.150918
Epoch #7 cost=0.148866
Epoch #8 cost=0.145712
Epoch #9 cost=0.140572
Epoch #0 cost=0.793041
Epoch #1 cost=0.260448
Epoch #2 cost=0.186787
Epoch #3 cost=0.172044
Epoch #4 cost=0.163388
Epoch #5 cost=0.155149
Epoch #6 cost=0.151196
Epoch #7 cost=0.145914
Epoch #8 cost=0.140997
Epoch #9 cost=0.136056
Epoch #0 cost=0.816459
Epoch #1 cost=0.258774
Epoch #2 cost=0.189397
Epoch #3 cost=0.170134
Epoch #4 cost=0.163533
Epoch #5 cost=0.153357
Epoch #6 cost=0.148000
Epoch #7 cost=0.143128
Epoch #8 cost=0.140006
Epoch #9 cost=0.133184
Epoch #0 cost=0.819602
Epoch #1 cost=0.367513
Epoch #2 cost=0.191845
Epoch #3 cost=0.174822
Epoch #4 cost=0.165076
Epoch #5 cost=0.159379
Epoch #6 cost=0.151973
Epoch #7 cost=0.149366
Epoch #8 cost=0.146152
Epoch #9 cost=0.145530
Epoch #0 cost=0.867516
Epoch #1 cost=0.256229
Epoch #2 cost=0.192522
Epoch #3 cost=0.173951
Epoch #4 cost=0.157934
Epoch #5 cost=0.150719
Epoch #6 cost=0.149034
Epoch #7 cost=0.143317
Epoch #8 cost=0.140268
Epoch #9 cost=0.137895
Epoch #0 cost=0.837687
Epoch #1 cost=0.254050
Epoch #2 cost=0.191817
Epoch #3 cost=0.182536
Epoch #4 cost=0.164359
Epoch #5 cost=0.156985
Epoch #6 cost=0.148835
Epoch #7 cost=0.143036
Epoch #8 cost=0.138225
Epoch #9 cost=0.136517
Epoch #0 cost=0.836836
Epoch #1 cost=0.243918
Epoch #2 cost=0.185365
Epoch #3 cost=0.172345
Epoch #4 cost=0.160186
Epoch #5 cost=0.151408
Epoch #6 cost=0.142839
Epoch #7 cost=0.135604
Epoch #8 cost=0.131637
Epoch #9 cost=0.128421
Epoch #0 cost=0.902234
Epoch #1 cost=0.256756
Epoch #2 cost=0.194568
Epoch #3 cost=0.176475
Epoch #4 cost=0.172303
Epoch #5 cost=0.163973
Epoch #6 cost=0.150455
Epoch #7 cost=0.143775
Epoch #8 cost=0.141465
Epoch #9 cost=0.132403
Epoch #0 cost=1.188627
Epoch #1 cost=0.243321
Epoch #2 cost=0.184992
Epoch #3 cost=0.167691
Epoch #4 cost=0.160653
Epoch #5 cost=0.154087
Epoch #6 cost=0.149238
Epoch #7 cost=0.148135
Epoch #8 cost=0.143754
Epoch #9 cost=0.139289
Epoch #0 cost=0.880878
Epoch #1 cost=0.273651
Epoch #2 cost=0.190201
Epoch #3 cost=0.152614
Epoch #4 cost=0.111583
Epoch #5 cost=0.091591
Epoch #6 cost=0.069471
Epoch #7 cost=0.051854
Epoch #8 cost=0.039434
Epoch #9 cost=0.032220
Nodes keep percentage is :  0.49999999999999956
Epoch #0 cost=2.130314
Epoch #1 cost=0.533087
Epoch #2 cost=0.297139
Epoch #3 cost=0.237849
Epoch #4 cost=0.210745
Epoch #5 cost=0.253870
Epoch #6 cost=0.174454
Epoch #7 cost=0.169308
Epoch #8 cost=0.166631
Epoch #9 cost=0.166526
Epoch #0 cost=2.128891
Epoch #1 cost=0.608770
Epoch #2 cost=0.470906
Epoch #3 cost=0.239963
Epoch #4 cost=0.211738
Epoch #5 cost=0.188456
Epoch #6 cost=0.187600
Epoch #7 cost=0.182389
Epoch #8 cost=0.177472
Epoch #9 cost=0.176367
Epoch #0 cost=2.139014
Epoch #1 cost=0.639808
Epoch #2 cost=0.307333
Epoch #3 cost=0.242460
Epoch #4 cost=0.215358
Epoch #5 cost=0.257885
Epoch #6 cost=0.187349
Epoch #7 cost=0.177654
Epoch #8 cost=0.172567
Epoch #9 cost=0.171143
Epoch #0 cost=2.129976
Epoch #1 cost=0.525636
Epoch #2 cost=0.299324
Epoch #3 cost=0.239421
Epoch #4 cost=0.213823
Epoch #5 cost=0.200753
Epoch #6 cost=0.254761
Epoch #7 cost=0.176540
Epoch #8 cost=0.174064
Epoch #9 cost=0.172026
Epoch #0 cost=2.124301
Epoch #1 cost=0.577027
Epoch #2 cost=0.520784
Epoch #3 cost=0.244061
Epoch #4 cost=0.210987
Epoch #5 cost=0.200670
Epoch #6 cost=0.194266
Epoch #7 cost=0.182230
Epoch #8 cost=0.178993
Epoch #9 cost=0.178119
Epoch #0 cost=2.190603
Epoch #1 cost=0.553571
Epoch #2 cost=0.292610
Epoch #3 cost=3.888154
Epoch #4 cost=0.217777
Epoch #5 cost=0.196977
Epoch #6 cost=0.189910
Epoch #7 cost=0.179169
Epoch #8 cost=0.176463
Epoch #9 cost=0.176768
Epoch #0 cost=2.186637
Epoch #1 cost=0.566599
Epoch #2 cost=0.297228
Epoch #3 cost=0.242265
Epoch #4 cost=0.211596
Epoch #5 cost=0.190369
Epoch #6 cost=0.221738
Epoch #7 cost=0.171154
Epoch #8 cost=0.168377
Epoch #9 cost=0.166828
Epoch #0 cost=2.207154
Epoch #1 cost=0.583538
Epoch #2 cost=0.296347
Epoch #3 cost=0.239528
Epoch #4 cost=0.228581
Epoch #5 cost=0.206409
Epoch #6 cost=0.191815
Epoch #7 cost=0.183875
Epoch #8 cost=0.181455
Epoch #9 cost=0.177636
Epoch #0 cost=2.217388
Epoch #1 cost=0.583936
Epoch #2 cost=0.294581
Epoch #3 cost=0.241864
Epoch #4 cost=0.219213
Epoch #5 cost=0.204660
Epoch #6 cost=0.221742
Epoch #7 cost=0.179399
Epoch #8 cost=0.172905
Epoch #9 cost=0.168075
Epoch #0 cost=2.202641
Epoch #1 cost=0.603543
Epoch #2 cost=0.379345
Epoch #3 cost=0.237183
Epoch #4 cost=0.164571
Epoch #5 cost=0.112221
Epoch #6 cost=0.083159
Epoch #7 cost=0.067584
Epoch #8 cost=0.051504
Epoch #9 cost=0.044987
Nodes keep percentage is :  0.4499999999999995
Epoch #0 cost=1.963646
Epoch #1 cost=0.866920
Epoch #2 cost=0.408801
Epoch #3 cost=0.293152
Epoch #4 cost=0.253481
Epoch #5 cost=0.216908
Epoch #6 cost=0.198859
Epoch #7 cost=0.188510
Epoch #8 cost=0.183143
Epoch #9 cost=0.175856
Epoch #0 cost=1.961361
Epoch #1 cost=0.906085
Epoch #2 cost=0.576750
Epoch #3 cost=0.287075
Epoch #4 cost=0.246979
Epoch #5 cost=0.262237
Epoch #6 cost=0.209405
Epoch #7 cost=0.191339
Epoch #8 cost=0.182444
Epoch #9 cost=0.173163
Epoch #0 cost=1.963196
Epoch #1 cost=0.833773
Epoch #2 cost=0.371782
Epoch #3 cost=0.289150
Epoch #4 cost=0.250334
Epoch #5 cost=0.217225
Epoch #6 cost=0.204051
Epoch #7 cost=0.244634
Epoch #8 cost=0.185476
Epoch #9 cost=0.177101
Epoch #0 cost=1.954507
Epoch #1 cost=0.856741
Epoch #2 cost=0.373582
Epoch #3 cost=0.285933
Epoch #4 cost=0.243202
Epoch #5 cost=0.220593
Epoch #6 cost=0.257815
Epoch #7 cost=0.198946
Epoch #8 cost=0.187791
Epoch #9 cost=0.179069
Epoch #0 cost=2.339152
Epoch #1 cost=0.769755
Epoch #2 cost=0.415157
Epoch #3 cost=0.292827
Epoch #4 cost=0.256063
Epoch #5 cost=0.224133
Epoch #6 cost=0.207436
Epoch #7 cost=0.193715
Epoch #8 cost=0.183932
Epoch #9 cost=0.176109
Epoch #0 cost=1.968552
Epoch #1 cost=0.818130
Epoch #2 cost=0.400688
Epoch #3 cost=0.284786
Epoch #4 cost=0.231702
Epoch #5 cost=0.211072
Epoch #6 cost=0.199036
Epoch #7 cost=0.182124
Epoch #8 cost=0.176057
Epoch #9 cost=0.168423
Epoch #0 cost=1.969865
Epoch #1 cost=0.857677
Epoch #2 cost=0.378302
Epoch #3 cost=0.275579
Epoch #4 cost=0.237932
Epoch #5 cost=0.213567
Epoch #6 cost=0.194914
Epoch #7 cost=0.216968
Epoch #8 cost=0.180292
Epoch #9 cost=0.171536
Epoch #0 cost=1.979956
Epoch #1 cost=0.933239
Epoch #2 cost=0.373113
Epoch #3 cost=0.290206
Epoch #4 cost=0.243072
Epoch #5 cost=0.215542
Epoch #6 cost=0.200069
Epoch #7 cost=0.194596
Epoch #8 cost=0.182045
Epoch #9 cost=0.173575
Epoch #0 cost=2.021683
Epoch #1 cost=2.442590
Epoch #2 cost=0.415149
Epoch #3 cost=0.280370
Epoch #4 cost=0.242706
Epoch #5 cost=0.220583
Epoch #6 cost=0.203462
Epoch #7 cost=0.185438
Epoch #8 cost=0.175804
Epoch #9 cost=0.164691
Epoch #0 cost=2.272126
Epoch #1 cost=0.981232
Epoch #2 cost=0.522764
Epoch #3 cost=0.304203
Epoch #4 cost=0.227642
Epoch #5 cost=0.173920
Epoch #6 cost=0.135965
Epoch #7 cost=0.116811
Epoch #8 cost=3.860651
Epoch #9 cost=0.097881
Nodes keep percentage is :  0.39999999999999947
Epoch #0 cost=3.218490
Epoch #1 cost=2.693261
Epoch #2 cost=2.272128
Epoch #3 cost=1.192721
Epoch #4 cost=0.672772
Epoch #5 cost=0.452395
Epoch #6 cost=0.386699
Epoch #7 cost=0.349523
Epoch #8 cost=0.322639
Epoch #9 cost=0.309522
Epoch #0 cost=3.217948
Epoch #1 cost=2.753791
Epoch #2 cost=2.064450
Epoch #3 cost=1.265866
Epoch #4 cost=0.580129
Epoch #5 cost=0.437120
Epoch #6 cost=0.372103
Epoch #7 cost=0.347814
Epoch #8 cost=0.311407
Epoch #9 cost=0.299177
Epoch #0 cost=3.218234
Epoch #1 cost=2.749964
Epoch #2 cost=2.079527
Epoch #3 cost=1.247563
Epoch #4 cost=1.407915
Epoch #5 cost=0.429465
Epoch #6 cost=0.379162
Epoch #7 cost=0.343171
Epoch #8 cost=0.313685
Epoch #9 cost=0.301328
Epoch #0 cost=3.218584
Epoch #1 cost=2.706493
Epoch #2 cost=2.240354
Epoch #3 cost=1.200595
Epoch #4 cost=1.158565
Epoch #5 cost=0.459132
Epoch #6 cost=0.383319
Epoch #7 cost=0.350534
Epoch #8 cost=0.329155
Epoch #9 cost=0.319683
Epoch #0 cost=3.218206
Epoch #1 cost=2.716800
Epoch #2 cost=2.007228
Epoch #3 cost=1.179115
Epoch #4 cost=1.449176
Epoch #5 cost=0.446863
Epoch #6 cost=0.435623
Epoch #7 cost=0.363585
Epoch #8 cost=0.339951
Epoch #9 cost=0.325811
Epoch #0 cost=3.218536
Epoch #1 cost=2.684998
Epoch #2 cost=2.275592
Epoch #3 cost=1.241145
Epoch #4 cost=2.252867
Epoch #5 cost=0.449158
Epoch #6 cost=0.370705
Epoch #7 cost=0.331669
Epoch #8 cost=0.311839
Epoch #9 cost=0.299122
Epoch #0 cost=3.218803
Epoch #1 cost=2.676443
Epoch #2 cost=2.267395
Epoch #3 cost=1.294364
Epoch #4 cost=1.892224
Epoch #5 cost=0.417899
Epoch #6 cost=0.361716
Epoch #7 cost=0.330211
Epoch #8 cost=0.300891
Epoch #9 cost=0.292852
Epoch #0 cost=3.218584
Epoch #1 cost=2.637333
Epoch #2 cost=2.174947
Epoch #3 cost=1.504880
Epoch #4 cost=0.612963
Epoch #5 cost=0.444391
Epoch #6 cost=0.388130
Epoch #7 cost=0.344796
Epoch #8 cost=0.315137
Epoch #9 cost=0.298459
Epoch #0 cost=3.218331
Epoch #1 cost=2.643656
Epoch #2 cost=2.158166
Epoch #3 cost=1.421028
Epoch #4 cost=0.614505
Epoch #5 cost=0.419801
Epoch #6 cost=0.372496
Epoch #7 cost=0.327750
Epoch #8 cost=0.309807
Epoch #9 cost=0.299412
Epoch #0 cost=3.219862
Epoch #1 cost=2.753127
Epoch #2 cost=1.999794
Epoch #3 cost=1.303190
Epoch #4 cost=0.851991
Epoch #5 cost=0.467300
Epoch #6 cost=0.374475
Epoch #7 cost=0.301055
Epoch #8 cost=0.261739
Epoch #9 cost=0.240379
Nodes keep percentage is :  0.3499999999999994
Epoch #0 cost=3.249897
Epoch #1 cost=3.247225
Epoch #2 cost=3.241911
Epoch #3 cost=3.219149
Epoch #4 cost=2.769369
Epoch #5 cost=2.522025
Epoch #6 cost=2.259374
Epoch #7 cost=2.084229
Epoch #8 cost=2.452208
Epoch #9 cost=1.596195
Epoch #0 cost=3.249902
Epoch #1 cost=3.247253
Epoch #2 cost=3.242023
Epoch #3 cost=3.219828
Epoch #4 cost=2.777127
Epoch #5 cost=2.621782
Epoch #6 cost=2.272687
Epoch #7 cost=2.143806
Epoch #8 cost=2.581362
Epoch #9 cost=1.599629
Epoch #0 cost=3.249896
Epoch #1 cost=3.247242
Epoch #2 cost=3.241991
Epoch #3 cost=3.219755
Epoch #4 cost=2.775480
Epoch #5 cost=2.510907
Epoch #6 cost=2.271922
Epoch #7 cost=2.113389
Epoch #8 cost=2.500266
Epoch #9 cost=1.766271
Epoch #0 cost=3.249898
Epoch #1 cost=3.247222
Epoch #2 cost=3.241899
Epoch #3 cost=3.219129
Epoch #4 cost=2.767307
Epoch #5 cost=2.503648
Epoch #6 cost=2.252858
Epoch #7 cost=2.090104
Epoch #8 cost=2.493502
Epoch #9 cost=1.731371
Epoch #0 cost=3.249895
Epoch #1 cost=3.247231
Epoch #2 cost=3.241955
Epoch #3 cost=3.219420
Epoch #4 cost=2.769070
Epoch #5 cost=2.503664
Epoch #6 cost=2.255969
Epoch #7 cost=2.127413
Epoch #8 cost=1.916365
Epoch #9 cost=1.742928
Epoch #0 cost=3.249897
Epoch #1 cost=3.247242
Epoch #2 cost=3.241992
Epoch #3 cost=3.219664
Epoch #4 cost=2.771895
Epoch #5 cost=2.508815
Epoch #6 cost=2.266997
Epoch #7 cost=2.132952
Epoch #8 cost=1.775853
Epoch #9 cost=2.177759
Epoch #0 cost=3.249899
Epoch #1 cost=3.247221
Epoch #2 cost=3.241871
Epoch #3 cost=3.218652
Epoch #4 cost=2.757224
Epoch #5 cost=2.615399
Epoch #6 cost=2.266888
Epoch #7 cost=2.649853
Epoch #8 cost=1.886275
Epoch #9 cost=1.625392
Epoch #0 cost=3.249918
Epoch #1 cost=3.247283
Epoch #2 cost=3.242119
Epoch #3 cost=3.220679
Epoch #4 cost=2.790005
Epoch #5 cost=2.729266
Epoch #6 cost=2.398015
Epoch #7 cost=2.604099
Epoch #8 cost=1.754113
Epoch #9 cost=1.622818
Epoch #0 cost=3.249717
Epoch #1 cost=3.247067
Epoch #2 cost=3.241845
Epoch #3 cost=3.219845
Epoch #4 cost=2.776778
Epoch #5 cost=2.637311
Epoch #6 cost=2.550648
Epoch #7 cost=2.356904
Epoch #8 cost=1.759360
Epoch #9 cost=1.856762
Epoch #0 cost=3.249749
Epoch #1 cost=3.247290
Epoch #2 cost=3.242775
Epoch #3 cost=3.225604
Epoch #4 cost=2.884128
Epoch #5 cost=2.520892
Epoch #6 cost=2.430782
Epoch #7 cost=2.167849
Epoch #8 cost=2.133295
Epoch #9 cost=2.043476
Nodes keep percentage is :  0.2999999999999994
Epoch #0 cost=3.249387
Epoch #1 cost=3.246941
Epoch #2 cost=3.239324
Epoch #3 cost=3.157318
Epoch #4 cost=2.737144
Epoch #5 cost=2.091588
Epoch #6 cost=2.374560
Epoch #7 cost=1.739632
Epoch #8 cost=2.776688
Epoch #9 cost=1.342518
Epoch #0 cost=3.249376
Epoch #1 cost=3.246900
Epoch #2 cost=3.239076
Epoch #3 cost=3.150596
Epoch #4 cost=2.719975
Epoch #5 cost=2.120867
Epoch #6 cost=2.147739
Epoch #7 cost=1.743964
Epoch #8 cost=1.561648
Epoch #9 cost=1.747032
Epoch #0 cost=3.249384
Epoch #1 cost=3.246943
Epoch #2 cost=3.239369
Epoch #3 cost=3.158806
Epoch #4 cost=2.736573
Epoch #5 cost=2.104142
Epoch #6 cost=2.424445
Epoch #7 cost=1.734952
Epoch #8 cost=1.582195
Epoch #9 cost=1.761744
Epoch #0 cost=3.249382
Epoch #1 cost=3.246924
Epoch #2 cost=3.239249
Epoch #3 cost=3.156065
Epoch #4 cost=2.783104
Epoch #5 cost=2.139412
Epoch #6 cost=2.383506
Epoch #7 cost=1.738375
Epoch #8 cost=2.112384
Epoch #9 cost=1.354087
Epoch #0 cost=3.249373
Epoch #1 cost=3.246894
Epoch #2 cost=3.239083
Epoch #3 cost=3.151483
Epoch #4 cost=2.734990
Epoch #5 cost=2.123559
Epoch #6 cost=2.368852
Epoch #7 cost=1.749274
Epoch #8 cost=2.090178
Epoch #9 cost=1.390458
Epoch #0 cost=3.249379
Epoch #1 cost=3.246905
Epoch #2 cost=3.239098
Epoch #3 cost=3.151300
Epoch #4 cost=2.511132
Epoch #5 cost=2.121277
Epoch #6 cost=2.363092
Epoch #7 cost=1.781453
Epoch #8 cost=2.824429
Epoch #9 cost=1.340694
Epoch #0 cost=3.249375
Epoch #1 cost=3.246919
Epoch #2 cost=3.239238
Epoch #3 cost=3.155503
Epoch #4 cost=2.489623
Epoch #5 cost=2.175248
Epoch #6 cost=2.444338
Epoch #7 cost=1.785952
Epoch #8 cost=3.027404
Epoch #9 cost=1.404369
Epoch #0 cost=3.249419
Epoch #1 cost=3.246951
Epoch #2 cost=3.239192
Epoch #3 cost=3.153129
Epoch #4 cost=2.470411
Epoch #5 cost=2.267530
Epoch #6 cost=2.491169
Epoch #7 cost=1.747740
Epoch #8 cost=2.054741
Epoch #9 cost=1.340180
Epoch #0 cost=3.249214
Epoch #1 cost=3.246755
Epoch #2 cost=3.239057
Epoch #3 cost=3.154577
Epoch #4 cost=2.418293
Epoch #5 cost=2.098657
Epoch #6 cost=2.267458
Epoch #7 cost=1.730597
Epoch #8 cost=2.018475
Epoch #9 cost=1.404132
Epoch #0 cost=3.248741
Epoch #1 cost=3.246118
Epoch #2 cost=3.237973
Epoch #3 cost=3.153411
Epoch #4 cost=2.680973
Epoch #5 cost=2.470198
Epoch #6 cost=2.337876
Epoch #7 cost=2.064404
Epoch #8 cost=1.848945
Epoch #9 cost=1.856809
Nodes keep percentage is :  0.24999999999999933
Epoch #0 cost=3.250142
Epoch #1 cost=3.250124
Epoch #2 cost=3.249976
Epoch #3 cost=3.249939
Epoch #4 cost=3.249900
Epoch #5 cost=3.249858
Epoch #6 cost=3.249808
Epoch #7 cost=3.249748
Epoch #8 cost=3.249674
Epoch #9 cost=3.249578
Epoch #0 cost=3.250017
Epoch #1 cost=3.249980
Epoch #2 cost=3.249942
Epoch #3 cost=3.249901
Epoch #4 cost=3.249856
Epoch #5 cost=3.249803
Epoch #6 cost=3.249741
Epoch #7 cost=3.249663
Epoch #8 cost=3.249561
Epoch #9 cost=3.249420
Epoch #0 cost=3.250141
Epoch #1 cost=3.249995
Epoch #2 cost=3.249957
Epoch #3 cost=3.249919
Epoch #4 cost=3.249876
Epoch #5 cost=3.249828
Epoch #6 cost=3.249770
Epoch #7 cost=3.249700
Epoch #8 cost=3.249610
Epoch #9 cost=3.249488
Epoch #0 cost=3.250141
Epoch #1 cost=3.249996
Epoch #2 cost=3.249958
Epoch #3 cost=3.249920
Epoch #4 cost=3.249878
Epoch #5 cost=3.249831
Epoch #6 cost=3.249775
Epoch #7 cost=3.249707
Epoch #8 cost=3.249620
Epoch #9 cost=3.249505
Epoch #0 cost=3.250141
Epoch #1 cost=3.249997
Epoch #2 cost=3.249960
Epoch #3 cost=3.249922
Epoch #4 cost=3.249880
Epoch #5 cost=3.249834
Epoch #6 cost=3.249778
Epoch #7 cost=3.249710
Epoch #8 cost=3.249624
Epoch #9 cost=3.249509
Epoch #0 cost=3.250140
Epoch #1 cost=3.249994
Epoch #2 cost=3.249957
Epoch #3 cost=3.249919
Epoch #4 cost=3.249877
Epoch #5 cost=3.249829
Epoch #6 cost=3.249773
Epoch #7 cost=3.249704
Epoch #8 cost=3.249617
Epoch #9 cost=3.249499
Epoch #0 cost=3.250140
Epoch #1 cost=3.249996
Epoch #2 cost=3.249959
Epoch #3 cost=3.249921
Epoch #4 cost=3.249879
Epoch #5 cost=3.249832
Epoch #6 cost=3.249777
Epoch #7 cost=3.249710
Epoch #8 cost=3.249625
Epoch #9 cost=3.249511
Epoch #0 cost=3.250139
Epoch #1 cost=3.249995
Epoch #2 cost=3.249957
Epoch #3 cost=3.249919
Epoch #4 cost=3.249878
Epoch #5 cost=3.249830
Epoch #6 cost=3.249775
Epoch #7 cost=3.249708
Epoch #8 cost=3.249622
Epoch #9 cost=3.249509
Epoch #0 cost=3.249895
Epoch #1 cost=3.249745
Epoch #2 cost=3.249707
Epoch #3 cost=3.249666
Epoch #4 cost=3.249623
Epoch #5 cost=3.249573
Epoch #6 cost=3.249515
Epoch #7 cost=3.249445
Epoch #8 cost=3.249355
Epoch #9 cost=3.249234
Epoch #0 cost=3.250316
Epoch #1 cost=3.250190
Epoch #2 cost=3.250156
Epoch #3 cost=3.250119
Epoch #4 cost=3.250080
Epoch #5 cost=3.250035
Epoch #6 cost=3.249982
Epoch #7 cost=3.249917
Epoch #8 cost=3.249833
Epoch #9 cost=3.249721
Nodes keep percentage is :  0.1999999999999993
Epoch #0 cost=3.249874
Epoch #1 cost=3.249869
Epoch #2 cost=3.249866
Epoch #3 cost=3.249862
Epoch #4 cost=3.249858
Epoch #5 cost=3.249854
Epoch #6 cost=3.249850
Epoch #7 cost=3.249846
Epoch #8 cost=3.249842
Epoch #9 cost=3.249838
Epoch #0 cost=3.249873
Epoch #1 cost=3.249870
Epoch #2 cost=3.249866
Epoch #3 cost=3.249862
Epoch #4 cost=3.249858
Epoch #5 cost=3.249854
Epoch #6 cost=3.249851
Epoch #7 cost=3.249846
Epoch #8 cost=3.249842
Epoch #9 cost=3.249838
Epoch #0 cost=3.249873
Epoch #1 cost=3.249869
Epoch #2 cost=3.249866
Epoch #3 cost=3.249862
Epoch #4 cost=3.249858
Epoch #5 cost=3.249854
Epoch #6 cost=3.249850
Epoch #7 cost=3.249846
Epoch #8 cost=3.249841
Epoch #9 cost=3.249837
Epoch #0 cost=3.249874
Epoch #1 cost=3.249870
Epoch #2 cost=3.249866
Epoch #3 cost=3.249862
Epoch #4 cost=3.249859
Epoch #5 cost=3.249855
Epoch #6 cost=3.249851
Epoch #7 cost=3.249847
Epoch #8 cost=3.249843
Epoch #9 cost=3.249838
Epoch #0 cost=3.249873
Epoch #1 cost=3.249869
Epoch #2 cost=3.249865
Epoch #3 cost=3.249861
Epoch #4 cost=3.249858
Epoch #5 cost=3.249854
Epoch #6 cost=3.249850
Epoch #7 cost=3.249845
Epoch #8 cost=3.249841
Epoch #9 cost=3.249837
Epoch #0 cost=3.249873
Epoch #1 cost=3.249869
Epoch #2 cost=3.249865
Epoch #3 cost=3.249861
Epoch #4 cost=3.249858
Epoch #5 cost=3.249854
Epoch #6 cost=3.249850
Epoch #7 cost=3.249846
Epoch #8 cost=3.249841
Epoch #9 cost=3.249837
Epoch #0 cost=3.249871
Epoch #1 cost=3.249867
Epoch #2 cost=3.249863
Epoch #3 cost=3.249860
Epoch #4 cost=3.249856
Epoch #5 cost=3.249852
Epoch #6 cost=3.249847
Epoch #7 cost=3.249844
Epoch #8 cost=3.249839
Epoch #9 cost=3.249835
Epoch #0 cost=3.249888
Epoch #1 cost=3.249884
Epoch #2 cost=3.249880
Epoch #3 cost=3.249877
Epoch #4 cost=3.249873
Epoch #5 cost=3.249869
Epoch #6 cost=3.249865
Epoch #7 cost=3.249861
Epoch #8 cost=3.249857
Epoch #9 cost=3.249852
Epoch #0 cost=3.249655
Epoch #1 cost=3.249650
Epoch #2 cost=3.249646
Epoch #3 cost=3.249641
Epoch #4 cost=3.249636
Epoch #5 cost=3.249632
Epoch #6 cost=3.249626
Epoch #7 cost=3.249622
Epoch #8 cost=3.249616
Epoch #9 cost=3.249611
Epoch #0 cost=3.250075
Epoch #1 cost=3.250075
Epoch #2 cost=3.250073
Epoch #3 cost=3.250072
Epoch #4 cost=3.250071
Epoch #5 cost=3.250070
Epoch #6 cost=3.250068
Epoch #7 cost=3.250067
Epoch #8 cost=3.250065
Epoch #9 cost=3.250063
Nodes keep percentage is :  0.14999999999999925
Epoch #0 cost=3.250146
Epoch #1 cost=3.250145
Epoch #2 cost=3.250144
Epoch #3 cost=3.250143
Epoch #4 cost=3.250141
Epoch #5 cost=3.250141
Epoch #6 cost=3.250139
Epoch #7 cost=3.250138
Epoch #8 cost=3.250136
Epoch #9 cost=3.250135
Epoch #0 cost=3.250147
Epoch #1 cost=3.250146
Epoch #2 cost=3.250145
Epoch #3 cost=3.250144
Epoch #4 cost=3.250142
Epoch #5 cost=3.250140
Epoch #6 cost=3.250139
Epoch #7 cost=3.250138
Epoch #8 cost=3.250137
Epoch #9 cost=3.250135
Epoch #0 cost=3.250148
Epoch #1 cost=3.250146
Epoch #2 cost=3.250144
Epoch #3 cost=3.250144
Epoch #4 cost=3.250142
Epoch #5 cost=3.250141
Epoch #6 cost=3.250140
Epoch #7 cost=3.250138
Epoch #8 cost=3.250138
Epoch #9 cost=3.250136
Epoch #0 cost=3.250148
Epoch #1 cost=3.250146
Epoch #2 cost=3.250146
Epoch #3 cost=3.250144
Epoch #4 cost=3.250143
Epoch #5 cost=3.250141
Epoch #6 cost=3.250140
Epoch #7 cost=3.250139
Epoch #8 cost=3.250137
Epoch #9 cost=3.250136
Epoch #0 cost=3.250146
Epoch #1 cost=3.250145
Epoch #2 cost=3.250144
Epoch #3 cost=3.250143
Epoch #4 cost=3.250142
Epoch #5 cost=3.250140
Epoch #6 cost=3.250139
Epoch #7 cost=3.250137
Epoch #8 cost=3.250136
Epoch #9 cost=3.250135
Epoch #0 cost=3.250147
Epoch #1 cost=3.250147
Epoch #2 cost=3.250145
Epoch #3 cost=3.250144
Epoch #4 cost=3.250143
Epoch #5 cost=3.250142
Epoch #6 cost=3.250140
Epoch #7 cost=3.250139
Epoch #8 cost=3.250138
Epoch #9 cost=3.250136
Epoch #0 cost=3.250133
Epoch #1 cost=3.250132
Epoch #2 cost=3.250131
Epoch #3 cost=3.250129
Epoch #4 cost=3.250127
Epoch #5 cost=3.250126
Epoch #6 cost=3.250125
Epoch #7 cost=3.250124
Epoch #8 cost=3.250122
Epoch #9 cost=3.250120
Epoch #0 cost=3.250144
Epoch #1 cost=3.250143
Epoch #2 cost=3.250142
Epoch #3 cost=3.250141
Epoch #4 cost=3.250139
Epoch #5 cost=3.250137
Epoch #6 cost=3.250135
Epoch #7 cost=3.250134
Epoch #8 cost=3.250132
Epoch #9 cost=3.250131
Epoch #0 cost=3.249889
Epoch #1 cost=3.249887
Epoch #2 cost=3.249884
Epoch #3 cost=3.249881
Epoch #4 cost=3.249879
Epoch #5 cost=3.249877
Epoch #6 cost=3.249874
Epoch #7 cost=3.249872
Epoch #8 cost=3.249869
Epoch #9 cost=3.249866
Epoch #0 cost=3.250335
Epoch #1 cost=3.250335
Epoch #2 cost=3.250335
Epoch #3 cost=3.250336
Epoch #4 cost=3.250336
Epoch #5 cost=3.250337
Epoch #6 cost=3.250337
Epoch #7 cost=3.250338
Epoch #8 cost=3.250338
Epoch #9 cost=3.250339
Nodes keep percentage is :  0.0999999999999992
Epoch #0 cost=3.250150
Epoch #1 cost=3.250150
Epoch #2 cost=3.250151
Epoch #3 cost=3.250152
Epoch #4 cost=3.250152
Epoch #5 cost=3.250153
Epoch #6 cost=3.250154
Epoch #7 cost=3.250154
Epoch #8 cost=3.250155
Epoch #9 cost=3.250155
Epoch #0 cost=3.250150
Epoch #1 cost=3.250151
Epoch #2 cost=3.250152
Epoch #3 cost=3.250152
Epoch #4 cost=3.250153
Epoch #5 cost=3.250153
Epoch #6 cost=3.250154
Epoch #7 cost=3.250154
Epoch #8 cost=3.250155
Epoch #9 cost=3.250156
Epoch #0 cost=3.250149
Epoch #1 cost=3.250151
Epoch #2 cost=3.250151
Epoch #3 cost=3.250152
Epoch #4 cost=3.250153
Epoch #5 cost=3.250154
Epoch #6 cost=3.250154
Epoch #7 cost=3.250154
Epoch #8 cost=3.250156
Epoch #9 cost=3.250156
Epoch #0 cost=3.250150
Epoch #1 cost=3.250150
Epoch #2 cost=3.250151
Epoch #3 cost=3.250153
Epoch #4 cost=3.250153
Epoch #5 cost=3.250153
Epoch #6 cost=3.250154
Epoch #7 cost=3.250155
Epoch #8 cost=3.250155
Epoch #9 cost=3.250156
Epoch #0 cost=3.250149
Epoch #1 cost=3.250150
Epoch #2 cost=3.250151
Epoch #3 cost=3.250152
Epoch #4 cost=3.250153
Epoch #5 cost=3.250153
Epoch #6 cost=3.250154
Epoch #7 cost=3.250154
Epoch #8 cost=3.250155
Epoch #9 cost=3.250156
Epoch #0 cost=3.250149
Epoch #1 cost=3.250150
Epoch #2 cost=3.250151
Epoch #3 cost=3.250151
Epoch #4 cost=3.250152
Epoch #5 cost=3.250153
Epoch #6 cost=3.250153
Epoch #7 cost=3.250153
Epoch #8 cost=3.250155
Epoch #9 cost=3.250154
Epoch #0 cost=3.250147
Epoch #1 cost=3.250149
Epoch #2 cost=3.250150
Epoch #3 cost=3.250151
Epoch #4 cost=3.250151
Epoch #5 cost=3.250152
Epoch #6 cost=3.250153
Epoch #7 cost=3.250154
Epoch #8 cost=3.250154
Epoch #9 cost=3.250155
Epoch #0 cost=3.250148
Epoch #1 cost=3.250149
Epoch #2 cost=3.250149
Epoch #3 cost=3.250149
Epoch #4 cost=3.250149
Epoch #5 cost=3.250150
Epoch #6 cost=3.250151
Epoch #7 cost=3.250151
Epoch #8 cost=3.250152
Epoch #9 cost=3.250153
Epoch #0 cost=3.249911
Epoch #1 cost=3.249911
Epoch #2 cost=3.249910
Epoch #3 cost=3.249909
Epoch #4 cost=3.249910
Epoch #5 cost=3.249909
Epoch #6 cost=3.249907
Epoch #7 cost=3.249907
Epoch #8 cost=3.249907
Epoch #9 cost=3.249906
Epoch #0 cost=3.250191
Epoch #1 cost=3.250192
Epoch #2 cost=3.250194
Epoch #3 cost=3.250194
Epoch #4 cost=3.250195
Epoch #5 cost=3.250196
Epoch #6 cost=3.250197
Epoch #7 cost=3.250198
Epoch #8 cost=3.250199
Epoch #9 cost=3.250199
Nodes keep percentage is :  0.049999999999999156
Epoch #0 cost=3.250103
Epoch #1 cost=3.250103
Epoch #2 cost=3.250103
Epoch #3 cost=3.250102
Epoch #4 cost=3.250102
Epoch #5 cost=3.250100
Epoch #6 cost=3.250100
Epoch #7 cost=3.250099
Epoch #8 cost=3.250098
Epoch #9 cost=3.250099
Epoch #0 cost=3.250103
Epoch #1 cost=3.250103
Epoch #2 cost=3.250102
Epoch #3 cost=3.250102
Epoch #4 cost=3.250102
Epoch #5 cost=3.250101
Epoch #6 cost=3.250099
Epoch #7 cost=3.250100
Epoch #8 cost=3.250098
Epoch #9 cost=3.250099
Epoch #0 cost=3.250103
Epoch #1 cost=3.250103
Epoch #2 cost=3.250104
Epoch #3 cost=3.250102
Epoch #4 cost=3.250102
Epoch #5 cost=3.250101
Epoch #6 cost=3.250100
Epoch #7 cost=3.250100
Epoch #8 cost=3.250099
Epoch #9 cost=3.250099
Epoch #0 cost=3.250104
Epoch #1 cost=3.250103
Epoch #2 cost=3.250103
Epoch #3 cost=3.250102
Epoch #4 cost=3.250102
Epoch #5 cost=3.250100
Epoch #6 cost=3.250101
Epoch #7 cost=3.250099
Epoch #8 cost=3.250099
Epoch #9 cost=3.250099
Epoch #0 cost=3.250103
Epoch #1 cost=3.250102
Epoch #2 cost=3.250102
Epoch #3 cost=3.250101
Epoch #4 cost=3.250102
Epoch #5 cost=3.250102
Epoch #6 cost=3.250099
Epoch #7 cost=3.250100
Epoch #8 cost=3.250099
Epoch #9 cost=3.250097
Epoch #0 cost=3.250103
Epoch #1 cost=3.250102
Epoch #2 cost=3.250101
Epoch #3 cost=3.250101
Epoch #4 cost=3.250100
Epoch #5 cost=3.250100
Epoch #6 cost=3.250099
Epoch #7 cost=3.250099
Epoch #8 cost=3.250098
Epoch #9 cost=3.250097
Epoch #0 cost=3.250099
Epoch #1 cost=3.250098
Epoch #2 cost=3.250098
Epoch #3 cost=3.250098
Epoch #4 cost=3.250098
Epoch #5 cost=3.250096
Epoch #6 cost=3.250096
Epoch #7 cost=3.250095
Epoch #8 cost=3.250094
Epoch #9 cost=3.250094
Epoch #0 cost=3.250104
Epoch #1 cost=3.250103
Epoch #2 cost=3.250102
Epoch #3 cost=3.250102
Epoch #4 cost=3.250102
Epoch #5 cost=3.250100
Epoch #6 cost=3.250098
Epoch #7 cost=3.250098
Epoch #8 cost=3.250097
Epoch #9 cost=3.250095
Epoch #0 cost=3.249829
Epoch #1 cost=3.249827
Epoch #2 cost=3.249825
Epoch #3 cost=3.249825
Epoch #4 cost=3.249824
Epoch #5 cost=3.249823
Epoch #6 cost=3.249820
Epoch #7 cost=3.249818
Epoch #8 cost=3.249817
Epoch #9 cost=3.249816
Epoch #0 cost=3.250275
Epoch #1 cost=3.250276
Epoch #2 cost=3.250277
Epoch #3 cost=3.250277
Epoch #4 cost=3.250278
Epoch #5 cost=3.250279
Epoch #6 cost=3.250279
Epoch #7 cost=3.250281
Epoch #8 cost=3.250281
Epoch #9 cost=3.250281
