Extracting MNIST_data/train-images-idx3-ubyte.gz
Extracting MNIST_data/train-labels-idx1-ubyte.gz
Extracting MNIST_data/t10k-images-idx3-ubyte.gz
Extracting MNIST_data/t10k-labels-idx1-ubyte.gz
Nodes keep percentage is :  1.0
Epoch #0 cost=0.044112
Epoch #1 cost=0.045196
Epoch #2 cost=0.041010
Epoch #3 cost=0.040312
Epoch #4 cost=0.038644
Epoch #5 cost=0.038591
Epoch #6 cost=0.038331
Epoch #7 cost=0.038606
Epoch #8 cost=0.038201
Epoch #9 cost=0.038193
Epoch #0 cost=0.044729
Epoch #1 cost=0.043101
Epoch #2 cost=0.039912
Epoch #3 cost=0.038073
Epoch #4 cost=0.036273
Epoch #5 cost=0.036130
Epoch #6 cost=0.035899
Epoch #7 cost=0.035965
Epoch #8 cost=0.035786
Epoch #9 cost=0.035826
Epoch #0 cost=0.045007
Epoch #1 cost=0.041496
Epoch #2 cost=0.040891
Epoch #3 cost=0.038324
Epoch #4 cost=0.038380
Epoch #5 cost=0.037841
Epoch #6 cost=0.037583
Epoch #7 cost=0.037471
Epoch #8 cost=0.036905
Epoch #9 cost=0.037056
Epoch #0 cost=0.045864
Epoch #1 cost=0.041205
Epoch #2 cost=0.038602
Epoch #3 cost=0.037844
Epoch #4 cost=0.037287
Epoch #5 cost=0.036808
Epoch #6 cost=0.035987
Epoch #7 cost=0.036009
Epoch #8 cost=0.035955
Epoch #9 cost=0.035900
Epoch #0 cost=0.046377
Epoch #1 cost=0.045653
Epoch #2 cost=0.042416
Epoch #3 cost=0.039070
Epoch #4 cost=0.038763
Epoch #5 cost=0.037693
Epoch #6 cost=0.037304
Epoch #7 cost=0.037309
Epoch #8 cost=0.037141
Epoch #9 cost=0.037145
Epoch #0 cost=0.046236
Epoch #1 cost=0.044372
Epoch #2 cost=0.041183
Epoch #3 cost=0.038870
Epoch #4 cost=0.038112
Epoch #5 cost=0.036985
Epoch #6 cost=0.037182
Epoch #7 cost=0.036863
Epoch #8 cost=0.036789
Epoch #9 cost=0.036973
Epoch #0 cost=0.047267
Epoch #1 cost=0.041478
Epoch #2 cost=0.039469
Epoch #3 cost=0.038391
Epoch #4 cost=0.036415
Epoch #5 cost=0.036192
Epoch #6 cost=0.036171
Epoch #7 cost=0.036190
Epoch #8 cost=0.036138
Epoch #9 cost=0.036313
Epoch #0 cost=0.048111
Epoch #1 cost=0.041147
Epoch #2 cost=0.039501
Epoch #3 cost=0.039371
Epoch #4 cost=0.037800
Epoch #5 cost=0.036953
Epoch #6 cost=0.036503
Epoch #7 cost=0.036437
Epoch #8 cost=0.036310
Epoch #9 cost=0.036323
Epoch #0 cost=0.046175
Epoch #1 cost=0.042300
Epoch #2 cost=0.039284
Epoch #3 cost=0.039550
Epoch #4 cost=0.036253
Epoch #5 cost=0.036425
Epoch #6 cost=0.036164
Epoch #7 cost=0.035330
Epoch #8 cost=0.035563
Epoch #9 cost=0.035323
Epoch #0 cost=0.002903
Epoch #1 cost=0.002562
Epoch #2 cost=0.001578
Epoch #3 cost=0.001489
Epoch #4 cost=0.001114
Epoch #5 cost=0.000938
Epoch #6 cost=0.000817
Epoch #7 cost=0.000714
Epoch #8 cost=0.000665
Epoch #9 cost=0.000668
Nodes keep percentage is :  0.95
Epoch #0 cost=0.045628
Epoch #1 cost=0.044829
Epoch #2 cost=0.039289
Epoch #3 cost=0.038358
Epoch #4 cost=0.037589
Epoch #5 cost=0.037589
Epoch #6 cost=0.036649
Epoch #7 cost=0.036280
Epoch #8 cost=0.035950
Epoch #9 cost=0.035936
Epoch #0 cost=0.046936
Epoch #1 cost=0.044344
Epoch #2 cost=0.039461
Epoch #3 cost=0.038857
Epoch #4 cost=0.036570
Epoch #5 cost=0.036264
Epoch #6 cost=0.036107
Epoch #7 cost=0.036215
Epoch #8 cost=0.036021
Epoch #9 cost=0.036014
Epoch #0 cost=0.047661
Epoch #1 cost=0.045244
Epoch #2 cost=0.040436
Epoch #3 cost=0.038965
Epoch #4 cost=0.038358
Epoch #5 cost=0.037496
Epoch #6 cost=0.036918
Epoch #7 cost=0.036801
Epoch #8 cost=0.036521
Epoch #9 cost=0.036746
Epoch #0 cost=0.046872
Epoch #1 cost=0.042770
Epoch #2 cost=0.038927
Epoch #3 cost=0.036614
Epoch #4 cost=0.035871
Epoch #5 cost=0.035766
Epoch #6 cost=0.035553
Epoch #7 cost=0.035661
Epoch #8 cost=0.035564
Epoch #9 cost=0.035473
Epoch #0 cost=0.047686
Epoch #1 cost=0.043014
Epoch #2 cost=0.040303
Epoch #3 cost=0.039928
Epoch #4 cost=0.038576
Epoch #5 cost=0.037607
Epoch #6 cost=0.036318
Epoch #7 cost=0.036292
Epoch #8 cost=0.036287
Epoch #9 cost=0.036066
Epoch #0 cost=0.048789
Epoch #1 cost=0.044901
Epoch #2 cost=0.039870
Epoch #3 cost=0.040703
Epoch #4 cost=0.037422
Epoch #5 cost=0.036728
Epoch #6 cost=0.036401
Epoch #7 cost=0.036280
Epoch #8 cost=0.036294
Epoch #9 cost=0.036237
Epoch #0 cost=0.048091
Epoch #1 cost=0.041742
Epoch #2 cost=0.039361
Epoch #3 cost=0.037497
Epoch #4 cost=0.036778
Epoch #5 cost=0.036855
Epoch #6 cost=0.036223
Epoch #7 cost=0.036460
Epoch #8 cost=0.036345
Epoch #9 cost=0.036391
Epoch #0 cost=0.048106
Epoch #1 cost=0.042416
Epoch #2 cost=0.040128
Epoch #3 cost=0.038111
Epoch #4 cost=0.036874
Epoch #5 cost=0.036732
Epoch #6 cost=0.036497
Epoch #7 cost=0.036688
Epoch #8 cost=0.036362
Epoch #9 cost=0.036548
Epoch #0 cost=0.046345
Epoch #1 cost=0.042605
Epoch #2 cost=0.040659
Epoch #3 cost=0.038784
Epoch #4 cost=0.036793
Epoch #5 cost=0.036871
Epoch #6 cost=0.036193
Epoch #7 cost=0.036304
Epoch #8 cost=0.035983
Epoch #9 cost=0.036259
Epoch #0 cost=0.004801
Epoch #1 cost=0.002507
Epoch #2 cost=0.001932
Epoch #3 cost=0.001323
Epoch #4 cost=0.001179
Epoch #5 cost=0.001091
Epoch #6 cost=0.001001
Epoch #7 cost=0.000930
Epoch #8 cost=0.000830
Epoch #9 cost=0.000789
Nodes keep percentage is :  0.8999999999999999
Epoch #0 cost=0.040449
Epoch #1 cost=0.040629
Epoch #2 cost=0.036936
Epoch #3 cost=0.035216
Epoch #4 cost=0.034996
Epoch #5 cost=0.034855
Epoch #6 cost=0.034792
Epoch #7 cost=0.034853
Epoch #8 cost=0.034813
Epoch #9 cost=0.034688
Epoch #0 cost=0.041040
Epoch #1 cost=0.039497
Epoch #2 cost=0.036010
Epoch #3 cost=0.035075
Epoch #4 cost=0.034594
Epoch #5 cost=0.034045
Epoch #6 cost=0.033594
Epoch #7 cost=0.033961
Epoch #8 cost=0.033751
Epoch #9 cost=0.033730
Epoch #0 cost=0.042056
Epoch #1 cost=0.041180
Epoch #2 cost=0.038314
Epoch #3 cost=0.037493
Epoch #4 cost=0.036141
Epoch #5 cost=0.036200
Epoch #6 cost=0.035905
Epoch #7 cost=0.035982
Epoch #8 cost=0.036065
Epoch #9 cost=0.036273
Epoch #0 cost=0.041897
Epoch #1 cost=0.037911
Epoch #2 cost=0.036072
Epoch #3 cost=0.035515
Epoch #4 cost=0.034960
Epoch #5 cost=0.033830
Epoch #6 cost=0.033695
Epoch #7 cost=0.033513
Epoch #8 cost=0.033517
Epoch #9 cost=0.033451
Epoch #0 cost=0.043336
Epoch #1 cost=0.042039
Epoch #2 cost=0.040273
Epoch #3 cost=0.037148
Epoch #4 cost=0.035759
Epoch #5 cost=0.035150
Epoch #6 cost=0.034379
Epoch #7 cost=0.034545
Epoch #8 cost=0.034303
Epoch #9 cost=0.034801
Epoch #0 cost=0.042876
Epoch #1 cost=0.038441
Epoch #2 cost=0.037006
Epoch #3 cost=0.036428
Epoch #4 cost=0.035154
Epoch #5 cost=0.034895
Epoch #6 cost=0.035241
Epoch #7 cost=0.034815
Epoch #8 cost=0.034698
Epoch #9 cost=0.034256
Epoch #0 cost=0.041925
Epoch #1 cost=0.038586
Epoch #2 cost=0.036122
Epoch #3 cost=0.034898
Epoch #4 cost=0.034331
Epoch #5 cost=0.034161
Epoch #6 cost=0.033593
Epoch #7 cost=0.033931
Epoch #8 cost=0.033597
Epoch #9 cost=0.033998
Epoch #0 cost=0.042974
Epoch #1 cost=0.038417
Epoch #2 cost=0.037158
Epoch #3 cost=0.035547
Epoch #4 cost=0.035163
Epoch #5 cost=0.034452
Epoch #6 cost=0.034091
Epoch #7 cost=0.034050
Epoch #8 cost=0.034293
Epoch #9 cost=0.034135
Epoch #0 cost=0.041015
Epoch #1 cost=0.039423
Epoch #2 cost=0.036495
Epoch #3 cost=0.036263
Epoch #4 cost=0.035073
Epoch #5 cost=0.034345
Epoch #6 cost=0.034037
Epoch #7 cost=0.033723
Epoch #8 cost=0.034101
Epoch #9 cost=0.033685
Epoch #0 cost=0.003764
Epoch #1 cost=0.002195
Epoch #2 cost=0.001774
Epoch #3 cost=0.001473
Epoch #4 cost=0.001313
Epoch #5 cost=0.001136
Epoch #6 cost=0.001094
Epoch #7 cost=0.000992
Epoch #8 cost=0.000907
Epoch #9 cost=0.000871
Nodes keep percentage is :  0.8499999999999999
Epoch #0 cost=0.044540
Epoch #1 cost=0.042961
Epoch #2 cost=0.041183
Epoch #3 cost=0.038718
Epoch #4 cost=0.037480
Epoch #5 cost=0.038362
Epoch #6 cost=0.036864
Epoch #7 cost=0.036882
Epoch #8 cost=0.036796
Epoch #9 cost=0.036807
Epoch #0 cost=0.044132
Epoch #1 cost=0.042986
Epoch #2 cost=0.042193
Epoch #3 cost=0.040674
Epoch #4 cost=0.039482
Epoch #5 cost=0.038418
Epoch #6 cost=0.037968
Epoch #7 cost=0.037694
Epoch #8 cost=0.037377
Epoch #9 cost=0.037339
Epoch #0 cost=0.043695
Epoch #1 cost=0.041747
Epoch #2 cost=0.042984
Epoch #3 cost=0.040639
Epoch #4 cost=0.039381
Epoch #5 cost=0.039053
Epoch #6 cost=0.038632
Epoch #7 cost=0.038489
Epoch #8 cost=0.038000
Epoch #9 cost=0.037813
Epoch #0 cost=0.047181
Epoch #1 cost=0.041886
Epoch #2 cost=0.040834
Epoch #3 cost=0.037998
Epoch #4 cost=0.037479
Epoch #5 cost=0.036661
Epoch #6 cost=0.036567
Epoch #7 cost=0.036396
Epoch #8 cost=0.036190
Epoch #9 cost=0.035982
Epoch #0 cost=0.045085
Epoch #1 cost=0.046582
Epoch #2 cost=0.044125
Epoch #3 cost=0.042262
Epoch #4 cost=0.041472
Epoch #5 cost=0.040157
Epoch #6 cost=0.039628
Epoch #7 cost=0.038880
Epoch #8 cost=0.038805
Epoch #9 cost=0.038227
Epoch #0 cost=0.046894
Epoch #1 cost=0.044195
Epoch #2 cost=0.041337
Epoch #3 cost=0.039424
Epoch #4 cost=0.038274
Epoch #5 cost=0.037767
Epoch #6 cost=0.037293
Epoch #7 cost=0.036789
Epoch #8 cost=0.036217
Epoch #9 cost=0.036118
Epoch #0 cost=0.044742
Epoch #1 cost=0.041514
Epoch #2 cost=0.040284
Epoch #3 cost=0.039437
Epoch #4 cost=0.037631
Epoch #5 cost=0.037378
Epoch #6 cost=0.036708
Epoch #7 cost=0.036889
Epoch #8 cost=0.036749
Epoch #9 cost=0.036927
Epoch #0 cost=0.045053
Epoch #1 cost=0.044892
Epoch #2 cost=0.041810
Epoch #3 cost=0.039391
Epoch #4 cost=0.038227
Epoch #5 cost=0.037644
Epoch #6 cost=0.037201
Epoch #7 cost=0.036532
Epoch #8 cost=0.036313
Epoch #9 cost=0.036112
Epoch #0 cost=0.043588
Epoch #1 cost=0.043269
Epoch #2 cost=0.041616
Epoch #3 cost=0.039411
Epoch #4 cost=0.037371
Epoch #5 cost=0.037031
Epoch #6 cost=0.036519
Epoch #7 cost=0.036369
Epoch #8 cost=0.036122
Epoch #9 cost=0.036072
Epoch #0 cost=0.004783
Epoch #1 cost=0.002877
Epoch #2 cost=0.001782
Epoch #3 cost=0.001468
Epoch #4 cost=0.001331
Epoch #5 cost=0.001208
Epoch #6 cost=0.001216
Epoch #7 cost=0.001036
Epoch #8 cost=0.000990
Epoch #9 cost=0.000905
Nodes keep percentage is :  0.7999999999999998
Epoch #0 cost=0.043802
Epoch #1 cost=0.044204
Epoch #2 cost=0.043190
Epoch #3 cost=0.042885
Epoch #4 cost=0.042296
Epoch #5 cost=0.041434
Epoch #6 cost=0.041209
Epoch #7 cost=0.041431
Epoch #8 cost=0.041232
Epoch #9 cost=0.041463
Epoch #0 cost=0.044564
Epoch #1 cost=0.045298
Epoch #2 cost=0.042677
Epoch #3 cost=0.041781
Epoch #4 cost=0.038829
Epoch #5 cost=0.037615
Epoch #6 cost=0.037303
Epoch #7 cost=0.037350
Epoch #8 cost=0.037379
Epoch #9 cost=0.037338
Epoch #0 cost=0.044927
Epoch #1 cost=0.045876
Epoch #2 cost=0.043545
Epoch #3 cost=0.043308
Epoch #4 cost=0.042883
Epoch #5 cost=0.042342
Epoch #6 cost=0.042026
Epoch #7 cost=0.042145
Epoch #8 cost=0.041830
Epoch #9 cost=0.041532
Epoch #0 cost=0.045382
Epoch #1 cost=0.045153
Epoch #2 cost=0.042819
Epoch #3 cost=0.041220
Epoch #4 cost=0.036509
Epoch #5 cost=0.036737
Epoch #6 cost=0.036088
Epoch #7 cost=0.036152
Epoch #8 cost=0.036067
Epoch #9 cost=0.035916
Epoch #0 cost=0.046892
Epoch #1 cost=0.045336
Epoch #2 cost=0.044899
Epoch #3 cost=0.042854
Epoch #4 cost=0.040572
Epoch #5 cost=0.037727
Epoch #6 cost=0.037083
Epoch #7 cost=0.037065
Epoch #8 cost=0.036984
Epoch #9 cost=0.037071
Epoch #0 cost=0.046770
Epoch #1 cost=0.045087
Epoch #2 cost=0.043893
Epoch #3 cost=0.041470
Epoch #4 cost=0.040330
Epoch #5 cost=0.037472
Epoch #6 cost=0.036871
Epoch #7 cost=0.036955
Epoch #8 cost=0.036610
Epoch #9 cost=0.036521
Epoch #0 cost=0.045718
Epoch #1 cost=0.046414
Epoch #2 cost=0.043207
Epoch #3 cost=0.041820
Epoch #4 cost=0.039735
Epoch #5 cost=0.037171
Epoch #6 cost=0.037037
Epoch #7 cost=0.037291
Epoch #8 cost=0.037089
Epoch #9 cost=0.037326
Epoch #0 cost=0.046199
Epoch #1 cost=0.044572
Epoch #2 cost=0.044111
Epoch #3 cost=0.043005
Epoch #4 cost=0.041806
Epoch #5 cost=0.038170
Epoch #6 cost=0.037790
Epoch #7 cost=0.036840
Epoch #8 cost=0.036948
Epoch #9 cost=0.036874
Epoch #0 cost=0.046084
Epoch #1 cost=0.046616
Epoch #2 cost=0.044121
Epoch #3 cost=0.042895
Epoch #4 cost=0.040468
Epoch #5 cost=0.038428
Epoch #6 cost=0.037455
Epoch #7 cost=0.036878
Epoch #8 cost=0.036393
Epoch #9 cost=0.036609
Epoch #0 cost=0.004650
Epoch #1 cost=0.002459
Epoch #2 cost=0.002122
Epoch #3 cost=0.001813
Epoch #4 cost=0.001447
Epoch #5 cost=0.001418
Epoch #6 cost=0.001304
Epoch #7 cost=0.001207
Epoch #8 cost=0.001171
Epoch #9 cost=0.000995
Nodes keep percentage is :  0.7499999999999998
Epoch #0 cost=0.047615
Epoch #1 cost=0.042193
Epoch #2 cost=0.038065
Epoch #3 cost=0.037413
Epoch #4 cost=0.036817
Epoch #5 cost=0.036367
Epoch #6 cost=0.036299
Epoch #7 cost=0.036144
Epoch #8 cost=0.036167
Epoch #9 cost=0.036030
Epoch #0 cost=0.048632
Epoch #1 cost=0.041272
Epoch #2 cost=0.038072
Epoch #3 cost=0.036880
Epoch #4 cost=0.036403
Epoch #5 cost=0.035758
Epoch #6 cost=0.035619
Epoch #7 cost=0.035095
Epoch #8 cost=0.034797
Epoch #9 cost=0.034419
Epoch #0 cost=0.048365
Epoch #1 cost=0.042551
Epoch #2 cost=0.038940
Epoch #3 cost=0.037904
Epoch #4 cost=0.036991
Epoch #5 cost=0.036554
Epoch #6 cost=0.035909
Epoch #7 cost=0.035802
Epoch #8 cost=0.035876
Epoch #9 cost=0.035835
Epoch #0 cost=0.049624
Epoch #1 cost=0.043455
Epoch #2 cost=0.039954
Epoch #3 cost=0.037529
Epoch #4 cost=0.035576
Epoch #5 cost=0.034148
Epoch #6 cost=0.033529
Epoch #7 cost=0.033509
Epoch #8 cost=0.032936
Epoch #9 cost=0.033134
Epoch #0 cost=0.050930
Epoch #1 cost=0.042716
Epoch #2 cost=0.040980
Epoch #3 cost=0.038847
Epoch #4 cost=0.037310
Epoch #5 cost=0.036970
Epoch #6 cost=0.036531
Epoch #7 cost=0.036415
Epoch #8 cost=0.036398
Epoch #9 cost=0.036524
Epoch #0 cost=0.050391
Epoch #1 cost=0.043195
Epoch #2 cost=0.038494
Epoch #3 cost=0.037364
Epoch #4 cost=0.036100
Epoch #5 cost=0.035660
Epoch #6 cost=0.035436
Epoch #7 cost=0.035471
Epoch #8 cost=0.035458
Epoch #9 cost=0.035285
Epoch #0 cost=0.050326
Epoch #1 cost=0.041620
Epoch #2 cost=0.039076
Epoch #3 cost=0.037550
Epoch #4 cost=0.036399
Epoch #5 cost=0.036705
Epoch #6 cost=0.036537
Epoch #7 cost=0.036370
Epoch #8 cost=0.036214
Epoch #9 cost=0.036265
Epoch #0 cost=0.050365
Epoch #1 cost=0.042561
Epoch #2 cost=0.038792
Epoch #3 cost=0.037316
Epoch #4 cost=0.034562
Epoch #5 cost=0.034204
Epoch #6 cost=0.033819
Epoch #7 cost=0.033414
Epoch #8 cost=0.033135
Epoch #9 cost=0.033225
Epoch #0 cost=0.049643
Epoch #1 cost=0.043390
Epoch #2 cost=0.038495
Epoch #3 cost=0.033610
Epoch #4 cost=0.033507
Epoch #5 cost=0.033580
Epoch #6 cost=0.033441
Epoch #7 cost=0.033179
Epoch #8 cost=0.033307
Epoch #9 cost=0.033101
Epoch #0 cost=0.009519
Epoch #1 cost=0.004708
Epoch #2 cost=0.003259
Epoch #3 cost=0.002973
Epoch #4 cost=0.002637
Epoch #5 cost=0.001991
Epoch #6 cost=0.002329
Epoch #7 cost=0.001839
Epoch #8 cost=0.001813
Epoch #9 cost=0.001563
Nodes keep percentage is :  0.6999999999999997
Epoch #0 cost=0.045612
Epoch #1 cost=0.042128
Epoch #2 cost=0.038917
Epoch #3 cost=0.037250
Epoch #4 cost=0.035423
Epoch #5 cost=0.034937
Epoch #6 cost=0.034709
Epoch #7 cost=0.034750
Epoch #8 cost=0.034692
Epoch #9 cost=0.034694
Epoch #0 cost=0.047169
Epoch #1 cost=0.042449
Epoch #2 cost=0.039513
Epoch #3 cost=0.036398
Epoch #4 cost=0.035659
Epoch #5 cost=0.035436
Epoch #6 cost=0.034933
Epoch #7 cost=0.034795
Epoch #8 cost=0.034828
Epoch #9 cost=0.034741
Epoch #0 cost=0.045623
Epoch #1 cost=0.043241
Epoch #2 cost=0.041086
Epoch #3 cost=0.038545
Epoch #4 cost=0.036011
Epoch #5 cost=0.035147
Epoch #6 cost=0.034780
Epoch #7 cost=0.034716
Epoch #8 cost=0.034623
Epoch #9 cost=0.034472
Epoch #0 cost=0.045470
Epoch #1 cost=0.042350
Epoch #2 cost=0.038609
Epoch #3 cost=0.035756
Epoch #4 cost=0.035235
Epoch #5 cost=0.034508
Epoch #6 cost=0.032834
Epoch #7 cost=0.032213
Epoch #8 cost=0.032031
Epoch #9 cost=0.031753
Epoch #0 cost=0.045754
Epoch #1 cost=0.042178
Epoch #2 cost=0.040493
Epoch #3 cost=0.038310
Epoch #4 cost=0.036655
Epoch #5 cost=0.035129
Epoch #6 cost=0.034762
Epoch #7 cost=0.034773
Epoch #8 cost=0.034758
Epoch #9 cost=0.034652
Epoch #0 cost=0.045760
Epoch #1 cost=0.043059
Epoch #2 cost=0.039533
Epoch #3 cost=0.037495
Epoch #4 cost=0.035786
Epoch #5 cost=0.034992
Epoch #6 cost=0.034945
Epoch #7 cost=0.034466
Epoch #8 cost=0.033744
Epoch #9 cost=0.033046
Epoch #0 cost=0.044461
Epoch #1 cost=0.041454
Epoch #2 cost=0.038848
Epoch #3 cost=0.036741
Epoch #4 cost=0.035421
Epoch #5 cost=0.034783
Epoch #6 cost=0.034867
Epoch #7 cost=0.033487
Epoch #8 cost=0.032855
Epoch #9 cost=0.032883
Epoch #0 cost=0.046215
Epoch #1 cost=0.042576
Epoch #2 cost=0.039658
Epoch #3 cost=0.037448
Epoch #4 cost=0.035616
Epoch #5 cost=0.034821
Epoch #6 cost=0.034719
Epoch #7 cost=0.034439
Epoch #8 cost=0.034686
Epoch #9 cost=0.034309
Epoch #0 cost=0.046468
Epoch #1 cost=0.042124
Epoch #2 cost=0.038498
Epoch #3 cost=0.036611
Epoch #4 cost=0.036073
Epoch #5 cost=0.035069
Epoch #6 cost=0.034905
Epoch #7 cost=0.034748
Epoch #8 cost=0.034441
Epoch #9 cost=0.033409
Epoch #0 cost=0.009540
Epoch #1 cost=0.004642
Epoch #2 cost=0.002867
Epoch #3 cost=0.002359
Epoch #4 cost=0.001924
Epoch #5 cost=0.001635
Epoch #6 cost=0.001329
Epoch #7 cost=0.001202
Epoch #8 cost=0.001112
Epoch #9 cost=0.000969
Nodes keep percentage is :  0.6499999999999997
Epoch #0 cost=0.045473
Epoch #1 cost=0.043603
Epoch #2 cost=0.042776
Epoch #3 cost=0.042061
Epoch #4 cost=0.039194
Epoch #5 cost=0.038441
Epoch #6 cost=0.037842
Epoch #7 cost=0.037289
Epoch #8 cost=0.036194
Epoch #9 cost=0.035737
Epoch #0 cost=0.046326
Epoch #1 cost=0.046203
Epoch #2 cost=0.043897
Epoch #3 cost=0.041698
Epoch #4 cost=0.039660
Epoch #5 cost=0.039016
Epoch #6 cost=0.038075
Epoch #7 cost=0.037252
Epoch #8 cost=0.036915
Epoch #9 cost=0.036429
Epoch #0 cost=0.045670
Epoch #1 cost=0.044057
Epoch #2 cost=0.043066
Epoch #3 cost=0.041610
Epoch #4 cost=0.040796
Epoch #5 cost=0.040412
Epoch #6 cost=0.039871
Epoch #7 cost=0.039569
Epoch #8 cost=0.039293
Epoch #9 cost=0.038656
Epoch #0 cost=0.046909
Epoch #1 cost=0.044851
Epoch #2 cost=0.042241
Epoch #3 cost=0.039470
Epoch #4 cost=0.038061
Epoch #5 cost=0.036560
Epoch #6 cost=0.035789
Epoch #7 cost=0.035214
Epoch #8 cost=0.034942
Epoch #9 cost=0.034734
Epoch #0 cost=0.045856
Epoch #1 cost=0.045375
Epoch #2 cost=0.044799
Epoch #3 cost=0.042509
Epoch #4 cost=0.039940
Epoch #5 cost=0.039025
Epoch #6 cost=0.038448
Epoch #7 cost=0.037507
Epoch #8 cost=0.036632
Epoch #9 cost=0.036253
Epoch #0 cost=0.045239
Epoch #1 cost=0.045009
Epoch #2 cost=0.044137
Epoch #3 cost=0.040126
Epoch #4 cost=0.038610
Epoch #5 cost=0.037542
Epoch #6 cost=0.037200
Epoch #7 cost=0.036353
Epoch #8 cost=0.035877
Epoch #9 cost=0.035410
Epoch #0 cost=0.045042
Epoch #1 cost=0.045228
Epoch #2 cost=0.043908
Epoch #3 cost=0.040263
Epoch #4 cost=0.038645
Epoch #5 cost=0.037809
Epoch #6 cost=0.036888
Epoch #7 cost=0.036328
Epoch #8 cost=0.035930
Epoch #9 cost=0.035652
Epoch #0 cost=0.046475
Epoch #1 cost=0.044323
Epoch #2 cost=0.043886
Epoch #3 cost=0.040427
Epoch #4 cost=0.038727
Epoch #5 cost=0.037415
Epoch #6 cost=0.036185
Epoch #7 cost=0.035777
Epoch #8 cost=0.035509
Epoch #9 cost=0.035135
Epoch #0 cost=0.046209
Epoch #1 cost=0.043223
Epoch #2 cost=0.040997
Epoch #3 cost=0.038647
Epoch #4 cost=0.037005
Epoch #5 cost=0.036551
Epoch #6 cost=0.035975
Epoch #7 cost=0.035561
Epoch #8 cost=0.035433
Epoch #9 cost=0.035139
Epoch #0 cost=0.007247
Epoch #1 cost=0.003568
Epoch #2 cost=0.002657
Epoch #3 cost=0.002363
Epoch #4 cost=0.002005
Epoch #5 cost=0.001927
Epoch #6 cost=0.001723
Epoch #7 cost=0.001440
Epoch #8 cost=0.001420
Epoch #9 cost=0.001452
Nodes keep percentage is :  0.5999999999999996
Epoch #0 cost=0.054651
Epoch #1 cost=0.053730
Epoch #2 cost=0.049361
Epoch #3 cost=0.044124
Epoch #4 cost=0.040263
Epoch #5 cost=0.038440
Epoch #6 cost=0.037692
Epoch #7 cost=0.036866
Epoch #8 cost=0.036592
Epoch #9 cost=0.036296
Epoch #0 cost=0.055986
Epoch #1 cost=0.054541
Epoch #2 cost=0.050127
Epoch #3 cost=0.046307
Epoch #4 cost=0.043035
Epoch #5 cost=0.040459
Epoch #6 cost=0.038236
Epoch #7 cost=0.036912
Epoch #8 cost=0.036535
Epoch #9 cost=0.036269
Epoch #0 cost=0.055423
Epoch #1 cost=0.054270
Epoch #2 cost=0.050559
Epoch #3 cost=0.045830
Epoch #4 cost=0.042482
Epoch #5 cost=0.040121
Epoch #6 cost=0.037116
Epoch #7 cost=0.035949
Epoch #8 cost=0.035562
Epoch #9 cost=0.035124
Epoch #0 cost=0.054843
Epoch #1 cost=0.050813
Epoch #2 cost=0.045110
Epoch #3 cost=0.040701
Epoch #4 cost=0.037755
Epoch #5 cost=0.035863
Epoch #6 cost=0.035433
Epoch #7 cost=0.034773
Epoch #8 cost=0.034876
Epoch #9 cost=0.034356
Epoch #0 cost=0.055447
Epoch #1 cost=0.054048
Epoch #2 cost=0.050142
Epoch #3 cost=0.047646
Epoch #4 cost=0.043193
Epoch #5 cost=0.041876
Epoch #6 cost=0.038457
Epoch #7 cost=0.038308
Epoch #8 cost=0.037374
Epoch #9 cost=0.037456
Epoch #0 cost=0.055586
Epoch #1 cost=0.054306
Epoch #2 cost=0.049054
Epoch #3 cost=0.044830
Epoch #4 cost=0.040228
Epoch #5 cost=0.038591
Epoch #6 cost=0.037584
Epoch #7 cost=0.037163
Epoch #8 cost=0.036870
Epoch #9 cost=0.036672
Epoch #0 cost=0.056697
Epoch #1 cost=0.053802
Epoch #2 cost=0.046994
Epoch #3 cost=0.042872
Epoch #4 cost=0.039679
Epoch #5 cost=0.038286
Epoch #6 cost=0.037257
Epoch #7 cost=0.036269
Epoch #8 cost=0.035924
Epoch #9 cost=0.036203
Epoch #0 cost=0.056719
Epoch #1 cost=0.053861
Epoch #2 cost=0.046746
Epoch #3 cost=0.042663
Epoch #4 cost=0.038535
Epoch #5 cost=0.036999
Epoch #6 cost=0.035666
Epoch #7 cost=0.035354
Epoch #8 cost=0.034615
Epoch #9 cost=0.034738
Epoch #0 cost=0.055761
Epoch #1 cost=0.053706
Epoch #2 cost=0.046028
Epoch #3 cost=0.040374
Epoch #4 cost=0.037649
Epoch #5 cost=0.036539
Epoch #6 cost=0.035044
Epoch #7 cost=0.034760
Epoch #8 cost=0.034432
Epoch #9 cost=0.034523
Epoch #0 cost=0.007480
Epoch #1 cost=0.004203
Epoch #2 cost=0.003427
Epoch #3 cost=0.002901
Epoch #4 cost=0.002304
Epoch #5 cost=0.002216
Epoch #6 cost=0.001993
Epoch #7 cost=0.001796
Epoch #8 cost=0.001690
Epoch #9 cost=0.001694
Nodes keep percentage is :  0.5499999999999996
Epoch #0 cost=0.047215
Epoch #1 cost=0.044075
Epoch #2 cost=0.041616
Epoch #3 cost=0.040179
Epoch #4 cost=0.037802
Epoch #5 cost=0.036994
Epoch #6 cost=0.036208
Epoch #7 cost=0.035908
Epoch #8 cost=0.035729
Epoch #9 cost=0.035545
Epoch #0 cost=0.047742
Epoch #1 cost=0.044680
Epoch #2 cost=0.041596
Epoch #3 cost=0.039129
Epoch #4 cost=0.037632
Epoch #5 cost=0.036896
Epoch #6 cost=0.036376
Epoch #7 cost=0.036233
Epoch #8 cost=0.035953
Epoch #9 cost=0.035995
Epoch #0 cost=0.047218
Epoch #1 cost=0.046241
Epoch #2 cost=0.043012
Epoch #3 cost=0.041585
Epoch #4 cost=0.040507
Epoch #5 cost=0.039090
Epoch #6 cost=0.038036
Epoch #7 cost=0.036938
Epoch #8 cost=0.036611
Epoch #9 cost=0.036322
Epoch #0 cost=0.047102
Epoch #1 cost=0.044494
Epoch #2 cost=0.042356
Epoch #3 cost=0.038231
Epoch #4 cost=0.037007
Epoch #5 cost=0.036027
Epoch #6 cost=0.035484
Epoch #7 cost=0.034970
Epoch #8 cost=0.034796
Epoch #9 cost=0.034633
Epoch #0 cost=0.047447
Epoch #1 cost=0.045782
Epoch #2 cost=0.043233
Epoch #3 cost=0.041178
Epoch #4 cost=0.040395
Epoch #5 cost=0.039079
Epoch #6 cost=0.037971
Epoch #7 cost=0.036798
Epoch #8 cost=0.036382
Epoch #9 cost=0.035992
Epoch #0 cost=0.047687
Epoch #1 cost=0.044600
Epoch #2 cost=0.042658
Epoch #3 cost=0.041256
Epoch #4 cost=0.038850
Epoch #5 cost=0.037707
Epoch #6 cost=0.036834
Epoch #7 cost=0.036490
Epoch #8 cost=0.035990
Epoch #9 cost=0.035480
Epoch #0 cost=0.046941
Epoch #1 cost=0.043690
Epoch #2 cost=0.041389
Epoch #3 cost=0.039595
Epoch #4 cost=0.037669
Epoch #5 cost=0.036857
Epoch #6 cost=0.036377
Epoch #7 cost=0.035813
Epoch #8 cost=0.035573
Epoch #9 cost=0.035544
Epoch #0 cost=0.048221
Epoch #1 cost=0.044612
Epoch #2 cost=0.042552
Epoch #3 cost=0.040607
Epoch #4 cost=0.037872
Epoch #5 cost=0.037069
Epoch #6 cost=0.036163
Epoch #7 cost=0.036120
Epoch #8 cost=0.035697
Epoch #9 cost=0.035712
Epoch #0 cost=0.046613
Epoch #1 cost=0.044224
Epoch #2 cost=0.041440
Epoch #3 cost=0.037931
Epoch #4 cost=0.036813
Epoch #5 cost=0.036197
Epoch #6 cost=0.035622
Epoch #7 cost=0.035532
Epoch #8 cost=0.035206
Epoch #9 cost=0.035140
Epoch #0 cost=0.007923
Epoch #1 cost=0.004978
Epoch #2 cost=0.003646
Epoch #3 cost=0.002962
Epoch #4 cost=0.002293
Epoch #5 cost=0.002144
Epoch #6 cost=0.001851
Epoch #7 cost=0.001800
Epoch #8 cost=0.001580
Epoch #9 cost=0.001412
Nodes keep percentage is :  0.49999999999999956
Epoch #0 cost=0.050809
Epoch #1 cost=0.044458
Epoch #2 cost=0.041612
Epoch #3 cost=0.039475
Epoch #4 cost=0.037576
Epoch #5 cost=0.037007
Epoch #6 cost=0.035887
Epoch #7 cost=0.036123
Epoch #8 cost=0.034821
Epoch #9 cost=0.034788
Epoch #0 cost=0.053044
Epoch #1 cost=0.045609
Epoch #2 cost=0.042825
Epoch #3 cost=0.039155
Epoch #4 cost=0.038024
Epoch #5 cost=0.036895
Epoch #6 cost=0.035994
Epoch #7 cost=0.035572
Epoch #8 cost=0.035447
Epoch #9 cost=0.035322
Epoch #0 cost=0.051740
Epoch #1 cost=0.046330
Epoch #2 cost=0.043562
Epoch #3 cost=0.041523
Epoch #4 cost=0.039818
Epoch #5 cost=0.038553
Epoch #6 cost=0.037540
Epoch #7 cost=0.036154
Epoch #8 cost=0.036039
Epoch #9 cost=0.035343
Epoch #0 cost=0.051479
Epoch #1 cost=0.043890
Epoch #2 cost=0.040834
Epoch #3 cost=0.039491
Epoch #4 cost=0.037206
Epoch #5 cost=0.035837
Epoch #6 cost=0.035517
Epoch #7 cost=0.034850
Epoch #8 cost=0.034840
Epoch #9 cost=0.034489
Epoch #0 cost=0.052752
Epoch #1 cost=0.048238
Epoch #2 cost=0.043849
Epoch #3 cost=0.040773
Epoch #4 cost=0.039404
Epoch #5 cost=0.037200
Epoch #6 cost=0.036276
Epoch #7 cost=0.036110
Epoch #8 cost=0.035558
Epoch #9 cost=0.035246
Epoch #0 cost=0.051648
Epoch #1 cost=0.044269
Epoch #2 cost=0.042121
Epoch #3 cost=0.040355
Epoch #4 cost=0.038989
Epoch #5 cost=0.037942
Epoch #6 cost=0.037003
Epoch #7 cost=0.036352
Epoch #8 cost=0.035752
Epoch #9 cost=0.035646
Epoch #0 cost=0.051611
Epoch #1 cost=0.044317
Epoch #2 cost=0.042477
Epoch #3 cost=0.040009
Epoch #4 cost=0.038645
Epoch #5 cost=0.037225
Epoch #6 cost=0.036725
Epoch #7 cost=0.035813
Epoch #8 cost=0.035405
Epoch #9 cost=0.035157
Epoch #0 cost=0.053109
Epoch #1 cost=0.045831
Epoch #2 cost=0.042081
Epoch #3 cost=0.040291
Epoch #4 cost=0.038781
Epoch #5 cost=0.037698
Epoch #6 cost=0.036545
Epoch #7 cost=0.035925
Epoch #8 cost=0.035200
Epoch #9 cost=0.035376
Epoch #0 cost=0.050628
Epoch #1 cost=0.044363
Epoch #2 cost=0.039735
Epoch #3 cost=0.038197
Epoch #4 cost=0.037238
Epoch #5 cost=0.036744
Epoch #6 cost=0.036617
Epoch #7 cost=0.035907
Epoch #8 cost=0.035966
Epoch #9 cost=0.035331
Epoch #0 cost=0.012065
Epoch #1 cost=0.005285
Epoch #2 cost=0.004153
Epoch #3 cost=0.003604
Epoch #4 cost=0.003038
Epoch #5 cost=0.003072
Epoch #6 cost=0.002682
Epoch #7 cost=0.002480
Epoch #8 cost=0.002723
Epoch #9 cost=0.002564
Nodes keep percentage is :  0.4499999999999995
Epoch #0 cost=0.068995
Epoch #1 cost=0.064078
Epoch #2 cost=0.058667
Epoch #3 cost=0.051488
Epoch #4 cost=0.050127
Epoch #5 cost=0.048871
Epoch #6 cost=0.048263
Epoch #7 cost=0.047254
Epoch #8 cost=0.046656
Epoch #9 cost=0.046402
Epoch #0 cost=0.069248
Epoch #1 cost=0.063965
Epoch #2 cost=0.058363
Epoch #3 cost=0.053343
Epoch #4 cost=0.051292
Epoch #5 cost=0.049697
Epoch #6 cost=0.048563
Epoch #7 cost=0.047482
Epoch #8 cost=0.046855
Epoch #9 cost=0.046399
Epoch #0 cost=0.068449
Epoch #1 cost=0.064460
Epoch #2 cost=0.060138
Epoch #3 cost=0.053019
Epoch #4 cost=0.051245
Epoch #5 cost=0.049775
Epoch #6 cost=0.048359
Epoch #7 cost=0.047433
Epoch #8 cost=0.046841
Epoch #9 cost=0.046346
Epoch #0 cost=0.068006
Epoch #1 cost=0.064426
Epoch #2 cost=0.057296
Epoch #3 cost=0.052021
Epoch #4 cost=0.049946
Epoch #5 cost=0.048333
Epoch #6 cost=0.047461
Epoch #7 cost=0.046236
Epoch #8 cost=0.045566
Epoch #9 cost=0.045056
Epoch #0 cost=0.069239
Epoch #1 cost=0.065267
Epoch #2 cost=0.061304
Epoch #3 cost=0.057323
Epoch #4 cost=0.052945
Epoch #5 cost=0.050671
Epoch #6 cost=0.049505
Epoch #7 cost=0.048200
Epoch #8 cost=0.047553
Epoch #9 cost=0.046993
Epoch #0 cost=0.069112
Epoch #1 cost=0.064828
Epoch #2 cost=0.058380
Epoch #3 cost=0.052827
Epoch #4 cost=0.051412
Epoch #5 cost=0.049553
Epoch #6 cost=0.048403
Epoch #7 cost=0.047587
Epoch #8 cost=0.046586
Epoch #9 cost=0.045844
Epoch #0 cost=0.068450
Epoch #1 cost=0.063404
Epoch #2 cost=0.057381
Epoch #3 cost=0.052289
Epoch #4 cost=0.050556
Epoch #5 cost=0.049658
Epoch #6 cost=0.048671
Epoch #7 cost=0.047880
Epoch #8 cost=0.047458
Epoch #9 cost=0.046797
Epoch #0 cost=0.070477
Epoch #1 cost=0.066029
Epoch #2 cost=0.059683
Epoch #3 cost=0.052347
Epoch #4 cost=0.050765
Epoch #5 cost=0.049398
Epoch #6 cost=0.048101
Epoch #7 cost=0.047130
Epoch #8 cost=0.046545
Epoch #9 cost=0.045867
Epoch #0 cost=0.067995
Epoch #1 cost=0.059733
Epoch #2 cost=0.053336
Epoch #3 cost=0.051228
Epoch #4 cost=0.049968
Epoch #5 cost=0.048600
Epoch #6 cost=0.047632
Epoch #7 cost=0.046792
Epoch #8 cost=0.046167
Epoch #9 cost=0.045653
Epoch #0 cost=0.009748
Epoch #1 cost=0.005402
Epoch #2 cost=0.004520
Epoch #3 cost=0.003560
Epoch #4 cost=0.003338
Epoch #5 cost=0.003015
Epoch #6 cost=0.002662
Epoch #7 cost=0.002376
Epoch #8 cost=0.002215
Epoch #9 cost=0.002063
Nodes keep percentage is :  0.39999999999999947
Epoch #0 cost=0.062012
Epoch #1 cost=0.056096
Epoch #2 cost=0.053601
Epoch #3 cost=0.052113
Epoch #4 cost=0.050231
Epoch #5 cost=0.048995
Epoch #6 cost=0.048196
Epoch #7 cost=0.046972
Epoch #8 cost=0.045392
Epoch #9 cost=0.044775
Epoch #0 cost=0.060987
Epoch #1 cost=0.056708
Epoch #2 cost=0.053481
Epoch #3 cost=0.051255
Epoch #4 cost=0.049704
Epoch #5 cost=0.048528
Epoch #6 cost=0.047471
Epoch #7 cost=0.046284
Epoch #8 cost=0.045221
Epoch #9 cost=0.044381
Epoch #0 cost=0.061754
Epoch #1 cost=0.056300
Epoch #2 cost=0.054543
Epoch #3 cost=0.052360
Epoch #4 cost=0.050719
Epoch #5 cost=0.049839
Epoch #6 cost=0.048990
Epoch #7 cost=0.047576
Epoch #8 cost=0.046394
Epoch #9 cost=0.045748
Epoch #0 cost=0.061349
Epoch #1 cost=0.055678
Epoch #2 cost=0.053570
Epoch #3 cost=0.051389
Epoch #4 cost=0.049447
Epoch #5 cost=0.048390
Epoch #6 cost=0.046824
Epoch #7 cost=0.045286
Epoch #8 cost=0.044656
Epoch #9 cost=0.043136
Epoch #0 cost=0.061609
Epoch #1 cost=0.056896
Epoch #2 cost=0.055075
Epoch #3 cost=0.052835
Epoch #4 cost=0.051927
Epoch #5 cost=0.050466
Epoch #6 cost=0.049415
Epoch #7 cost=0.047943
Epoch #8 cost=0.046655
Epoch #9 cost=0.046073
Epoch #0 cost=0.060934
Epoch #1 cost=0.056605
Epoch #2 cost=0.054838
Epoch #3 cost=0.052197
Epoch #4 cost=0.051097
Epoch #5 cost=0.049398
Epoch #6 cost=0.048009
Epoch #7 cost=0.047292
Epoch #8 cost=0.045921
Epoch #9 cost=0.045166
Epoch #0 cost=0.059891
Epoch #1 cost=0.055733
Epoch #2 cost=0.053871
Epoch #3 cost=0.051828
Epoch #4 cost=0.050043
Epoch #5 cost=0.049060
Epoch #6 cost=0.047956
Epoch #7 cost=0.046749
Epoch #8 cost=0.045953
Epoch #9 cost=0.044733
Epoch #0 cost=0.061340
Epoch #1 cost=0.056305
Epoch #2 cost=0.053596
Epoch #3 cost=0.052050
Epoch #4 cost=0.050384
Epoch #5 cost=0.049059
Epoch #6 cost=0.048058
Epoch #7 cost=0.047031
Epoch #8 cost=0.045863
Epoch #9 cost=0.044954
Epoch #0 cost=0.059595
Epoch #1 cost=0.054797
Epoch #2 cost=0.052854
Epoch #3 cost=0.051406
Epoch #4 cost=0.049591
Epoch #5 cost=0.048322
Epoch #6 cost=0.047389
Epoch #7 cost=0.046245
Epoch #8 cost=0.045057
Epoch #9 cost=0.043452
Epoch #0 cost=0.012283
Epoch #1 cost=0.006086
Epoch #2 cost=0.003841
Epoch #3 cost=0.003098
Epoch #4 cost=0.002829
Epoch #5 cost=0.002181
Epoch #6 cost=0.002132
Epoch #7 cost=0.001851
Epoch #8 cost=0.001843
Epoch #9 cost=0.001804
Nodes keep percentage is :  0.3499999999999994
Epoch #0 cost=0.066278
Epoch #1 cost=0.056281
Epoch #2 cost=0.053134
Epoch #3 cost=0.047781
Epoch #4 cost=0.043658
Epoch #5 cost=0.039082
Epoch #6 cost=0.037898
Epoch #7 cost=0.037018
Epoch #8 cost=0.036437
Epoch #9 cost=0.035917
Epoch #0 cost=0.069276
Epoch #1 cost=0.058863
Epoch #2 cost=0.053997
Epoch #3 cost=0.048467
Epoch #4 cost=0.044169
Epoch #5 cost=0.039524
Epoch #6 cost=0.038226
Epoch #7 cost=0.037868
Epoch #8 cost=0.037228
Epoch #9 cost=0.036879
Epoch #0 cost=0.070477
Epoch #1 cost=0.059095
Epoch #2 cost=0.055007
Epoch #3 cost=0.050563
Epoch #4 cost=0.046080
Epoch #5 cost=0.042436
Epoch #6 cost=0.038661
Epoch #7 cost=0.037557
Epoch #8 cost=0.036940
Epoch #9 cost=0.036826
Epoch #0 cost=0.068347
Epoch #1 cost=0.056864
Epoch #2 cost=0.052915
Epoch #3 cost=0.047384
Epoch #4 cost=0.042624
Epoch #5 cost=0.038896
Epoch #6 cost=0.037101
Epoch #7 cost=0.036448
Epoch #8 cost=0.036215
Epoch #9 cost=0.035904
Epoch #0 cost=0.069114
Epoch #1 cost=0.058813
Epoch #2 cost=0.055340
Epoch #3 cost=0.051327
Epoch #4 cost=0.046751
Epoch #5 cost=0.043405
Epoch #6 cost=0.038928
Epoch #7 cost=0.037848
Epoch #8 cost=0.037319
Epoch #9 cost=0.036824
Epoch #0 cost=0.068163
Epoch #1 cost=0.058996
Epoch #2 cost=0.054924
Epoch #3 cost=0.051382
Epoch #4 cost=0.046615
Epoch #5 cost=0.042208
Epoch #6 cost=0.038731
Epoch #7 cost=0.037395
Epoch #8 cost=0.036905
Epoch #9 cost=0.036227
Epoch #0 cost=0.065055
Epoch #1 cost=0.058095
Epoch #2 cost=0.053914
Epoch #3 cost=0.049190
Epoch #4 cost=0.044866
Epoch #5 cost=0.041218
Epoch #6 cost=0.038458
Epoch #7 cost=0.037400
Epoch #8 cost=0.036862
Epoch #9 cost=0.036661
Epoch #0 cost=0.066106
Epoch #1 cost=0.058207
Epoch #2 cost=0.054828
Epoch #3 cost=0.049885
Epoch #4 cost=0.044976
Epoch #5 cost=0.041662
Epoch #6 cost=0.038350
Epoch #7 cost=0.037350
Epoch #8 cost=0.036679
Epoch #9 cost=0.036321
Epoch #0 cost=0.066159
Epoch #1 cost=0.058479
Epoch #2 cost=0.053581
Epoch #3 cost=0.049181
Epoch #4 cost=0.044524
Epoch #5 cost=0.039977
Epoch #6 cost=0.038077
Epoch #7 cost=0.037202
Epoch #8 cost=0.036290
Epoch #9 cost=0.036274
Epoch #0 cost=0.014102
Epoch #1 cost=0.006240
Epoch #2 cost=0.004456
Epoch #3 cost=0.003674
Epoch #4 cost=0.003151
Epoch #5 cost=0.002812
Epoch #6 cost=0.002674
Epoch #7 cost=0.002460
Epoch #8 cost=0.002143
Epoch #9 cost=0.002095
Nodes keep percentage is :  0.2999999999999994
Epoch #0 cost=0.073073
Epoch #1 cost=0.065288
Epoch #2 cost=0.057951
Epoch #3 cost=0.054952
Epoch #4 cost=0.053299
Epoch #5 cost=0.050848
Epoch #6 cost=0.049704
Epoch #7 cost=0.049054
Epoch #8 cost=0.048236
Epoch #9 cost=0.047650
Epoch #0 cost=0.073251
Epoch #1 cost=0.064309
Epoch #2 cost=0.058920
Epoch #3 cost=0.055587
Epoch #4 cost=0.053360
Epoch #5 cost=0.051634
Epoch #6 cost=0.050184
Epoch #7 cost=0.049376
Epoch #8 cost=0.048918
Epoch #9 cost=0.048225
Epoch #0 cost=0.071669
Epoch #1 cost=0.066292
Epoch #2 cost=0.062111
Epoch #3 cost=0.057655
Epoch #4 cost=0.055165
Epoch #5 cost=0.053167
Epoch #6 cost=0.051769
Epoch #7 cost=0.050675
Epoch #8 cost=0.049509
Epoch #9 cost=0.048730
Epoch #0 cost=0.073427
Epoch #1 cost=0.064474
Epoch #2 cost=0.059042
Epoch #3 cost=0.055217
Epoch #4 cost=0.052805
Epoch #5 cost=0.050829
Epoch #6 cost=0.049854
Epoch #7 cost=0.048728
Epoch #8 cost=0.048064
Epoch #9 cost=0.047178
Epoch #0 cost=0.072674
Epoch #1 cost=0.065765
Epoch #2 cost=0.062817
Epoch #3 cost=0.057753
Epoch #4 cost=0.054991
Epoch #5 cost=0.053820
Epoch #6 cost=0.051885
Epoch #7 cost=0.050901
Epoch #8 cost=0.049580
Epoch #9 cost=0.048479
Epoch #0 cost=0.073957
Epoch #1 cost=0.063294
Epoch #2 cost=0.059216
Epoch #3 cost=0.056124
Epoch #4 cost=0.054131
Epoch #5 cost=0.052645
Epoch #6 cost=0.051351
Epoch #7 cost=0.049942
Epoch #8 cost=0.048741
Epoch #9 cost=0.047962
Epoch #0 cost=0.073549
Epoch #1 cost=0.064026
Epoch #2 cost=0.058978
Epoch #3 cost=0.055655
Epoch #4 cost=0.053776
Epoch #5 cost=0.051491
Epoch #6 cost=0.050371
Epoch #7 cost=0.049644
Epoch #8 cost=0.048789
Epoch #9 cost=0.048152
Epoch #0 cost=0.071911
Epoch #1 cost=0.065429
Epoch #2 cost=0.059356
Epoch #3 cost=0.055788
Epoch #4 cost=0.053780
Epoch #5 cost=0.052024
Epoch #6 cost=0.050803
Epoch #7 cost=0.049915
Epoch #8 cost=0.048970
Epoch #9 cost=0.048597
Epoch #0 cost=0.070615
Epoch #1 cost=0.065239
Epoch #2 cost=0.059921
Epoch #3 cost=0.055303
Epoch #4 cost=0.053369
Epoch #5 cost=0.051863
Epoch #6 cost=0.050753
Epoch #7 cost=0.049568
Epoch #8 cost=0.048780
Epoch #9 cost=0.047976
Epoch #0 cost=0.010406
Epoch #1 cost=0.006583
Epoch #2 cost=0.004716
Epoch #3 cost=0.003996
Epoch #4 cost=0.003520
Epoch #5 cost=0.002917
Epoch #6 cost=0.002827
Epoch #7 cost=0.002558
Epoch #8 cost=0.002381
Epoch #9 cost=0.002110
Nodes keep percentage is :  0.24999999999999933
Epoch #0 cost=0.058054
Epoch #1 cost=0.053557
Epoch #2 cost=0.049313
Epoch #3 cost=0.047880
Epoch #4 cost=0.046341
Epoch #5 cost=0.044166
Epoch #6 cost=0.043603
Epoch #7 cost=0.042759
Epoch #8 cost=0.042075
Epoch #9 cost=0.041258
Epoch #0 cost=0.058921
Epoch #1 cost=0.054094
Epoch #2 cost=0.051153
Epoch #3 cost=0.048117
Epoch #4 cost=0.047005
Epoch #5 cost=0.045080
Epoch #6 cost=0.044487
Epoch #7 cost=0.043649
Epoch #8 cost=0.042630
Epoch #9 cost=0.042461
Epoch #0 cost=0.058570
Epoch #1 cost=0.054274
Epoch #2 cost=0.051931
Epoch #3 cost=0.049100
Epoch #4 cost=0.047461
Epoch #5 cost=0.045442
Epoch #6 cost=0.044696
Epoch #7 cost=0.043507
Epoch #8 cost=0.043566
Epoch #9 cost=0.041983
Epoch #0 cost=0.058728
Epoch #1 cost=0.051668
Epoch #2 cost=0.047749
Epoch #3 cost=0.048067
Epoch #4 cost=0.044490
Epoch #5 cost=0.043532
Epoch #6 cost=0.042686
Epoch #7 cost=0.041896
Epoch #8 cost=0.040994
Epoch #9 cost=0.040256
Epoch #0 cost=0.058650
Epoch #1 cost=0.054714
Epoch #2 cost=0.053147
Epoch #3 cost=0.051987
Epoch #4 cost=0.048680
Epoch #5 cost=0.046519
Epoch #6 cost=0.045338
Epoch #7 cost=0.044265
Epoch #8 cost=0.043322
Epoch #9 cost=0.042750
Epoch #0 cost=0.057731
Epoch #1 cost=0.052775
Epoch #2 cost=0.049550
Epoch #3 cost=0.047751
Epoch #4 cost=0.046204
Epoch #5 cost=0.044699
Epoch #6 cost=0.044263
Epoch #7 cost=0.043559
Epoch #8 cost=0.042760
Epoch #9 cost=0.042154
Epoch #0 cost=0.057087
Epoch #1 cost=0.052351
Epoch #2 cost=0.048403
Epoch #3 cost=0.046485
Epoch #4 cost=0.045071
Epoch #5 cost=0.044193
Epoch #6 cost=0.043501
Epoch #7 cost=0.042811
Epoch #8 cost=0.042148
Epoch #9 cost=0.041712
Epoch #0 cost=0.058575
Epoch #1 cost=0.054378
Epoch #2 cost=0.050544
Epoch #3 cost=0.047654
Epoch #4 cost=0.046428
Epoch #5 cost=0.044889
Epoch #6 cost=0.044267
Epoch #7 cost=0.043574
Epoch #8 cost=0.042412
Epoch #9 cost=0.041793
Epoch #0 cost=0.056788
Epoch #1 cost=0.049551
Epoch #2 cost=0.047065
Epoch #3 cost=0.046337
Epoch #4 cost=0.044950
Epoch #5 cost=0.043755
Epoch #6 cost=0.042752
Epoch #7 cost=0.042449
Epoch #8 cost=0.041625
Epoch #9 cost=0.040911
Epoch #0 cost=0.011810
Epoch #1 cost=0.006917
Epoch #2 cost=0.004679
Epoch #3 cost=0.003684
Epoch #4 cost=0.003186
Epoch #5 cost=0.002767
Epoch #6 cost=0.002620
Epoch #7 cost=0.002148
Epoch #8 cost=0.002219
Epoch #9 cost=0.001850
Nodes keep percentage is :  0.1999999999999993
Epoch #0 cost=0.060565
Epoch #1 cost=0.052933
Epoch #2 cost=0.047964
Epoch #3 cost=0.045540
Epoch #4 cost=0.043994
Epoch #5 cost=0.042919
Epoch #6 cost=0.042055
Epoch #7 cost=0.041608
Epoch #8 cost=0.040732
Epoch #9 cost=0.040210
Epoch #0 cost=0.061746
Epoch #1 cost=0.053877
Epoch #2 cost=0.049107
Epoch #3 cost=0.046834
Epoch #4 cost=0.045432
Epoch #5 cost=0.043913
Epoch #6 cost=0.042834
Epoch #7 cost=0.041670
Epoch #8 cost=0.041172
Epoch #9 cost=0.040353
Epoch #0 cost=0.061032
Epoch #1 cost=0.055053
Epoch #2 cost=0.049797
Epoch #3 cost=0.047381
Epoch #4 cost=0.045585
Epoch #5 cost=0.044504
Epoch #6 cost=0.043103
Epoch #7 cost=0.042491
Epoch #8 cost=0.041509
Epoch #9 cost=0.040939
Epoch #0 cost=0.060652
Epoch #1 cost=0.054615
Epoch #2 cost=0.048581
Epoch #3 cost=0.046928
Epoch #4 cost=0.044895
Epoch #5 cost=0.043421
Epoch #6 cost=0.041861
Epoch #7 cost=0.040632
Epoch #8 cost=0.039995
Epoch #9 cost=0.039324
Epoch #0 cost=0.061925
Epoch #1 cost=0.056294
Epoch #2 cost=0.051833
Epoch #3 cost=0.047954
Epoch #4 cost=0.046168
Epoch #5 cost=0.044842
Epoch #6 cost=0.043315
Epoch #7 cost=0.042427
Epoch #8 cost=0.041238
Epoch #9 cost=0.040924
Epoch #0 cost=0.060863
Epoch #1 cost=0.055753
Epoch #2 cost=0.049439
Epoch #3 cost=0.047543
Epoch #4 cost=0.045781
Epoch #5 cost=0.044031
Epoch #6 cost=0.043302
Epoch #7 cost=0.042360
Epoch #8 cost=0.041476
Epoch #9 cost=0.040691
Epoch #0 cost=0.060503
Epoch #1 cost=0.053475
Epoch #2 cost=0.048609
Epoch #3 cost=0.046857
Epoch #4 cost=0.045182
Epoch #5 cost=0.043732
Epoch #6 cost=0.042785
Epoch #7 cost=0.041682
Epoch #8 cost=0.041033
Epoch #9 cost=0.040404
Epoch #0 cost=0.059979
Epoch #1 cost=0.052301
Epoch #2 cost=0.048530
Epoch #3 cost=0.047020
Epoch #4 cost=0.045397
Epoch #5 cost=0.044167
Epoch #6 cost=0.043031
Epoch #7 cost=0.042295
Epoch #8 cost=0.041043
Epoch #9 cost=0.040840
Epoch #0 cost=0.058867
Epoch #1 cost=0.051016
Epoch #2 cost=0.046631
Epoch #3 cost=0.045046
Epoch #4 cost=0.043718
Epoch #5 cost=0.042677
Epoch #6 cost=0.042018
Epoch #7 cost=0.041176
Epoch #8 cost=0.040791
Epoch #9 cost=0.040197
Epoch #0 cost=0.017431
Epoch #1 cost=0.007730
Epoch #2 cost=0.005395
Epoch #3 cost=0.004447
Epoch #4 cost=0.003785
Epoch #5 cost=0.003528
Epoch #6 cost=0.003102
Epoch #7 cost=0.002915
Epoch #8 cost=0.002685
Epoch #9 cost=0.002535
Nodes keep percentage is :  0.14999999999999925
Epoch #0 cost=0.058633
Epoch #1 cost=0.053078
Epoch #2 cost=0.051454
Epoch #3 cost=0.049878
Epoch #4 cost=0.048501
Epoch #5 cost=0.047665
Epoch #6 cost=0.046607
Epoch #7 cost=0.045943
Epoch #8 cost=0.045238
Epoch #9 cost=0.044825
Epoch #0 cost=0.058732
Epoch #1 cost=0.051862
Epoch #2 cost=0.050140
Epoch #3 cost=0.048656
Epoch #4 cost=0.047526
Epoch #5 cost=0.046505
Epoch #6 cost=0.045915
Epoch #7 cost=0.045409
Epoch #8 cost=0.045014
Epoch #9 cost=0.044527
Epoch #0 cost=0.058246
Epoch #1 cost=0.051860
Epoch #2 cost=0.050020
Epoch #3 cost=0.049265
Epoch #4 cost=0.048131
Epoch #5 cost=0.047263
Epoch #6 cost=0.046449
Epoch #7 cost=0.045746
Epoch #8 cost=0.045270
Epoch #9 cost=0.044737
Epoch #0 cost=0.059086
Epoch #1 cost=0.052447
Epoch #2 cost=0.051178
Epoch #3 cost=0.049638
Epoch #4 cost=0.048887
Epoch #5 cost=0.047355
Epoch #6 cost=0.046051
Epoch #7 cost=0.045134
Epoch #8 cost=0.044689
Epoch #9 cost=0.043843
Epoch #0 cost=0.057852
Epoch #1 cost=0.052362
Epoch #2 cost=0.050604
Epoch #3 cost=0.049643
Epoch #4 cost=0.048673
Epoch #5 cost=0.047647
Epoch #6 cost=0.046579
Epoch #7 cost=0.046219
Epoch #8 cost=0.045581
Epoch #9 cost=0.044988
Epoch #0 cost=0.057993
Epoch #1 cost=0.052111
Epoch #2 cost=0.050832
Epoch #3 cost=0.050097
Epoch #4 cost=0.048299
Epoch #5 cost=0.047475
Epoch #6 cost=0.046487
Epoch #7 cost=0.045588
Epoch #8 cost=0.045199
Epoch #9 cost=0.044628
Epoch #0 cost=0.057961
Epoch #1 cost=0.052248
Epoch #2 cost=0.050921
Epoch #3 cost=0.049842
Epoch #4 cost=0.048786
Epoch #5 cost=0.047593
Epoch #6 cost=0.047024
Epoch #7 cost=0.046094
Epoch #8 cost=0.045614
Epoch #9 cost=0.045279
Epoch #0 cost=0.057040
Epoch #1 cost=0.052734
Epoch #2 cost=0.050761
Epoch #3 cost=0.049679
Epoch #4 cost=0.048847
Epoch #5 cost=0.048128
Epoch #6 cost=0.046819
Epoch #7 cost=0.046061
Epoch #8 cost=0.045561
Epoch #9 cost=0.044796
Epoch #0 cost=0.057186
Epoch #1 cost=0.050706
Epoch #2 cost=0.045939
Epoch #3 cost=0.044220
Epoch #4 cost=0.042897
Epoch #5 cost=0.041719
Epoch #6 cost=0.041324
Epoch #7 cost=0.040475
Epoch #8 cost=0.039911
Epoch #9 cost=0.039530
Epoch #0 cost=0.020480
Epoch #1 cost=0.008591
Epoch #2 cost=0.005926
Epoch #3 cost=0.004542
Epoch #4 cost=0.003673
Epoch #5 cost=0.003080
Epoch #6 cost=0.002792
Epoch #7 cost=0.002601
Epoch #8 cost=0.002300
Epoch #9 cost=0.002230
Nodes keep percentage is :  0.0999999999999992
Epoch #0 cost=0.068467
Epoch #1 cost=0.058741
Epoch #2 cost=0.053738
Epoch #3 cost=0.049452
Epoch #4 cost=0.046879
Epoch #5 cost=0.046023
Epoch #6 cost=0.045426
Epoch #7 cost=0.044958
Epoch #8 cost=0.044488
Epoch #9 cost=0.044306
Epoch #0 cost=0.069578
Epoch #1 cost=0.061306
Epoch #2 cost=0.057011
Epoch #3 cost=0.052609
Epoch #4 cost=0.048899
Epoch #5 cost=0.047186
Epoch #6 cost=0.046312
Epoch #7 cost=0.045297
Epoch #8 cost=0.044802
Epoch #9 cost=0.044440
Epoch #0 cost=0.069145
Epoch #1 cost=0.061782
Epoch #2 cost=0.057292
Epoch #3 cost=0.052985
Epoch #4 cost=0.049586
Epoch #5 cost=0.047912
Epoch #6 cost=0.047013
Epoch #7 cost=0.046371
Epoch #8 cost=0.045535
Epoch #9 cost=0.044610
Epoch #0 cost=0.068927
Epoch #1 cost=0.060165
Epoch #2 cost=0.054319
Epoch #3 cost=0.049200
Epoch #4 cost=0.046897
Epoch #5 cost=0.045850
Epoch #6 cost=0.045339
Epoch #7 cost=0.044563
Epoch #8 cost=0.043966
Epoch #9 cost=0.043338
Epoch #0 cost=0.069299
Epoch #1 cost=0.062570
Epoch #2 cost=0.059617
Epoch #3 cost=0.056114
Epoch #4 cost=0.052206
Epoch #5 cost=0.049281
Epoch #6 cost=0.047470
Epoch #7 cost=0.046527
Epoch #8 cost=0.045837
Epoch #9 cost=0.044787
Epoch #0 cost=0.069479
Epoch #1 cost=0.061056
Epoch #2 cost=0.056479
Epoch #3 cost=0.051047
Epoch #4 cost=0.048455
Epoch #5 cost=0.047365
Epoch #6 cost=0.045944
Epoch #7 cost=0.045566
Epoch #8 cost=0.044917
Epoch #9 cost=0.044463
Epoch #0 cost=0.068169
Epoch #1 cost=0.059893
Epoch #2 cost=0.051940
Epoch #3 cost=0.049428
Epoch #4 cost=0.047619
Epoch #5 cost=0.046569
Epoch #6 cost=0.046041
Epoch #7 cost=0.045582
Epoch #8 cost=0.045549
Epoch #9 cost=0.044769
Epoch #0 cost=0.068066
Epoch #1 cost=0.059483
Epoch #2 cost=0.055195
Epoch #3 cost=0.049492
Epoch #4 cost=0.047606
Epoch #5 cost=0.046432
Epoch #6 cost=0.045691
Epoch #7 cost=0.045244
Epoch #8 cost=0.044619
Epoch #9 cost=0.044119
Epoch #0 cost=0.066809
Epoch #1 cost=0.056775
Epoch #2 cost=0.049725
Epoch #3 cost=0.047619
Epoch #4 cost=0.046664
Epoch #5 cost=0.046079
Epoch #6 cost=0.045449
Epoch #7 cost=0.044844
Epoch #8 cost=0.044311
Epoch #9 cost=0.043805
Epoch #0 cost=0.018907
Epoch #1 cost=0.009342
Epoch #2 cost=0.006740
Epoch #3 cost=0.005671
Epoch #4 cost=0.004783
Epoch #5 cost=0.004108
Epoch #6 cost=0.003743
Epoch #7 cost=0.003365
Epoch #8 cost=0.003140
Epoch #9 cost=0.003108
Nodes keep percentage is :  0.049999999999999156
Epoch #0 cost=0.065870
Epoch #1 cost=0.060120
Epoch #2 cost=0.056267
Epoch #3 cost=0.053001
Epoch #4 cost=0.046539
Epoch #5 cost=0.045236
Epoch #6 cost=0.044382
Epoch #7 cost=0.043663
Epoch #8 cost=0.043090
Epoch #9 cost=0.042247
Epoch #0 cost=0.066296
Epoch #1 cost=0.061434
Epoch #2 cost=0.056641
Epoch #3 cost=0.054321
Epoch #4 cost=0.047514
Epoch #5 cost=0.046057
Epoch #6 cost=0.045002
Epoch #7 cost=0.043932
Epoch #8 cost=0.043065
Epoch #9 cost=0.042628
Epoch #0 cost=0.066263
Epoch #1 cost=0.060791
Epoch #2 cost=0.057696
Epoch #3 cost=0.055574
Epoch #4 cost=0.052744
Epoch #5 cost=0.047371
Epoch #6 cost=0.045878
Epoch #7 cost=0.044887
Epoch #8 cost=0.044043
Epoch #9 cost=0.042868
Epoch #0 cost=0.066038
Epoch #1 cost=0.059825
Epoch #2 cost=0.055775
Epoch #3 cost=0.048564
Epoch #4 cost=0.045778
Epoch #5 cost=0.045020
Epoch #6 cost=0.044018
Epoch #7 cost=0.043209
Epoch #8 cost=0.042277
Epoch #9 cost=0.041691
Epoch #0 cost=0.066106
Epoch #1 cost=0.061206
Epoch #2 cost=0.058603
Epoch #3 cost=0.056182
Epoch #4 cost=0.054367
Epoch #5 cost=0.052022
Epoch #6 cost=0.046883
Epoch #7 cost=0.045551
Epoch #8 cost=0.044430
Epoch #9 cost=0.043545
Epoch #0 cost=0.066192
Epoch #1 cost=0.060754
Epoch #2 cost=0.056936
Epoch #3 cost=0.054526
Epoch #4 cost=0.048087
Epoch #5 cost=0.046383
Epoch #6 cost=0.045361
Epoch #7 cost=0.044462
Epoch #8 cost=0.043910
Epoch #9 cost=0.043187
Epoch #0 cost=0.064976
Epoch #1 cost=0.060406
Epoch #2 cost=0.056973
Epoch #3 cost=0.053923
Epoch #4 cost=0.047971
Epoch #5 cost=0.046138
Epoch #6 cost=0.045273
Epoch #7 cost=0.044301
Epoch #8 cost=0.043589
Epoch #9 cost=0.042903
Epoch #0 cost=0.065881
Epoch #1 cost=0.060536
Epoch #2 cost=0.056861
Epoch #3 cost=0.053411
Epoch #4 cost=0.047600
Epoch #5 cost=0.045935
Epoch #6 cost=0.045154
Epoch #7 cost=0.044413
Epoch #8 cost=0.043407
Epoch #9 cost=0.042617
Epoch #0 cost=0.065326
Epoch #1 cost=0.058529
Epoch #2 cost=0.048973
Epoch #3 cost=0.047002
Epoch #4 cost=0.045967
Epoch #5 cost=0.045103
Epoch #6 cost=0.044068
Epoch #7 cost=0.043357
Epoch #8 cost=0.042779
Epoch #9 cost=0.042140
Epoch #0 cost=0.016829
Epoch #1 cost=0.008260
Epoch #2 cost=0.005883
Epoch #3 cost=0.004661
Epoch #4 cost=0.004087
Epoch #5 cost=0.003566
Epoch #6 cost=0.003230
Epoch #7 cost=0.002962
Epoch #8 cost=0.002761
Epoch #9 cost=0.002591
