Extracting MNIST_data/train-images-idx3-ubyte.gz
Extracting MNIST_data/train-labels-idx1-ubyte.gz
Extracting MNIST_data/t10k-images-idx3-ubyte.gz
Extracting MNIST_data/t10k-labels-idx1-ubyte.gz
Nodes keep percentage is :  1.0
** Start training **
Epoch #0 cost=0.000305
Epoch #1 cost=0.000307
Epoch #2 cost=0.000306
Epoch #3 cost=0.000306
Epoch #4 cost=0.000305
Epoch #5 cost=0.000304
Epoch #6 cost=0.000303
Epoch #7 cost=0.000303
Epoch #8 cost=0.000302
Epoch #9 cost=0.000301
Epoch #10 cost=0.000300
Epoch #11 cost=0.000300
Epoch #12 cost=0.000299
Epoch #13 cost=0.000298
Epoch #14 cost=0.000298
Epoch #15 cost=0.000297
Epoch #16 cost=0.000296
Epoch #17 cost=0.000295
Epoch #18 cost=0.000294
Epoch #19 cost=0.000294
** Start training **
Epoch #0 cost=0.000305
Epoch #1 cost=0.000307
Epoch #2 cost=0.000307
Epoch #3 cost=0.000307
Epoch #4 cost=0.000306
Epoch #5 cost=0.000306
Epoch #6 cost=0.000305
Epoch #7 cost=0.000305
Epoch #8 cost=0.000304
Epoch #9 cost=0.000303
Epoch #10 cost=0.000303
Epoch #11 cost=0.000302
Epoch #12 cost=0.000301
Epoch #13 cost=0.000301
Epoch #14 cost=0.000300
Epoch #15 cost=0.000300
Epoch #16 cost=0.000299
Epoch #17 cost=0.000298
Epoch #18 cost=0.000298
Epoch #19 cost=0.000297
** Start training **
Epoch #0 cost=0.000307
Epoch #1 cost=0.000310
Epoch #2 cost=0.000310
Epoch #3 cost=0.000309
Epoch #4 cost=0.000308
Epoch #5 cost=0.000308
Epoch #6 cost=0.000307
Epoch #7 cost=0.000306
Epoch #8 cost=0.000306
Epoch #9 cost=0.000305
Epoch #10 cost=0.000304
Epoch #11 cost=0.000304
Epoch #12 cost=0.000303
Epoch #13 cost=0.000302
Epoch #14 cost=0.000302
Epoch #15 cost=0.000301
Epoch #16 cost=0.000300
Epoch #17 cost=0.000300
Epoch #18 cost=0.000299
Epoch #19 cost=0.000298
** Start training **
Epoch #0 cost=0.000307
Epoch #1 cost=0.000310
Epoch #2 cost=0.000309
Epoch #3 cost=0.000309
Epoch #4 cost=0.000308
Epoch #5 cost=0.000307
Epoch #6 cost=0.000306
Epoch #7 cost=0.000305
Epoch #8 cost=0.000304
Epoch #9 cost=0.000303
Epoch #10 cost=0.000302
Epoch #11 cost=0.000301
Epoch #12 cost=0.000300
Epoch #13 cost=0.000299
Epoch #14 cost=0.000298
Epoch #15 cost=0.000297
Epoch #16 cost=0.000296
Epoch #17 cost=0.000295
Epoch #18 cost=0.000294
Epoch #19 cost=0.000293
** Start training **
Epoch #0 cost=0.000306
Epoch #1 cost=0.000308
Epoch #2 cost=0.000307
Epoch #3 cost=0.000306
Epoch #4 cost=0.000305
Epoch #5 cost=0.000305
Epoch #6 cost=0.000304
Epoch #7 cost=0.000303
Epoch #8 cost=0.000302
Epoch #9 cost=0.000302
Epoch #10 cost=0.000301
Epoch #11 cost=0.000300
Epoch #12 cost=0.000299
Epoch #13 cost=0.000299
Epoch #14 cost=0.000298
Epoch #15 cost=0.000297
Epoch #16 cost=0.000297
Epoch #17 cost=0.000296
Epoch #18 cost=0.000295
Epoch #19 cost=0.000294
** Start training **
Epoch #0 cost=0.000308
Epoch #1 cost=0.000311
Epoch #2 cost=0.000310
Epoch #3 cost=0.000309
Epoch #4 cost=0.000308
Epoch #5 cost=0.000307
Epoch #6 cost=0.000306
Epoch #7 cost=0.000305
Epoch #8 cost=0.000305
Epoch #9 cost=0.000304
Epoch #10 cost=0.000303
Epoch #11 cost=0.000302
Epoch #12 cost=0.000301
Epoch #13 cost=0.000300
Epoch #14 cost=0.000299
Epoch #15 cost=0.000298
Epoch #16 cost=0.000297
Epoch #17 cost=0.000297
Epoch #18 cost=0.000296
Epoch #19 cost=0.000295
** Start training **
Epoch #0 cost=0.000304
Epoch #1 cost=0.000306
Epoch #2 cost=0.000306
Epoch #3 cost=0.000305
Epoch #4 cost=0.000305
Epoch #5 cost=0.000304
Epoch #6 cost=0.000303
Epoch #7 cost=0.000303
Epoch #8 cost=0.000302
Epoch #9 cost=0.000301
Epoch #10 cost=0.000300
Epoch #11 cost=0.000299
Epoch #12 cost=0.000299
Epoch #13 cost=0.000298
Epoch #14 cost=0.000297
Epoch #15 cost=0.000296
Epoch #16 cost=0.000296
Epoch #17 cost=0.000295
Epoch #18 cost=0.000294
Epoch #19 cost=0.000294
** Start training **
Epoch #0 cost=0.000303
Epoch #1 cost=0.000305
Epoch #2 cost=0.000305
Epoch #3 cost=0.000304
Epoch #4 cost=0.000303
Epoch #5 cost=0.000303
Epoch #6 cost=0.000302
Epoch #7 cost=0.000301
Epoch #8 cost=0.000301
Epoch #9 cost=0.000300
Epoch #10 cost=0.000300
Epoch #11 cost=0.000299
Epoch #12 cost=0.000298
Epoch #13 cost=0.000298
Epoch #14 cost=0.000297
Epoch #15 cost=0.000296
Epoch #16 cost=0.000296
Epoch #17 cost=0.000295
Epoch #18 cost=0.000295
Epoch #19 cost=0.000294
** Start training **
Epoch #0 cost=0.000305
Epoch #1 cost=0.000306
Epoch #2 cost=0.000305
Epoch #3 cost=0.000304
Epoch #4 cost=0.000304
Epoch #5 cost=0.000303
Epoch #6 cost=0.000302
Epoch #7 cost=0.000301
Epoch #8 cost=0.000300
Epoch #9 cost=0.000299
Epoch #10 cost=0.000298
Epoch #11 cost=0.000298
Epoch #12 cost=0.000297
Epoch #13 cost=0.000296
Epoch #14 cost=0.000296
Epoch #15 cost=0.000295
Epoch #16 cost=0.000294
Epoch #17 cost=0.000293
Epoch #18 cost=0.000293
Epoch #19 cost=0.000292
** Start training **
Epoch #0 cost=0.000206
Epoch #1 cost=0.000205
Epoch #2 cost=0.000204
Epoch #3 cost=0.000204
Epoch #4 cost=0.000203
Epoch #5 cost=0.000203
Epoch #6 cost=0.000202
Epoch #7 cost=0.000202
Epoch #8 cost=0.000202
Epoch #9 cost=0.000201
Epoch #10 cost=0.000201
Epoch #11 cost=0.000200
Epoch #12 cost=0.000200
Epoch #13 cost=0.000199
Epoch #14 cost=0.000199
Epoch #15 cost=0.000198
Epoch #16 cost=0.000198
Epoch #17 cost=0.000197
Epoch #18 cost=0.000197
Epoch #19 cost=0.000196
Nodes keep percentage is :  0.95
** Start training **
Epoch #0 cost=0.006470
Epoch #1 cost=0.004155
Epoch #2 cost=0.003224
Epoch #3 cost=0.002809
Epoch #4 cost=0.002580
Epoch #5 cost=0.002409
Epoch #6 cost=0.002279
Epoch #7 cost=0.002174
Epoch #8 cost=0.002085
Epoch #9 cost=0.002011
Epoch #10 cost=0.001948
Epoch #11 cost=0.001893
Epoch #12 cost=0.001840
Epoch #13 cost=0.001797
Epoch #14 cost=0.001757
Epoch #15 cost=0.001717
Epoch #16 cost=0.001682
Epoch #17 cost=0.001647
Epoch #18 cost=0.001618
Epoch #19 cost=0.001587
** Start training **
Epoch #0 cost=0.006322
Epoch #1 cost=0.004239
Epoch #2 cost=0.003288
Epoch #3 cost=0.002858
Epoch #4 cost=0.002608
Epoch #5 cost=0.002428
Epoch #6 cost=0.002289
Epoch #7 cost=0.002185
Epoch #8 cost=0.002096
Epoch #9 cost=0.002020
Epoch #10 cost=0.001955
Epoch #11 cost=0.001899
Epoch #12 cost=0.001848
Epoch #13 cost=0.001798
Epoch #14 cost=0.001755
Epoch #15 cost=0.001715
Epoch #16 cost=0.001678
Epoch #17 cost=0.001646
Epoch #18 cost=0.001614
Epoch #19 cost=0.001586
** Start training **
Epoch #0 cost=0.006511
Epoch #1 cost=0.004157
Epoch #2 cost=0.003231
Epoch #3 cost=0.002816
Epoch #4 cost=0.002572
Epoch #5 cost=0.002401
Epoch #6 cost=0.002270
Epoch #7 cost=0.002164
Epoch #8 cost=0.002081
Epoch #9 cost=0.002008
Epoch #10 cost=0.001945
Epoch #11 cost=0.001889
Epoch #12 cost=0.001838
Epoch #13 cost=0.001793
Epoch #14 cost=0.001751
Epoch #15 cost=0.001712
Epoch #16 cost=0.001675
Epoch #17 cost=0.001640
Epoch #18 cost=0.001607
Epoch #19 cost=0.001577
** Start training **
Epoch #0 cost=0.006288
Epoch #1 cost=0.004147
Epoch #2 cost=0.003232
Epoch #3 cost=0.002808
Epoch #4 cost=0.002556
Epoch #5 cost=0.002379
Epoch #6 cost=0.002246
Epoch #7 cost=0.002134
Epoch #8 cost=0.002040
Epoch #9 cost=0.001967
Epoch #10 cost=0.001899
Epoch #11 cost=0.001839
Epoch #12 cost=0.001787
Epoch #13 cost=0.001738
Epoch #14 cost=0.001697
Epoch #15 cost=0.001657
Epoch #16 cost=0.001622
Epoch #17 cost=0.001588
Epoch #18 cost=0.001556
Epoch #19 cost=0.001524
** Start training **
Epoch #0 cost=0.006284
Epoch #1 cost=0.004039
Epoch #2 cost=0.003174
Epoch #3 cost=0.002750
Epoch #4 cost=0.002518
Epoch #5 cost=0.002344
Epoch #6 cost=0.002216
Epoch #7 cost=0.002115
Epoch #8 cost=0.002025
Epoch #9 cost=0.001951
Epoch #10 cost=0.001886
Epoch #11 cost=0.001832
Epoch #12 cost=0.001782
Epoch #13 cost=0.001737
Epoch #14 cost=0.001697
Epoch #15 cost=0.001658
Epoch #16 cost=0.001625
Epoch #17 cost=0.001592
Epoch #18 cost=0.001563
Epoch #19 cost=0.001534
** Start training **
Epoch #0 cost=0.005951
Epoch #1 cost=0.003889
Epoch #2 cost=0.003092
Epoch #3 cost=0.002720
Epoch #4 cost=0.002493
Epoch #5 cost=0.002330
Epoch #6 cost=0.002211
Epoch #7 cost=0.002112
Epoch #8 cost=0.002034
Epoch #9 cost=0.001965
Epoch #10 cost=0.001906
Epoch #11 cost=0.001851
Epoch #12 cost=0.001803
Epoch #13 cost=0.001762
Epoch #14 cost=0.001721
Epoch #15 cost=0.001683
Epoch #16 cost=0.001650
Epoch #17 cost=0.001619
Epoch #18 cost=0.001590
Epoch #19 cost=0.001563
** Start training **
Epoch #0 cost=0.005822
Epoch #1 cost=0.003945
Epoch #2 cost=0.003142
Epoch #3 cost=0.002768
Epoch #4 cost=0.002539
Epoch #5 cost=0.002371
Epoch #6 cost=0.002244
Epoch #7 cost=0.002145
Epoch #8 cost=0.002055
Epoch #9 cost=0.001983
Epoch #10 cost=0.001916
Epoch #11 cost=0.001858
Epoch #12 cost=0.001808
Epoch #13 cost=0.001761
Epoch #14 cost=0.001721
Epoch #15 cost=0.001681
Epoch #16 cost=0.001648
Epoch #17 cost=0.001614
Epoch #18 cost=0.001582
Epoch #19 cost=0.001552
** Start training **
Epoch #0 cost=0.006169
Epoch #1 cost=0.003939
Epoch #2 cost=0.003135
Epoch #3 cost=0.002759
Epoch #4 cost=0.002509
Epoch #5 cost=0.002336
Epoch #6 cost=0.002203
Epoch #7 cost=0.002097
Epoch #8 cost=0.002012
Epoch #9 cost=0.001936
Epoch #10 cost=0.001875
Epoch #11 cost=0.001821
Epoch #12 cost=0.001771
Epoch #13 cost=0.001728
Epoch #14 cost=0.001688
Epoch #15 cost=0.001653
Epoch #16 cost=0.001619
Epoch #17 cost=0.001589
Epoch #18 cost=0.001560
Epoch #19 cost=0.001534
** Start training **
Epoch #0 cost=0.006074
Epoch #1 cost=0.004059
Epoch #2 cost=0.003178
Epoch #3 cost=0.002767
Epoch #4 cost=0.002523
Epoch #5 cost=0.002349
Epoch #6 cost=0.002217
Epoch #7 cost=0.002113
Epoch #8 cost=0.002025
Epoch #9 cost=0.001952
Epoch #10 cost=0.001889
Epoch #11 cost=0.001831
Epoch #12 cost=0.001780
Epoch #13 cost=0.001734
Epoch #14 cost=0.001692
Epoch #15 cost=0.001656
Epoch #16 cost=0.001620
Epoch #17 cost=0.001588
Epoch #18 cost=0.001557
Epoch #19 cost=0.001528
** Start training **
Epoch #0 cost=0.002609
Epoch #1 cost=0.002076
Epoch #2 cost=0.001790
Epoch #3 cost=0.001624
Epoch #4 cost=0.001505
Epoch #5 cost=0.001425
Epoch #6 cost=0.001365
Epoch #7 cost=0.001318
Epoch #8 cost=0.001281
Epoch #9 cost=0.001249
Epoch #10 cost=0.001224
Epoch #11 cost=0.001200
Epoch #12 cost=0.001179
Epoch #13 cost=0.001159
Epoch #14 cost=0.001139
Epoch #15 cost=0.001123
Epoch #16 cost=0.001108
Epoch #17 cost=0.001090
Epoch #18 cost=0.001077
Epoch #19 cost=0.001063
Nodes keep percentage is :  0.8999999999999999
** Start training **
Epoch #0 cost=0.014999
Epoch #1 cost=0.008318
Epoch #2 cost=0.006255
Epoch #3 cost=0.005492
Epoch #4 cost=0.005042
Epoch #5 cost=0.004728
Epoch #6 cost=0.004481
Epoch #7 cost=0.004298
Epoch #8 cost=0.004134
Epoch #9 cost=0.003994
Epoch #10 cost=0.003864
Epoch #11 cost=0.003744
Epoch #12 cost=0.003642
Epoch #13 cost=0.003536
Epoch #14 cost=0.003439
Epoch #15 cost=0.003351
Epoch #16 cost=0.003269
Epoch #17 cost=0.003191
Epoch #18 cost=0.003118
Epoch #19 cost=0.003043
** Start training **
Epoch #0 cost=0.043351
Epoch #1 cost=0.024312
Epoch #2 cost=0.016861
Epoch #3 cost=0.012966
Epoch #4 cost=0.010736
Epoch #5 cost=0.009294
Epoch #6 cost=0.008231
Epoch #7 cost=0.007396
Epoch #8 cost=0.006736
Epoch #9 cost=0.006200
Epoch #10 cost=0.005751
Epoch #11 cost=0.005372
Epoch #12 cost=0.005065
Epoch #13 cost=0.004782
Epoch #14 cost=0.004539
Epoch #15 cost=0.004323
Epoch #16 cost=0.004145
Epoch #17 cost=0.003988
Epoch #18 cost=0.003848
Epoch #19 cost=0.003721
** Start training **
Epoch #0 cost=0.043403
Epoch #1 cost=0.025165
Epoch #2 cost=0.017036
Epoch #3 cost=0.012815
Epoch #4 cost=0.010516
Epoch #5 cost=0.009054
Epoch #6 cost=0.008070
Epoch #7 cost=0.007291
Epoch #8 cost=0.006677
Epoch #9 cost=0.006175
Epoch #10 cost=0.005772
Epoch #11 cost=0.005435
Epoch #12 cost=0.005150
Epoch #13 cost=0.004895
Epoch #14 cost=0.004669
Epoch #15 cost=0.004455
Epoch #16 cost=0.004257
Epoch #17 cost=0.004076
Epoch #18 cost=0.003917
Epoch #19 cost=0.003778
** Start training **
Epoch #0 cost=0.043055
Epoch #1 cost=0.024048
Epoch #2 cost=0.016127
Epoch #3 cost=0.012128
Epoch #4 cost=0.010011
Epoch #5 cost=0.008657
Epoch #6 cost=0.007661
Epoch #7 cost=0.006875
Epoch #8 cost=0.006249
Epoch #9 cost=0.005715
Epoch #10 cost=0.005299
Epoch #11 cost=0.004972
Epoch #12 cost=0.004700
Epoch #13 cost=0.004449
Epoch #14 cost=0.004213
Epoch #15 cost=0.004017
Epoch #16 cost=0.003839
Epoch #17 cost=0.003688
Epoch #18 cost=0.003555
Epoch #19 cost=0.003444
** Start training **
Epoch #0 cost=0.044114
Epoch #1 cost=0.025166
Epoch #2 cost=0.017354
Epoch #3 cost=0.013534
Epoch #4 cost=0.011274
Epoch #5 cost=0.009713
Epoch #6 cost=0.008570
Epoch #7 cost=0.007674
Epoch #8 cost=0.006956
Epoch #9 cost=0.006347
Epoch #10 cost=0.005853
Epoch #11 cost=0.005459
Epoch #12 cost=0.005127
Epoch #13 cost=0.004837
Epoch #14 cost=0.004579
Epoch #15 cost=0.004357
Epoch #16 cost=0.004163
Epoch #17 cost=0.003992
Epoch #18 cost=0.003834
Epoch #19 cost=0.003693
** Start training **
Epoch #0 cost=0.046031
Epoch #1 cost=0.026341
Epoch #2 cost=0.017974
Epoch #3 cost=0.013582
Epoch #4 cost=0.011177
Epoch #5 cost=0.009533
Epoch #6 cost=0.008359
Epoch #7 cost=0.007460
Epoch #8 cost=0.006721
Epoch #9 cost=0.006124
Epoch #10 cost=0.005648
Epoch #11 cost=0.005268
Epoch #12 cost=0.004950
Epoch #13 cost=0.004678
Epoch #14 cost=0.004453
Epoch #15 cost=0.004255
Epoch #16 cost=0.004078
Epoch #17 cost=0.003927
Epoch #18 cost=0.003786
Epoch #19 cost=0.003662
** Start training **
Epoch #0 cost=0.043112
Epoch #1 cost=0.025218
Epoch #2 cost=0.017570
Epoch #3 cost=0.013381
Epoch #4 cost=0.011085
Epoch #5 cost=0.009587
Epoch #6 cost=0.008501
Epoch #7 cost=0.007609
Epoch #8 cost=0.006870
Epoch #9 cost=0.006250
Epoch #10 cost=0.005735
Epoch #11 cost=0.005327
Epoch #12 cost=0.004988
Epoch #13 cost=0.004698
Epoch #14 cost=0.004451
Epoch #15 cost=0.004223
Epoch #16 cost=0.004021
Epoch #17 cost=0.003856
Epoch #18 cost=0.003707
Epoch #19 cost=0.003582
** Start training **
Epoch #0 cost=0.045846
Epoch #1 cost=0.026049
Epoch #2 cost=0.017645
Epoch #3 cost=0.013501
Epoch #4 cost=0.011079
Epoch #5 cost=0.009483
Epoch #6 cost=0.008343
Epoch #7 cost=0.007477
Epoch #8 cost=0.006813
Epoch #9 cost=0.006281
Epoch #10 cost=0.005842
Epoch #11 cost=0.005463
Epoch #12 cost=0.005125
Epoch #13 cost=0.004860
Epoch #14 cost=0.004615
Epoch #15 cost=0.004397
Epoch #16 cost=0.004201
Epoch #17 cost=0.004027
Epoch #18 cost=0.003881
Epoch #19 cost=0.003742
** Start training **
Epoch #0 cost=0.042765
Epoch #1 cost=0.024460
Epoch #2 cost=0.016568
Epoch #3 cost=0.012543
Epoch #4 cost=0.010400
Epoch #5 cost=0.008919
Epoch #6 cost=0.007800
Epoch #7 cost=0.006928
Epoch #8 cost=0.006286
Epoch #9 cost=0.005767
Epoch #10 cost=0.005343
Epoch #11 cost=0.004978
Epoch #12 cost=0.004662
Epoch #13 cost=0.004417
Epoch #14 cost=0.004199
Epoch #15 cost=0.004014
Epoch #16 cost=0.003848
Epoch #17 cost=0.003707
Epoch #18 cost=0.003585
Epoch #19 cost=0.003467
** Start training **
Epoch #0 cost=0.024306
Epoch #1 cost=0.010052
Epoch #2 cost=0.006873
Epoch #3 cost=0.005610
Epoch #4 cost=0.004861
Epoch #5 cost=0.004340
Epoch #6 cost=0.003953
Epoch #7 cost=0.003664
Epoch #8 cost=0.003432
Epoch #9 cost=0.003244
Epoch #10 cost=0.003084
Epoch #11 cost=0.002949
Epoch #12 cost=0.002828
Epoch #13 cost=0.002724
Epoch #14 cost=0.002637
Epoch #15 cost=0.002558
Epoch #16 cost=0.002479
Epoch #17 cost=0.002407
Epoch #18 cost=0.002341
Epoch #19 cost=0.002284
Nodes keep percentage is :  0.8499999999999999
** Start training **
Epoch #0 cost=0.130579
Epoch #1 cost=0.099270
Epoch #2 cost=0.086848
Epoch #3 cost=0.076916
Epoch #4 cost=0.069128
Epoch #5 cost=0.062710
Epoch #6 cost=0.056870
Epoch #7 cost=0.051615
Epoch #8 cost=0.046808
Epoch #9 cost=0.042377
Epoch #10 cost=0.038636
Epoch #11 cost=0.035336
Epoch #12 cost=0.032663
Epoch #13 cost=0.030346
Epoch #14 cost=0.028266
Epoch #15 cost=0.026446
Epoch #16 cost=0.024910
Epoch #17 cost=0.023474
Epoch #18 cost=0.022184
Epoch #19 cost=0.020991
** Start training **
Epoch #0 cost=0.077579
Epoch #1 cost=0.052438
Epoch #2 cost=0.040278
Epoch #3 cost=0.033176
Epoch #4 cost=0.028503
Epoch #5 cost=0.025192
Epoch #6 cost=0.022645
Epoch #7 cost=0.020548
Epoch #8 cost=0.018551
Epoch #9 cost=0.016989
Epoch #10 cost=0.015753
Epoch #11 cost=0.014634
Epoch #12 cost=0.013674
Epoch #13 cost=0.012821
Epoch #14 cost=0.012050
Epoch #15 cost=0.011315
Epoch #16 cost=0.010697
Epoch #17 cost=0.010123
Epoch #18 cost=0.009572
Epoch #19 cost=0.009102
** Start training **
Epoch #0 cost=0.082081
Epoch #1 cost=0.058078
Epoch #2 cost=0.044077
Epoch #3 cost=0.035955
Epoch #4 cost=0.030514
Epoch #5 cost=0.026798
Epoch #6 cost=0.023758
Epoch #7 cost=0.020873
Epoch #8 cost=0.018377
Epoch #9 cost=0.016429
Epoch #10 cost=0.014807
Epoch #11 cost=0.013617
Epoch #12 cost=0.012523
Epoch #13 cost=0.011705
Epoch #14 cost=0.010930
Epoch #15 cost=0.010254
Epoch #16 cost=0.009681
Epoch #17 cost=0.009134
Epoch #18 cost=0.008678
Epoch #19 cost=0.008272
** Start training **
Epoch #0 cost=0.082676
Epoch #1 cost=0.057461
Epoch #2 cost=0.042946
Epoch #3 cost=0.034011
Epoch #4 cost=0.028509
Epoch #5 cost=0.024814
Epoch #6 cost=0.021736
Epoch #7 cost=0.019239
Epoch #8 cost=0.017026
Epoch #9 cost=0.015389
Epoch #10 cost=0.014015
Epoch #11 cost=0.012909
Epoch #12 cost=0.011987
Epoch #13 cost=0.011151
Epoch #14 cost=0.010448
Epoch #15 cost=0.009855
Epoch #16 cost=0.009313
Epoch #17 cost=0.008807
Epoch #18 cost=0.008372
Epoch #19 cost=0.007966
** Start training **
Epoch #0 cost=0.082088
Epoch #1 cost=0.058179
Epoch #2 cost=0.043920
Epoch #3 cost=0.035401
Epoch #4 cost=0.029900
Epoch #5 cost=0.026183
Epoch #6 cost=0.023306
Epoch #7 cost=0.020483
Epoch #8 cost=0.018239
Epoch #9 cost=0.016394
Epoch #10 cost=0.014985
Epoch #11 cost=0.013848
Epoch #12 cost=0.012816
Epoch #13 cost=0.011997
Epoch #14 cost=0.011228
Epoch #15 cost=0.010567
Epoch #16 cost=0.009945
Epoch #17 cost=0.009414
Epoch #18 cost=0.008919
Epoch #19 cost=0.008475
** Start training **
Epoch #0 cost=0.082698
Epoch #1 cost=0.057383
Epoch #2 cost=0.043159
Epoch #3 cost=0.034811
Epoch #4 cost=0.029480
Epoch #5 cost=0.026044
Epoch #6 cost=0.023188
Epoch #7 cost=0.020545
Epoch #8 cost=0.018332
Epoch #9 cost=0.016597
Epoch #10 cost=0.015177
Epoch #11 cost=0.013971
Epoch #12 cost=0.012943
Epoch #13 cost=0.012073
Epoch #14 cost=0.011310
Epoch #15 cost=0.010634
Epoch #16 cost=0.010056
Epoch #17 cost=0.009488
Epoch #18 cost=0.008997
Epoch #19 cost=0.008548
** Start training **
Epoch #0 cost=0.081401
Epoch #1 cost=0.056715
Epoch #2 cost=0.043451
Epoch #3 cost=0.035705
Epoch #4 cost=0.030372
Epoch #5 cost=0.026881
Epoch #6 cost=0.023928
Epoch #7 cost=0.021375
Epoch #8 cost=0.019247
Epoch #9 cost=0.017372
Epoch #10 cost=0.015937
Epoch #11 cost=0.014780
Epoch #12 cost=0.013683
Epoch #13 cost=0.012778
Epoch #14 cost=0.011967
Epoch #15 cost=0.011275
Epoch #16 cost=0.010581
Epoch #17 cost=0.009957
Epoch #18 cost=0.009412
Epoch #19 cost=0.008956
** Start training **
Epoch #0 cost=0.084185
Epoch #1 cost=0.058810
Epoch #2 cost=0.044927
Epoch #3 cost=0.036529
Epoch #4 cost=0.030911
Epoch #5 cost=0.027046
Epoch #6 cost=0.024016
Epoch #7 cost=0.021171
Epoch #8 cost=0.018836
Epoch #9 cost=0.016963
Epoch #10 cost=0.015558
Epoch #11 cost=0.014363
Epoch #12 cost=0.013305
Epoch #13 cost=0.012420
Epoch #14 cost=0.011663
Epoch #15 cost=0.010976
Epoch #16 cost=0.010340
Epoch #17 cost=0.009823
Epoch #18 cost=0.009311
Epoch #19 cost=0.008871
** Start training **
Epoch #0 cost=0.081922
Epoch #1 cost=0.057895
Epoch #2 cost=0.044698
Epoch #3 cost=0.036789
Epoch #4 cost=0.031378
Epoch #5 cost=0.027308
Epoch #6 cost=0.024009
Epoch #7 cost=0.021105
Epoch #8 cost=0.018610
Epoch #9 cost=0.016659
Epoch #10 cost=0.015031
Epoch #11 cost=0.013735
Epoch #12 cost=0.012677
Epoch #13 cost=0.011847
Epoch #14 cost=0.011040
Epoch #15 cost=0.010351
Epoch #16 cost=0.009792
Epoch #17 cost=0.009239
Epoch #18 cost=0.008777
Epoch #19 cost=0.008378
** Start training **
Epoch #0 cost=0.045425
Epoch #1 cost=0.028062
Epoch #2 cost=0.021574
Epoch #3 cost=0.018419
Epoch #4 cost=0.016165
Epoch #5 cost=0.014387
Epoch #6 cost=0.013097
Epoch #7 cost=0.011949
Epoch #8 cost=0.011020
Epoch #9 cost=0.010192
Epoch #10 cost=0.009422
Epoch #11 cost=0.008739
Epoch #12 cost=0.008168
Epoch #13 cost=0.007684
Epoch #14 cost=0.007267
Epoch #15 cost=0.006908
Epoch #16 cost=0.006608
Epoch #17 cost=0.006345
Epoch #18 cost=0.006086
Epoch #19 cost=0.005859
Nodes keep percentage is :  0.7999999999999998
** Start training **
Epoch #0 cost=0.120420
Epoch #1 cost=0.093738
Epoch #2 cost=0.079702
Epoch #3 cost=0.070053
Epoch #4 cost=0.062151
Epoch #5 cost=0.055523
Epoch #6 cost=0.049853
Epoch #7 cost=0.045123
Epoch #8 cost=0.040976
Epoch #9 cost=0.037283
Epoch #10 cost=0.034134
Epoch #11 cost=0.031390
Epoch #12 cost=0.029097
Epoch #13 cost=0.027001
Epoch #14 cost=0.025125
Epoch #15 cost=0.023454
Epoch #16 cost=0.021911
Epoch #17 cost=0.020617
Epoch #18 cost=0.019524
Epoch #19 cost=0.018505
** Start training **
Epoch #0 cost=0.105175
Epoch #1 cost=0.078905
Epoch #2 cost=0.064800
Epoch #3 cost=0.054469
Epoch #4 cost=0.047497
Epoch #5 cost=0.042068
Epoch #6 cost=0.038097
Epoch #7 cost=0.034778
Epoch #8 cost=0.032075
Epoch #9 cost=0.029756
Epoch #10 cost=0.027844
Epoch #11 cost=0.026154
Epoch #12 cost=0.024733
Epoch #13 cost=0.023462
Epoch #14 cost=0.022295
Epoch #15 cost=0.021283
Epoch #16 cost=0.020292
Epoch #17 cost=0.019383
Epoch #18 cost=0.018537
Epoch #19 cost=0.017773
** Start training **
Epoch #0 cost=0.108483
Epoch #1 cost=0.083401
Epoch #2 cost=0.069016
Epoch #3 cost=0.058780
Epoch #4 cost=0.050951
Epoch #5 cost=0.045027
Epoch #6 cost=0.040445
Epoch #7 cost=0.036719
Epoch #8 cost=0.033668
Epoch #9 cost=0.030887
Epoch #10 cost=0.028476
Epoch #11 cost=0.026412
Epoch #12 cost=0.024681
Epoch #13 cost=0.023188
Epoch #14 cost=0.021834
Epoch #15 cost=0.020695
Epoch #16 cost=0.019752
Epoch #17 cost=0.018867
Epoch #18 cost=0.017990
Epoch #19 cost=0.017190
** Start training **
Epoch #0 cost=0.111649
Epoch #1 cost=0.085763
Epoch #2 cost=0.070075
Epoch #3 cost=0.057792
Epoch #4 cost=0.049582
Epoch #5 cost=0.043404
Epoch #6 cost=0.038622
Epoch #7 cost=0.034644
Epoch #8 cost=0.031238
Epoch #9 cost=0.028691
Epoch #10 cost=0.026599
Epoch #11 cost=0.024822
Epoch #12 cost=0.023298
Epoch #13 cost=0.022007
Epoch #14 cost=0.020868
Epoch #15 cost=0.019765
Epoch #16 cost=0.018793
Epoch #17 cost=0.017924
Epoch #18 cost=0.017166
Epoch #19 cost=0.016418
** Start training **
Epoch #0 cost=0.109980
Epoch #1 cost=0.085304
Epoch #2 cost=0.070338
Epoch #3 cost=0.059592
Epoch #4 cost=0.051844
Epoch #5 cost=0.046005
Epoch #6 cost=0.041412
Epoch #7 cost=0.037595
Epoch #8 cost=0.034478
Epoch #9 cost=0.031676
Epoch #10 cost=0.029404
Epoch #11 cost=0.027400
Epoch #12 cost=0.025661
Epoch #13 cost=0.024079
Epoch #14 cost=0.022754
Epoch #15 cost=0.021489
Epoch #16 cost=0.020297
Epoch #17 cost=0.019274
Epoch #18 cost=0.018314
Epoch #19 cost=0.017483
** Start training **
Epoch #0 cost=0.109303
Epoch #1 cost=0.083830
Epoch #2 cost=0.068755
Epoch #3 cost=0.058037
Epoch #4 cost=0.050237
Epoch #5 cost=0.044228
Epoch #6 cost=0.039405
Epoch #7 cost=0.035661
Epoch #8 cost=0.032596
Epoch #9 cost=0.029765
Epoch #10 cost=0.027467
Epoch #11 cost=0.025536
Epoch #12 cost=0.023755
Epoch #13 cost=0.022228
Epoch #14 cost=0.020873
Epoch #15 cost=0.019690
Epoch #16 cost=0.018634
Epoch #17 cost=0.017657
Epoch #18 cost=0.016734
Epoch #19 cost=0.015958
** Start training **
Epoch #0 cost=0.109676
Epoch #1 cost=0.083676
Epoch #2 cost=0.068828
Epoch #3 cost=0.058155
Epoch #4 cost=0.050318
Epoch #5 cost=0.044192
Epoch #6 cost=0.039317
Epoch #7 cost=0.035474
Epoch #8 cost=0.032506
Epoch #9 cost=0.029868
Epoch #10 cost=0.027673
Epoch #11 cost=0.025878
Epoch #12 cost=0.024261
Epoch #13 cost=0.022839
Epoch #14 cost=0.021601
Epoch #15 cost=0.020595
Epoch #16 cost=0.019640
Epoch #17 cost=0.018847
Epoch #18 cost=0.018095
Epoch #19 cost=0.017376
** Start training **
Epoch #0 cost=0.111780
Epoch #1 cost=0.085845
Epoch #2 cost=0.071378
Epoch #3 cost=0.060530
Epoch #4 cost=0.052489
Epoch #5 cost=0.046071
Epoch #6 cost=0.041397
Epoch #7 cost=0.037613
Epoch #8 cost=0.034236
Epoch #9 cost=0.031262
Epoch #10 cost=0.028827
Epoch #11 cost=0.026647
Epoch #12 cost=0.024865
Epoch #13 cost=0.023294
Epoch #14 cost=0.021889
Epoch #15 cost=0.020645
Epoch #16 cost=0.019572
Epoch #17 cost=0.018568
Epoch #18 cost=0.017681
Epoch #19 cost=0.016822
** Start training **
Epoch #0 cost=0.107184
Epoch #1 cost=0.083429
Epoch #2 cost=0.068837
Epoch #3 cost=0.058420
Epoch #4 cost=0.050178
Epoch #5 cost=0.044139
Epoch #6 cost=0.039573
Epoch #7 cost=0.035720
Epoch #8 cost=0.032500
Epoch #9 cost=0.029808
Epoch #10 cost=0.027408
Epoch #11 cost=0.025385
Epoch #12 cost=0.023594
Epoch #13 cost=0.022099
Epoch #14 cost=0.020751
Epoch #15 cost=0.019513
Epoch #16 cost=0.018432
Epoch #17 cost=0.017517
Epoch #18 cost=0.016701
Epoch #19 cost=0.015933
** Start training **
Epoch #0 cost=0.089505
Epoch #1 cost=0.069300
Epoch #2 cost=0.057102
Epoch #3 cost=0.047924
Epoch #4 cost=0.040304
Epoch #5 cost=0.034575
Epoch #6 cost=0.030097
Epoch #7 cost=0.026677
Epoch #8 cost=0.023863
Epoch #9 cost=0.021474
Epoch #10 cost=0.019536
Epoch #11 cost=0.017953
Epoch #12 cost=0.016613
Epoch #13 cost=0.015360
Epoch #14 cost=0.014147
Epoch #15 cost=0.013125
Epoch #16 cost=0.012218
Epoch #17 cost=0.011466
Epoch #18 cost=0.010781
Epoch #19 cost=0.010188
Nodes keep percentage is :  0.7499999999999998
** Start training **
Epoch #0 cost=0.088743
Epoch #1 cost=0.073662
Epoch #2 cost=0.063951
Epoch #3 cost=0.056267
Epoch #4 cost=0.050497
Epoch #5 cost=0.045762
Epoch #6 cost=0.041767
Epoch #7 cost=0.038386
Epoch #8 cost=0.035531
Epoch #9 cost=0.032943
Epoch #10 cost=0.030545
Epoch #11 cost=0.028385
Epoch #12 cost=0.026382
Epoch #13 cost=0.024689
Epoch #14 cost=0.023068
Epoch #15 cost=0.021509
Epoch #16 cost=0.020131
Epoch #17 cost=0.018861
Epoch #18 cost=0.017772
Epoch #19 cost=0.016805
** Start training **
Epoch #0 cost=0.166921
Epoch #1 cost=0.131360
Epoch #2 cost=0.112936
Epoch #3 cost=0.100094
Epoch #4 cost=0.090558
Epoch #5 cost=0.082211
Epoch #6 cost=0.074880
Epoch #7 cost=0.068249
Epoch #8 cost=0.062112
Epoch #9 cost=0.057083
Epoch #10 cost=0.052394
Epoch #11 cost=0.048132
Epoch #12 cost=0.044291
Epoch #13 cost=0.040807
Epoch #14 cost=0.037763
Epoch #15 cost=0.035216
Epoch #16 cost=0.032995
Epoch #17 cost=0.030715
Epoch #18 cost=0.028729
Epoch #19 cost=0.026916
** Start training **
Epoch #0 cost=0.163203
Epoch #1 cost=0.131078
Epoch #2 cost=0.114085
Epoch #3 cost=0.101270
Epoch #4 cost=0.090689
Epoch #5 cost=0.081650
Epoch #6 cost=0.074282
Epoch #7 cost=0.067532
Epoch #8 cost=0.060920
Epoch #9 cost=0.055528
Epoch #10 cost=0.050605
Epoch #11 cost=0.046352
Epoch #12 cost=0.042252
Epoch #13 cost=0.038707
Epoch #14 cost=0.035636
Epoch #15 cost=0.032950
Epoch #16 cost=0.030498
Epoch #17 cost=0.028267
Epoch #18 cost=0.026291
Epoch #19 cost=0.024451
** Start training **
Epoch #0 cost=0.162793
Epoch #1 cost=0.131079
Epoch #2 cost=0.114247
Epoch #3 cost=0.100750
Epoch #4 cost=0.090083
Epoch #5 cost=0.080698
Epoch #6 cost=0.072926
Epoch #7 cost=0.066125
Epoch #8 cost=0.059559
Epoch #9 cost=0.053813
Epoch #10 cost=0.048812
Epoch #11 cost=0.044461
Epoch #12 cost=0.040552
Epoch #13 cost=0.037119
Epoch #14 cost=0.034197
Epoch #15 cost=0.031598
Epoch #16 cost=0.029262
Epoch #17 cost=0.027080
Epoch #18 cost=0.025241
Epoch #19 cost=0.023530
** Start training **
Epoch #0 cost=0.163911
Epoch #1 cost=0.131856
Epoch #2 cost=0.115096
Epoch #3 cost=0.101620
Epoch #4 cost=0.091011
Epoch #5 cost=0.081669
Epoch #6 cost=0.073750
Epoch #7 cost=0.066756
Epoch #8 cost=0.060346
Epoch #9 cost=0.054617
Epoch #10 cost=0.049588
Epoch #11 cost=0.044952
Epoch #12 cost=0.040933
Epoch #13 cost=0.037544
Epoch #14 cost=0.034403
Epoch #15 cost=0.031621
Epoch #16 cost=0.029235
Epoch #17 cost=0.027151
Epoch #18 cost=0.025297
Epoch #19 cost=0.023662
** Start training **
Epoch #0 cost=0.162656
Epoch #1 cost=0.130320
Epoch #2 cost=0.112933
Epoch #3 cost=0.099053
Epoch #4 cost=0.087994
Epoch #5 cost=0.078510
Epoch #6 cost=0.070635
Epoch #7 cost=0.063842
Epoch #8 cost=0.057602
Epoch #9 cost=0.052159
Epoch #10 cost=0.047408
Epoch #11 cost=0.043261
Epoch #12 cost=0.039480
Epoch #13 cost=0.036223
Epoch #14 cost=0.033291
Epoch #15 cost=0.030689
Epoch #16 cost=0.028373
Epoch #17 cost=0.026327
Epoch #18 cost=0.024430
Epoch #19 cost=0.022658
** Start training **
Epoch #0 cost=0.163616
Epoch #1 cost=0.131227
Epoch #2 cost=0.113580
Epoch #3 cost=0.099406
Epoch #4 cost=0.088683
Epoch #5 cost=0.079363
Epoch #6 cost=0.071239
Epoch #7 cost=0.064232
Epoch #8 cost=0.057748
Epoch #9 cost=0.052028
Epoch #10 cost=0.047050
Epoch #11 cost=0.042943
Epoch #12 cost=0.039262
Epoch #13 cost=0.036177
Epoch #14 cost=0.033565
Epoch #15 cost=0.031226
Epoch #16 cost=0.029090
Epoch #17 cost=0.027109
Epoch #18 cost=0.025443
Epoch #19 cost=0.023974
** Start training **
Epoch #0 cost=0.163386
Epoch #1 cost=0.131316
Epoch #2 cost=0.114449
Epoch #3 cost=0.100643
Epoch #4 cost=0.090089
Epoch #5 cost=0.080747
Epoch #6 cost=0.072250
Epoch #7 cost=0.064477
Epoch #8 cost=0.058275
Epoch #9 cost=0.052748
Epoch #10 cost=0.047826
Epoch #11 cost=0.043397
Epoch #12 cost=0.039516
Epoch #13 cost=0.035915
Epoch #14 cost=0.032753
Epoch #15 cost=0.030107
Epoch #16 cost=0.027730
Epoch #17 cost=0.025716
Epoch #18 cost=0.023923
Epoch #19 cost=0.022269
** Start training **
Epoch #0 cost=0.162725
Epoch #1 cost=0.131505
Epoch #2 cost=0.114778
Epoch #3 cost=0.101230
Epoch #4 cost=0.090200
Epoch #5 cost=0.081447
Epoch #6 cost=0.073691
Epoch #7 cost=0.066890
Epoch #8 cost=0.060505
Epoch #9 cost=0.055079
Epoch #10 cost=0.050337
Epoch #11 cost=0.046100
Epoch #12 cost=0.042295
Epoch #13 cost=0.038763
Epoch #14 cost=0.035552
Epoch #15 cost=0.032543
Epoch #16 cost=0.029874
Epoch #17 cost=0.027452
Epoch #18 cost=0.025278
Epoch #19 cost=0.023356
** Start training **
Epoch #0 cost=0.148027
Epoch #1 cost=0.090575
Epoch #2 cost=0.068253
Epoch #3 cost=0.053535
Epoch #4 cost=0.043487
Epoch #5 cost=0.036855
Epoch #6 cost=0.031937
Epoch #7 cost=0.028168
Epoch #8 cost=0.025237
Epoch #9 cost=0.023018
Epoch #10 cost=0.021365
Epoch #11 cost=0.019892
Epoch #12 cost=0.018574
Epoch #13 cost=0.017509
Epoch #14 cost=0.016516
Epoch #15 cost=0.015617
Epoch #16 cost=0.014784
Epoch #17 cost=0.014002
Epoch #18 cost=0.013318
Epoch #19 cost=0.012675
Nodes keep percentage is :  0.6999999999999997
** Start training **
Epoch #0 cost=0.117268
Epoch #1 cost=0.097799
Epoch #2 cost=0.087509
Epoch #3 cost=0.079978
Epoch #4 cost=0.074673
Epoch #5 cost=0.070620
Epoch #6 cost=0.066909
Epoch #7 cost=0.063651
Epoch #8 cost=0.060484
Epoch #9 cost=0.057597
Epoch #10 cost=0.054635
Epoch #11 cost=0.051979
Epoch #12 cost=0.049641
Epoch #13 cost=0.047371
Epoch #14 cost=0.045322
Epoch #15 cost=0.043203
Epoch #16 cost=0.041498
Epoch #17 cost=0.039888
Epoch #18 cost=0.038349
Epoch #19 cost=0.036957
** Start training **
Epoch #0 cost=0.156021
Epoch #1 cost=0.123477
Epoch #2 cost=0.106951
Epoch #3 cost=0.096441
Epoch #4 cost=0.089207
Epoch #5 cost=0.083611
Epoch #6 cost=0.078799
Epoch #7 cost=0.074727
Epoch #8 cost=0.070837
Epoch #9 cost=0.067487
Epoch #10 cost=0.064496
Epoch #11 cost=0.061750
Epoch #12 cost=0.059158
Epoch #13 cost=0.056759
Epoch #14 cost=0.054624
Epoch #15 cost=0.052552
Epoch #16 cost=0.050659
Epoch #17 cost=0.048826
Epoch #18 cost=0.047252
Epoch #19 cost=0.045686
** Start training **
Epoch #0 cost=0.158345
Epoch #1 cost=0.124398
Epoch #2 cost=0.109155
Epoch #3 cost=0.099234
Epoch #4 cost=0.092653
Epoch #5 cost=0.087217
Epoch #6 cost=0.082334
Epoch #7 cost=0.077704
Epoch #8 cost=0.073521
Epoch #9 cost=0.070054
Epoch #10 cost=0.066750
Epoch #11 cost=0.063821
Epoch #12 cost=0.061134
Epoch #13 cost=0.058530
Epoch #14 cost=0.056166
Epoch #15 cost=0.054063
Epoch #16 cost=0.052198
Epoch #17 cost=0.050345
Epoch #18 cost=0.048560
Epoch #19 cost=0.046925
** Start training **
Epoch #0 cost=0.158272
Epoch #1 cost=0.123726
Epoch #2 cost=0.108664
Epoch #3 cost=0.098592
Epoch #4 cost=0.091799
Epoch #5 cost=0.086195
Epoch #6 cost=0.081228
Epoch #7 cost=0.076626
Epoch #8 cost=0.072364
Epoch #9 cost=0.068708
Epoch #10 cost=0.065449
Epoch #11 cost=0.062619
Epoch #12 cost=0.059844
Epoch #13 cost=0.057286
Epoch #14 cost=0.054925
Epoch #15 cost=0.052699
Epoch #16 cost=0.050678
Epoch #17 cost=0.048697
Epoch #18 cost=0.046807
Epoch #19 cost=0.045040
** Start training **
Epoch #0 cost=0.158673
Epoch #1 cost=0.124568
Epoch #2 cost=0.108986
Epoch #3 cost=0.099675
Epoch #4 cost=0.093260
Epoch #5 cost=0.087728
Epoch #6 cost=0.082844
Epoch #7 cost=0.078237
Epoch #8 cost=0.074105
Epoch #9 cost=0.070474
Epoch #10 cost=0.067064
Epoch #11 cost=0.063964
Epoch #12 cost=0.061128
Epoch #13 cost=0.058543
Epoch #14 cost=0.056016
Epoch #15 cost=0.053788
Epoch #16 cost=0.051638
Epoch #17 cost=0.049643
Epoch #18 cost=0.047793
Epoch #19 cost=0.046056
** Start training **
Epoch #0 cost=0.157397
Epoch #1 cost=0.123112
Epoch #2 cost=0.107805
Epoch #3 cost=0.097774
Epoch #4 cost=0.090947
Epoch #5 cost=0.085326
Epoch #6 cost=0.080584
Epoch #7 cost=0.076057
Epoch #8 cost=0.072100
Epoch #9 cost=0.068530
Epoch #10 cost=0.065255
Epoch #11 cost=0.062442
Epoch #12 cost=0.059783
Epoch #13 cost=0.057457
Epoch #14 cost=0.055089
Epoch #15 cost=0.052888
Epoch #16 cost=0.050777
Epoch #17 cost=0.048854
Epoch #18 cost=0.046969
Epoch #19 cost=0.045277
** Start training **
Epoch #0 cost=0.157469
Epoch #1 cost=0.123305
Epoch #2 cost=0.108141
Epoch #3 cost=0.098312
Epoch #4 cost=0.091735
Epoch #5 cost=0.086182
Epoch #6 cost=0.081201
Epoch #7 cost=0.076768
Epoch #8 cost=0.072636
Epoch #9 cost=0.068992
Epoch #10 cost=0.065770
Epoch #11 cost=0.062614
Epoch #12 cost=0.059789
Epoch #13 cost=0.057068
Epoch #14 cost=0.054561
Epoch #15 cost=0.052249
Epoch #16 cost=0.050101
Epoch #17 cost=0.048097
Epoch #18 cost=0.046177
Epoch #19 cost=0.044485
** Start training **
Epoch #0 cost=0.159511
Epoch #1 cost=0.125150
Epoch #2 cost=0.109402
Epoch #3 cost=0.099645
Epoch #4 cost=0.093050
Epoch #5 cost=0.087459
Epoch #6 cost=0.082660
Epoch #7 cost=0.078109
Epoch #8 cost=0.073956
Epoch #9 cost=0.070298
Epoch #10 cost=0.066999
Epoch #11 cost=0.063970
Epoch #12 cost=0.061223
Epoch #13 cost=0.058665
Epoch #14 cost=0.056313
Epoch #15 cost=0.054131
Epoch #16 cost=0.051924
Epoch #17 cost=0.050060
Epoch #18 cost=0.048230
Epoch #19 cost=0.046455
** Start training **
Epoch #0 cost=0.157606
Epoch #1 cost=0.123685
Epoch #2 cost=0.108651
Epoch #3 cost=0.098976
Epoch #4 cost=0.092086
Epoch #5 cost=0.086441
Epoch #6 cost=0.081669
Epoch #7 cost=0.076966
Epoch #8 cost=0.072879
Epoch #9 cost=0.068984
Epoch #10 cost=0.065516
Epoch #11 cost=0.062649
Epoch #12 cost=0.059835
Epoch #13 cost=0.057337
Epoch #14 cost=0.055100
Epoch #15 cost=0.052842
Epoch #16 cost=0.050750
Epoch #17 cost=0.048847
Epoch #18 cost=0.047023
Epoch #19 cost=0.045199
** Start training **
Epoch #0 cost=0.160734
Epoch #1 cost=0.101890
Epoch #2 cost=0.077614
Epoch #3 cost=0.062526
Epoch #4 cost=0.053174
Epoch #5 cost=0.046538
Epoch #6 cost=0.041369
Epoch #7 cost=0.037441
Epoch #8 cost=0.034507
Epoch #9 cost=0.031782
Epoch #10 cost=0.029422
Epoch #11 cost=0.027405
Epoch #12 cost=0.025502
Epoch #13 cost=0.023908
Epoch #14 cost=0.022626
Epoch #15 cost=0.021418
Epoch #16 cost=0.020215
Epoch #17 cost=0.019218
Epoch #18 cost=0.018255
Epoch #19 cost=0.017348
Nodes keep percentage is :  0.6499999999999997
** Start training **
Epoch #0 cost=0.163502
Epoch #1 cost=0.137326
Epoch #2 cost=0.124791
Epoch #3 cost=0.115195
Epoch #4 cost=0.108636
Epoch #5 cost=0.102899
Epoch #6 cost=0.098296
Epoch #7 cost=0.093978
Epoch #8 cost=0.090016
Epoch #9 cost=0.086273
Epoch #10 cost=0.082770
Epoch #11 cost=0.079431
Epoch #12 cost=0.076159
Epoch #13 cost=0.073093
Epoch #14 cost=0.070342
Epoch #15 cost=0.067573
Epoch #16 cost=0.064900
Epoch #17 cost=0.062375
Epoch #18 cost=0.059831
Epoch #19 cost=0.057537
** Start training **
Epoch #0 cost=0.214395
Epoch #1 cost=0.164892
Epoch #2 cost=0.146696
Epoch #3 cost=0.135646
Epoch #4 cost=0.127071
Epoch #5 cost=0.119569
Epoch #6 cost=0.113525
Epoch #7 cost=0.108404
Epoch #8 cost=0.103783
Epoch #9 cost=0.099382
Epoch #10 cost=0.095245
Epoch #11 cost=0.091407
Epoch #12 cost=0.087633
Epoch #13 cost=0.084156
Epoch #14 cost=0.080688
Epoch #15 cost=0.077626
Epoch #16 cost=0.074741
Epoch #17 cost=0.071965
Epoch #18 cost=0.069458
Epoch #19 cost=0.067084
** Start training **
Epoch #0 cost=0.212503
Epoch #1 cost=0.165563
Epoch #2 cost=0.148465
Epoch #3 cost=0.137821
Epoch #4 cost=0.129699
Epoch #5 cost=0.122981
Epoch #6 cost=0.116796
Epoch #7 cost=0.111271
Epoch #8 cost=0.106100
Epoch #9 cost=0.101301
Epoch #10 cost=0.097152
Epoch #11 cost=0.093208
Epoch #12 cost=0.089545
Epoch #13 cost=0.086306
Epoch #14 cost=0.083106
Epoch #15 cost=0.080191
Epoch #16 cost=0.077402
Epoch #17 cost=0.074705
Epoch #18 cost=0.072211
Epoch #19 cost=0.069699
** Start training **
Epoch #0 cost=0.211854
Epoch #1 cost=0.165543
Epoch #2 cost=0.148801
Epoch #3 cost=0.137905
Epoch #4 cost=0.129690
Epoch #5 cost=0.122676
Epoch #6 cost=0.116974
Epoch #7 cost=0.111314
Epoch #8 cost=0.106074
Epoch #9 cost=0.101320
Epoch #10 cost=0.096785
Epoch #11 cost=0.092502
Epoch #12 cost=0.088834
Epoch #13 cost=0.085403
Epoch #14 cost=0.082117
Epoch #15 cost=0.079047
Epoch #16 cost=0.075931
Epoch #17 cost=0.073076
Epoch #18 cost=0.070322
Epoch #19 cost=0.067742
** Start training **
Epoch #0 cost=0.211901
Epoch #1 cost=0.165342
Epoch #2 cost=0.148560
Epoch #3 cost=0.138002
Epoch #4 cost=0.129294
Epoch #5 cost=0.122338
Epoch #6 cost=0.116462
Epoch #7 cost=0.111158
Epoch #8 cost=0.106270
Epoch #9 cost=0.101478
Epoch #10 cost=0.097214
Epoch #11 cost=0.093071
Epoch #12 cost=0.089339
Epoch #13 cost=0.085958
Epoch #14 cost=0.082710
Epoch #15 cost=0.079847
Epoch #16 cost=0.076929
Epoch #17 cost=0.074085
Epoch #18 cost=0.071398
Epoch #19 cost=0.069043
** Start training **
Epoch #0 cost=0.210820
Epoch #1 cost=0.164344
Epoch #2 cost=0.147195
Epoch #3 cost=0.136837
Epoch #4 cost=0.129052
Epoch #5 cost=0.122089
Epoch #6 cost=0.115634
Epoch #7 cost=0.109979
Epoch #8 cost=0.104731
Epoch #9 cost=0.099903
Epoch #10 cost=0.095363
Epoch #11 cost=0.091149
Epoch #12 cost=0.087461
Epoch #13 cost=0.084058
Epoch #14 cost=0.080612
Epoch #15 cost=0.077794
Epoch #16 cost=0.074949
Epoch #17 cost=0.072260
Epoch #18 cost=0.069746
Epoch #19 cost=0.067452
** Start training **
Epoch #0 cost=0.212112
Epoch #1 cost=0.165214
Epoch #2 cost=0.148050
Epoch #3 cost=0.136715
Epoch #4 cost=0.128435
Epoch #5 cost=0.121669
Epoch #6 cost=0.115081
Epoch #7 cost=0.108869
Epoch #8 cost=0.103251
Epoch #9 cost=0.098064
Epoch #10 cost=0.093441
Epoch #11 cost=0.089126
Epoch #12 cost=0.085334
Epoch #13 cost=0.081873
Epoch #14 cost=0.078764
Epoch #15 cost=0.075885
Epoch #16 cost=0.072961
Epoch #17 cost=0.070307
Epoch #18 cost=0.067786
Epoch #19 cost=0.065615
** Start training **
Epoch #0 cost=0.212699
Epoch #1 cost=0.166662
Epoch #2 cost=0.149519
Epoch #3 cost=0.138692
Epoch #4 cost=0.130695
Epoch #5 cost=0.123707
Epoch #6 cost=0.117155
Epoch #7 cost=0.110693
Epoch #8 cost=0.104606
Epoch #9 cost=0.099290
Epoch #10 cost=0.094476
Epoch #11 cost=0.090189
Epoch #12 cost=0.086573
Epoch #13 cost=0.083115
Epoch #14 cost=0.079962
Epoch #15 cost=0.076972
Epoch #16 cost=0.074040
Epoch #17 cost=0.071245
Epoch #18 cost=0.068616
Epoch #19 cost=0.066279
** Start training **
Epoch #0 cost=0.210150
Epoch #1 cost=0.164730
Epoch #2 cost=0.148273
Epoch #3 cost=0.137755
Epoch #4 cost=0.129365
Epoch #5 cost=0.122539
Epoch #6 cost=0.116491
Epoch #7 cost=0.110891
Epoch #8 cost=0.105887
Epoch #9 cost=0.101190
Epoch #10 cost=0.096757
Epoch #11 cost=0.092719
Epoch #12 cost=0.088888
Epoch #13 cost=0.085703
Epoch #14 cost=0.082585
Epoch #15 cost=0.079374
Epoch #16 cost=0.076417
Epoch #17 cost=0.073695
Epoch #18 cost=0.071165
Epoch #19 cost=0.068795
** Start training **
Epoch #0 cost=0.241299
Epoch #1 cost=0.145593
Epoch #2 cost=0.110295
Epoch #3 cost=0.091565
Epoch #4 cost=0.079623
Epoch #5 cost=0.071329
Epoch #6 cost=0.064465
Epoch #7 cost=0.059479
Epoch #8 cost=0.055025
Epoch #9 cost=0.051114
Epoch #10 cost=0.047461
Epoch #11 cost=0.044206
Epoch #12 cost=0.041280
Epoch #13 cost=0.038674
Epoch #14 cost=0.036317
Epoch #15 cost=0.034132
Epoch #16 cost=0.032153
Epoch #17 cost=0.030252
Epoch #18 cost=0.028517
Epoch #19 cost=0.026811
Nodes keep percentage is :  0.5999999999999996
** Start training **
Epoch #0 cost=0.236647
Epoch #1 cost=0.183284
Epoch #2 cost=0.161806
Epoch #3 cost=0.147241
Epoch #4 cost=0.135729
Epoch #5 cost=0.125871
Epoch #6 cost=0.116743
Epoch #7 cost=0.109010
Epoch #8 cost=0.103664
Epoch #9 cost=0.098955
Epoch #10 cost=0.094414
Epoch #11 cost=0.090512
Epoch #12 cost=0.086789
Epoch #13 cost=0.083549
Epoch #14 cost=0.080009
Epoch #15 cost=0.076732
Epoch #16 cost=0.073428
Epoch #17 cost=0.070590
Epoch #18 cost=0.067931
Epoch #19 cost=0.065408
** Start training **
Epoch #0 cost=0.208206
Epoch #1 cost=0.160315
Epoch #2 cost=0.141547
Epoch #3 cost=0.128267
Epoch #4 cost=0.118173
Epoch #5 cost=0.109832
Epoch #6 cost=0.102782
Epoch #7 cost=0.096635
Epoch #8 cost=0.090894
Epoch #9 cost=0.085608
Epoch #10 cost=0.080725
Epoch #11 cost=0.076407
Epoch #12 cost=0.072516
Epoch #13 cost=0.069039
Epoch #14 cost=0.065897
Epoch #15 cost=0.062982
Epoch #16 cost=0.060340
Epoch #17 cost=0.057936
Epoch #18 cost=0.055588
Epoch #19 cost=0.053745
** Start training **
Epoch #0 cost=0.208350
Epoch #1 cost=0.161670
Epoch #2 cost=0.143055
Epoch #3 cost=0.130439
Epoch #4 cost=0.120525
Epoch #5 cost=0.112409
Epoch #6 cost=0.105709
Epoch #7 cost=0.099350
Epoch #8 cost=0.093383
Epoch #9 cost=0.087931
Epoch #10 cost=0.082840
Epoch #11 cost=0.078296
Epoch #12 cost=0.074278
Epoch #13 cost=0.070610
Epoch #14 cost=0.067272
Epoch #15 cost=0.064321
Epoch #16 cost=0.061917
Epoch #17 cost=0.059427
Epoch #18 cost=0.057180
Epoch #19 cost=0.055136
** Start training **
Epoch #0 cost=0.208623
Epoch #1 cost=0.162722
Epoch #2 cost=0.143518
Epoch #3 cost=0.130352
Epoch #4 cost=0.120503
Epoch #5 cost=0.112246
Epoch #6 cost=0.104844
Epoch #7 cost=0.098650
Epoch #8 cost=0.092956
Epoch #9 cost=0.087421
Epoch #10 cost=0.082268
Epoch #11 cost=0.077439
Epoch #12 cost=0.073151
Epoch #13 cost=0.069222
Epoch #14 cost=0.065623
Epoch #15 cost=0.062435
Epoch #16 cost=0.059515
Epoch #17 cost=0.056975
Epoch #18 cost=0.054670
Epoch #19 cost=0.052556
** Start training **
Epoch #0 cost=0.209661
Epoch #1 cost=0.163437
Epoch #2 cost=0.144892
Epoch #3 cost=0.132332
Epoch #4 cost=0.122231
Epoch #5 cost=0.114347
Epoch #6 cost=0.107734
Epoch #7 cost=0.101780
Epoch #8 cost=0.095848
Epoch #9 cost=0.090369
Epoch #10 cost=0.084945
Epoch #11 cost=0.079988
Epoch #12 cost=0.075587
Epoch #13 cost=0.071548
Epoch #14 cost=0.068084
Epoch #15 cost=0.064879
Epoch #16 cost=0.061903
Epoch #17 cost=0.059060
Epoch #18 cost=0.056715
Epoch #19 cost=0.054480
** Start training **
Epoch #0 cost=0.208293
Epoch #1 cost=0.162211
Epoch #2 cost=0.143233
Epoch #3 cost=0.130396
Epoch #4 cost=0.120306
Epoch #5 cost=0.111775
Epoch #6 cost=0.104644
Epoch #7 cost=0.098397
Epoch #8 cost=0.092606
Epoch #9 cost=0.087129
Epoch #10 cost=0.082110
Epoch #11 cost=0.077525
Epoch #12 cost=0.073280
Epoch #13 cost=0.069562
Epoch #14 cost=0.066218
Epoch #15 cost=0.063239
Epoch #16 cost=0.060430
Epoch #17 cost=0.057958
Epoch #18 cost=0.055610
Epoch #19 cost=0.053535
** Start training **
Epoch #0 cost=0.208286
Epoch #1 cost=0.162055
Epoch #2 cost=0.142845
Epoch #3 cost=0.129343
Epoch #4 cost=0.118737
Epoch #5 cost=0.110162
Epoch #6 cost=0.103247
Epoch #7 cost=0.096748
Epoch #8 cost=0.090485
Epoch #9 cost=0.084896
Epoch #10 cost=0.079965
Epoch #11 cost=0.075345
Epoch #12 cost=0.071251
Epoch #13 cost=0.067642
Epoch #14 cost=0.064388
Epoch #15 cost=0.061616
Epoch #16 cost=0.059053
Epoch #17 cost=0.056660
Epoch #18 cost=0.054591
Epoch #19 cost=0.052717
** Start training **
Epoch #0 cost=0.209434
Epoch #1 cost=0.162367
Epoch #2 cost=0.144113
Epoch #3 cost=0.130986
Epoch #4 cost=0.120827
Epoch #5 cost=0.112381
Epoch #6 cost=0.104977
Epoch #7 cost=0.098533
Epoch #8 cost=0.092282
Epoch #9 cost=0.086604
Epoch #10 cost=0.081182
Epoch #11 cost=0.076315
Epoch #12 cost=0.072164
Epoch #13 cost=0.068355
Epoch #14 cost=0.064958
Epoch #15 cost=0.061955
Epoch #16 cost=0.059330
Epoch #17 cost=0.056957
Epoch #18 cost=0.054813
Epoch #19 cost=0.052803
** Start training **
Epoch #0 cost=0.206171
Epoch #1 cost=0.159426
Epoch #2 cost=0.141115
Epoch #3 cost=0.128789
Epoch #4 cost=0.118947
Epoch #5 cost=0.110650
Epoch #6 cost=0.103555
Epoch #7 cost=0.097360
Epoch #8 cost=0.091473
Epoch #9 cost=0.086119
Epoch #10 cost=0.081167
Epoch #11 cost=0.076669
Epoch #12 cost=0.072632
Epoch #13 cost=0.068997
Epoch #14 cost=0.065528
Epoch #15 cost=0.062572
Epoch #16 cost=0.059988
Epoch #17 cost=0.057585
Epoch #18 cost=0.055330
Epoch #19 cost=0.053250
** Start training **
Epoch #0 cost=0.226103
Epoch #1 cost=0.151099
Epoch #2 cost=0.120690
Epoch #3 cost=0.102424
Epoch #4 cost=0.089558
Epoch #5 cost=0.079858
Epoch #6 cost=0.071945
Epoch #7 cost=0.065583
Epoch #8 cost=0.060648
Epoch #9 cost=0.056241
Epoch #10 cost=0.052516
Epoch #11 cost=0.049287
Epoch #12 cost=0.046550
Epoch #13 cost=0.044009
Epoch #14 cost=0.041725
Epoch #15 cost=0.039722
Epoch #16 cost=0.037842
Epoch #17 cost=0.036072
Epoch #18 cost=0.034247
Epoch #19 cost=0.032541
Nodes keep percentage is :  0.5499999999999996
** Start training **
Epoch #0 cost=0.237659
Epoch #1 cost=0.185283
Epoch #2 cost=0.165101
Epoch #3 cost=0.153114
Epoch #4 cost=0.144626
Epoch #5 cost=0.137771
Epoch #6 cost=0.131802
Epoch #7 cost=0.126574
Epoch #8 cost=0.121959
Epoch #9 cost=0.117857
Epoch #10 cost=0.114169
Epoch #11 cost=0.110652
Epoch #12 cost=0.107292
Epoch #13 cost=0.104131
Epoch #14 cost=0.101229
Epoch #15 cost=0.098579
Epoch #16 cost=0.096131
Epoch #17 cost=0.093674
Epoch #18 cost=0.091365
Epoch #19 cost=0.089159
** Start training **
Epoch #0 cost=0.305467
Epoch #1 cost=0.214386
Epoch #2 cost=0.183986
Epoch #3 cost=0.166079
Epoch #4 cost=0.154535
Epoch #5 cost=0.145389
Epoch #6 cost=0.137653
Epoch #7 cost=0.131312
Epoch #8 cost=0.125714
Epoch #9 cost=0.120601
Epoch #10 cost=0.115783
Epoch #11 cost=0.111407
Epoch #12 cost=0.107562
Epoch #13 cost=0.104065
Epoch #14 cost=0.100853
Epoch #15 cost=0.097728
Epoch #16 cost=0.094674
Epoch #17 cost=0.091737
Epoch #18 cost=0.089217
Epoch #19 cost=0.086685
** Start training **
Epoch #0 cost=0.299163
Epoch #1 cost=0.211566
Epoch #2 cost=0.182946
Epoch #3 cost=0.166863
Epoch #4 cost=0.155571
Epoch #5 cost=0.146641
Epoch #6 cost=0.138939
Epoch #7 cost=0.132525
Epoch #8 cost=0.127105
Epoch #9 cost=0.121993
Epoch #10 cost=0.117216
Epoch #11 cost=0.112567
Epoch #12 cost=0.108643
Epoch #13 cost=0.104856
Epoch #14 cost=0.101229
Epoch #15 cost=0.098035
Epoch #16 cost=0.095100
Epoch #17 cost=0.092256
Epoch #18 cost=0.089713
Epoch #19 cost=0.087249
** Start training **
Epoch #0 cost=0.300032
Epoch #1 cost=0.212652
Epoch #2 cost=0.184850
Epoch #3 cost=0.166624
Epoch #4 cost=0.155185
Epoch #5 cost=0.146835
Epoch #6 cost=0.139744
Epoch #7 cost=0.133171
Epoch #8 cost=0.127017
Epoch #9 cost=0.121903
Epoch #10 cost=0.116991
Epoch #11 cost=0.112686
Epoch #12 cost=0.108611
Epoch #13 cost=0.104770
Epoch #14 cost=0.101281
Epoch #15 cost=0.098144
Epoch #16 cost=0.095012
Epoch #17 cost=0.092039
Epoch #18 cost=0.089113
Epoch #19 cost=0.086232
** Start training **
Epoch #0 cost=0.301282
Epoch #1 cost=0.213613
Epoch #2 cost=0.186862
Epoch #3 cost=0.167399
Epoch #4 cost=0.156358
Epoch #5 cost=0.147963
Epoch #6 cost=0.140203
Epoch #7 cost=0.134261
Epoch #8 cost=0.128936
Epoch #9 cost=0.123905
Epoch #10 cost=0.118892
Epoch #11 cost=0.114626
Epoch #12 cost=0.110262
Epoch #13 cost=0.106578
Epoch #14 cost=0.103025
Epoch #15 cost=0.099560
Epoch #16 cost=0.096207
Epoch #17 cost=0.092642
Epoch #18 cost=0.089596
Epoch #19 cost=0.086871
** Start training **
Epoch #0 cost=0.299778
Epoch #1 cost=0.212324
Epoch #2 cost=0.184654
Epoch #3 cost=0.165708
Epoch #4 cost=0.154161
Epoch #5 cost=0.145053
Epoch #6 cost=0.137742
Epoch #7 cost=0.131782
Epoch #8 cost=0.126197
Epoch #9 cost=0.120983
Epoch #10 cost=0.115960
Epoch #11 cost=0.111335
Epoch #12 cost=0.107659
Epoch #13 cost=0.104182
Epoch #14 cost=0.100787
Epoch #15 cost=0.097844
Epoch #16 cost=0.095016
Epoch #17 cost=0.092055
Epoch #18 cost=0.089488
Epoch #19 cost=0.086928
** Start training **
Epoch #0 cost=0.299837
Epoch #1 cost=0.212553
Epoch #2 cost=0.183927
Epoch #3 cost=0.165923
Epoch #4 cost=0.154452
Epoch #5 cost=0.145502
Epoch #6 cost=0.138084
Epoch #7 cost=0.131496
Epoch #8 cost=0.125793
Epoch #9 cost=0.120459
Epoch #10 cost=0.115484
Epoch #11 cost=0.111211
Epoch #12 cost=0.106921
Epoch #13 cost=0.103137
Epoch #14 cost=0.099486
Epoch #15 cost=0.095905
Epoch #16 cost=0.092636
Epoch #17 cost=0.089445
Epoch #18 cost=0.086733
Epoch #19 cost=0.084098
** Start training **
Epoch #0 cost=0.299718
Epoch #1 cost=0.213740
Epoch #2 cost=0.186221
Epoch #3 cost=0.166954
Epoch #4 cost=0.155340
Epoch #5 cost=0.146334
Epoch #6 cost=0.138731
Epoch #7 cost=0.132232
Epoch #8 cost=0.126630
Epoch #9 cost=0.121198
Epoch #10 cost=0.116090
Epoch #11 cost=0.111613
Epoch #12 cost=0.107588
Epoch #13 cost=0.103781
Epoch #14 cost=0.100171
Epoch #15 cost=0.096978
Epoch #16 cost=0.094180
Epoch #17 cost=0.091363
Epoch #18 cost=0.088631
Epoch #19 cost=0.085965
** Start training **
Epoch #0 cost=0.299307
Epoch #1 cost=0.210872
Epoch #2 cost=0.183258
Epoch #3 cost=0.165434
Epoch #4 cost=0.154374
Epoch #5 cost=0.145690
Epoch #6 cost=0.138139
Epoch #7 cost=0.132047
Epoch #8 cost=0.126660
Epoch #9 cost=0.121736
Epoch #10 cost=0.116820
Epoch #11 cost=0.112428
Epoch #12 cost=0.108577
Epoch #13 cost=0.105088
Epoch #14 cost=0.101651
Epoch #15 cost=0.098577
Epoch #16 cost=0.095616
Epoch #17 cost=0.092782
Epoch #18 cost=0.090054
Epoch #19 cost=0.087563
** Start training **
Epoch #0 cost=0.370173
Epoch #1 cost=0.229727
Epoch #2 cost=0.173511
Epoch #3 cost=0.143052
Epoch #4 cost=0.121633
Epoch #5 cost=0.105914
Epoch #6 cost=0.094136
Epoch #7 cost=0.084431
Epoch #8 cost=0.076451
Epoch #9 cost=0.070208
Epoch #10 cost=0.064911
Epoch #11 cost=0.060107
Epoch #12 cost=0.056096
Epoch #13 cost=0.052280
Epoch #14 cost=0.049239
Epoch #15 cost=0.046408
Epoch #16 cost=0.043985
Epoch #17 cost=0.041699
Epoch #18 cost=0.039380
Epoch #19 cost=0.037248
Nodes keep percentage is :  0.49999999999999956
** Start training **
Epoch #0 cost=0.351824
Epoch #1 cost=0.241670
Epoch #2 cost=0.202405
Epoch #3 cost=0.180738
Epoch #4 cost=0.166719
Epoch #5 cost=0.155886
Epoch #6 cost=0.147614
Epoch #7 cost=0.140828
Epoch #8 cost=0.134916
Epoch #9 cost=0.129550
Epoch #10 cost=0.124739
Epoch #11 cost=0.120177
Epoch #12 cost=0.116117
Epoch #13 cost=0.112223
Epoch #14 cost=0.108601
Epoch #15 cost=0.105098
Epoch #16 cost=0.101710
Epoch #17 cost=0.098402
Epoch #18 cost=0.095294
Epoch #19 cost=0.092556
** Start training **
Epoch #0 cost=0.382139
Epoch #1 cost=0.247972
Epoch #2 cost=0.206986
Epoch #3 cost=0.185648
Epoch #4 cost=0.170416
Epoch #5 cost=0.158914
Epoch #6 cost=0.150152
Epoch #7 cost=0.142725
Epoch #8 cost=0.136335
Epoch #9 cost=0.130436
Epoch #10 cost=0.125157
Epoch #11 cost=0.120686
Epoch #12 cost=0.116894
Epoch #13 cost=0.113510
Epoch #14 cost=0.110131
Epoch #15 cost=0.107071
Epoch #16 cost=0.104092
Epoch #17 cost=0.101192
Epoch #18 cost=0.098467
Epoch #19 cost=0.095717
** Start training **
Epoch #0 cost=0.378976
Epoch #1 cost=0.247225
Epoch #2 cost=0.206659
Epoch #3 cost=0.186154
Epoch #4 cost=0.171419
Epoch #5 cost=0.160445
Epoch #6 cost=0.152199
Epoch #7 cost=0.145179
Epoch #8 cost=0.138810
Epoch #9 cost=0.133470
Epoch #10 cost=0.128716
Epoch #11 cost=0.124456
Epoch #12 cost=0.120511
Epoch #13 cost=0.116902
Epoch #14 cost=0.113715
Epoch #15 cost=0.110335
Epoch #16 cost=0.106811
Epoch #17 cost=0.103711
Epoch #18 cost=0.100867
Epoch #19 cost=0.098205
** Start training **
Epoch #0 cost=0.378679
Epoch #1 cost=0.246386
Epoch #2 cost=0.206101
Epoch #3 cost=0.185301
Epoch #4 cost=0.170234
Epoch #5 cost=0.159650
Epoch #6 cost=0.150969
Epoch #7 cost=0.144182
Epoch #8 cost=0.138159
Epoch #9 cost=0.133197
Epoch #10 cost=0.128355
Epoch #11 cost=0.123765
Epoch #12 cost=0.119868
Epoch #13 cost=0.116307
Epoch #14 cost=0.112869
Epoch #15 cost=0.109416
Epoch #16 cost=0.106023
Epoch #17 cost=0.102855
Epoch #18 cost=0.099801
Epoch #19 cost=0.096965
** Start training **
Epoch #0 cost=0.379232
Epoch #1 cost=0.247647
Epoch #2 cost=0.208035
Epoch #3 cost=0.187163
Epoch #4 cost=0.172566
Epoch #5 cost=0.161483
Epoch #6 cost=0.152953
Epoch #7 cost=0.145896
Epoch #8 cost=0.140061
Epoch #9 cost=0.135341
Epoch #10 cost=0.130805
Epoch #11 cost=0.126656
Epoch #12 cost=0.122504
Epoch #13 cost=0.119111
Epoch #14 cost=0.115818
Epoch #15 cost=0.112569
Epoch #16 cost=0.109465
Epoch #17 cost=0.106395
Epoch #18 cost=0.103234
Epoch #19 cost=0.100317
** Start training **
Epoch #0 cost=0.377954
Epoch #1 cost=0.247035
Epoch #2 cost=0.206270
Epoch #3 cost=0.185751
Epoch #4 cost=0.170403
Epoch #5 cost=0.159353
Epoch #6 cost=0.150925
Epoch #7 cost=0.143825
Epoch #8 cost=0.137462
Epoch #9 cost=0.131808
Epoch #10 cost=0.126322
Epoch #11 cost=0.122135
Epoch #12 cost=0.118468
Epoch #13 cost=0.115040
Epoch #14 cost=0.111769
Epoch #15 cost=0.108466
Epoch #16 cost=0.105205
Epoch #17 cost=0.102149
Epoch #18 cost=0.099190
Epoch #19 cost=0.096270
** Start training **
Epoch #0 cost=0.378698
Epoch #1 cost=0.246818
Epoch #2 cost=0.206642
Epoch #3 cost=0.185631
Epoch #4 cost=0.171031
Epoch #5 cost=0.159914
Epoch #6 cost=0.150993
Epoch #7 cost=0.143653
Epoch #8 cost=0.137376
Epoch #9 cost=0.131529
Epoch #10 cost=0.126302
Epoch #11 cost=0.121792
Epoch #12 cost=0.117425
Epoch #13 cost=0.113695
Epoch #14 cost=0.110239
Epoch #15 cost=0.106765
Epoch #16 cost=0.103388
Epoch #17 cost=0.100406
Epoch #18 cost=0.097598
Epoch #19 cost=0.094943
** Start training **
Epoch #0 cost=0.378588
Epoch #1 cost=0.246807
Epoch #2 cost=0.206339
Epoch #3 cost=0.185360
Epoch #4 cost=0.170234
Epoch #5 cost=0.159166
Epoch #6 cost=0.150342
Epoch #7 cost=0.143117
Epoch #8 cost=0.136968
Epoch #9 cost=0.131423
Epoch #10 cost=0.126466
Epoch #11 cost=0.121906
Epoch #12 cost=0.117923
Epoch #13 cost=0.114361
Epoch #14 cost=0.110962
Epoch #15 cost=0.107865
Epoch #16 cost=0.104739
Epoch #17 cost=0.101821
Epoch #18 cost=0.099155
Epoch #19 cost=0.096461
** Start training **
Epoch #0 cost=0.377930
Epoch #1 cost=0.245630
Epoch #2 cost=0.204630
Epoch #3 cost=0.183820
Epoch #4 cost=0.168699
Epoch #5 cost=0.157859
Epoch #6 cost=0.149638
Epoch #7 cost=0.142339
Epoch #8 cost=0.136332
Epoch #9 cost=0.131138
Epoch #10 cost=0.126299
Epoch #11 cost=0.121744
Epoch #12 cost=0.117670
Epoch #13 cost=0.113970
Epoch #14 cost=0.110572
Epoch #15 cost=0.107173
Epoch #16 cost=0.104127
Epoch #17 cost=0.100979
Epoch #18 cost=0.098003
Epoch #19 cost=0.095080
** Start training **
Epoch #0 cost=0.442065
Epoch #1 cost=0.277872
Epoch #2 cost=0.217170
Epoch #3 cost=0.179935
Epoch #4 cost=0.155183
Epoch #5 cost=0.136968
Epoch #6 cost=0.122655
Epoch #7 cost=0.111337
Epoch #8 cost=0.102256
Epoch #9 cost=0.094834
Epoch #10 cost=0.088700
Epoch #11 cost=0.083194
Epoch #12 cost=0.078566
Epoch #13 cost=0.074287
Epoch #14 cost=0.069961
Epoch #15 cost=0.065908
Epoch #16 cost=0.062232
Epoch #17 cost=0.058441
Epoch #18 cost=0.055071
Epoch #19 cost=0.051971
Nodes keep percentage is :  0.4499999999999995
** Start training **
Epoch #0 cost=0.485628
Epoch #1 cost=0.317659
Epoch #2 cost=0.265478
Epoch #3 cost=0.237944
Epoch #4 cost=0.219728
Epoch #5 cost=0.205309
Epoch #6 cost=0.194011
Epoch #7 cost=0.185044
Epoch #8 cost=0.176775
Epoch #9 cost=0.169465
Epoch #10 cost=0.163072
Epoch #11 cost=0.157531
Epoch #12 cost=0.152622
Epoch #13 cost=0.148370
Epoch #14 cost=0.144410
Epoch #15 cost=0.140704
Epoch #16 cost=0.137210
Epoch #17 cost=0.133842
Epoch #18 cost=0.130648
Epoch #19 cost=0.127613
** Start training **
Epoch #0 cost=0.460532
Epoch #1 cost=0.304031
Epoch #2 cost=0.252489
Epoch #3 cost=0.223164
Epoch #4 cost=0.204937
Epoch #5 cost=0.192023
Epoch #6 cost=0.181435
Epoch #7 cost=0.172659
Epoch #8 cost=0.165172
Epoch #9 cost=0.158481
Epoch #10 cost=0.152711
Epoch #11 cost=0.148142
Epoch #12 cost=0.143791
Epoch #13 cost=0.139847
Epoch #14 cost=0.136069
Epoch #15 cost=0.132550
Epoch #16 cost=0.129288
Epoch #17 cost=0.125790
Epoch #18 cost=0.122573
Epoch #19 cost=0.119523
** Start training **
Epoch #0 cost=0.457796
Epoch #1 cost=0.302744
Epoch #2 cost=0.252432
Epoch #3 cost=0.223661
Epoch #4 cost=0.206162
Epoch #5 cost=0.193657
Epoch #6 cost=0.182945
Epoch #7 cost=0.173972
Epoch #8 cost=0.166948
Epoch #9 cost=0.160509
Epoch #10 cost=0.154615
Epoch #11 cost=0.149841
Epoch #12 cost=0.145914
Epoch #13 cost=0.141997
Epoch #14 cost=0.138461
Epoch #15 cost=0.134893
Epoch #16 cost=0.131319
Epoch #17 cost=0.128178
Epoch #18 cost=0.124931
Epoch #19 cost=0.121661
** Start training **
Epoch #0 cost=0.457565
Epoch #1 cost=0.301816
Epoch #2 cost=0.251571
Epoch #3 cost=0.222771
Epoch #4 cost=0.205505
Epoch #5 cost=0.192986
Epoch #6 cost=0.182520
Epoch #7 cost=0.173722
Epoch #8 cost=0.166424
Epoch #9 cost=0.159482
Epoch #10 cost=0.153740
Epoch #11 cost=0.148808
Epoch #12 cost=0.144417
Epoch #13 cost=0.140182
Epoch #14 cost=0.136339
Epoch #15 cost=0.132423
Epoch #16 cost=0.128568
Epoch #17 cost=0.124714
Epoch #18 cost=0.120836
Epoch #19 cost=0.117280
** Start training **
Epoch #0 cost=0.457956
Epoch #1 cost=0.303213
Epoch #2 cost=0.252687
Epoch #3 cost=0.223514
Epoch #4 cost=0.206044
Epoch #5 cost=0.193591
Epoch #6 cost=0.183293
Epoch #7 cost=0.175008
Epoch #8 cost=0.167921
Epoch #9 cost=0.161748
Epoch #10 cost=0.156550
Epoch #11 cost=0.151975
Epoch #12 cost=0.148029
Epoch #13 cost=0.143945
Epoch #14 cost=0.140166
Epoch #15 cost=0.136830
Epoch #16 cost=0.133365
Epoch #17 cost=0.129768
Epoch #18 cost=0.126384
Epoch #19 cost=0.122935
** Start training **
Epoch #0 cost=0.459324
Epoch #1 cost=0.301625
Epoch #2 cost=0.250900
Epoch #3 cost=0.222387
Epoch #4 cost=0.205093
Epoch #5 cost=0.192293
Epoch #6 cost=0.182062
Epoch #7 cost=0.173104
Epoch #8 cost=0.165690
Epoch #9 cost=0.159346
Epoch #10 cost=0.153785
Epoch #11 cost=0.148670
Epoch #12 cost=0.144397
Epoch #13 cost=0.139983
Epoch #14 cost=0.136148
Epoch #15 cost=0.132148
Epoch #16 cost=0.128426
Epoch #17 cost=0.124670
Epoch #18 cost=0.121150
Epoch #19 cost=0.118055
** Start training **
Epoch #0 cost=0.460525
Epoch #1 cost=0.303032
Epoch #2 cost=0.251833
Epoch #3 cost=0.222874
Epoch #4 cost=0.205298
Epoch #5 cost=0.192739
Epoch #6 cost=0.182342
Epoch #7 cost=0.173431
Epoch #8 cost=0.165812
Epoch #9 cost=0.159171
Epoch #10 cost=0.153154
Epoch #11 cost=0.148241
Epoch #12 cost=0.143945
Epoch #13 cost=0.139798
Epoch #14 cost=0.135915
Epoch #15 cost=0.131986
Epoch #16 cost=0.128259
Epoch #17 cost=0.124894
Epoch #18 cost=0.121440
Epoch #19 cost=0.118263
** Start training **
Epoch #0 cost=0.459863
Epoch #1 cost=0.304129
Epoch #2 cost=0.253237
Epoch #3 cost=0.224079
Epoch #4 cost=0.207138
Epoch #5 cost=0.194666
Epoch #6 cost=0.184231
Epoch #7 cost=0.175831
Epoch #8 cost=0.168783
Epoch #9 cost=0.162656
Epoch #10 cost=0.157113
Epoch #11 cost=0.152266
Epoch #12 cost=0.147770
Epoch #13 cost=0.143637
Epoch #14 cost=0.139786
Epoch #15 cost=0.136072
Epoch #16 cost=0.132468
Epoch #17 cost=0.129019
Epoch #18 cost=0.125697
Epoch #19 cost=0.122505
** Start training **
Epoch #0 cost=0.457526
Epoch #1 cost=0.301372
Epoch #2 cost=0.250422
Epoch #3 cost=0.221069
Epoch #4 cost=0.203120
Epoch #5 cost=0.190634
Epoch #6 cost=0.180318
Epoch #7 cost=0.171755
Epoch #8 cost=0.164937
Epoch #9 cost=0.158232
Epoch #10 cost=0.152797
Epoch #11 cost=0.148123
Epoch #12 cost=0.143538
Epoch #13 cost=0.139179
Epoch #14 cost=0.135086
Epoch #15 cost=0.131476
Epoch #16 cost=0.127810
Epoch #17 cost=0.124248
Epoch #18 cost=0.120771
Epoch #19 cost=0.117439
** Start training **
Epoch #0 cost=0.583709
Epoch #1 cost=0.384275
Epoch #2 cost=0.300771
Epoch #3 cost=0.244962
Epoch #4 cost=0.206093
Epoch #5 cost=0.178694
Epoch #6 cost=0.157857
Epoch #7 cost=0.141807
Epoch #8 cost=0.127882
Epoch #9 cost=0.116538
Epoch #10 cost=0.107064
Epoch #11 cost=0.099218
Epoch #12 cost=0.092462
Epoch #13 cost=0.086282
Epoch #14 cost=0.080842
Epoch #15 cost=0.076411
Epoch #16 cost=0.072198
Epoch #17 cost=0.068342
Epoch #18 cost=0.064962
Epoch #19 cost=0.061604
Nodes keep percentage is :  0.39999999999999947
** Start training **
Epoch #0 cost=0.389483
Epoch #1 cost=0.285619
Epoch #2 cost=0.246764
Epoch #3 cost=0.224057
Epoch #4 cost=0.207877
Epoch #5 cost=0.195162
Epoch #6 cost=0.185094
Epoch #7 cost=0.176220
Epoch #8 cost=0.168829
Epoch #9 cost=0.162308
Epoch #10 cost=0.156666
Epoch #11 cost=0.151589
Epoch #12 cost=0.146917
Epoch #13 cost=0.142773
Epoch #14 cost=0.138859
Epoch #15 cost=0.135191
Epoch #16 cost=0.131494
Epoch #17 cost=0.128063
Epoch #18 cost=0.124868
Epoch #19 cost=0.121959
** Start training **
Epoch #0 cost=0.408751
Epoch #1 cost=0.291612
Epoch #2 cost=0.248632
Epoch #3 cost=0.224579
Epoch #4 cost=0.207239
Epoch #5 cost=0.193883
Epoch #6 cost=0.183483
Epoch #7 cost=0.174662
Epoch #8 cost=0.166849
Epoch #9 cost=0.160507
Epoch #10 cost=0.155108
Epoch #11 cost=0.150200
Epoch #12 cost=0.145987
Epoch #13 cost=0.142268
Epoch #14 cost=0.138762
Epoch #15 cost=0.135448
Epoch #16 cost=0.132323
Epoch #17 cost=0.129208
Epoch #18 cost=0.126209
Epoch #19 cost=0.123429
** Start training **
Epoch #0 cost=0.406029
Epoch #1 cost=0.291409
Epoch #2 cost=0.248668
Epoch #3 cost=0.225162
Epoch #4 cost=0.208042
Epoch #5 cost=0.194834
Epoch #6 cost=0.184811
Epoch #7 cost=0.176491
Epoch #8 cost=0.168927
Epoch #9 cost=0.162909
Epoch #10 cost=0.157869
Epoch #11 cost=0.153012
Epoch #12 cost=0.148693
Epoch #13 cost=0.145025
Epoch #14 cost=0.141657
Epoch #15 cost=0.138345
Epoch #16 cost=0.135126
Epoch #17 cost=0.132066
Epoch #18 cost=0.129115
Epoch #19 cost=0.126092
** Start training **
Epoch #0 cost=0.404123
Epoch #1 cost=0.290006
Epoch #2 cost=0.247574
Epoch #3 cost=0.224083
Epoch #4 cost=0.206988
Epoch #5 cost=0.194491
Epoch #6 cost=0.184371
Epoch #7 cost=0.176146
Epoch #8 cost=0.168594
Epoch #9 cost=0.162407
Epoch #10 cost=0.156769
Epoch #11 cost=0.151598
Epoch #12 cost=0.146786
Epoch #13 cost=0.142390
Epoch #14 cost=0.138340
Epoch #15 cost=0.134553
Epoch #16 cost=0.130759
Epoch #17 cost=0.127217
Epoch #18 cost=0.123899
Epoch #19 cost=0.120854
** Start training **
Epoch #0 cost=0.407590
Epoch #1 cost=0.291188
Epoch #2 cost=0.248818
Epoch #3 cost=0.225101
Epoch #4 cost=0.208112
Epoch #5 cost=0.195584
Epoch #6 cost=0.185655
Epoch #7 cost=0.177183
Epoch #8 cost=0.169866
Epoch #9 cost=0.164060
Epoch #10 cost=0.158815
Epoch #11 cost=0.154001
Epoch #12 cost=0.150194
Epoch #13 cost=0.146437
Epoch #14 cost=0.142682
Epoch #15 cost=0.139272
Epoch #16 cost=0.136168
Epoch #17 cost=0.132882
Epoch #18 cost=0.129865
Epoch #19 cost=0.127053
** Start training **
Epoch #0 cost=0.402345
Epoch #1 cost=0.290083
Epoch #2 cost=0.248046
Epoch #3 cost=0.224369
Epoch #4 cost=0.207221
Epoch #5 cost=0.194070
Epoch #6 cost=0.184149
Epoch #7 cost=0.175311
Epoch #8 cost=0.167745
Epoch #9 cost=0.161286
Epoch #10 cost=0.155761
Epoch #11 cost=0.151025
Epoch #12 cost=0.146749
Epoch #13 cost=0.142328
Epoch #14 cost=0.138429
Epoch #15 cost=0.134937
Epoch #16 cost=0.131550
Epoch #17 cost=0.128178
Epoch #18 cost=0.125075
Epoch #19 cost=0.122085
** Start training **
Epoch #0 cost=0.404629
Epoch #1 cost=0.290242
Epoch #2 cost=0.247500
Epoch #3 cost=0.223917
Epoch #4 cost=0.206876
Epoch #5 cost=0.193531
Epoch #6 cost=0.183186
Epoch #7 cost=0.174591
Epoch #8 cost=0.167143
Epoch #9 cost=0.160235
Epoch #10 cost=0.154715
Epoch #11 cost=0.149947
Epoch #12 cost=0.145462
Epoch #13 cost=0.141366
Epoch #14 cost=0.137308
Epoch #15 cost=0.133591
Epoch #16 cost=0.129939
Epoch #17 cost=0.126345
Epoch #18 cost=0.122793
Epoch #19 cost=0.119624
** Start training **
Epoch #0 cost=0.405383
Epoch #1 cost=0.291336
Epoch #2 cost=0.249549
Epoch #3 cost=0.225796
Epoch #4 cost=0.208513
Epoch #5 cost=0.195488
Epoch #6 cost=0.185613
Epoch #7 cost=0.177065
Epoch #8 cost=0.169691
Epoch #9 cost=0.163594
Epoch #10 cost=0.158171
Epoch #11 cost=0.153447
Epoch #12 cost=0.148940
Epoch #13 cost=0.144681
Epoch #14 cost=0.140663
Epoch #15 cost=0.136988
Epoch #16 cost=0.133528
Epoch #17 cost=0.130172
Epoch #18 cost=0.126867
Epoch #19 cost=0.123750
** Start training **
Epoch #0 cost=0.402084
Epoch #1 cost=0.289119
Epoch #2 cost=0.246609
Epoch #3 cost=0.223302
Epoch #4 cost=0.205897
Epoch #5 cost=0.193052
Epoch #6 cost=0.182991
Epoch #7 cost=0.174498
Epoch #8 cost=0.167080
Epoch #9 cost=0.160856
Epoch #10 cost=0.155573
Epoch #11 cost=0.151007
Epoch #12 cost=0.146862
Epoch #13 cost=0.143133
Epoch #14 cost=0.139367
Epoch #15 cost=0.135850
Epoch #16 cost=0.132249
Epoch #17 cost=0.128882
Epoch #18 cost=0.125507
Epoch #19 cost=0.122243
** Start training **
Epoch #0 cost=0.539681
Epoch #1 cost=0.356680
Epoch #2 cost=0.282525
Epoch #3 cost=0.230456
Epoch #4 cost=0.193629
Epoch #5 cost=0.166953
Epoch #6 cost=0.147418
Epoch #7 cost=0.131952
Epoch #8 cost=0.120027
Epoch #9 cost=0.110577
Epoch #10 cost=0.103062
Epoch #11 cost=0.096453
Epoch #12 cost=0.090572
Epoch #13 cost=0.085437
Epoch #14 cost=0.080778
Epoch #15 cost=0.076972
Epoch #16 cost=0.073288
Epoch #17 cost=0.070103
Epoch #18 cost=0.066743
Epoch #19 cost=0.063665
Nodes keep percentage is :  0.3499999999999994
** Start training **
Epoch #0 cost=0.485582
Epoch #1 cost=0.351312
Epoch #2 cost=0.296784
Epoch #3 cost=0.266161
Epoch #4 cost=0.246302
Epoch #5 cost=0.231410
Epoch #6 cost=0.219834
Epoch #7 cost=0.210244
Epoch #8 cost=0.201795
Epoch #9 cost=0.194252
Epoch #10 cost=0.187576
Epoch #11 cost=0.181556
Epoch #12 cost=0.175938
Epoch #13 cost=0.170910
Epoch #14 cost=0.166557
Epoch #15 cost=0.162512
Epoch #16 cost=0.158714
Epoch #17 cost=0.155067
Epoch #18 cost=0.151419
Epoch #19 cost=0.148109
** Start training **
Epoch #0 cost=0.497057
Epoch #1 cost=0.351827
Epoch #2 cost=0.298698
Epoch #3 cost=0.267789
Epoch #4 cost=0.245813
Epoch #5 cost=0.230733
Epoch #6 cost=0.219115
Epoch #7 cost=0.209266
Epoch #8 cost=0.200681
Epoch #9 cost=0.192635
Epoch #10 cost=0.185247
Epoch #11 cost=0.179246
Epoch #12 cost=0.173753
Epoch #13 cost=0.168817
Epoch #14 cost=0.164347
Epoch #15 cost=0.160195
Epoch #16 cost=0.156438
Epoch #17 cost=0.152948
Epoch #18 cost=0.149640
Epoch #19 cost=0.146615
** Start training **
Epoch #0 cost=0.494758
Epoch #1 cost=0.349236
Epoch #2 cost=0.297516
Epoch #3 cost=0.267286
Epoch #4 cost=0.246117
Epoch #5 cost=0.231499
Epoch #6 cost=0.219932
Epoch #7 cost=0.209943
Epoch #8 cost=0.201589
Epoch #9 cost=0.193755
Epoch #10 cost=0.186937
Epoch #11 cost=0.181057
Epoch #12 cost=0.175763
Epoch #13 cost=0.171004
Epoch #14 cost=0.166585
Epoch #15 cost=0.162486
Epoch #16 cost=0.158791
Epoch #17 cost=0.155260
Epoch #18 cost=0.152006
Epoch #19 cost=0.148847
** Start training **
Epoch #0 cost=0.494321
Epoch #1 cost=0.350080
Epoch #2 cost=0.297393
Epoch #3 cost=0.266843
Epoch #4 cost=0.245465
Epoch #5 cost=0.231307
Epoch #6 cost=0.220059
Epoch #7 cost=0.210386
Epoch #8 cost=0.201854
Epoch #9 cost=0.193905
Epoch #10 cost=0.186661
Epoch #11 cost=0.180257
Epoch #12 cost=0.174936
Epoch #13 cost=0.170105
Epoch #14 cost=0.165648
Epoch #15 cost=0.161527
Epoch #16 cost=0.157592
Epoch #17 cost=0.153915
Epoch #18 cost=0.150418
Epoch #19 cost=0.146893
** Start training **
Epoch #0 cost=0.493246
Epoch #1 cost=0.350680
Epoch #2 cost=0.298971
Epoch #3 cost=0.268252
Epoch #4 cost=0.246732
Epoch #5 cost=0.232450
Epoch #6 cost=0.221284
Epoch #7 cost=0.211772
Epoch #8 cost=0.203304
Epoch #9 cost=0.195952
Epoch #10 cost=0.188824
Epoch #11 cost=0.182600
Epoch #12 cost=0.177276
Epoch #13 cost=0.172426
Epoch #14 cost=0.168065
Epoch #15 cost=0.163829
Epoch #16 cost=0.160103
Epoch #17 cost=0.156601
Epoch #18 cost=0.153504
Epoch #19 cost=0.150575
** Start training **
Epoch #0 cost=0.493408
Epoch #1 cost=0.349713
Epoch #2 cost=0.297496
Epoch #3 cost=0.266922
Epoch #4 cost=0.245859
Epoch #5 cost=0.231481
Epoch #6 cost=0.219888
Epoch #7 cost=0.210186
Epoch #8 cost=0.201549
Epoch #9 cost=0.193161
Epoch #10 cost=0.185974
Epoch #11 cost=0.179694
Epoch #12 cost=0.174208
Epoch #13 cost=0.168933
Epoch #14 cost=0.164277
Epoch #15 cost=0.159959
Epoch #16 cost=0.155978
Epoch #17 cost=0.152150
Epoch #18 cost=0.148496
Epoch #19 cost=0.145119
** Start training **
Epoch #0 cost=0.494344
Epoch #1 cost=0.349846
Epoch #2 cost=0.297325
Epoch #3 cost=0.266732
Epoch #4 cost=0.245563
Epoch #5 cost=0.230900
Epoch #6 cost=0.219235
Epoch #7 cost=0.209236
Epoch #8 cost=0.200593
Epoch #9 cost=0.192998
Epoch #10 cost=0.185894
Epoch #11 cost=0.179463
Epoch #12 cost=0.173556
Epoch #13 cost=0.168383
Epoch #14 cost=0.163557
Epoch #15 cost=0.159063
Epoch #16 cost=0.154813
Epoch #17 cost=0.150728
Epoch #18 cost=0.147155
Epoch #19 cost=0.143821
** Start training **
Epoch #0 cost=0.493875
Epoch #1 cost=0.351847
Epoch #2 cost=0.299895
Epoch #3 cost=0.268747
Epoch #4 cost=0.247210
Epoch #5 cost=0.232620
Epoch #6 cost=0.221030
Epoch #7 cost=0.211248
Epoch #8 cost=0.202658
Epoch #9 cost=0.194529
Epoch #10 cost=0.187449
Epoch #11 cost=0.180964
Epoch #12 cost=0.175690
Epoch #13 cost=0.171023
Epoch #14 cost=0.166620
Epoch #15 cost=0.162243
Epoch #16 cost=0.158362
Epoch #17 cost=0.154535
Epoch #18 cost=0.151026
Epoch #19 cost=0.147775
** Start training **
Epoch #0 cost=0.493373
Epoch #1 cost=0.348670
Epoch #2 cost=0.296772
Epoch #3 cost=0.265523
Epoch #4 cost=0.244428
Epoch #5 cost=0.229872
Epoch #6 cost=0.218236
Epoch #7 cost=0.208177
Epoch #8 cost=0.199568
Epoch #9 cost=0.192059
Epoch #10 cost=0.185118
Epoch #11 cost=0.178946
Epoch #12 cost=0.173291
Epoch #13 cost=0.168095
Epoch #14 cost=0.163307
Epoch #15 cost=0.159107
Epoch #16 cost=0.155036
Epoch #17 cost=0.151315
Epoch #18 cost=0.147820
Epoch #19 cost=0.144423
** Start training **
Epoch #0 cost=0.606634
Epoch #1 cost=0.426719
Epoch #2 cost=0.343499
Epoch #3 cost=0.288269
Epoch #4 cost=0.246157
Epoch #5 cost=0.214874
Epoch #6 cost=0.190214
Epoch #7 cost=0.170206
Epoch #8 cost=0.153694
Epoch #9 cost=0.140448
Epoch #10 cost=0.129409
Epoch #11 cost=0.119689
Epoch #12 cost=0.111646
Epoch #13 cost=0.105120
Epoch #14 cost=0.099392
Epoch #15 cost=0.094231
Epoch #16 cost=0.089861
Epoch #17 cost=0.085929
Epoch #18 cost=0.082240
Epoch #19 cost=0.078904
Nodes keep percentage is :  0.2999999999999994
** Start training **
Epoch #0 cost=1.089852
Epoch #1 cost=0.489328
Epoch #2 cost=0.390439
Epoch #3 cost=0.342843
Epoch #4 cost=0.310216
Epoch #5 cost=0.285686
Epoch #6 cost=0.265670
Epoch #7 cost=0.250315
Epoch #8 cost=0.237749
Epoch #9 cost=0.227094
Epoch #10 cost=0.217917
Epoch #11 cost=0.209680
Epoch #12 cost=0.202396
Epoch #13 cost=0.195921
Epoch #14 cost=0.190188
Epoch #15 cost=0.185466
Epoch #16 cost=0.181154
Epoch #17 cost=0.177355
Epoch #18 cost=0.173749
Epoch #19 cost=0.170510
** Start training **
Epoch #0 cost=1.075683
Epoch #1 cost=0.492580
Epoch #2 cost=0.394320
Epoch #3 cost=0.347679
Epoch #4 cost=0.315065
Epoch #5 cost=0.290142
Epoch #6 cost=0.270271
Epoch #7 cost=0.254056
Epoch #8 cost=0.240318
Epoch #9 cost=0.228783
Epoch #10 cost=0.218985
Epoch #11 cost=0.210507
Epoch #12 cost=0.202871
Epoch #13 cost=0.196090
Epoch #14 cost=0.189673
Epoch #15 cost=0.184314
Epoch #16 cost=0.179117
Epoch #17 cost=0.174485
Epoch #18 cost=0.170194
Epoch #19 cost=0.166411
** Start training **
Epoch #0 cost=1.075031
Epoch #1 cost=0.492481
Epoch #2 cost=0.392167
Epoch #3 cost=0.345805
Epoch #4 cost=0.314162
Epoch #5 cost=0.289651
Epoch #6 cost=0.270002
Epoch #7 cost=0.253634
Epoch #8 cost=0.240130
Epoch #9 cost=0.228802
Epoch #10 cost=0.219085
Epoch #11 cost=0.210470
Epoch #12 cost=0.202913
Epoch #13 cost=0.195960
Epoch #14 cost=0.190152
Epoch #15 cost=0.184700
Epoch #16 cost=0.179567
Epoch #17 cost=0.175051
Epoch #18 cost=0.170971
Epoch #19 cost=0.167311
** Start training **
Epoch #0 cost=1.077904
Epoch #1 cost=0.493202
Epoch #2 cost=0.393814
Epoch #3 cost=0.347468
Epoch #4 cost=0.314808
Epoch #5 cost=0.290060
Epoch #6 cost=0.270276
Epoch #7 cost=0.254324
Epoch #8 cost=0.240869
Epoch #9 cost=0.229034
Epoch #10 cost=0.219030
Epoch #11 cost=0.210497
Epoch #12 cost=0.202735
Epoch #13 cost=0.195499
Epoch #14 cost=0.189384
Epoch #15 cost=0.183999
Epoch #16 cost=0.178561
Epoch #17 cost=0.173643
Epoch #18 cost=0.169236
Epoch #19 cost=0.165119
** Start training **
Epoch #0 cost=1.072870
Epoch #1 cost=0.492666
Epoch #2 cost=0.394774
Epoch #3 cost=0.348509
Epoch #4 cost=0.316227
Epoch #5 cost=0.291626
Epoch #6 cost=0.272050
Epoch #7 cost=0.255876
Epoch #8 cost=0.242619
Epoch #9 cost=0.231082
Epoch #10 cost=0.221699
Epoch #11 cost=0.213405
Epoch #12 cost=0.206192
Epoch #13 cost=0.199464
Epoch #14 cost=0.193503
Epoch #15 cost=0.188179
Epoch #16 cost=0.183377
Epoch #17 cost=0.179384
Epoch #18 cost=0.175563
Epoch #19 cost=0.172045
** Start training **
Epoch #0 cost=1.074466
Epoch #1 cost=0.492175
Epoch #2 cost=0.392563
Epoch #3 cost=0.346583
Epoch #4 cost=0.314444
Epoch #5 cost=0.289354
Epoch #6 cost=0.269151
Epoch #7 cost=0.253390
Epoch #8 cost=0.240022
Epoch #9 cost=0.228418
Epoch #10 cost=0.218705
Epoch #11 cost=0.210140
Epoch #12 cost=0.202737
Epoch #13 cost=0.195806
Epoch #14 cost=0.189580
Epoch #15 cost=0.184158
Epoch #16 cost=0.178948
Epoch #17 cost=0.174207
Epoch #18 cost=0.170091
Epoch #19 cost=0.166422
** Start training **
Epoch #0 cost=1.068240
Epoch #1 cost=0.492006
Epoch #2 cost=0.394148
Epoch #3 cost=0.347502
Epoch #4 cost=0.315376
Epoch #5 cost=0.289989
Epoch #6 cost=0.270273
Epoch #7 cost=0.254148
Epoch #8 cost=0.240811
Epoch #9 cost=0.229245
Epoch #10 cost=0.219206
Epoch #11 cost=0.210999
Epoch #12 cost=0.202962
Epoch #13 cost=0.196380
Epoch #14 cost=0.190613
Epoch #15 cost=0.184941
Epoch #16 cost=0.179902
Epoch #17 cost=0.175137
Epoch #18 cost=0.170838
Epoch #19 cost=0.166757
** Start training **
Epoch #0 cost=1.062557
Epoch #1 cost=0.491115
Epoch #2 cost=0.395054
Epoch #3 cost=0.348863
Epoch #4 cost=0.316619
Epoch #5 cost=0.291395
Epoch #6 cost=0.271600
Epoch #7 cost=0.255257
Epoch #8 cost=0.241561
Epoch #9 cost=0.229927
Epoch #10 cost=0.220502
Epoch #11 cost=0.211875
Epoch #12 cost=0.204069
Epoch #13 cost=0.197523
Epoch #14 cost=0.191462
Epoch #15 cost=0.185920
Epoch #16 cost=0.180926
Epoch #17 cost=0.176503
Epoch #18 cost=0.172469
Epoch #19 cost=0.169046
** Start training **
Epoch #0 cost=1.088596
Epoch #1 cost=0.490293
Epoch #2 cost=0.392717
Epoch #3 cost=0.346421
Epoch #4 cost=0.314158
Epoch #5 cost=0.289921
Epoch #6 cost=0.269922
Epoch #7 cost=0.253308
Epoch #8 cost=0.239398
Epoch #9 cost=0.228205
Epoch #10 cost=0.218389
Epoch #11 cost=0.209976
Epoch #12 cost=0.202548
Epoch #13 cost=0.195934
Epoch #14 cost=0.189325
Epoch #15 cost=0.183319
Epoch #16 cost=0.178143
Epoch #17 cost=0.173406
Epoch #18 cost=0.169044
Epoch #19 cost=0.165144
** Start training **
Epoch #0 cost=1.284664
Epoch #1 cost=0.688293
Epoch #2 cost=0.541286
Epoch #3 cost=0.467545
Epoch #4 cost=0.409096
Epoch #5 cost=0.363104
Epoch #6 cost=0.322538
Epoch #7 cost=0.288886
Epoch #8 cost=0.262275
Epoch #9 cost=0.239273
Epoch #10 cost=0.219014
Epoch #11 cost=0.200740
Epoch #12 cost=0.185587
Epoch #13 cost=0.172717
Epoch #14 cost=0.160176
Epoch #15 cost=0.150049
Epoch #16 cost=0.140046
Epoch #17 cost=0.131275
Epoch #18 cost=0.122926
Epoch #19 cost=0.116213
Nodes keep percentage is :  0.24999999999999933
** Start training **
Epoch #0 cost=1.074719
Epoch #1 cost=0.508132
Epoch #2 cost=0.415500
Epoch #3 cost=0.366442
Epoch #4 cost=0.333456
Epoch #5 cost=0.308830
Epoch #6 cost=0.289851
Epoch #7 cost=0.275027
Epoch #8 cost=0.262703
Epoch #9 cost=0.252202
Epoch #10 cost=0.242823
Epoch #11 cost=0.234697
Epoch #12 cost=0.227555
Epoch #13 cost=0.220774
Epoch #14 cost=0.214831
Epoch #15 cost=0.209519
Epoch #16 cost=0.204748
Epoch #17 cost=0.200537
Epoch #18 cost=0.196797
Epoch #19 cost=0.193199
** Start training **
Epoch #0 cost=1.067489
Epoch #1 cost=0.509915
Epoch #2 cost=0.418038
Epoch #3 cost=0.368156
Epoch #4 cost=0.334831
Epoch #5 cost=0.310229
Epoch #6 cost=0.291093
Epoch #7 cost=0.275689
Epoch #8 cost=0.262910
Epoch #9 cost=0.251352
Epoch #10 cost=0.241056
Epoch #11 cost=0.232499
Epoch #12 cost=0.224834
Epoch #13 cost=0.218269
Epoch #14 cost=0.212125
Epoch #15 cost=0.206716
Epoch #16 cost=0.201601
Epoch #17 cost=0.197039
Epoch #18 cost=0.192630
Epoch #19 cost=0.188479
** Start training **
Epoch #0 cost=1.079383
Epoch #1 cost=0.506697
Epoch #2 cost=0.414803
Epoch #3 cost=0.366362
Epoch #4 cost=0.333782
Epoch #5 cost=0.309697
Epoch #6 cost=0.290993
Epoch #7 cost=0.275874
Epoch #8 cost=0.263289
Epoch #9 cost=0.251992
Epoch #10 cost=0.242116
Epoch #11 cost=0.233327
Epoch #12 cost=0.225677
Epoch #13 cost=0.218607
Epoch #14 cost=0.212226
Epoch #15 cost=0.206940
Epoch #16 cost=0.201872
Epoch #17 cost=0.197534
Epoch #18 cost=0.193656
Epoch #19 cost=0.190106
** Start training **
Epoch #0 cost=0.992818
Epoch #1 cost=0.507641
Epoch #2 cost=0.416574
Epoch #3 cost=0.367869
Epoch #4 cost=0.334796
Epoch #5 cost=0.310075
Epoch #6 cost=0.291363
Epoch #7 cost=0.276373
Epoch #8 cost=0.263997
Epoch #9 cost=0.253378
Epoch #10 cost=0.243915
Epoch #11 cost=0.235240
Epoch #12 cost=0.227631
Epoch #13 cost=0.220903
Epoch #14 cost=0.214667
Epoch #15 cost=0.209108
Epoch #16 cost=0.203761
Epoch #17 cost=0.198987
Epoch #18 cost=0.194657
Epoch #19 cost=0.190482
** Start training **
Epoch #0 cost=1.057684
Epoch #1 cost=0.508667
Epoch #2 cost=0.417865
Epoch #3 cost=0.369152
Epoch #4 cost=0.336207
Epoch #5 cost=0.311950
Epoch #6 cost=0.292774
Epoch #7 cost=0.277692
Epoch #8 cost=0.265536
Epoch #9 cost=0.254611
Epoch #10 cost=0.244761
Epoch #11 cost=0.236803
Epoch #12 cost=0.229833
Epoch #13 cost=0.223454
Epoch #14 cost=0.217587
Epoch #15 cost=0.211984
Epoch #16 cost=0.206827
Epoch #17 cost=0.202026
Epoch #18 cost=0.198049
Epoch #19 cost=0.194287
** Start training **
Epoch #0 cost=1.055525
Epoch #1 cost=0.507916
Epoch #2 cost=0.416072
Epoch #3 cost=0.367453
Epoch #4 cost=0.334851
Epoch #5 cost=0.310181
Epoch #6 cost=0.291367
Epoch #7 cost=0.276351
Epoch #8 cost=0.263812
Epoch #9 cost=0.253109
Epoch #10 cost=0.243436
Epoch #11 cost=0.235194
Epoch #12 cost=0.227892
Epoch #13 cost=0.221049
Epoch #14 cost=0.214902
Epoch #15 cost=0.209286
Epoch #16 cost=0.204440
Epoch #17 cost=0.199975
Epoch #18 cost=0.195640
Epoch #19 cost=0.191831
** Start training **
Epoch #0 cost=1.035583
Epoch #1 cost=0.508657
Epoch #2 cost=0.416857
Epoch #3 cost=0.367220
Epoch #4 cost=0.334575
Epoch #5 cost=0.309997
Epoch #6 cost=0.291020
Epoch #7 cost=0.276100
Epoch #8 cost=0.263745
Epoch #9 cost=0.252947
Epoch #10 cost=0.243646
Epoch #11 cost=0.235360
Epoch #12 cost=0.227759
Epoch #13 cost=0.220885
Epoch #14 cost=0.214825
Epoch #15 cost=0.209383
Epoch #16 cost=0.204305
Epoch #17 cost=0.199698
Epoch #18 cost=0.195595
Epoch #19 cost=0.191878
** Start training **
Epoch #0 cost=1.034256
Epoch #1 cost=0.509918
Epoch #2 cost=0.420106
Epoch #3 cost=0.370514
Epoch #4 cost=0.337561
Epoch #5 cost=0.312539
Epoch #6 cost=0.293428
Epoch #7 cost=0.277610
Epoch #8 cost=0.264426
Epoch #9 cost=0.253509
Epoch #10 cost=0.243637
Epoch #11 cost=0.235077
Epoch #12 cost=0.227591
Epoch #13 cost=0.220676
Epoch #14 cost=0.214352
Epoch #15 cost=0.208665
Epoch #16 cost=0.203589
Epoch #17 cost=0.198606
Epoch #18 cost=0.194098
Epoch #19 cost=0.189945
** Start training **
Epoch #0 cost=1.038256
Epoch #1 cost=0.505837
Epoch #2 cost=0.415584
Epoch #3 cost=0.367378
Epoch #4 cost=0.334671
Epoch #5 cost=0.310516
Epoch #6 cost=0.291665
Epoch #7 cost=0.276204
Epoch #8 cost=0.263296
Epoch #9 cost=0.252165
Epoch #10 cost=0.242144
Epoch #11 cost=0.233532
Epoch #12 cost=0.225848
Epoch #13 cost=0.219155
Epoch #14 cost=0.213458
Epoch #15 cost=0.207822
Epoch #16 cost=0.202617
Epoch #17 cost=0.198151
Epoch #18 cost=0.193973
Epoch #19 cost=0.190174
** Start training **
Epoch #0 cost=1.084000
Epoch #1 cost=0.652107
Epoch #2 cost=0.534407
Epoch #3 cost=0.465587
Epoch #4 cost=0.408845
Epoch #5 cost=0.360749
Epoch #6 cost=0.321540
Epoch #7 cost=0.287228
Epoch #8 cost=0.256016
Epoch #9 cost=0.231296
Epoch #10 cost=0.210170
Epoch #11 cost=0.193299
Epoch #12 cost=0.178547
Epoch #13 cost=0.166376
Epoch #14 cost=0.156156
Epoch #15 cost=0.147131
Epoch #16 cost=0.138943
Epoch #17 cost=0.131800
Epoch #18 cost=0.125088
Epoch #19 cost=0.119119
Nodes keep percentage is :  0.1999999999999993
** Start training **
Epoch #0 cost=1.661950
Epoch #1 cost=0.663913
Epoch #2 cost=0.486652
Epoch #3 cost=0.424067
Epoch #4 cost=0.384019
Epoch #5 cost=0.353280
Epoch #6 cost=0.327854
Epoch #7 cost=0.306934
Epoch #8 cost=0.290133
Epoch #9 cost=0.276312
Epoch #10 cost=0.264967
Epoch #11 cost=0.254636
Epoch #12 cost=0.245778
Epoch #13 cost=0.237892
Epoch #14 cost=0.230854
Epoch #15 cost=0.224718
Epoch #16 cost=0.219071
Epoch #17 cost=0.213863
Epoch #18 cost=0.209177
Epoch #19 cost=0.204898
** Start training **
Epoch #0 cost=1.688998
Epoch #1 cost=0.683747
Epoch #2 cost=0.497007
Epoch #3 cost=0.433929
Epoch #4 cost=0.393836
Epoch #5 cost=0.362271
Epoch #6 cost=0.336120
Epoch #7 cost=0.314396
Epoch #8 cost=0.296759
Epoch #9 cost=0.281952
Epoch #10 cost=0.269269
Epoch #11 cost=0.258162
Epoch #12 cost=0.248700
Epoch #13 cost=0.240434
Epoch #14 cost=0.232928
Epoch #15 cost=0.226621
Epoch #16 cost=0.220468
Epoch #17 cost=0.214829
Epoch #18 cost=0.209607
Epoch #19 cost=0.204861
** Start training **
Epoch #0 cost=1.578794
Epoch #1 cost=0.691112
Epoch #2 cost=0.497242
Epoch #3 cost=0.433923
Epoch #4 cost=0.392620
Epoch #5 cost=0.361652
Epoch #6 cost=0.335817
Epoch #7 cost=0.314173
Epoch #8 cost=0.296227
Epoch #9 cost=0.281086
Epoch #10 cost=0.268371
Epoch #11 cost=0.257122
Epoch #12 cost=0.247736
Epoch #13 cost=0.239562
Epoch #14 cost=0.232581
Epoch #15 cost=0.226053
Epoch #16 cost=0.220266
Epoch #17 cost=0.215270
Epoch #18 cost=0.210480
Epoch #19 cost=0.205659
** Start training **
Epoch #0 cost=1.698043
Epoch #1 cost=0.686020
Epoch #2 cost=0.496874
Epoch #3 cost=0.434144
Epoch #4 cost=0.394547
Epoch #5 cost=0.364191
Epoch #6 cost=0.339409
Epoch #7 cost=0.318287
Epoch #8 cost=0.300489
Epoch #9 cost=0.285202
Epoch #10 cost=0.272145
Epoch #11 cost=0.261181
Epoch #12 cost=0.251867
Epoch #13 cost=0.244133
Epoch #14 cost=0.237002
Epoch #15 cost=0.230757
Epoch #16 cost=0.224869
Epoch #17 cost=0.219266
Epoch #18 cost=0.214287
Epoch #19 cost=0.209752
** Start training **
Epoch #0 cost=1.684515
Epoch #1 cost=0.682564
Epoch #2 cost=0.498001
Epoch #3 cost=0.435982
Epoch #4 cost=0.395944
Epoch #5 cost=0.365281
Epoch #6 cost=0.339930
Epoch #7 cost=0.318340
Epoch #8 cost=0.300639
Epoch #9 cost=0.285527
Epoch #10 cost=0.272575
Epoch #11 cost=0.261476
Epoch #12 cost=0.252206
Epoch #13 cost=0.244457
Epoch #14 cost=0.237554
Epoch #15 cost=0.231168
Epoch #16 cost=0.225407
Epoch #17 cost=0.219956
Epoch #18 cost=0.214939
Epoch #19 cost=0.210257
** Start training **
Epoch #0 cost=1.592369
Epoch #1 cost=0.685050
Epoch #2 cost=0.496141
Epoch #3 cost=0.433256
Epoch #4 cost=0.392945
Epoch #5 cost=0.362091
Epoch #6 cost=0.336860
Epoch #7 cost=0.315526
Epoch #8 cost=0.297441
Epoch #9 cost=0.282432
Epoch #10 cost=0.269597
Epoch #11 cost=0.258618
Epoch #12 cost=0.249154
Epoch #13 cost=0.240817
Epoch #14 cost=0.233676
Epoch #15 cost=0.227199
Epoch #16 cost=0.221801
Epoch #17 cost=0.216725
Epoch #18 cost=0.211797
Epoch #19 cost=0.207311
** Start training **
Epoch #0 cost=1.681892
Epoch #1 cost=0.684464
Epoch #2 cost=0.494963
Epoch #3 cost=0.433669
Epoch #4 cost=0.393339
Epoch #5 cost=0.362766
Epoch #6 cost=0.337624
Epoch #7 cost=0.316929
Epoch #8 cost=0.299724
Epoch #9 cost=0.285009
Epoch #10 cost=0.272356
Epoch #11 cost=0.261436
Epoch #12 cost=0.251959
Epoch #13 cost=0.243455
Epoch #14 cost=0.236058
Epoch #15 cost=0.229547
Epoch #16 cost=0.223313
Epoch #17 cost=0.217407
Epoch #18 cost=0.211996
Epoch #19 cost=0.206876
** Start training **
Epoch #0 cost=1.708063
Epoch #1 cost=0.686744
Epoch #2 cost=0.496444
Epoch #3 cost=0.435700
Epoch #4 cost=0.396238
Epoch #5 cost=0.365357
Epoch #6 cost=0.339695
Epoch #7 cost=0.318905
Epoch #8 cost=0.301009
Epoch #9 cost=0.285660
Epoch #10 cost=0.272456
Epoch #11 cost=0.261398
Epoch #12 cost=0.252155
Epoch #13 cost=0.243509
Epoch #14 cost=0.235993
Epoch #15 cost=0.229036
Epoch #16 cost=0.222808
Epoch #17 cost=0.217113
Epoch #18 cost=0.212152
Epoch #19 cost=0.207110
** Start training **
Epoch #0 cost=1.813979
Epoch #1 cost=0.666285
Epoch #2 cost=0.495026
Epoch #3 cost=0.433545
Epoch #4 cost=0.394627
Epoch #5 cost=0.364785
Epoch #6 cost=0.339199
Epoch #7 cost=0.317928
Epoch #8 cost=0.299841
Epoch #9 cost=0.284688
Epoch #10 cost=0.271542
Epoch #11 cost=0.260251
Epoch #12 cost=0.250473
Epoch #13 cost=0.242063
Epoch #14 cost=0.234662
Epoch #15 cost=0.227832
Epoch #16 cost=0.221495
Epoch #17 cost=0.215887
Epoch #18 cost=0.210971
Epoch #19 cost=0.206167
** Start training **
Epoch #0 cost=1.741894
Epoch #1 cost=0.931832
Epoch #2 cost=0.690137
Epoch #3 cost=0.590969
Epoch #4 cost=0.525509
Epoch #5 cost=0.470722
Epoch #6 cost=0.421263
Epoch #7 cost=0.377850
Epoch #8 cost=0.338585
Epoch #9 cost=0.304869
Epoch #10 cost=0.275472
Epoch #11 cost=0.250143
Epoch #12 cost=0.228253
Epoch #13 cost=0.210411
Epoch #14 cost=0.194884
Epoch #15 cost=0.181112
Epoch #16 cost=0.169435
Epoch #17 cost=0.159828
Epoch #18 cost=0.151033
Epoch #19 cost=0.143146
Nodes keep percentage is :  0.14999999999999925
** Start training **
Epoch #0 cost=2.955192
Epoch #1 cost=1.653945
Epoch #2 cost=0.924562
Epoch #3 cost=0.611264
Epoch #4 cost=0.518665
Epoch #5 cost=0.471095
Epoch #6 cost=0.439072
Epoch #7 cost=0.413866
Epoch #8 cost=0.392251
Epoch #9 cost=0.372581
Epoch #10 cost=0.354330
Epoch #11 cost=0.337832
Epoch #12 cost=0.322825
Epoch #13 cost=0.309401
Epoch #14 cost=0.297396
Epoch #15 cost=0.286437
Epoch #16 cost=0.276512
Epoch #17 cost=0.267777
Epoch #18 cost=0.259849
Epoch #19 cost=0.252687
** Start training **
Epoch #0 cost=2.952364
Epoch #1 cost=1.637957
Epoch #2 cost=0.915922
Epoch #3 cost=0.611562
Epoch #4 cost=0.520218
Epoch #5 cost=0.472212
Epoch #6 cost=0.439590
Epoch #7 cost=0.414768
Epoch #8 cost=0.392933
Epoch #9 cost=0.373364
Epoch #10 cost=0.354927
Epoch #11 cost=0.338538
Epoch #12 cost=0.323880
Epoch #13 cost=0.310564
Epoch #14 cost=0.298207
Epoch #15 cost=0.287131
Epoch #16 cost=0.277115
Epoch #17 cost=0.267881
Epoch #18 cost=0.259955
Epoch #19 cost=0.252635
** Start training **
Epoch #0 cost=2.953152
Epoch #1 cost=1.646089
Epoch #2 cost=0.907221
Epoch #3 cost=0.607594
Epoch #4 cost=0.516597
Epoch #5 cost=0.469189
Epoch #6 cost=0.437453
Epoch #7 cost=0.412193
Epoch #8 cost=0.390529
Epoch #9 cost=0.370948
Epoch #10 cost=0.352608
Epoch #11 cost=0.335924
Epoch #12 cost=0.320972
Epoch #13 cost=0.307975
Epoch #14 cost=0.295886
Epoch #15 cost=0.284790
Epoch #16 cost=0.274901
Epoch #17 cost=0.266019
Epoch #18 cost=0.258227
Epoch #19 cost=0.251174
** Start training **
Epoch #0 cost=2.953360
Epoch #1 cost=1.639191
Epoch #2 cost=0.908585
Epoch #3 cost=0.609445
Epoch #4 cost=0.518165
Epoch #5 cost=0.471459
Epoch #6 cost=0.439962
Epoch #7 cost=0.415284
Epoch #8 cost=0.394154
Epoch #9 cost=0.375099
Epoch #10 cost=0.356697
Epoch #11 cost=0.340246
Epoch #12 cost=0.325346
Epoch #13 cost=0.311605
Epoch #14 cost=0.299642
Epoch #15 cost=0.288805
Epoch #16 cost=0.279266
Epoch #17 cost=0.270828
Epoch #18 cost=0.262705
Epoch #19 cost=0.255539
** Start training **
Epoch #0 cost=2.950644
Epoch #1 cost=1.640942
Epoch #2 cost=0.915871
Epoch #3 cost=0.608873
Epoch #4 cost=0.518128
Epoch #5 cost=0.471343
Epoch #6 cost=0.439228
Epoch #7 cost=0.413768
Epoch #8 cost=0.392505
Epoch #9 cost=0.372970
Epoch #10 cost=0.354981
Epoch #11 cost=0.338755
Epoch #12 cost=0.324196
Epoch #13 cost=0.310983
Epoch #14 cost=0.299483
Epoch #15 cost=0.288611
Epoch #16 cost=0.278476
Epoch #17 cost=0.269646
Epoch #18 cost=0.261530
Epoch #19 cost=0.254456
** Start training **
Epoch #0 cost=2.952478
Epoch #1 cost=1.649555
Epoch #2 cost=0.915989
Epoch #3 cost=0.608148
Epoch #4 cost=0.514965
Epoch #5 cost=0.469064
Epoch #6 cost=0.437482
Epoch #7 cost=0.412890
Epoch #8 cost=0.392017
Epoch #9 cost=0.372870
Epoch #10 cost=0.355309
Epoch #11 cost=0.338882
Epoch #12 cost=0.324001
Epoch #13 cost=0.310775
Epoch #14 cost=0.298584
Epoch #15 cost=0.286982
Epoch #16 cost=0.276894
Epoch #17 cost=0.267981
Epoch #18 cost=0.260511
Epoch #19 cost=0.253546
** Start training **
Epoch #0 cost=2.953859
Epoch #1 cost=1.653870
Epoch #2 cost=0.910938
Epoch #3 cost=0.606030
Epoch #4 cost=0.515341
Epoch #5 cost=0.468729
Epoch #6 cost=0.437181
Epoch #7 cost=0.412118
Epoch #8 cost=0.391089
Epoch #9 cost=0.371981
Epoch #10 cost=0.353928
Epoch #11 cost=0.337554
Epoch #12 cost=0.322970
Epoch #13 cost=0.309811
Epoch #14 cost=0.298116
Epoch #15 cost=0.287676
Epoch #16 cost=0.278212
Epoch #17 cost=0.269404
Epoch #18 cost=0.261579
Epoch #19 cost=0.254656
** Start training **
Epoch #0 cost=2.952747
Epoch #1 cost=1.703657
Epoch #2 cost=0.927442
Epoch #3 cost=0.608716
Epoch #4 cost=0.520198
Epoch #5 cost=0.474545
Epoch #6 cost=0.443042
Epoch #7 cost=0.418102
Epoch #8 cost=0.396762
Epoch #9 cost=0.377304
Epoch #10 cost=0.359021
Epoch #11 cost=0.342236
Epoch #12 cost=0.327081
Epoch #13 cost=0.313642
Epoch #14 cost=0.301260
Epoch #15 cost=0.289789
Epoch #16 cost=0.279019
Epoch #17 cost=0.269537
Epoch #18 cost=0.261129
Epoch #19 cost=0.253849
** Start training **
Epoch #0 cost=2.950521
Epoch #1 cost=1.528977
Epoch #2 cost=0.856884
Epoch #3 cost=0.604282
Epoch #4 cost=0.516436
Epoch #5 cost=0.471048
Epoch #6 cost=0.440279
Epoch #7 cost=0.416104
Epoch #8 cost=0.395027
Epoch #9 cost=0.376023
Epoch #10 cost=0.358055
Epoch #11 cost=0.341986
Epoch #12 cost=0.326673
Epoch #13 cost=0.312949
Epoch #14 cost=0.300377
Epoch #15 cost=0.288954
Epoch #16 cost=0.278377
Epoch #17 cost=0.268995
Epoch #18 cost=0.260332
Epoch #19 cost=0.253063
** Start training **
Epoch #0 cost=2.980757
Epoch #1 cost=1.753165
Epoch #2 cost=1.126685
Epoch #3 cost=0.831477
Epoch #4 cost=0.716508
Epoch #5 cost=0.650343
Epoch #6 cost=0.601865
Epoch #7 cost=0.559659
Epoch #8 cost=0.519593
Epoch #9 cost=0.480980
Epoch #10 cost=0.443980
Epoch #11 cost=0.408404
Epoch #12 cost=0.375783
Epoch #13 cost=0.345778
Epoch #14 cost=0.318183
Epoch #15 cost=0.291908
Epoch #16 cost=0.268974
Epoch #17 cost=0.248146
Epoch #18 cost=0.230366
Epoch #19 cost=0.215154
Nodes keep percentage is :  0.0999999999999992
** Start training **
Epoch #0 cost=3.181844
Epoch #1 cost=2.761857
Epoch #2 cost=1.995036
Epoch #3 cost=1.094573
Epoch #4 cost=0.778338
Epoch #5 cost=0.619263
Epoch #6 cost=0.552274
Epoch #7 cost=0.506488
Epoch #8 cost=0.473753
Epoch #9 cost=0.449670
Epoch #10 cost=0.429346
Epoch #11 cost=0.409260
Epoch #12 cost=0.390243
Epoch #13 cost=0.372676
Epoch #14 cost=0.355374
Epoch #15 cost=0.339527
Epoch #16 cost=0.325100
Epoch #17 cost=0.312302
Epoch #18 cost=0.300381
Epoch #19 cost=0.290224
** Start training **
Epoch #0 cost=3.181353
Epoch #1 cost=2.757864
Epoch #2 cost=1.981865
Epoch #3 cost=1.069312
Epoch #4 cost=0.765859
Epoch #5 cost=0.622102
Epoch #6 cost=0.554655
Epoch #7 cost=0.508228
Epoch #8 cost=0.475360
Epoch #9 cost=0.451005
Epoch #10 cost=0.429355
Epoch #11 cost=0.409043
Epoch #12 cost=0.390096
Epoch #13 cost=0.371771
Epoch #14 cost=0.355100
Epoch #15 cost=0.339827
Epoch #16 cost=0.325364
Epoch #17 cost=0.312659
Epoch #18 cost=0.301820
Epoch #19 cost=0.292025
** Start training **
Epoch #0 cost=3.180867
Epoch #1 cost=2.759182
Epoch #2 cost=2.013883
Epoch #3 cost=1.074093
Epoch #4 cost=0.767269
Epoch #5 cost=0.619190
Epoch #6 cost=0.552981
Epoch #7 cost=0.506720
Epoch #8 cost=0.473392
Epoch #9 cost=0.448772
Epoch #10 cost=0.427430
Epoch #11 cost=0.407839
Epoch #12 cost=0.389454
Epoch #13 cost=0.371854
Epoch #14 cost=0.355179
Epoch #15 cost=0.339319
Epoch #16 cost=0.325379
Epoch #17 cost=0.313462
Epoch #18 cost=0.302803
Epoch #19 cost=0.293020
** Start training **
Epoch #0 cost=3.181154
Epoch #1 cost=2.757045
Epoch #2 cost=1.992276
Epoch #3 cost=1.070394
Epoch #4 cost=0.764484
Epoch #5 cost=0.621021
Epoch #6 cost=0.553009
Epoch #7 cost=0.508326
Epoch #8 cost=0.476807
Epoch #9 cost=0.453184
Epoch #10 cost=0.433546
Epoch #11 cost=0.413817
Epoch #12 cost=0.395224
Epoch #13 cost=0.377603
Epoch #14 cost=0.360508
Epoch #15 cost=0.345109
Epoch #16 cost=0.330515
Epoch #17 cost=0.317537
Epoch #18 cost=0.306009
Epoch #19 cost=0.295527
** Start training **
Epoch #0 cost=3.180996
Epoch #1 cost=2.755231
Epoch #2 cost=2.036685
Epoch #3 cost=1.064883
Epoch #4 cost=0.756018
Epoch #5 cost=0.621509
Epoch #6 cost=0.556832
Epoch #7 cost=0.511927
Epoch #8 cost=0.479001
Epoch #9 cost=0.453877
Epoch #10 cost=0.433306
Epoch #11 cost=0.413953
Epoch #12 cost=0.395033
Epoch #13 cost=0.376833
Epoch #14 cost=0.359550
Epoch #15 cost=0.342983
Epoch #16 cost=0.328771
Epoch #17 cost=0.316143
Epoch #18 cost=0.305162
Epoch #19 cost=0.295634
** Start training **
Epoch #0 cost=3.181417
Epoch #1 cost=2.759986
Epoch #2 cost=2.071459
Epoch #3 cost=1.074101
Epoch #4 cost=0.772321
Epoch #5 cost=0.615883
Epoch #6 cost=0.551234
Epoch #7 cost=0.506596
Epoch #8 cost=0.474402
Epoch #9 cost=0.450161
Epoch #10 cost=0.429861
Epoch #11 cost=0.410290
Epoch #12 cost=0.391740
Epoch #13 cost=0.373311
Epoch #14 cost=0.356479
Epoch #15 cost=0.340899
Epoch #16 cost=0.326170
Epoch #17 cost=0.313665
Epoch #18 cost=0.302024
Epoch #19 cost=0.291569
** Start training **
Epoch #0 cost=3.181223
Epoch #1 cost=2.754510
Epoch #2 cost=2.039074
Epoch #3 cost=1.124281
Epoch #4 cost=0.756704
Epoch #5 cost=0.619435
Epoch #6 cost=0.551461
Epoch #7 cost=0.506087
Epoch #8 cost=0.474434
Epoch #9 cost=0.450064
Epoch #10 cost=0.430077
Epoch #11 cost=0.410069
Epoch #12 cost=0.391314
Epoch #13 cost=0.372817
Epoch #14 cost=0.355870
Epoch #15 cost=0.340881
Epoch #16 cost=0.326850
Epoch #17 cost=0.314460
Epoch #18 cost=0.303475
Epoch #19 cost=0.293459
** Start training **
Epoch #0 cost=3.181050
Epoch #1 cost=2.755700
Epoch #2 cost=1.929463
Epoch #3 cost=1.160883
Epoch #4 cost=0.759380
Epoch #5 cost=0.624971
Epoch #6 cost=0.558723
Epoch #7 cost=0.511734
Epoch #8 cost=0.478318
Epoch #9 cost=0.454370
Epoch #10 cost=0.433309
Epoch #11 cost=0.413316
Epoch #12 cost=0.394712
Epoch #13 cost=0.376776
Epoch #14 cost=0.359871
Epoch #15 cost=0.344307
Epoch #16 cost=0.329423
Epoch #17 cost=0.316185
Epoch #18 cost=0.304626
Epoch #19 cost=0.294896
** Start training **
Epoch #0 cost=3.181038
Epoch #1 cost=2.752919
Epoch #2 cost=2.009673
Epoch #3 cost=1.023063
Epoch #4 cost=0.790680
Epoch #5 cost=0.617531
Epoch #6 cost=0.554075
Epoch #7 cost=0.507340
Epoch #8 cost=0.474039
Epoch #9 cost=0.449470
Epoch #10 cost=0.429838
Epoch #11 cost=0.411083
Epoch #12 cost=0.393290
Epoch #13 cost=0.375604
Epoch #14 cost=0.358570
Epoch #15 cost=0.342938
Epoch #16 cost=0.328643
Epoch #17 cost=0.315430
Epoch #18 cost=0.304117
Epoch #19 cost=0.294156
** Start training **
Epoch #0 cost=3.182340
Epoch #1 cost=2.718527
Epoch #2 cost=1.869078
Epoch #3 cost=1.377590
Epoch #4 cost=1.069282
Epoch #5 cost=0.910909
Epoch #6 cost=0.780535
Epoch #7 cost=0.693488
Epoch #8 cost=0.633016
Epoch #9 cost=0.588511
Epoch #10 cost=0.552650
Epoch #11 cost=0.518487
Epoch #12 cost=0.485476
Epoch #13 cost=0.453691
Epoch #14 cost=0.423686
Epoch #15 cost=0.394491
Epoch #16 cost=0.365487
Epoch #17 cost=0.337767
Epoch #18 cost=0.312382
Epoch #19 cost=0.289385
Nodes keep percentage is :  0.049999999999999156
** Start training **
Epoch #0 cost=3.247860
Epoch #1 cost=3.245198
Epoch #2 cost=3.240912
Epoch #3 cost=3.231819
Epoch #4 cost=3.200436
Epoch #5 cost=2.913832
Epoch #6 cost=2.323420
Epoch #7 cost=2.034911
Epoch #8 cost=1.452868
Epoch #9 cost=1.319298
Epoch #10 cost=0.870759
Epoch #11 cost=0.731248
Epoch #12 cost=0.674089
Epoch #13 cost=0.637536
Epoch #14 cost=0.608613
Epoch #15 cost=0.583187
Epoch #16 cost=0.559331
Epoch #17 cost=0.535146
Epoch #18 cost=0.510744
Epoch #19 cost=0.486878
** Start training **
Epoch #0 cost=3.247854
Epoch #1 cost=3.245179
Epoch #2 cost=3.240859
Epoch #3 cost=3.231671
Epoch #4 cost=3.200232
Epoch #5 cost=2.901501
Epoch #6 cost=2.326248
Epoch #7 cost=1.790788
Epoch #8 cost=1.607871
Epoch #9 cost=1.281203
Epoch #10 cost=0.842886
Epoch #11 cost=0.726522
Epoch #12 cost=0.675156
Epoch #13 cost=0.639666
Epoch #14 cost=0.610732
Epoch #15 cost=0.585479
Epoch #16 cost=0.562794
Epoch #17 cost=0.539723
Epoch #18 cost=0.516753
Epoch #19 cost=0.492675
** Start training **
Epoch #0 cost=3.247849
Epoch #1 cost=3.245170
Epoch #2 cost=3.240879
Epoch #3 cost=3.231621
Epoch #4 cost=3.200436
Epoch #5 cost=2.906750
Epoch #6 cost=2.321559
Epoch #7 cost=1.767714
Epoch #8 cost=1.642616
Epoch #9 cost=1.303732
Epoch #10 cost=0.860483
Epoch #11 cost=0.728554
Epoch #12 cost=0.672350
Epoch #13 cost=0.635472
Epoch #14 cost=0.607126
Epoch #15 cost=0.581970
Epoch #16 cost=0.558579
Epoch #17 cost=0.536009
Epoch #18 cost=0.512839
Epoch #19 cost=0.490196
** Start training **
Epoch #0 cost=3.247846
Epoch #1 cost=3.245164
Epoch #2 cost=3.241208
Epoch #3 cost=3.231829
Epoch #4 cost=3.201354
Epoch #5 cost=2.918022
Epoch #6 cost=2.327355
Epoch #7 cost=1.816930
Epoch #8 cost=1.480989
Epoch #9 cost=1.275193
Epoch #10 cost=0.852276
Epoch #11 cost=0.723432
Epoch #12 cost=0.669839
Epoch #13 cost=0.633938
Epoch #14 cost=0.604412
Epoch #15 cost=0.579922
Epoch #16 cost=0.556963
Epoch #17 cost=0.534094
Epoch #18 cost=0.511438
Epoch #19 cost=0.489544
** Start training **
Epoch #0 cost=3.247841
Epoch #1 cost=3.245150
Epoch #2 cost=3.240800
Epoch #3 cost=3.231544
Epoch #4 cost=3.200281
Epoch #5 cost=2.907089
Epoch #6 cost=2.306642
Epoch #7 cost=2.329741
Epoch #8 cost=1.962027
Epoch #9 cost=1.253526
Epoch #10 cost=0.853437
Epoch #11 cost=0.725029
Epoch #12 cost=0.671644
Epoch #13 cost=0.636445
Epoch #14 cost=0.608351
Epoch #15 cost=0.583137
Epoch #16 cost=0.560365
Epoch #17 cost=0.536247
Epoch #18 cost=0.512924
Epoch #19 cost=0.489459
** Start training **
Epoch #0 cost=3.247852
Epoch #1 cost=3.245178
Epoch #2 cost=3.241242
Epoch #3 cost=3.232808
Epoch #4 cost=3.205374
Epoch #5 cost=2.966840
Epoch #6 cost=2.338381
Epoch #7 cost=2.291473
Epoch #8 cost=1.971960
Epoch #9 cost=1.245910
Epoch #10 cost=0.842063
Epoch #11 cost=0.716015
Epoch #12 cost=0.663492
Epoch #13 cost=0.629515
Epoch #14 cost=0.603115
Epoch #15 cost=0.579346
Epoch #16 cost=0.557592
Epoch #17 cost=0.534021
Epoch #18 cost=0.511389
Epoch #19 cost=0.488364
** Start training **
Epoch #0 cost=3.247852
Epoch #1 cost=3.245175
Epoch #2 cost=3.240846
Epoch #3 cost=3.231595
Epoch #4 cost=3.200129
Epoch #5 cost=2.902875
Epoch #6 cost=2.516094
Epoch #7 cost=2.250710
Epoch #8 cost=1.508938
Epoch #9 cost=1.310654
Epoch #10 cost=0.839385
Epoch #11 cost=0.723760
Epoch #12 cost=0.670538
Epoch #13 cost=0.634903
Epoch #14 cost=0.608209
Epoch #15 cost=0.583784
Epoch #16 cost=0.560854
Epoch #17 cost=0.537569
Epoch #18 cost=0.513361
Epoch #19 cost=0.488660
** Start training **
Epoch #0 cost=3.247848
Epoch #1 cost=3.245165
Epoch #2 cost=3.240830
Epoch #3 cost=3.231598
Epoch #4 cost=3.200361
Epoch #5 cost=2.907279
Epoch #6 cost=2.466021
Epoch #7 cost=2.080440
Epoch #8 cost=1.636841
Epoch #9 cost=1.163948
Epoch #10 cost=0.864136
Epoch #11 cost=0.733436
Epoch #12 cost=0.678672
Epoch #13 cost=0.642165
Epoch #14 cost=0.613258
Epoch #15 cost=0.588738
Epoch #16 cost=0.564952
Epoch #17 cost=0.541994
Epoch #18 cost=0.518364
Epoch #19 cost=0.494679
** Start training **
Epoch #0 cost=3.247809
Epoch #1 cost=3.245122
Epoch #2 cost=3.240754
Epoch #3 cost=3.231446
Epoch #4 cost=3.199495
Epoch #5 cost=2.895575
Epoch #6 cost=2.481287
Epoch #7 cost=2.226562
Epoch #8 cost=1.859386
Epoch #9 cost=1.189575
Epoch #10 cost=0.830813
Epoch #11 cost=0.719131
Epoch #12 cost=0.666141
Epoch #13 cost=0.630943
Epoch #14 cost=0.603173
Epoch #15 cost=0.579497
Epoch #16 cost=0.557127
Epoch #17 cost=0.535091
Epoch #18 cost=0.512284
Epoch #19 cost=0.490109
** Start training **
Epoch #0 cost=3.248180
Epoch #1 cost=3.245579
Epoch #2 cost=3.241331
Epoch #3 cost=3.232260
Epoch #4 cost=3.201833
Epoch #5 cost=2.928516
Epoch #6 cost=2.437571
Epoch #7 cost=1.954261
Epoch #8 cost=1.680622
Epoch #9 cost=1.276446
Epoch #10 cost=1.021758
Epoch #11 cost=0.923624
Epoch #12 cost=0.859159
Epoch #13 cost=0.807459
Epoch #14 cost=0.764882
Epoch #15 cost=0.724396
Epoch #16 cost=0.687588
Epoch #17 cost=0.651297
Epoch #18 cost=0.616759
Epoch #19 cost=0.583257
