Extracting MNIST_data/train-images-idx3-ubyte.gz
Extracting MNIST_data/train-labels-idx1-ubyte.gz
Extracting MNIST_data/t10k-images-idx3-ubyte.gz
Extracting MNIST_data/t10k-labels-idx1-ubyte.gz
Nodes keep percentage is :  1.0
** Start training **
Epoch #0 cost=0.000305
Epoch #1 cost=0.000307
Epoch #2 cost=0.000306
Epoch #3 cost=0.000305
Epoch #4 cost=0.000305
Epoch #5 cost=0.000304
Epoch #6 cost=0.000303
Epoch #7 cost=0.000303
Epoch #8 cost=0.000302
Epoch #9 cost=0.000301
Epoch #10 cost=0.000300
Epoch #11 cost=0.000300
Epoch #12 cost=0.000299
Epoch #13 cost=0.000298
Epoch #14 cost=0.000297
Epoch #15 cost=0.000297
Epoch #16 cost=0.000296
Epoch #17 cost=0.000295
Epoch #18 cost=0.000294
Epoch #19 cost=0.000294
** Start training **
Epoch #0 cost=0.000305
Epoch #1 cost=0.000307
Epoch #2 cost=0.000307
Epoch #3 cost=0.000307
Epoch #4 cost=0.000306
Epoch #5 cost=0.000306
Epoch #6 cost=0.000305
Epoch #7 cost=0.000304
Epoch #8 cost=0.000304
Epoch #9 cost=0.000303
Epoch #10 cost=0.000303
Epoch #11 cost=0.000302
Epoch #12 cost=0.000301
Epoch #13 cost=0.000301
Epoch #14 cost=0.000300
Epoch #15 cost=0.000300
Epoch #16 cost=0.000299
Epoch #17 cost=0.000298
Epoch #18 cost=0.000298
Epoch #19 cost=0.000297
** Start training **
Epoch #0 cost=0.000307
Epoch #1 cost=0.000310
Epoch #2 cost=0.000310
Epoch #3 cost=0.000309
Epoch #4 cost=0.000308
Epoch #5 cost=0.000307
Epoch #6 cost=0.000307
Epoch #7 cost=0.000306
Epoch #8 cost=0.000305
Epoch #9 cost=0.000305
Epoch #10 cost=0.000304
Epoch #11 cost=0.000304
Epoch #12 cost=0.000303
Epoch #13 cost=0.000302
Epoch #14 cost=0.000302
Epoch #15 cost=0.000301
Epoch #16 cost=0.000300
Epoch #17 cost=0.000300
Epoch #18 cost=0.000299
Epoch #19 cost=0.000298
** Start training **
Epoch #0 cost=0.000307
Epoch #1 cost=0.000310
Epoch #2 cost=0.000309
Epoch #3 cost=0.000309
Epoch #4 cost=0.000308
Epoch #5 cost=0.000307
Epoch #6 cost=0.000306
Epoch #7 cost=0.000305
Epoch #8 cost=0.000304
Epoch #9 cost=0.000303
Epoch #10 cost=0.000302
Epoch #11 cost=0.000301
Epoch #12 cost=0.000300
Epoch #13 cost=0.000299
Epoch #14 cost=0.000298
Epoch #15 cost=0.000297
Epoch #16 cost=0.000296
Epoch #17 cost=0.000295
Epoch #18 cost=0.000294
Epoch #19 cost=0.000293
** Start training **
Epoch #0 cost=0.000306
Epoch #1 cost=0.000308
Epoch #2 cost=0.000307
Epoch #3 cost=0.000306
Epoch #4 cost=0.000305
Epoch #5 cost=0.000305
Epoch #6 cost=0.000304
Epoch #7 cost=0.000303
Epoch #8 cost=0.000302
Epoch #9 cost=0.000302
Epoch #10 cost=0.000301
Epoch #11 cost=0.000300
Epoch #12 cost=0.000299
Epoch #13 cost=0.000299
Epoch #14 cost=0.000298
Epoch #15 cost=0.000297
Epoch #16 cost=0.000297
Epoch #17 cost=0.000296
Epoch #18 cost=0.000295
Epoch #19 cost=0.000294
** Start training **
Epoch #0 cost=0.000308
Epoch #1 cost=0.000310
Epoch #2 cost=0.000310
Epoch #3 cost=0.000309
Epoch #4 cost=0.000308
Epoch #5 cost=0.000307
Epoch #6 cost=0.000306
Epoch #7 cost=0.000305
Epoch #8 cost=0.000304
Epoch #9 cost=0.000303
Epoch #10 cost=0.000303
Epoch #11 cost=0.000302
Epoch #12 cost=0.000301
Epoch #13 cost=0.000300
Epoch #14 cost=0.000299
Epoch #15 cost=0.000298
Epoch #16 cost=0.000297
Epoch #17 cost=0.000297
Epoch #18 cost=0.000296
Epoch #19 cost=0.000295
** Start training **
Epoch #0 cost=0.000304
Epoch #1 cost=0.000306
Epoch #2 cost=0.000306
Epoch #3 cost=0.000305
Epoch #4 cost=0.000305
Epoch #5 cost=0.000304
Epoch #6 cost=0.000303
Epoch #7 cost=0.000303
Epoch #8 cost=0.000302
Epoch #9 cost=0.000301
Epoch #10 cost=0.000300
Epoch #11 cost=0.000299
Epoch #12 cost=0.000299
Epoch #13 cost=0.000298
Epoch #14 cost=0.000297
Epoch #15 cost=0.000296
Epoch #16 cost=0.000296
Epoch #17 cost=0.000295
Epoch #18 cost=0.000294
Epoch #19 cost=0.000294
** Start training **
Epoch #0 cost=0.000303
Epoch #1 cost=0.000305
Epoch #2 cost=0.000305
Epoch #3 cost=0.000304
Epoch #4 cost=0.000303
Epoch #5 cost=0.000303
Epoch #6 cost=0.000302
Epoch #7 cost=0.000301
Epoch #8 cost=0.000301
Epoch #9 cost=0.000300
Epoch #10 cost=0.000299
Epoch #11 cost=0.000299
Epoch #12 cost=0.000298
Epoch #13 cost=0.000298
Epoch #14 cost=0.000297
Epoch #15 cost=0.000296
Epoch #16 cost=0.000296
Epoch #17 cost=0.000295
Epoch #18 cost=0.000295
Epoch #19 cost=0.000294
** Start training **
Epoch #0 cost=0.000305
Epoch #1 cost=0.000306
Epoch #2 cost=0.000305
Epoch #3 cost=0.000304
Epoch #4 cost=0.000303
Epoch #5 cost=0.000302
Epoch #6 cost=0.000302
Epoch #7 cost=0.000301
Epoch #8 cost=0.000300
Epoch #9 cost=0.000299
Epoch #10 cost=0.000298
Epoch #11 cost=0.000298
Epoch #12 cost=0.000297
Epoch #13 cost=0.000296
Epoch #14 cost=0.000295
Epoch #15 cost=0.000295
Epoch #16 cost=0.000294
Epoch #17 cost=0.000293
Epoch #18 cost=0.000293
Epoch #19 cost=0.000292
** Start training **
Epoch #0 cost=0.000206
Epoch #1 cost=0.000205
Epoch #2 cost=0.000204
Epoch #3 cost=0.000204
Epoch #4 cost=0.000203
Epoch #5 cost=0.000203
Epoch #6 cost=0.000202
Epoch #7 cost=0.000202
Epoch #8 cost=0.000202
Epoch #9 cost=0.000201
Epoch #10 cost=0.000201
Epoch #11 cost=0.000200
Epoch #12 cost=0.000200
Epoch #13 cost=0.000199
Epoch #14 cost=0.000199
Epoch #15 cost=0.000198
Epoch #16 cost=0.000198
Epoch #17 cost=0.000197
Epoch #18 cost=0.000197
Epoch #19 cost=0.000196
Nodes keep percentage is :  0.95
** Start training **
Epoch #0 cost=0.000515
Epoch #1 cost=0.000483
Epoch #2 cost=0.000465
Epoch #3 cost=0.000453
Epoch #4 cost=0.000444
Epoch #5 cost=0.000436
Epoch #6 cost=0.000430
Epoch #7 cost=0.000425
Epoch #8 cost=0.000421
Epoch #9 cost=0.000417
Epoch #10 cost=0.000413
Epoch #11 cost=0.000410
Epoch #12 cost=0.000407
Epoch #13 cost=0.000405
Epoch #14 cost=0.000402
Epoch #15 cost=0.000400
Epoch #16 cost=0.000398
Epoch #17 cost=0.000396
Epoch #18 cost=0.000394
Epoch #19 cost=0.000392
** Start training **
Epoch #0 cost=0.000515
Epoch #1 cost=0.000482
Epoch #2 cost=0.000464
Epoch #3 cost=0.000451
Epoch #4 cost=0.000443
Epoch #5 cost=0.000436
Epoch #6 cost=0.000430
Epoch #7 cost=0.000426
Epoch #8 cost=0.000422
Epoch #9 cost=0.000419
Epoch #10 cost=0.000416
Epoch #11 cost=0.000413
Epoch #12 cost=0.000411
Epoch #13 cost=0.000408
Epoch #14 cost=0.000406
Epoch #15 cost=0.000405
Epoch #16 cost=0.000402
Epoch #17 cost=0.000401
Epoch #18 cost=0.000399
Epoch #19 cost=0.000397
** Start training **
Epoch #0 cost=0.000518
Epoch #1 cost=0.000486
Epoch #2 cost=0.000467
Epoch #3 cost=0.000455
Epoch #4 cost=0.000447
Epoch #5 cost=0.000440
Epoch #6 cost=0.000435
Epoch #7 cost=0.000430
Epoch #8 cost=0.000426
Epoch #9 cost=0.000423
Epoch #10 cost=0.000420
Epoch #11 cost=0.000417
Epoch #12 cost=0.000414
Epoch #13 cost=0.000412
Epoch #14 cost=0.000409
Epoch #15 cost=0.000407
Epoch #16 cost=0.000405
Epoch #17 cost=0.000403
Epoch #18 cost=0.000402
Epoch #19 cost=0.000400
** Start training **
Epoch #0 cost=0.000517
Epoch #1 cost=0.000483
Epoch #2 cost=0.000464
Epoch #3 cost=0.000451
Epoch #4 cost=0.000441
Epoch #5 cost=0.000433
Epoch #6 cost=0.000427
Epoch #7 cost=0.000421
Epoch #8 cost=0.000417
Epoch #9 cost=0.000412
Epoch #10 cost=0.000409
Epoch #11 cost=0.000406
Epoch #12 cost=0.000402
Epoch #13 cost=0.000400
Epoch #14 cost=0.000397
Epoch #15 cost=0.000395
Epoch #16 cost=0.000392
Epoch #17 cost=0.000390
Epoch #18 cost=0.000388
Epoch #19 cost=0.000386
** Start training **
Epoch #0 cost=0.000514
Epoch #1 cost=0.000481
Epoch #2 cost=0.000463
Epoch #3 cost=0.000450
Epoch #4 cost=0.000441
Epoch #5 cost=0.000434
Epoch #6 cost=0.000427
Epoch #7 cost=0.000423
Epoch #8 cost=0.000419
Epoch #9 cost=0.000415
Epoch #10 cost=0.000412
Epoch #11 cost=0.000409
Epoch #12 cost=0.000407
Epoch #13 cost=0.000404
Epoch #14 cost=0.000402
Epoch #15 cost=0.000400
Epoch #16 cost=0.000398
Epoch #17 cost=0.000397
Epoch #18 cost=0.000395
Epoch #19 cost=0.000393
** Start training **
Epoch #0 cost=0.000519
Epoch #1 cost=0.000486
Epoch #2 cost=0.000466
Epoch #3 cost=0.000454
Epoch #4 cost=0.000444
Epoch #5 cost=0.000437
Epoch #6 cost=0.000431
Epoch #7 cost=0.000426
Epoch #8 cost=0.000422
Epoch #9 cost=0.000418
Epoch #10 cost=0.000414
Epoch #11 cost=0.000411
Epoch #12 cost=0.000408
Epoch #13 cost=0.000405
Epoch #14 cost=0.000402
Epoch #15 cost=0.000400
Epoch #16 cost=0.000398
Epoch #17 cost=0.000396
Epoch #18 cost=0.000394
Epoch #19 cost=0.000392
** Start training **
Epoch #0 cost=0.000509
Epoch #1 cost=0.000478
Epoch #2 cost=0.000461
Epoch #3 cost=0.000448
Epoch #4 cost=0.000440
Epoch #5 cost=0.000433
Epoch #6 cost=0.000428
Epoch #7 cost=0.000423
Epoch #8 cost=0.000419
Epoch #9 cost=0.000416
Epoch #10 cost=0.000412
Epoch #11 cost=0.000410
Epoch #12 cost=0.000407
Epoch #13 cost=0.000405
Epoch #14 cost=0.000403
Epoch #15 cost=0.000400
Epoch #16 cost=0.000398
Epoch #17 cost=0.000396
Epoch #18 cost=0.000394
Epoch #19 cost=0.000393
** Start training **
Epoch #0 cost=0.000510
Epoch #1 cost=0.000478
Epoch #2 cost=0.000460
Epoch #3 cost=0.000448
Epoch #4 cost=0.000439
Epoch #5 cost=0.000433
Epoch #6 cost=0.000428
Epoch #7 cost=0.000423
Epoch #8 cost=0.000420
Epoch #9 cost=0.000416
Epoch #10 cost=0.000413
Epoch #11 cost=0.000410
Epoch #12 cost=0.000408
Epoch #13 cost=0.000406
Epoch #14 cost=0.000403
Epoch #15 cost=0.000401
Epoch #16 cost=0.000400
Epoch #17 cost=0.000398
Epoch #18 cost=0.000396
Epoch #19 cost=0.000394
** Start training **
Epoch #0 cost=0.000514
Epoch #1 cost=0.000479
Epoch #2 cost=0.000459
Epoch #3 cost=0.000447
Epoch #4 cost=0.000437
Epoch #5 cost=0.000430
Epoch #6 cost=0.000424
Epoch #7 cost=0.000419
Epoch #8 cost=0.000415
Epoch #9 cost=0.000411
Epoch #10 cost=0.000408
Epoch #11 cost=0.000405
Epoch #12 cost=0.000402
Epoch #13 cost=0.000400
Epoch #14 cost=0.000398
Epoch #15 cost=0.000396
Epoch #16 cost=0.000394
Epoch #17 cost=0.000392
Epoch #18 cost=0.000390
Epoch #19 cost=0.000389
** Start training **
Epoch #0 cost=0.000274
Epoch #1 cost=0.000267
Epoch #2 cost=0.000264
Epoch #3 cost=0.000263
Epoch #4 cost=0.000262
Epoch #5 cost=0.000262
Epoch #6 cost=0.000261
Epoch #7 cost=0.000261
Epoch #8 cost=0.000260
Epoch #9 cost=0.000260
Epoch #10 cost=0.000259
Epoch #11 cost=0.000259
Epoch #12 cost=0.000258
Epoch #13 cost=0.000258
Epoch #14 cost=0.000257
Epoch #15 cost=0.000257
Epoch #16 cost=0.000256
Epoch #17 cost=0.000256
Epoch #18 cost=0.000256
Epoch #19 cost=0.000255
Nodes keep percentage is :  0.8999999999999999
** Start training **
Epoch #0 cost=0.000610
Epoch #1 cost=0.000567
Epoch #2 cost=0.000546
Epoch #3 cost=0.000536
Epoch #4 cost=0.000531
Epoch #5 cost=0.000528
Epoch #6 cost=0.000527
Epoch #7 cost=0.000526
Epoch #8 cost=0.000525
Epoch #9 cost=0.000525
Epoch #10 cost=0.000525
Epoch #11 cost=0.000524
Epoch #12 cost=0.000524
Epoch #13 cost=0.000523
Epoch #14 cost=0.000522
Epoch #15 cost=0.000522
Epoch #16 cost=0.000521
Epoch #17 cost=0.000520
Epoch #18 cost=0.000519
Epoch #19 cost=0.000518
** Start training **
Epoch #0 cost=0.000619
Epoch #1 cost=0.000577
Epoch #2 cost=0.000557
Epoch #3 cost=0.000548
Epoch #4 cost=0.000543
Epoch #5 cost=0.000540
Epoch #6 cost=0.000539
Epoch #7 cost=0.000538
Epoch #8 cost=0.000538
Epoch #9 cost=0.000538
Epoch #10 cost=0.000537
Epoch #11 cost=0.000536
Epoch #12 cost=0.000535
Epoch #13 cost=0.000535
Epoch #14 cost=0.000534
Epoch #15 cost=0.000533
Epoch #16 cost=0.000532
Epoch #17 cost=0.000530
Epoch #18 cost=0.000529
Epoch #19 cost=0.000527
** Start training **
Epoch #0 cost=0.000616
Epoch #1 cost=0.000575
Epoch #2 cost=0.000556
Epoch #3 cost=0.000547
Epoch #4 cost=0.000542
Epoch #5 cost=0.000539
Epoch #6 cost=0.000538
Epoch #7 cost=0.000537
Epoch #8 cost=0.000537
Epoch #9 cost=0.000536
Epoch #10 cost=0.000536
Epoch #11 cost=0.000535
Epoch #12 cost=0.000534
Epoch #13 cost=0.000533
Epoch #14 cost=0.000532
Epoch #15 cost=0.000531
Epoch #16 cost=0.000530
Epoch #17 cost=0.000529
Epoch #18 cost=0.000528
Epoch #19 cost=0.000527
** Start training **
Epoch #0 cost=0.000617
Epoch #1 cost=0.000575
Epoch #2 cost=0.000557
Epoch #3 cost=0.000547
Epoch #4 cost=0.000542
Epoch #5 cost=0.000539
Epoch #6 cost=0.000537
Epoch #7 cost=0.000536
Epoch #8 cost=0.000535
Epoch #9 cost=0.000534
Epoch #10 cost=0.000533
Epoch #11 cost=0.000531
Epoch #12 cost=0.000530
Epoch #13 cost=0.000528
Epoch #14 cost=0.000527
Epoch #15 cost=0.000525
Epoch #16 cost=0.000524
Epoch #17 cost=0.000522
Epoch #18 cost=0.000520
Epoch #19 cost=0.000519
** Start training **
Epoch #0 cost=0.000622
Epoch #1 cost=0.000580
Epoch #2 cost=0.000560
Epoch #3 cost=0.000550
Epoch #4 cost=0.000544
Epoch #5 cost=0.000542
Epoch #6 cost=0.000540
Epoch #7 cost=0.000539
Epoch #8 cost=0.000539
Epoch #9 cost=0.000538
Epoch #10 cost=0.000537
Epoch #11 cost=0.000536
Epoch #12 cost=0.000535
Epoch #13 cost=0.000535
Epoch #14 cost=0.000534
Epoch #15 cost=0.000533
Epoch #16 cost=0.000531
Epoch #17 cost=0.000530
Epoch #18 cost=0.000529
Epoch #19 cost=0.000527
** Start training **
Epoch #0 cost=0.000614
Epoch #1 cost=0.000571
Epoch #2 cost=0.000552
Epoch #3 cost=0.000542
Epoch #4 cost=0.000537
Epoch #5 cost=0.000535
Epoch #6 cost=0.000533
Epoch #7 cost=0.000532
Epoch #8 cost=0.000531
Epoch #9 cost=0.000531
Epoch #10 cost=0.000530
Epoch #11 cost=0.000529
Epoch #12 cost=0.000529
Epoch #13 cost=0.000527
Epoch #14 cost=0.000526
Epoch #15 cost=0.000526
Epoch #16 cost=0.000524
Epoch #17 cost=0.000523
Epoch #18 cost=0.000522
Epoch #19 cost=0.000521
** Start training **
Epoch #0 cost=0.000638
Epoch #1 cost=0.000593
Epoch #2 cost=0.000568
Epoch #3 cost=0.000554
Epoch #4 cost=0.000546
Epoch #5 cost=0.000541
Epoch #6 cost=0.000538
Epoch #7 cost=0.000535
Epoch #8 cost=0.000533
Epoch #9 cost=0.000531
Epoch #10 cost=0.000530
Epoch #11 cost=0.000528
Epoch #12 cost=0.000527
Epoch #13 cost=0.000525
Epoch #14 cost=0.000523
Epoch #15 cost=0.000522
Epoch #16 cost=0.000520
Epoch #17 cost=0.000519
Epoch #18 cost=0.000517
Epoch #19 cost=0.000515
** Start training **
Epoch #0 cost=0.000616
Epoch #1 cost=0.000573
Epoch #2 cost=0.000554
Epoch #3 cost=0.000544
Epoch #4 cost=0.000539
Epoch #5 cost=0.000537
Epoch #6 cost=0.000536
Epoch #7 cost=0.000535
Epoch #8 cost=0.000535
Epoch #9 cost=0.000534
Epoch #10 cost=0.000534
Epoch #11 cost=0.000534
Epoch #12 cost=0.000533
Epoch #13 cost=0.000532
Epoch #14 cost=0.000531
Epoch #15 cost=0.000530
Epoch #16 cost=0.000529
Epoch #17 cost=0.000528
Epoch #18 cost=0.000526
Epoch #19 cost=0.000525
** Start training **
Epoch #0 cost=0.000617
Epoch #1 cost=0.000574
Epoch #2 cost=0.000553
Epoch #3 cost=0.000542
Epoch #4 cost=0.000535
Epoch #5 cost=0.000532
Epoch #6 cost=0.000530
Epoch #7 cost=0.000528
Epoch #8 cost=0.000527
Epoch #9 cost=0.000526
Epoch #10 cost=0.000525
Epoch #11 cost=0.000525
Epoch #12 cost=0.000524
Epoch #13 cost=0.000523
Epoch #14 cost=0.000522
Epoch #15 cost=0.000521
Epoch #16 cost=0.000520
Epoch #17 cost=0.000518
Epoch #18 cost=0.000517
Epoch #19 cost=0.000516
** Start training **
Epoch #0 cost=0.000590
Epoch #1 cost=0.000521
Epoch #2 cost=0.000490
Epoch #3 cost=0.000472
Epoch #4 cost=0.000461
Epoch #5 cost=0.000452
Epoch #6 cost=0.000445
Epoch #7 cost=0.000440
Epoch #8 cost=0.000436
Epoch #9 cost=0.000432
Epoch #10 cost=0.000428
Epoch #11 cost=0.000425
Epoch #12 cost=0.000422
Epoch #13 cost=0.000419
Epoch #14 cost=0.000416
Epoch #15 cost=0.000414
Epoch #16 cost=0.000411
Epoch #17 cost=0.000409
Epoch #18 cost=0.000406
Epoch #19 cost=0.000404
Nodes keep percentage is :  0.8499999999999999
** Start training **
Epoch #0 cost=0.001274
Epoch #1 cost=0.001110
Epoch #2 cost=0.001027
Epoch #3 cost=0.000974
Epoch #4 cost=0.000937
Epoch #5 cost=0.000911
Epoch #6 cost=0.000889
Epoch #7 cost=0.000872
Epoch #8 cost=0.000857
Epoch #9 cost=0.000845
Epoch #10 cost=0.000834
Epoch #11 cost=0.000824
Epoch #12 cost=0.000815
Epoch #13 cost=0.000808
Epoch #14 cost=0.000800
Epoch #15 cost=0.000793
Epoch #16 cost=0.000787
Epoch #17 cost=0.000780
Epoch #18 cost=0.000774
Epoch #19 cost=0.000769
** Start training **
Epoch #0 cost=0.001281
Epoch #1 cost=0.001120
Epoch #2 cost=0.001037
Epoch #3 cost=0.000984
Epoch #4 cost=0.000948
Epoch #5 cost=0.000920
Epoch #6 cost=0.000898
Epoch #7 cost=0.000880
Epoch #8 cost=0.000864
Epoch #9 cost=0.000850
Epoch #10 cost=0.000839
Epoch #11 cost=0.000829
Epoch #12 cost=0.000820
Epoch #13 cost=0.000813
Epoch #14 cost=0.000805
Epoch #15 cost=0.000798
Epoch #16 cost=0.000792
Epoch #17 cost=0.000786
Epoch #18 cost=0.000781
Epoch #19 cost=0.000776
** Start training **
Epoch #0 cost=0.001279
Epoch #1 cost=0.001118
Epoch #2 cost=0.001035
Epoch #3 cost=0.000982
Epoch #4 cost=0.000948
Epoch #5 cost=0.000920
Epoch #6 cost=0.000898
Epoch #7 cost=0.000881
Epoch #8 cost=0.000866
Epoch #9 cost=0.000853
Epoch #10 cost=0.000842
Epoch #11 cost=0.000831
Epoch #12 cost=0.000823
Epoch #13 cost=0.000815
Epoch #14 cost=0.000807
Epoch #15 cost=0.000800
Epoch #16 cost=0.000794
Epoch #17 cost=0.000787
Epoch #18 cost=0.000781
Epoch #19 cost=0.000776
** Start training **
Epoch #0 cost=0.001280
Epoch #1 cost=0.001118
Epoch #2 cost=0.001035
Epoch #3 cost=0.000980
Epoch #4 cost=0.000941
Epoch #5 cost=0.000911
Epoch #6 cost=0.000887
Epoch #7 cost=0.000868
Epoch #8 cost=0.000851
Epoch #9 cost=0.000836
Epoch #10 cost=0.000823
Epoch #11 cost=0.000812
Epoch #12 cost=0.000801
Epoch #13 cost=0.000792
Epoch #14 cost=0.000784
Epoch #15 cost=0.000776
Epoch #16 cost=0.000769
Epoch #17 cost=0.000762
Epoch #18 cost=0.000756
Epoch #19 cost=0.000749
** Start training **
Epoch #0 cost=0.001277
Epoch #1 cost=0.001118
Epoch #2 cost=0.001035
Epoch #3 cost=0.000983
Epoch #4 cost=0.000944
Epoch #5 cost=0.000916
Epoch #6 cost=0.000894
Epoch #7 cost=0.000876
Epoch #8 cost=0.000861
Epoch #9 cost=0.000847
Epoch #10 cost=0.000835
Epoch #11 cost=0.000825
Epoch #12 cost=0.000816
Epoch #13 cost=0.000808
Epoch #14 cost=0.000800
Epoch #15 cost=0.000793
Epoch #16 cost=0.000786
Epoch #17 cost=0.000780
Epoch #18 cost=0.000773
Epoch #19 cost=0.000768
** Start training **
Epoch #0 cost=0.001277
Epoch #1 cost=0.001114
Epoch #2 cost=0.001030
Epoch #3 cost=0.000976
Epoch #4 cost=0.000939
Epoch #5 cost=0.000910
Epoch #6 cost=0.000886
Epoch #7 cost=0.000867
Epoch #8 cost=0.000851
Epoch #9 cost=0.000837
Epoch #10 cost=0.000825
Epoch #11 cost=0.000815
Epoch #12 cost=0.000806
Epoch #13 cost=0.000797
Epoch #14 cost=0.000789
Epoch #15 cost=0.000783
Epoch #16 cost=0.000776
Epoch #17 cost=0.000770
Epoch #18 cost=0.000764
Epoch #19 cost=0.000758
** Start training **
Epoch #0 cost=0.001268
Epoch #1 cost=0.001109
Epoch #2 cost=0.001028
Epoch #3 cost=0.000974
Epoch #4 cost=0.000937
Epoch #5 cost=0.000910
Epoch #6 cost=0.000887
Epoch #7 cost=0.000868
Epoch #8 cost=0.000852
Epoch #9 cost=0.000839
Epoch #10 cost=0.000827
Epoch #11 cost=0.000817
Epoch #12 cost=0.000807
Epoch #13 cost=0.000798
Epoch #14 cost=0.000790
Epoch #15 cost=0.000783
Epoch #16 cost=0.000776
Epoch #17 cost=0.000769
Epoch #18 cost=0.000763
Epoch #19 cost=0.000758
** Start training **
Epoch #0 cost=0.001269
Epoch #1 cost=0.001102
Epoch #2 cost=0.001019
Epoch #3 cost=0.000966
Epoch #4 cost=0.000930
Epoch #5 cost=0.000903
Epoch #6 cost=0.000881
Epoch #7 cost=0.000863
Epoch #8 cost=0.000849
Epoch #9 cost=0.000836
Epoch #10 cost=0.000825
Epoch #11 cost=0.000815
Epoch #12 cost=0.000806
Epoch #13 cost=0.000798
Epoch #14 cost=0.000791
Epoch #15 cost=0.000784
Epoch #16 cost=0.000778
Epoch #17 cost=0.000771
Epoch #18 cost=0.000766
Epoch #19 cost=0.000761
** Start training **
Epoch #0 cost=0.001301
Epoch #1 cost=0.001132
Epoch #2 cost=0.001046
Epoch #3 cost=0.000992
Epoch #4 cost=0.000953
Epoch #5 cost=0.000924
Epoch #6 cost=0.000902
Epoch #7 cost=0.000883
Epoch #8 cost=0.000867
Epoch #9 cost=0.000853
Epoch #10 cost=0.000841
Epoch #11 cost=0.000830
Epoch #12 cost=0.000821
Epoch #13 cost=0.000813
Epoch #14 cost=0.000804
Epoch #15 cost=0.000797
Epoch #16 cost=0.000790
Epoch #17 cost=0.000784
Epoch #18 cost=0.000778
Epoch #19 cost=0.000773
** Start training **
Epoch #0 cost=0.000835
Epoch #1 cost=0.000734
Epoch #2 cost=0.000688
Epoch #3 cost=0.000663
Epoch #4 cost=0.000646
Epoch #5 cost=0.000634
Epoch #6 cost=0.000625
Epoch #7 cost=0.000617
Epoch #8 cost=0.000610
Epoch #9 cost=0.000604
Epoch #10 cost=0.000599
Epoch #11 cost=0.000594
Epoch #12 cost=0.000589
Epoch #13 cost=0.000584
Epoch #14 cost=0.000580
Epoch #15 cost=0.000576
Epoch #16 cost=0.000572
Epoch #17 cost=0.000568
Epoch #18 cost=0.000564
Epoch #19 cost=0.000561
Nodes keep percentage is :  0.7999999999999998
** Start training **
Epoch #0 cost=0.001166
Epoch #1 cost=0.001222
Epoch #2 cost=0.001249
Epoch #3 cost=0.001259
Epoch #4 cost=0.001259
Epoch #5 cost=0.001253
Epoch #6 cost=0.001246
Epoch #7 cost=0.001235
Epoch #8 cost=0.001225
Epoch #9 cost=0.001212
Epoch #10 cost=0.001200
Epoch #11 cost=0.001189
Epoch #12 cost=0.001176
Epoch #13 cost=0.001166
Epoch #14 cost=0.001154
Epoch #15 cost=0.001142
Epoch #16 cost=0.001132
Epoch #17 cost=0.001120
Epoch #18 cost=0.001109
Epoch #19 cost=0.001099
** Start training **
Epoch #0 cost=0.001171
Epoch #1 cost=0.001217
Epoch #2 cost=0.001241
Epoch #3 cost=0.001248
Epoch #4 cost=0.001248
Epoch #5 cost=0.001243
Epoch #6 cost=0.001235
Epoch #7 cost=0.001226
Epoch #8 cost=0.001217
Epoch #9 cost=0.001208
Epoch #10 cost=0.001198
Epoch #11 cost=0.001187
Epoch #12 cost=0.001178
Epoch #13 cost=0.001167
Epoch #14 cost=0.001158
Epoch #15 cost=0.001148
Epoch #16 cost=0.001138
Epoch #17 cost=0.001128
Epoch #18 cost=0.001119
Epoch #19 cost=0.001110
** Start training **
Epoch #0 cost=0.001177
Epoch #1 cost=0.001230
Epoch #2 cost=0.001257
Epoch #3 cost=0.001265
Epoch #4 cost=0.001265
Epoch #5 cost=0.001259
Epoch #6 cost=0.001252
Epoch #7 cost=0.001242
Epoch #8 cost=0.001232
Epoch #9 cost=0.001220
Epoch #10 cost=0.001209
Epoch #11 cost=0.001197
Epoch #12 cost=0.001185
Epoch #13 cost=0.001174
Epoch #14 cost=0.001163
Epoch #15 cost=0.001153
Epoch #16 cost=0.001143
Epoch #17 cost=0.001133
Epoch #18 cost=0.001124
Epoch #19 cost=0.001114
** Start training **
Epoch #0 cost=0.001169
Epoch #1 cost=0.001218
Epoch #2 cost=0.001240
Epoch #3 cost=0.001246
Epoch #4 cost=0.001242
Epoch #5 cost=0.001233
Epoch #6 cost=0.001221
Epoch #7 cost=0.001208
Epoch #8 cost=0.001195
Epoch #9 cost=0.001183
Epoch #10 cost=0.001170
Epoch #11 cost=0.001158
Epoch #12 cost=0.001146
Epoch #13 cost=0.001134
Epoch #14 cost=0.001122
Epoch #15 cost=0.001110
Epoch #16 cost=0.001099
Epoch #17 cost=0.001087
Epoch #18 cost=0.001078
Epoch #19 cost=0.001067
** Start training **
Epoch #0 cost=0.001170
Epoch #1 cost=0.001219
Epoch #2 cost=0.001242
Epoch #3 cost=0.001250
Epoch #4 cost=0.001250
Epoch #5 cost=0.001244
Epoch #6 cost=0.001236
Epoch #7 cost=0.001227
Epoch #8 cost=0.001216
Epoch #9 cost=0.001205
Epoch #10 cost=0.001194
Epoch #11 cost=0.001183
Epoch #12 cost=0.001172
Epoch #13 cost=0.001161
Epoch #14 cost=0.001152
Epoch #15 cost=0.001142
Epoch #16 cost=0.001133
Epoch #17 cost=0.001123
Epoch #18 cost=0.001113
Epoch #19 cost=0.001103
** Start training **
Epoch #0 cost=0.001173
Epoch #1 cost=0.001225
Epoch #2 cost=0.001251
Epoch #3 cost=0.001259
Epoch #4 cost=0.001258
Epoch #5 cost=0.001250
Epoch #6 cost=0.001241
Epoch #7 cost=0.001229
Epoch #8 cost=0.001218
Epoch #9 cost=0.001204
Epoch #10 cost=0.001193
Epoch #11 cost=0.001181
Epoch #12 cost=0.001170
Epoch #13 cost=0.001159
Epoch #14 cost=0.001149
Epoch #15 cost=0.001139
Epoch #16 cost=0.001128
Epoch #17 cost=0.001119
Epoch #18 cost=0.001110
Epoch #19 cost=0.001100
** Start training **
Epoch #0 cost=0.001161
Epoch #1 cost=0.001207
Epoch #2 cost=0.001229
Epoch #3 cost=0.001235
Epoch #4 cost=0.001234
Epoch #5 cost=0.001227
Epoch #6 cost=0.001218
Epoch #7 cost=0.001207
Epoch #8 cost=0.001196
Epoch #9 cost=0.001184
Epoch #10 cost=0.001173
Epoch #11 cost=0.001163
Epoch #12 cost=0.001151
Epoch #13 cost=0.001140
Epoch #14 cost=0.001130
Epoch #15 cost=0.001119
Epoch #16 cost=0.001110
Epoch #17 cost=0.001099
Epoch #18 cost=0.001090
Epoch #19 cost=0.001080
** Start training **
Epoch #0 cost=0.001170
Epoch #1 cost=0.001222
Epoch #2 cost=0.001248
Epoch #3 cost=0.001256
Epoch #4 cost=0.001255
Epoch #5 cost=0.001249
Epoch #6 cost=0.001241
Epoch #7 cost=0.001230
Epoch #8 cost=0.001218
Epoch #9 cost=0.001208
Epoch #10 cost=0.001197
Epoch #11 cost=0.001186
Epoch #12 cost=0.001176
Epoch #13 cost=0.001164
Epoch #14 cost=0.001155
Epoch #15 cost=0.001144
Epoch #16 cost=0.001134
Epoch #17 cost=0.001124
Epoch #18 cost=0.001113
Epoch #19 cost=0.001103
** Start training **
Epoch #0 cost=0.001163
Epoch #1 cost=0.001214
Epoch #2 cost=0.001237
Epoch #3 cost=0.001244
Epoch #4 cost=0.001241
Epoch #5 cost=0.001233
Epoch #6 cost=0.001224
Epoch #7 cost=0.001213
Epoch #8 cost=0.001201
Epoch #9 cost=0.001190
Epoch #10 cost=0.001179
Epoch #11 cost=0.001168
Epoch #12 cost=0.001157
Epoch #13 cost=0.001147
Epoch #14 cost=0.001136
Epoch #15 cost=0.001126
Epoch #16 cost=0.001116
Epoch #17 cost=0.001105
Epoch #18 cost=0.001096
Epoch #19 cost=0.001087
** Start training **
Epoch #0 cost=0.000897
Epoch #1 cost=0.000868
Epoch #2 cost=0.000848
Epoch #3 cost=0.000831
Epoch #4 cost=0.000815
Epoch #5 cost=0.000801
Epoch #6 cost=0.000789
Epoch #7 cost=0.000777
Epoch #8 cost=0.000766
Epoch #9 cost=0.000757
Epoch #10 cost=0.000748
Epoch #11 cost=0.000740
Epoch #12 cost=0.000733
Epoch #13 cost=0.000726
Epoch #14 cost=0.000719
Epoch #15 cost=0.000713
Epoch #16 cost=0.000707
Epoch #17 cost=0.000702
Epoch #18 cost=0.000696
Epoch #19 cost=0.000691
Nodes keep percentage is :  0.7499999999999998
** Start training **
Epoch #0 cost=0.002317
Epoch #1 cost=0.002186
Epoch #2 cost=0.002102
Epoch #3 cost=0.002038
Epoch #4 cost=0.001982
Epoch #5 cost=0.001935
Epoch #6 cost=0.001893
Epoch #7 cost=0.001856
Epoch #8 cost=0.001825
Epoch #9 cost=0.001795
Epoch #10 cost=0.001768
Epoch #11 cost=0.001743
Epoch #12 cost=0.001719
Epoch #13 cost=0.001697
Epoch #14 cost=0.001676
Epoch #15 cost=0.001658
Epoch #16 cost=0.001638
Epoch #17 cost=0.001621
Epoch #18 cost=0.001603
Epoch #19 cost=0.001585
** Start training **
Epoch #0 cost=0.002268
Epoch #1 cost=0.002173
Epoch #2 cost=0.002096
Epoch #3 cost=0.002033
Epoch #4 cost=0.001981
Epoch #5 cost=0.001937
Epoch #6 cost=0.001899
Epoch #7 cost=0.001864
Epoch #8 cost=0.001833
Epoch #9 cost=0.001806
Epoch #10 cost=0.001781
Epoch #11 cost=0.001757
Epoch #12 cost=0.001734
Epoch #13 cost=0.001712
Epoch #14 cost=0.001690
Epoch #15 cost=0.001671
Epoch #16 cost=0.001653
Epoch #17 cost=0.001634
Epoch #18 cost=0.001616
Epoch #19 cost=0.001599
** Start training **
Epoch #0 cost=0.002298
Epoch #1 cost=0.002190
Epoch #2 cost=0.002111
Epoch #3 cost=0.002043
Epoch #4 cost=0.001988
Epoch #5 cost=0.001942
Epoch #6 cost=0.001904
Epoch #7 cost=0.001869
Epoch #8 cost=0.001837
Epoch #9 cost=0.001809
Epoch #10 cost=0.001782
Epoch #11 cost=0.001759
Epoch #12 cost=0.001734
Epoch #13 cost=0.001712
Epoch #14 cost=0.001690
Epoch #15 cost=0.001670
Epoch #16 cost=0.001649
Epoch #17 cost=0.001632
Epoch #18 cost=0.001614
Epoch #19 cost=0.001597
** Start training **
Epoch #0 cost=0.002269
Epoch #1 cost=0.002152
Epoch #2 cost=0.002063
Epoch #3 cost=0.001992
Epoch #4 cost=0.001932
Epoch #5 cost=0.001882
Epoch #6 cost=0.001839
Epoch #7 cost=0.001802
Epoch #8 cost=0.001769
Epoch #9 cost=0.001739
Epoch #10 cost=0.001712
Epoch #11 cost=0.001686
Epoch #12 cost=0.001662
Epoch #13 cost=0.001640
Epoch #14 cost=0.001618
Epoch #15 cost=0.001599
Epoch #16 cost=0.001579
Epoch #17 cost=0.001561
Epoch #18 cost=0.001543
Epoch #19 cost=0.001526
** Start training **
Epoch #0 cost=0.002262
Epoch #1 cost=0.002160
Epoch #2 cost=0.002081
Epoch #3 cost=0.002018
Epoch #4 cost=0.001964
Epoch #5 cost=0.001920
Epoch #6 cost=0.001880
Epoch #7 cost=0.001845
Epoch #8 cost=0.001814
Epoch #9 cost=0.001786
Epoch #10 cost=0.001759
Epoch #11 cost=0.001734
Epoch #12 cost=0.001712
Epoch #13 cost=0.001691
Epoch #14 cost=0.001671
Epoch #15 cost=0.001651
Epoch #16 cost=0.001633
Epoch #17 cost=0.001615
Epoch #18 cost=0.001598
Epoch #19 cost=0.001581
** Start training **
Epoch #0 cost=0.002264
Epoch #1 cost=0.002146
Epoch #2 cost=0.002061
Epoch #3 cost=0.001994
Epoch #4 cost=0.001939
Epoch #5 cost=0.001895
Epoch #6 cost=0.001857
Epoch #7 cost=0.001824
Epoch #8 cost=0.001794
Epoch #9 cost=0.001768
Epoch #10 cost=0.001743
Epoch #11 cost=0.001720
Epoch #12 cost=0.001698
Epoch #13 cost=0.001677
Epoch #14 cost=0.001657
Epoch #15 cost=0.001639
Epoch #16 cost=0.001620
Epoch #17 cost=0.001603
Epoch #18 cost=0.001585
Epoch #19 cost=0.001569
** Start training **
Epoch #0 cost=0.002248
Epoch #1 cost=0.002124
Epoch #2 cost=0.002039
Epoch #3 cost=0.001973
Epoch #4 cost=0.001918
Epoch #5 cost=0.001872
Epoch #6 cost=0.001832
Epoch #7 cost=0.001798
Epoch #8 cost=0.001764
Epoch #9 cost=0.001734
Epoch #10 cost=0.001708
Epoch #11 cost=0.001684
Epoch #12 cost=0.001662
Epoch #13 cost=0.001640
Epoch #14 cost=0.001621
Epoch #15 cost=0.001600
Epoch #16 cost=0.001581
Epoch #17 cost=0.001564
Epoch #18 cost=0.001546
Epoch #19 cost=0.001530
** Start training **
Epoch #0 cost=0.002273
Epoch #1 cost=0.002164
Epoch #2 cost=0.002085
Epoch #3 cost=0.002021
Epoch #4 cost=0.001968
Epoch #5 cost=0.001923
Epoch #6 cost=0.001885
Epoch #7 cost=0.001851
Epoch #8 cost=0.001820
Epoch #9 cost=0.001793
Epoch #10 cost=0.001767
Epoch #11 cost=0.001743
Epoch #12 cost=0.001720
Epoch #13 cost=0.001700
Epoch #14 cost=0.001678
Epoch #15 cost=0.001659
Epoch #16 cost=0.001639
Epoch #17 cost=0.001622
Epoch #18 cost=0.001604
Epoch #19 cost=0.001586
** Start training **
Epoch #0 cost=0.002283
Epoch #1 cost=0.002164
Epoch #2 cost=0.002081
Epoch #3 cost=0.002015
Epoch #4 cost=0.001961
Epoch #5 cost=0.001916
Epoch #6 cost=0.001878
Epoch #7 cost=0.001844
Epoch #8 cost=0.001814
Epoch #9 cost=0.001784
Epoch #10 cost=0.001759
Epoch #11 cost=0.001734
Epoch #12 cost=0.001711
Epoch #13 cost=0.001691
Epoch #14 cost=0.001671
Epoch #15 cost=0.001652
Epoch #16 cost=0.001632
Epoch #17 cost=0.001614
Epoch #18 cost=0.001597
Epoch #19 cost=0.001579
** Start training **
Epoch #0 cost=0.001312
Epoch #1 cost=0.001255
Epoch #2 cost=0.001214
Epoch #3 cost=0.001184
Epoch #4 cost=0.001159
Epoch #5 cost=0.001139
Epoch #6 cost=0.001120
Epoch #7 cost=0.001102
Epoch #8 cost=0.001086
Epoch #9 cost=0.001072
Epoch #10 cost=0.001057
Epoch #11 cost=0.001043
Epoch #12 cost=0.001030
Epoch #13 cost=0.001018
Epoch #14 cost=0.001007
Epoch #15 cost=0.000995
Epoch #16 cost=0.000984
Epoch #17 cost=0.000974
Epoch #18 cost=0.000964
Epoch #19 cost=0.000954
Nodes keep percentage is :  0.6999999999999997
** Start training **
Epoch #0 cost=0.002786
Epoch #1 cost=0.002569
Epoch #2 cost=0.002432
Epoch #3 cost=0.002338
Epoch #4 cost=0.002269
Epoch #5 cost=0.002215
Epoch #6 cost=0.002171
Epoch #7 cost=0.002133
Epoch #8 cost=0.002097
Epoch #9 cost=0.002068
Epoch #10 cost=0.002040
Epoch #11 cost=0.002013
Epoch #12 cost=0.001990
Epoch #13 cost=0.001967
Epoch #14 cost=0.001948
Epoch #15 cost=0.001925
Epoch #16 cost=0.001905
Epoch #17 cost=0.001884
Epoch #18 cost=0.001864
Epoch #19 cost=0.001846
** Start training **
Epoch #0 cost=0.002695
Epoch #1 cost=0.002516
Epoch #2 cost=0.002408
Epoch #3 cost=0.002332
Epoch #4 cost=0.002274
Epoch #5 cost=0.002229
Epoch #6 cost=0.002192
Epoch #7 cost=0.002160
Epoch #8 cost=0.002130
Epoch #9 cost=0.002105
Epoch #10 cost=0.002081
Epoch #11 cost=0.002055
Epoch #12 cost=0.002032
Epoch #13 cost=0.002009
Epoch #14 cost=0.001985
Epoch #15 cost=0.001962
Epoch #16 cost=0.001942
Epoch #17 cost=0.001922
Epoch #18 cost=0.001902
Epoch #19 cost=0.001884
** Start training **
Epoch #0 cost=0.002678
Epoch #1 cost=0.002508
Epoch #2 cost=0.002407
Epoch #3 cost=0.002333
Epoch #4 cost=0.002280
Epoch #5 cost=0.002237
Epoch #6 cost=0.002201
Epoch #7 cost=0.002171
Epoch #8 cost=0.002141
Epoch #9 cost=0.002115
Epoch #10 cost=0.002088
Epoch #11 cost=0.002062
Epoch #12 cost=0.002039
Epoch #13 cost=0.002015
Epoch #14 cost=0.001991
Epoch #15 cost=0.001969
Epoch #16 cost=0.001947
Epoch #17 cost=0.001926
Epoch #18 cost=0.001906
Epoch #19 cost=0.001885
** Start training **
Epoch #0 cost=0.002701
Epoch #1 cost=0.002512
Epoch #2 cost=0.002392
Epoch #3 cost=0.002306
Epoch #4 cost=0.002237
Epoch #5 cost=0.002180
Epoch #6 cost=0.002133
Epoch #7 cost=0.002092
Epoch #8 cost=0.002057
Epoch #9 cost=0.002024
Epoch #10 cost=0.001994
Epoch #11 cost=0.001967
Epoch #12 cost=0.001939
Epoch #13 cost=0.001914
Epoch #14 cost=0.001889
Epoch #15 cost=0.001867
Epoch #16 cost=0.001843
Epoch #17 cost=0.001822
Epoch #18 cost=0.001800
Epoch #19 cost=0.001779
** Start training **
Epoch #0 cost=0.002701
Epoch #1 cost=0.002524
Epoch #2 cost=0.002413
Epoch #3 cost=0.002331
Epoch #4 cost=0.002268
Epoch #5 cost=0.002218
Epoch #6 cost=0.002176
Epoch #7 cost=0.002141
Epoch #8 cost=0.002110
Epoch #9 cost=0.002080
Epoch #10 cost=0.002052
Epoch #11 cost=0.002025
Epoch #12 cost=0.002000
Epoch #13 cost=0.001975
Epoch #14 cost=0.001952
Epoch #15 cost=0.001928
Epoch #16 cost=0.001908
Epoch #17 cost=0.001886
Epoch #18 cost=0.001867
Epoch #19 cost=0.001848
** Start training **
Epoch #0 cost=0.002699
Epoch #1 cost=0.002520
Epoch #2 cost=0.002405
Epoch #3 cost=0.002322
Epoch #4 cost=0.002258
Epoch #5 cost=0.002208
Epoch #6 cost=0.002166
Epoch #7 cost=0.002130
Epoch #8 cost=0.002098
Epoch #9 cost=0.002070
Epoch #10 cost=0.002042
Epoch #11 cost=0.002018
Epoch #12 cost=0.001992
Epoch #13 cost=0.001970
Epoch #14 cost=0.001946
Epoch #15 cost=0.001924
Epoch #16 cost=0.001903
Epoch #17 cost=0.001881
Epoch #18 cost=0.001863
Epoch #19 cost=0.001842
** Start training **
Epoch #0 cost=0.002675
Epoch #1 cost=0.002492
Epoch #2 cost=0.002379
Epoch #3 cost=0.002298
Epoch #4 cost=0.002238
Epoch #5 cost=0.002188
Epoch #6 cost=0.002149
Epoch #7 cost=0.002115
Epoch #8 cost=0.002083
Epoch #9 cost=0.002055
Epoch #10 cost=0.002028
Epoch #11 cost=0.002001
Epoch #12 cost=0.001978
Epoch #13 cost=0.001956
Epoch #14 cost=0.001932
Epoch #15 cost=0.001908
Epoch #16 cost=0.001887
Epoch #17 cost=0.001865
Epoch #18 cost=0.001844
Epoch #19 cost=0.001828
** Start training **
Epoch #0 cost=0.002685
Epoch #1 cost=0.002517
Epoch #2 cost=0.002414
Epoch #3 cost=0.002339
Epoch #4 cost=0.002281
Epoch #5 cost=0.002236
Epoch #6 cost=0.002196
Epoch #7 cost=0.002162
Epoch #8 cost=0.002132
Epoch #9 cost=0.002107
Epoch #10 cost=0.002081
Epoch #11 cost=0.002057
Epoch #12 cost=0.002032
Epoch #13 cost=0.002007
Epoch #14 cost=0.001984
Epoch #15 cost=0.001962
Epoch #16 cost=0.001939
Epoch #17 cost=0.001918
Epoch #18 cost=0.001897
Epoch #19 cost=0.001877
** Start training **
Epoch #0 cost=0.002662
Epoch #1 cost=0.002487
Epoch #2 cost=0.002383
Epoch #3 cost=0.002306
Epoch #4 cost=0.002247
Epoch #5 cost=0.002202
Epoch #6 cost=0.002162
Epoch #7 cost=0.002129
Epoch #8 cost=0.002099
Epoch #9 cost=0.002071
Epoch #10 cost=0.002046
Epoch #11 cost=0.002022
Epoch #12 cost=0.002001
Epoch #13 cost=0.001978
Epoch #14 cost=0.001956
Epoch #15 cost=0.001934
Epoch #16 cost=0.001912
Epoch #17 cost=0.001893
Epoch #18 cost=0.001874
Epoch #19 cost=0.001855
** Start training **
Epoch #0 cost=0.002139
Epoch #1 cost=0.001871
Epoch #2 cost=0.001778
Epoch #3 cost=0.001726
Epoch #4 cost=0.001687
Epoch #5 cost=0.001655
Epoch #6 cost=0.001628
Epoch #7 cost=0.001604
Epoch #8 cost=0.001580
Epoch #9 cost=0.001557
Epoch #10 cost=0.001535
Epoch #11 cost=0.001514
Epoch #12 cost=0.001495
Epoch #13 cost=0.001477
Epoch #14 cost=0.001458
Epoch #15 cost=0.001440
Epoch #16 cost=0.001424
Epoch #17 cost=0.001407
Epoch #18 cost=0.001391
Epoch #19 cost=0.001377
Nodes keep percentage is :  0.6499999999999997
** Start training **
Epoch #0 cost=0.005836
Epoch #1 cost=0.004582
Epoch #2 cost=0.004057
Epoch #3 cost=0.003751
Epoch #4 cost=0.003541
Epoch #5 cost=0.003382
Epoch #6 cost=0.003253
Epoch #7 cost=0.003145
Epoch #8 cost=0.003055
Epoch #9 cost=0.002978
Epoch #10 cost=0.002911
Epoch #11 cost=0.002851
Epoch #12 cost=0.002792
Epoch #13 cost=0.002742
Epoch #14 cost=0.002693
Epoch #15 cost=0.002646
Epoch #16 cost=0.002601
Epoch #17 cost=0.002559
Epoch #18 cost=0.002520
Epoch #19 cost=0.002481
** Start training **
Epoch #0 cost=0.005671
Epoch #1 cost=0.004495
Epoch #2 cost=0.003981
Epoch #3 cost=0.003677
Epoch #4 cost=0.003469
Epoch #5 cost=0.003315
Epoch #6 cost=0.003187
Epoch #7 cost=0.003088
Epoch #8 cost=0.002998
Epoch #9 cost=0.002921
Epoch #10 cost=0.002854
Epoch #11 cost=0.002794
Epoch #12 cost=0.002739
Epoch #13 cost=0.002688
Epoch #14 cost=0.002641
Epoch #15 cost=0.002599
Epoch #16 cost=0.002560
Epoch #17 cost=0.002522
Epoch #18 cost=0.002485
Epoch #19 cost=0.002449
** Start training **
Epoch #0 cost=0.005648
Epoch #1 cost=0.004508
Epoch #2 cost=0.004017
Epoch #3 cost=0.003728
Epoch #4 cost=0.003532
Epoch #5 cost=0.003377
Epoch #6 cost=0.003259
Epoch #7 cost=0.003162
Epoch #8 cost=0.003075
Epoch #9 cost=0.003003
Epoch #10 cost=0.002936
Epoch #11 cost=0.002875
Epoch #12 cost=0.002819
Epoch #13 cost=0.002770
Epoch #14 cost=0.002724
Epoch #15 cost=0.002679
Epoch #16 cost=0.002636
Epoch #17 cost=0.002593
Epoch #18 cost=0.002555
Epoch #19 cost=0.002515
** Start training **
Epoch #0 cost=0.005617
Epoch #1 cost=0.004435
Epoch #2 cost=0.003920
Epoch #3 cost=0.003617
Epoch #4 cost=0.003409
Epoch #5 cost=0.003253
Epoch #6 cost=0.003122
Epoch #7 cost=0.003018
Epoch #8 cost=0.002928
Epoch #9 cost=0.002851
Epoch #10 cost=0.002781
Epoch #11 cost=0.002719
Epoch #12 cost=0.002661
Epoch #13 cost=0.002610
Epoch #14 cost=0.002562
Epoch #15 cost=0.002519
Epoch #16 cost=0.002477
Epoch #17 cost=0.002437
Epoch #18 cost=0.002400
Epoch #19 cost=0.002364
** Start training **
Epoch #0 cost=0.005682
Epoch #1 cost=0.004501
Epoch #2 cost=0.003992
Epoch #3 cost=0.003695
Epoch #4 cost=0.003493
Epoch #5 cost=0.003340
Epoch #6 cost=0.003220
Epoch #7 cost=0.003121
Epoch #8 cost=0.003034
Epoch #9 cost=0.002960
Epoch #10 cost=0.002895
Epoch #11 cost=0.002837
Epoch #12 cost=0.002784
Epoch #13 cost=0.002735
Epoch #14 cost=0.002690
Epoch #15 cost=0.002643
Epoch #16 cost=0.002603
Epoch #17 cost=0.002565
Epoch #18 cost=0.002529
Epoch #19 cost=0.002494
** Start training **
Epoch #0 cost=0.005559
Epoch #1 cost=0.004413
Epoch #2 cost=0.003920
Epoch #3 cost=0.003630
Epoch #4 cost=0.003432
Epoch #5 cost=0.003285
Epoch #6 cost=0.003162
Epoch #7 cost=0.003063
Epoch #8 cost=0.002978
Epoch #9 cost=0.002902
Epoch #10 cost=0.002837
Epoch #11 cost=0.002778
Epoch #12 cost=0.002724
Epoch #13 cost=0.002677
Epoch #14 cost=0.002631
Epoch #15 cost=0.002588
Epoch #16 cost=0.002547
Epoch #17 cost=0.002510
Epoch #18 cost=0.002473
Epoch #19 cost=0.002438
** Start training **
Epoch #0 cost=0.005666
Epoch #1 cost=0.004454
Epoch #2 cost=0.003928
Epoch #3 cost=0.003620
Epoch #4 cost=0.003412
Epoch #5 cost=0.003257
Epoch #6 cost=0.003132
Epoch #7 cost=0.003030
Epoch #8 cost=0.002944
Epoch #9 cost=0.002868
Epoch #10 cost=0.002801
Epoch #11 cost=0.002743
Epoch #12 cost=0.002688
Epoch #13 cost=0.002639
Epoch #14 cost=0.002597
Epoch #15 cost=0.002555
Epoch #16 cost=0.002516
Epoch #17 cost=0.002477
Epoch #18 cost=0.002441
Epoch #19 cost=0.002407
** Start training **
Epoch #0 cost=0.005689
Epoch #1 cost=0.004475
Epoch #2 cost=0.003956
Epoch #3 cost=0.003653
Epoch #4 cost=0.003445
Epoch #5 cost=0.003291
Epoch #6 cost=0.003170
Epoch #7 cost=0.003072
Epoch #8 cost=0.002989
Epoch #9 cost=0.002915
Epoch #10 cost=0.002848
Epoch #11 cost=0.002790
Epoch #12 cost=0.002739
Epoch #13 cost=0.002693
Epoch #14 cost=0.002650
Epoch #15 cost=0.002609
Epoch #16 cost=0.002572
Epoch #17 cost=0.002535
Epoch #18 cost=0.002504
Epoch #19 cost=0.002469
** Start training **
Epoch #0 cost=0.005537
Epoch #1 cost=0.004425
Epoch #2 cost=0.003936
Epoch #3 cost=0.003647
Epoch #4 cost=0.003446
Epoch #5 cost=0.003299
Epoch #6 cost=0.003180
Epoch #7 cost=0.003084
Epoch #8 cost=0.003001
Epoch #9 cost=0.002927
Epoch #10 cost=0.002865
Epoch #11 cost=0.002807
Epoch #12 cost=0.002754
Epoch #13 cost=0.002706
Epoch #14 cost=0.002658
Epoch #15 cost=0.002615
Epoch #16 cost=0.002575
Epoch #17 cost=0.002536
Epoch #18 cost=0.002496
Epoch #19 cost=0.002457
** Start training **
Epoch #0 cost=0.002630
Epoch #1 cost=0.002399
Epoch #2 cost=0.002277
Epoch #3 cost=0.002191
Epoch #4 cost=0.002129
Epoch #5 cost=0.002076
Epoch #6 cost=0.002032
Epoch #7 cost=0.001988
Epoch #8 cost=0.001948
Epoch #9 cost=0.001910
Epoch #10 cost=0.001875
Epoch #11 cost=0.001843
Epoch #12 cost=0.001812
Epoch #13 cost=0.001782
Epoch #14 cost=0.001754
Epoch #15 cost=0.001729
Epoch #16 cost=0.001705
Epoch #17 cost=0.001680
Epoch #18 cost=0.001658
Epoch #19 cost=0.001636
Nodes keep percentage is :  0.5999999999999996
** Start training **
Epoch #0 cost=0.003934
Epoch #1 cost=0.003807
Epoch #2 cost=0.003725
Epoch #3 cost=0.003645
Epoch #4 cost=0.003571
Epoch #5 cost=0.003513
Epoch #6 cost=0.003451
Epoch #7 cost=0.003399
Epoch #8 cost=0.003346
Epoch #9 cost=0.003293
Epoch #10 cost=0.003240
Epoch #11 cost=0.003192
Epoch #12 cost=0.003143
Epoch #13 cost=0.003098
Epoch #14 cost=0.003051
Epoch #15 cost=0.003006
Epoch #16 cost=0.002960
Epoch #17 cost=0.002920
Epoch #18 cost=0.002877
Epoch #19 cost=0.002839
** Start training **
Epoch #0 cost=0.003891
Epoch #1 cost=0.003775
Epoch #2 cost=0.003674
Epoch #3 cost=0.003589
Epoch #4 cost=0.003515
Epoch #5 cost=0.003454
Epoch #6 cost=0.003404
Epoch #7 cost=0.003350
Epoch #8 cost=0.003302
Epoch #9 cost=0.003252
Epoch #10 cost=0.003203
Epoch #11 cost=0.003163
Epoch #12 cost=0.003115
Epoch #13 cost=0.003074
Epoch #14 cost=0.003032
Epoch #15 cost=0.002988
Epoch #16 cost=0.002948
Epoch #17 cost=0.002910
Epoch #18 cost=0.002870
Epoch #19 cost=0.002833
** Start training **
Epoch #0 cost=0.003933
Epoch #1 cost=0.003811
Epoch #2 cost=0.003706
Epoch #3 cost=0.003616
Epoch #4 cost=0.003552
Epoch #5 cost=0.003495
Epoch #6 cost=0.003441
Epoch #7 cost=0.003394
Epoch #8 cost=0.003344
Epoch #9 cost=0.003293
Epoch #10 cost=0.003248
Epoch #11 cost=0.003200
Epoch #12 cost=0.003156
Epoch #13 cost=0.003115
Epoch #14 cost=0.003070
Epoch #15 cost=0.003028
Epoch #16 cost=0.002988
Epoch #17 cost=0.002947
Epoch #18 cost=0.002908
Epoch #19 cost=0.002870
** Start training **
Epoch #0 cost=0.003825
Epoch #1 cost=0.003688
Epoch #2 cost=0.003571
Epoch #3 cost=0.003473
Epoch #4 cost=0.003392
Epoch #5 cost=0.003325
Epoch #6 cost=0.003268
Epoch #7 cost=0.003212
Epoch #8 cost=0.003166
Epoch #9 cost=0.003119
Epoch #10 cost=0.003074
Epoch #11 cost=0.003031
Epoch #12 cost=0.002985
Epoch #13 cost=0.002943
Epoch #14 cost=0.002901
Epoch #15 cost=0.002861
Epoch #16 cost=0.002818
Epoch #17 cost=0.002782
Epoch #18 cost=0.002742
Epoch #19 cost=0.002707
** Start training **
Epoch #0 cost=0.003958
Epoch #1 cost=0.003819
Epoch #2 cost=0.003713
Epoch #3 cost=0.003622
Epoch #4 cost=0.003547
Epoch #5 cost=0.003490
Epoch #6 cost=0.003434
Epoch #7 cost=0.003380
Epoch #8 cost=0.003329
Epoch #9 cost=0.003278
Epoch #10 cost=0.003232
Epoch #11 cost=0.003191
Epoch #12 cost=0.003144
Epoch #13 cost=0.003100
Epoch #14 cost=0.003056
Epoch #15 cost=0.003012
Epoch #16 cost=0.002970
Epoch #17 cost=0.002929
Epoch #18 cost=0.002893
Epoch #19 cost=0.002853
** Start training **
Epoch #0 cost=0.003841
Epoch #1 cost=0.003720
Epoch #2 cost=0.003615
Epoch #3 cost=0.003533
Epoch #4 cost=0.003465
Epoch #5 cost=0.003407
Epoch #6 cost=0.003353
Epoch #7 cost=0.003303
Epoch #8 cost=0.003253
Epoch #9 cost=0.003204
Epoch #10 cost=0.003159
Epoch #11 cost=0.003115
Epoch #12 cost=0.003070
Epoch #13 cost=0.003026
Epoch #14 cost=0.002980
Epoch #15 cost=0.002939
Epoch #16 cost=0.002898
Epoch #17 cost=0.002859
Epoch #18 cost=0.002822
Epoch #19 cost=0.002784
** Start training **
Epoch #0 cost=0.003877
Epoch #1 cost=0.003757
Epoch #2 cost=0.003661
Epoch #3 cost=0.003577
Epoch #4 cost=0.003504
Epoch #5 cost=0.003443
Epoch #6 cost=0.003387
Epoch #7 cost=0.003333
Epoch #8 cost=0.003282
Epoch #9 cost=0.003231
Epoch #10 cost=0.003175
Epoch #11 cost=0.003125
Epoch #12 cost=0.003076
Epoch #13 cost=0.003030
Epoch #14 cost=0.002985
Epoch #15 cost=0.002944
Epoch #16 cost=0.002901
Epoch #17 cost=0.002861
Epoch #18 cost=0.002820
Epoch #19 cost=0.002785
** Start training **
Epoch #0 cost=0.003846
Epoch #1 cost=0.003735
Epoch #2 cost=0.003642
Epoch #3 cost=0.003561
Epoch #4 cost=0.003501
Epoch #5 cost=0.003446
Epoch #6 cost=0.003388
Epoch #7 cost=0.003334
Epoch #8 cost=0.003283
Epoch #9 cost=0.003235
Epoch #10 cost=0.003188
Epoch #11 cost=0.003144
Epoch #12 cost=0.003098
Epoch #13 cost=0.003056
Epoch #14 cost=0.003013
Epoch #15 cost=0.002976
Epoch #16 cost=0.002937
Epoch #17 cost=0.002900
Epoch #18 cost=0.002862
Epoch #19 cost=0.002826
** Start training **
Epoch #0 cost=0.003738
Epoch #1 cost=0.003626
Epoch #2 cost=0.003539
Epoch #3 cost=0.003472
Epoch #4 cost=0.003415
Epoch #5 cost=0.003368
Epoch #6 cost=0.003320
Epoch #7 cost=0.003272
Epoch #8 cost=0.003229
Epoch #9 cost=0.003186
Epoch #10 cost=0.003146
Epoch #11 cost=0.003106
Epoch #12 cost=0.003064
Epoch #13 cost=0.003026
Epoch #14 cost=0.002985
Epoch #15 cost=0.002945
Epoch #16 cost=0.002910
Epoch #17 cost=0.002870
Epoch #18 cost=0.002834
Epoch #19 cost=0.002797
** Start training **
Epoch #0 cost=0.003435
Epoch #1 cost=0.003212
Epoch #2 cost=0.003031
Epoch #3 cost=0.002891
Epoch #4 cost=0.002782
Epoch #5 cost=0.002690
Epoch #6 cost=0.002616
Epoch #7 cost=0.002549
Epoch #8 cost=0.002491
Epoch #9 cost=0.002436
Epoch #10 cost=0.002388
Epoch #11 cost=0.002345
Epoch #12 cost=0.002306
Epoch #13 cost=0.002267
Epoch #14 cost=0.002231
Epoch #15 cost=0.002199
Epoch #16 cost=0.002167
Epoch #17 cost=0.002139
Epoch #18 cost=0.002109
Epoch #19 cost=0.002080
Nodes keep percentage is :  0.5499999999999996
** Start training **
Epoch #0 cost=0.006631
Epoch #1 cost=0.006010
Epoch #2 cost=0.005651
Epoch #3 cost=0.005390
Epoch #4 cost=0.005195
Epoch #5 cost=0.005030
Epoch #6 cost=0.004891
Epoch #7 cost=0.004767
Epoch #8 cost=0.004655
Epoch #9 cost=0.004547
Epoch #10 cost=0.004453
Epoch #11 cost=0.004360
Epoch #12 cost=0.004275
Epoch #13 cost=0.004203
Epoch #14 cost=0.004121
Epoch #15 cost=0.004047
Epoch #16 cost=0.003979
Epoch #17 cost=0.003908
Epoch #18 cost=0.003846
Epoch #19 cost=0.003781
** Start training **
Epoch #0 cost=0.006440
Epoch #1 cost=0.005898
Epoch #2 cost=0.005561
Epoch #3 cost=0.005304
Epoch #4 cost=0.005099
Epoch #5 cost=0.004933
Epoch #6 cost=0.004787
Epoch #7 cost=0.004663
Epoch #8 cost=0.004558
Epoch #9 cost=0.004460
Epoch #10 cost=0.004368
Epoch #11 cost=0.004279
Epoch #12 cost=0.004201
Epoch #13 cost=0.004124
Epoch #14 cost=0.004050
Epoch #15 cost=0.003980
Epoch #16 cost=0.003911
Epoch #17 cost=0.003846
Epoch #18 cost=0.003783
Epoch #19 cost=0.003721
** Start training **
Epoch #0 cost=0.006504
Epoch #1 cost=0.005955
Epoch #2 cost=0.005618
Epoch #3 cost=0.005371
Epoch #4 cost=0.005173
Epoch #5 cost=0.005004
Epoch #6 cost=0.004859
Epoch #7 cost=0.004735
Epoch #8 cost=0.004627
Epoch #9 cost=0.004526
Epoch #10 cost=0.004431
Epoch #11 cost=0.004341
Epoch #12 cost=0.004260
Epoch #13 cost=0.004181
Epoch #14 cost=0.004104
Epoch #15 cost=0.004033
Epoch #16 cost=0.003964
Epoch #17 cost=0.003898
Epoch #18 cost=0.003835
Epoch #19 cost=0.003769
** Start training **
Epoch #0 cost=0.006336
Epoch #1 cost=0.005761
Epoch #2 cost=0.005399
Epoch #3 cost=0.005128
Epoch #4 cost=0.004920
Epoch #5 cost=0.004747
Epoch #6 cost=0.004609
Epoch #7 cost=0.004487
Epoch #8 cost=0.004383
Epoch #9 cost=0.004286
Epoch #10 cost=0.004197
Epoch #11 cost=0.004118
Epoch #12 cost=0.004041
Epoch #13 cost=0.003965
Epoch #14 cost=0.003893
Epoch #15 cost=0.003820
Epoch #16 cost=0.003753
Epoch #17 cost=0.003684
Epoch #18 cost=0.003622
Epoch #19 cost=0.003560
** Start training **
Epoch #0 cost=0.006443
Epoch #1 cost=0.005888
Epoch #2 cost=0.005554
Epoch #3 cost=0.005304
Epoch #4 cost=0.005117
Epoch #5 cost=0.004956
Epoch #6 cost=0.004819
Epoch #7 cost=0.004695
Epoch #8 cost=0.004588
Epoch #9 cost=0.004494
Epoch #10 cost=0.004397
Epoch #11 cost=0.004309
Epoch #12 cost=0.004226
Epoch #13 cost=0.004150
Epoch #14 cost=0.004081
Epoch #15 cost=0.004010
Epoch #16 cost=0.003944
Epoch #17 cost=0.003879
Epoch #18 cost=0.003814
Epoch #19 cost=0.003755
** Start training **
Epoch #0 cost=0.006371
Epoch #1 cost=0.005792
Epoch #2 cost=0.005436
Epoch #3 cost=0.005190
Epoch #4 cost=0.004994
Epoch #5 cost=0.004826
Epoch #6 cost=0.004696
Epoch #7 cost=0.004585
Epoch #8 cost=0.004476
Epoch #9 cost=0.004379
Epoch #10 cost=0.004285
Epoch #11 cost=0.004198
Epoch #12 cost=0.004119
Epoch #13 cost=0.004045
Epoch #14 cost=0.003972
Epoch #15 cost=0.003903
Epoch #16 cost=0.003837
Epoch #17 cost=0.003776
Epoch #18 cost=0.003718
Epoch #19 cost=0.003653
** Start training **
Epoch #0 cost=0.006398
Epoch #1 cost=0.005802
Epoch #2 cost=0.005440
Epoch #3 cost=0.005181
Epoch #4 cost=0.004975
Epoch #5 cost=0.004813
Epoch #6 cost=0.004668
Epoch #7 cost=0.004547
Epoch #8 cost=0.004442
Epoch #9 cost=0.004342
Epoch #10 cost=0.004244
Epoch #11 cost=0.004160
Epoch #12 cost=0.004071
Epoch #13 cost=0.003994
Epoch #14 cost=0.003920
Epoch #15 cost=0.003849
Epoch #16 cost=0.003780
Epoch #17 cost=0.003720
Epoch #18 cost=0.003652
Epoch #19 cost=0.003591
** Start training **
Epoch #0 cost=0.006595
Epoch #1 cost=0.006052
Epoch #2 cost=0.005701
Epoch #3 cost=0.005430
Epoch #4 cost=0.005225
Epoch #5 cost=0.005052
Epoch #6 cost=0.004904
Epoch #7 cost=0.004784
Epoch #8 cost=0.004672
Epoch #9 cost=0.004570
Epoch #10 cost=0.004468
Epoch #11 cost=0.004379
Epoch #12 cost=0.004302
Epoch #13 cost=0.004225
Epoch #14 cost=0.004147
Epoch #15 cost=0.004076
Epoch #16 cost=0.004004
Epoch #17 cost=0.003934
Epoch #18 cost=0.003869
Epoch #19 cost=0.003806
** Start training **
Epoch #0 cost=0.006384
Epoch #1 cost=0.005805
Epoch #2 cost=0.005460
Epoch #3 cost=0.005210
Epoch #4 cost=0.005017
Epoch #5 cost=0.004855
Epoch #6 cost=0.004724
Epoch #7 cost=0.004608
Epoch #8 cost=0.004508
Epoch #9 cost=0.004418
Epoch #10 cost=0.004336
Epoch #11 cost=0.004255
Epoch #12 cost=0.004176
Epoch #13 cost=0.004103
Epoch #14 cost=0.004032
Epoch #15 cost=0.003963
Epoch #16 cost=0.003900
Epoch #17 cost=0.003829
Epoch #18 cost=0.003766
Epoch #19 cost=0.003706
** Start training **
Epoch #0 cost=0.006691
Epoch #1 cost=0.005568
Epoch #2 cost=0.005012
Epoch #3 cost=0.004654
Epoch #4 cost=0.004396
Epoch #5 cost=0.004205
Epoch #6 cost=0.004035
Epoch #7 cost=0.003892
Epoch #8 cost=0.003765
Epoch #9 cost=0.003652
Epoch #10 cost=0.003546
Epoch #11 cost=0.003454
Epoch #12 cost=0.003378
Epoch #13 cost=0.003297
Epoch #14 cost=0.003222
Epoch #15 cost=0.003149
Epoch #16 cost=0.003081
Epoch #17 cost=0.003018
Epoch #18 cost=0.002952
Epoch #19 cost=0.002895
Nodes keep percentage is :  0.49999999999999956
** Start training **
Epoch #0 cost=0.008006
Epoch #1 cost=0.007118
Epoch #2 cost=0.006714
Epoch #3 cost=0.006459
Epoch #4 cost=0.006278
Epoch #5 cost=0.006122
Epoch #6 cost=0.005975
Epoch #7 cost=0.005837
Epoch #8 cost=0.005710
Epoch #9 cost=0.005588
Epoch #10 cost=0.005482
Epoch #11 cost=0.005366
Epoch #12 cost=0.005258
Epoch #13 cost=0.005158
Epoch #14 cost=0.005052
Epoch #15 cost=0.004952
Epoch #16 cost=0.004855
Epoch #17 cost=0.004759
Epoch #18 cost=0.004670
Epoch #19 cost=0.004583
** Start training **
Epoch #0 cost=0.007936
Epoch #1 cost=0.007030
Epoch #2 cost=0.006632
Epoch #3 cost=0.006351
Epoch #4 cost=0.006160
Epoch #5 cost=0.006007
Epoch #6 cost=0.005878
Epoch #7 cost=0.005761
Epoch #8 cost=0.005644
Epoch #9 cost=0.005534
Epoch #10 cost=0.005428
Epoch #11 cost=0.005320
Epoch #12 cost=0.005211
Epoch #13 cost=0.005112
Epoch #14 cost=0.005012
Epoch #15 cost=0.004916
Epoch #16 cost=0.004822
Epoch #17 cost=0.004729
Epoch #18 cost=0.004640
Epoch #19 cost=0.004555
** Start training **
Epoch #0 cost=0.007903
Epoch #1 cost=0.007055
Epoch #2 cost=0.006672
Epoch #3 cost=0.006412
Epoch #4 cost=0.006215
Epoch #5 cost=0.006079
Epoch #6 cost=0.005933
Epoch #7 cost=0.005804
Epoch #8 cost=0.005682
Epoch #9 cost=0.005562
Epoch #10 cost=0.005444
Epoch #11 cost=0.005332
Epoch #12 cost=0.005222
Epoch #13 cost=0.005116
Epoch #14 cost=0.005013
Epoch #15 cost=0.004917
Epoch #16 cost=0.004818
Epoch #17 cost=0.004725
Epoch #18 cost=0.004638
Epoch #19 cost=0.004552
** Start training **
Epoch #0 cost=0.007863
Epoch #1 cost=0.006968
Epoch #2 cost=0.006554
Epoch #3 cost=0.006272
Epoch #4 cost=0.006061
Epoch #5 cost=0.005885
Epoch #6 cost=0.005736
Epoch #7 cost=0.005594
Epoch #8 cost=0.005457
Epoch #9 cost=0.005322
Epoch #10 cost=0.005203
Epoch #11 cost=0.005094
Epoch #12 cost=0.004982
Epoch #13 cost=0.004876
Epoch #14 cost=0.004774
Epoch #15 cost=0.004673
Epoch #16 cost=0.004585
Epoch #17 cost=0.004490
Epoch #18 cost=0.004406
Epoch #19 cost=0.004320
** Start training **
Epoch #0 cost=0.007951
Epoch #1 cost=0.007071
Epoch #2 cost=0.006671
Epoch #3 cost=0.006424
Epoch #4 cost=0.006242
Epoch #5 cost=0.006098
Epoch #6 cost=0.005957
Epoch #7 cost=0.005826
Epoch #8 cost=0.005718
Epoch #9 cost=0.005602
Epoch #10 cost=0.005487
Epoch #11 cost=0.005383
Epoch #12 cost=0.005276
Epoch #13 cost=0.005172
Epoch #14 cost=0.005069
Epoch #15 cost=0.004967
Epoch #16 cost=0.004870
Epoch #17 cost=0.004782
Epoch #18 cost=0.004690
Epoch #19 cost=0.004601
** Start training **
Epoch #0 cost=0.007881
Epoch #1 cost=0.006965
Epoch #2 cost=0.006543
Epoch #3 cost=0.006268
Epoch #4 cost=0.006061
Epoch #5 cost=0.005904
Epoch #6 cost=0.005767
Epoch #7 cost=0.005636
Epoch #8 cost=0.005518
Epoch #9 cost=0.005407
Epoch #10 cost=0.005295
Epoch #11 cost=0.005188
Epoch #12 cost=0.005084
Epoch #13 cost=0.004985
Epoch #14 cost=0.004882
Epoch #15 cost=0.004785
Epoch #16 cost=0.004691
Epoch #17 cost=0.004606
Epoch #18 cost=0.004519
Epoch #19 cost=0.004435
** Start training **
Epoch #0 cost=0.007889
Epoch #1 cost=0.007051
Epoch #2 cost=0.006668
Epoch #3 cost=0.006405
Epoch #4 cost=0.006200
Epoch #5 cost=0.006041
Epoch #6 cost=0.005896
Epoch #7 cost=0.005754
Epoch #8 cost=0.005622
Epoch #9 cost=0.005500
Epoch #10 cost=0.005375
Epoch #11 cost=0.005260
Epoch #12 cost=0.005148
Epoch #13 cost=0.005033
Epoch #14 cost=0.004928
Epoch #15 cost=0.004826
Epoch #16 cost=0.004730
Epoch #17 cost=0.004633
Epoch #18 cost=0.004540
Epoch #19 cost=0.004457
** Start training **
Epoch #0 cost=0.007984
Epoch #1 cost=0.007142
Epoch #2 cost=0.006744
Epoch #3 cost=0.006468
Epoch #4 cost=0.006264
Epoch #5 cost=0.006101
Epoch #6 cost=0.005952
Epoch #7 cost=0.005817
Epoch #8 cost=0.005686
Epoch #9 cost=0.005564
Epoch #10 cost=0.005448
Epoch #11 cost=0.005332
Epoch #12 cost=0.005223
Epoch #13 cost=0.005115
Epoch #14 cost=0.005008
Epoch #15 cost=0.004910
Epoch #16 cost=0.004817
Epoch #17 cost=0.004727
Epoch #18 cost=0.004639
Epoch #19 cost=0.004550
** Start training **
Epoch #0 cost=0.007878
Epoch #1 cost=0.006981
Epoch #2 cost=0.006565
Epoch #3 cost=0.006294
Epoch #4 cost=0.006088
Epoch #5 cost=0.005930
Epoch #6 cost=0.005781
Epoch #7 cost=0.005651
Epoch #8 cost=0.005531
Epoch #9 cost=0.005419
Epoch #10 cost=0.005310
Epoch #11 cost=0.005210
Epoch #12 cost=0.005105
Epoch #13 cost=0.005000
Epoch #14 cost=0.004908
Epoch #15 cost=0.004812
Epoch #16 cost=0.004720
Epoch #17 cost=0.004635
Epoch #18 cost=0.004546
Epoch #19 cost=0.004459
** Start training **
Epoch #0 cost=0.007751
Epoch #1 cost=0.007053
Epoch #2 cost=0.006605
Epoch #3 cost=0.006233
Epoch #4 cost=0.005928
Epoch #5 cost=0.005661
Epoch #6 cost=0.005429
Epoch #7 cost=0.005211
Epoch #8 cost=0.005018
Epoch #9 cost=0.004845
Epoch #10 cost=0.004692
Epoch #11 cost=0.004547
Epoch #12 cost=0.004412
Epoch #13 cost=0.004288
Epoch #14 cost=0.004172
Epoch #15 cost=0.004060
Epoch #16 cost=0.003953
Epoch #17 cost=0.003853
Epoch #18 cost=0.003757
Epoch #19 cost=0.003671
Nodes keep percentage is :  0.4499999999999995
** Start training **
Epoch #0 cost=0.009952
Epoch #1 cost=0.009266
Epoch #2 cost=0.008890
Epoch #3 cost=0.008594
Epoch #4 cost=0.008345
Epoch #5 cost=0.008099
Epoch #6 cost=0.007862
Epoch #7 cost=0.007622
Epoch #8 cost=0.007401
Epoch #9 cost=0.007178
Epoch #10 cost=0.006995
Epoch #11 cost=0.006792
Epoch #12 cost=0.006613
Epoch #13 cost=0.006436
Epoch #14 cost=0.006263
Epoch #15 cost=0.006112
Epoch #16 cost=0.005958
Epoch #17 cost=0.005810
Epoch #18 cost=0.005670
Epoch #19 cost=0.005528
** Start training **
Epoch #0 cost=0.009700
Epoch #1 cost=0.009006
Epoch #2 cost=0.008629
Epoch #3 cost=0.008352
Epoch #4 cost=0.008134
Epoch #5 cost=0.007916
Epoch #6 cost=0.007706
Epoch #7 cost=0.007496
Epoch #8 cost=0.007291
Epoch #9 cost=0.007100
Epoch #10 cost=0.006916
Epoch #11 cost=0.006732
Epoch #12 cost=0.006552
Epoch #13 cost=0.006389
Epoch #14 cost=0.006224
Epoch #15 cost=0.006080
Epoch #16 cost=0.005935
Epoch #17 cost=0.005799
Epoch #18 cost=0.005669
Epoch #19 cost=0.005534
** Start training **
Epoch #0 cost=0.009724
Epoch #1 cost=0.009095
Epoch #2 cost=0.008764
Epoch #3 cost=0.008501
Epoch #4 cost=0.008298
Epoch #5 cost=0.008068
Epoch #6 cost=0.007838
Epoch #7 cost=0.007612
Epoch #8 cost=0.007391
Epoch #9 cost=0.007185
Epoch #10 cost=0.006980
Epoch #11 cost=0.006787
Epoch #12 cost=0.006610
Epoch #13 cost=0.006439
Epoch #14 cost=0.006280
Epoch #15 cost=0.006133
Epoch #16 cost=0.005982
Epoch #17 cost=0.005842
Epoch #18 cost=0.005706
Epoch #19 cost=0.005573
** Start training **
Epoch #0 cost=0.009701
Epoch #1 cost=0.009007
Epoch #2 cost=0.008619
Epoch #3 cost=0.008314
Epoch #4 cost=0.008055
Epoch #5 cost=0.007812
Epoch #6 cost=0.007579
Epoch #7 cost=0.007341
Epoch #8 cost=0.007121
Epoch #9 cost=0.006897
Epoch #10 cost=0.006699
Epoch #11 cost=0.006503
Epoch #12 cost=0.006307
Epoch #13 cost=0.006131
Epoch #14 cost=0.005963
Epoch #15 cost=0.005814
Epoch #16 cost=0.005662
Epoch #17 cost=0.005521
Epoch #18 cost=0.005386
Epoch #19 cost=0.005264
** Start training **
Epoch #0 cost=0.009732
Epoch #1 cost=0.009062
Epoch #2 cost=0.008711
Epoch #3 cost=0.008445
Epoch #4 cost=0.008223
Epoch #5 cost=0.008019
Epoch #6 cost=0.007800
Epoch #7 cost=0.007586
Epoch #8 cost=0.007366
Epoch #9 cost=0.007156
Epoch #10 cost=0.006959
Epoch #11 cost=0.006770
Epoch #12 cost=0.006582
Epoch #13 cost=0.006401
Epoch #14 cost=0.006242
Epoch #15 cost=0.006076
Epoch #16 cost=0.005919
Epoch #17 cost=0.005787
Epoch #18 cost=0.005644
Epoch #19 cost=0.005513
** Start training **
Epoch #0 cost=0.009685
Epoch #1 cost=0.008994
Epoch #2 cost=0.008621
Epoch #3 cost=0.008359
Epoch #4 cost=0.008128
Epoch #5 cost=0.007912
Epoch #6 cost=0.007685
Epoch #7 cost=0.007470
Epoch #8 cost=0.007247
Epoch #9 cost=0.007044
Epoch #10 cost=0.006845
Epoch #11 cost=0.006661
Epoch #12 cost=0.006478
Epoch #13 cost=0.006322
Epoch #14 cost=0.006164
Epoch #15 cost=0.006018
Epoch #16 cost=0.005873
Epoch #17 cost=0.005736
Epoch #18 cost=0.005603
Epoch #19 cost=0.005480
** Start training **
Epoch #0 cost=0.009653
Epoch #1 cost=0.008991
Epoch #2 cost=0.008642
Epoch #3 cost=0.008385
Epoch #4 cost=0.008158
Epoch #5 cost=0.007933
Epoch #6 cost=0.007697
Epoch #7 cost=0.007464
Epoch #8 cost=0.007248
Epoch #9 cost=0.007029
Epoch #10 cost=0.006841
Epoch #11 cost=0.006637
Epoch #12 cost=0.006451
Epoch #13 cost=0.006268
Epoch #14 cost=0.006104
Epoch #15 cost=0.005952
Epoch #16 cost=0.005809
Epoch #17 cost=0.005664
Epoch #18 cost=0.005532
Epoch #19 cost=0.005397
** Start training **
Epoch #0 cost=0.009918
Epoch #1 cost=0.009230
Epoch #2 cost=0.008848
Epoch #3 cost=0.008545
Epoch #4 cost=0.008293
Epoch #5 cost=0.008044
Epoch #6 cost=0.007808
Epoch #7 cost=0.007567
Epoch #8 cost=0.007343
Epoch #9 cost=0.007122
Epoch #10 cost=0.006918
Epoch #11 cost=0.006725
Epoch #12 cost=0.006540
Epoch #13 cost=0.006374
Epoch #14 cost=0.006218
Epoch #15 cost=0.006065
Epoch #16 cost=0.005922
Epoch #17 cost=0.005786
Epoch #18 cost=0.005641
Epoch #19 cost=0.005512
** Start training **
Epoch #0 cost=0.009709
Epoch #1 cost=0.009062
Epoch #2 cost=0.008699
Epoch #3 cost=0.008423
Epoch #4 cost=0.008184
Epoch #5 cost=0.007964
Epoch #6 cost=0.007745
Epoch #7 cost=0.007526
Epoch #8 cost=0.007308
Epoch #9 cost=0.007091
Epoch #10 cost=0.006889
Epoch #11 cost=0.006694
Epoch #12 cost=0.006516
Epoch #13 cost=0.006343
Epoch #14 cost=0.006186
Epoch #15 cost=0.006037
Epoch #16 cost=0.005891
Epoch #17 cost=0.005749
Epoch #18 cost=0.005616
Epoch #19 cost=0.005486
** Start training **
Epoch #0 cost=0.010318
Epoch #1 cost=0.008985
Epoch #2 cost=0.008163
Epoch #3 cost=0.007598
Epoch #4 cost=0.007151
Epoch #5 cost=0.006775
Epoch #6 cost=0.006464
Epoch #7 cost=0.006192
Epoch #8 cost=0.005947
Epoch #9 cost=0.005726
Epoch #10 cost=0.005524
Epoch #11 cost=0.005345
Epoch #12 cost=0.005176
Epoch #13 cost=0.005020
Epoch #14 cost=0.004872
Epoch #15 cost=0.004738
Epoch #16 cost=0.004603
Epoch #17 cost=0.004482
Epoch #18 cost=0.004365
Epoch #19 cost=0.004262
Nodes keep percentage is :  0.39999999999999947
** Start training **
Epoch #0 cost=0.020944
Epoch #1 cost=0.019040
Epoch #2 cost=0.017582
Epoch #3 cost=0.016375
Epoch #4 cost=0.015353
Epoch #5 cost=0.014434
Epoch #6 cost=0.013636
Epoch #7 cost=0.012894
Epoch #8 cost=0.012219
Epoch #9 cost=0.011626
Epoch #10 cost=0.011088
Epoch #11 cost=0.010598
Epoch #12 cost=0.010159
Epoch #13 cost=0.009754
Epoch #14 cost=0.009369
Epoch #15 cost=0.009026
Epoch #16 cost=0.008699
Epoch #17 cost=0.008396
Epoch #18 cost=0.008113
Epoch #19 cost=0.007840
** Start training **
Epoch #0 cost=0.020812
Epoch #1 cost=0.018763
Epoch #2 cost=0.017208
Epoch #3 cost=0.016017
Epoch #4 cost=0.015017
Epoch #5 cost=0.014138
Epoch #6 cost=0.013357
Epoch #7 cost=0.012657
Epoch #8 cost=0.012033
Epoch #9 cost=0.011473
Epoch #10 cost=0.010958
Epoch #11 cost=0.010491
Epoch #12 cost=0.010068
Epoch #13 cost=0.009667
Epoch #14 cost=0.009304
Epoch #15 cost=0.008957
Epoch #16 cost=0.008646
Epoch #17 cost=0.008352
Epoch #18 cost=0.008075
Epoch #19 cost=0.007815
** Start training **
Epoch #0 cost=0.020789
Epoch #1 cost=0.018776
Epoch #2 cost=0.017339
Epoch #3 cost=0.016195
Epoch #4 cost=0.015201
Epoch #5 cost=0.014332
Epoch #6 cost=0.013541
Epoch #7 cost=0.012830
Epoch #8 cost=0.012224
Epoch #9 cost=0.011655
Epoch #10 cost=0.011144
Epoch #11 cost=0.010655
Epoch #12 cost=0.010211
Epoch #13 cost=0.009798
Epoch #14 cost=0.009419
Epoch #15 cost=0.009070
Epoch #16 cost=0.008735
Epoch #17 cost=0.008430
Epoch #18 cost=0.008133
Epoch #19 cost=0.007873
** Start training **
Epoch #0 cost=0.020616
Epoch #1 cost=0.018489
Epoch #2 cost=0.016931
Epoch #3 cost=0.015713
Epoch #4 cost=0.014666
Epoch #5 cost=0.013769
Epoch #6 cost=0.012956
Epoch #7 cost=0.012252
Epoch #8 cost=0.011618
Epoch #9 cost=0.011054
Epoch #10 cost=0.010535
Epoch #11 cost=0.010079
Epoch #12 cost=0.009646
Epoch #13 cost=0.009266
Epoch #14 cost=0.008893
Epoch #15 cost=0.008561
Epoch #16 cost=0.008243
Epoch #17 cost=0.007957
Epoch #18 cost=0.007680
Epoch #19 cost=0.007432
** Start training **
Epoch #0 cost=0.020774
Epoch #1 cost=0.018755
Epoch #2 cost=0.017302
Epoch #3 cost=0.016126
Epoch #4 cost=0.015112
Epoch #5 cost=0.014226
Epoch #6 cost=0.013453
Epoch #7 cost=0.012753
Epoch #8 cost=0.012114
Epoch #9 cost=0.011556
Epoch #10 cost=0.011026
Epoch #11 cost=0.010549
Epoch #12 cost=0.010122
Epoch #13 cost=0.009720
Epoch #14 cost=0.009347
Epoch #15 cost=0.008986
Epoch #16 cost=0.008678
Epoch #17 cost=0.008372
Epoch #18 cost=0.008093
Epoch #19 cost=0.007822
** Start training **
Epoch #0 cost=0.020810
Epoch #1 cost=0.018656
Epoch #2 cost=0.017071
Epoch #3 cost=0.015838
Epoch #4 cost=0.014790
Epoch #5 cost=0.013863
Epoch #6 cost=0.013071
Epoch #7 cost=0.012366
Epoch #8 cost=0.011740
Epoch #9 cost=0.011184
Epoch #10 cost=0.010679
Epoch #11 cost=0.010215
Epoch #12 cost=0.009785
Epoch #13 cost=0.009413
Epoch #14 cost=0.009046
Epoch #15 cost=0.008719
Epoch #16 cost=0.008405
Epoch #17 cost=0.008126
Epoch #18 cost=0.007851
Epoch #19 cost=0.007608
** Start training **
Epoch #0 cost=0.020688
Epoch #1 cost=0.018728
Epoch #2 cost=0.017291
Epoch #3 cost=0.016049
Epoch #4 cost=0.015002
Epoch #5 cost=0.014080
Epoch #6 cost=0.013282
Epoch #7 cost=0.012572
Epoch #8 cost=0.011950
Epoch #9 cost=0.011395
Epoch #10 cost=0.010875
Epoch #11 cost=0.010391
Epoch #12 cost=0.009947
Epoch #13 cost=0.009542
Epoch #14 cost=0.009167
Epoch #15 cost=0.008800
Epoch #16 cost=0.008478
Epoch #17 cost=0.008176
Epoch #18 cost=0.007891
Epoch #19 cost=0.007642
** Start training **
Epoch #0 cost=0.021187
Epoch #1 cost=0.019011
Epoch #2 cost=0.017362
Epoch #3 cost=0.016086
Epoch #4 cost=0.015036
Epoch #5 cost=0.014137
Epoch #6 cost=0.013353
Epoch #7 cost=0.012636
Epoch #8 cost=0.012007
Epoch #9 cost=0.011465
Epoch #10 cost=0.010958
Epoch #11 cost=0.010501
Epoch #12 cost=0.010071
Epoch #13 cost=0.009671
Epoch #14 cost=0.009304
Epoch #15 cost=0.008952
Epoch #16 cost=0.008634
Epoch #17 cost=0.008342
Epoch #18 cost=0.008068
Epoch #19 cost=0.007814
** Start training **
Epoch #0 cost=0.020695
Epoch #1 cost=0.018497
Epoch #2 cost=0.016941
Epoch #3 cost=0.015688
Epoch #4 cost=0.014642
Epoch #5 cost=0.013756
Epoch #6 cost=0.012975
Epoch #7 cost=0.012291
Epoch #8 cost=0.011667
Epoch #9 cost=0.011109
Epoch #10 cost=0.010630
Epoch #11 cost=0.010175
Epoch #12 cost=0.009762
Epoch #13 cost=0.009392
Epoch #14 cost=0.009033
Epoch #15 cost=0.008711
Epoch #16 cost=0.008421
Epoch #17 cost=0.008120
Epoch #18 cost=0.007870
Epoch #19 cost=0.007608
** Start training **
Epoch #0 cost=0.013624
Epoch #1 cost=0.011811
Epoch #2 cost=0.010742
Epoch #3 cost=0.009908
Epoch #4 cost=0.009240
Epoch #5 cost=0.008677
Epoch #6 cost=0.008190
Epoch #7 cost=0.007761
Epoch #8 cost=0.007410
Epoch #9 cost=0.007074
Epoch #10 cost=0.006781
Epoch #11 cost=0.006508
Epoch #12 cost=0.006257
Epoch #13 cost=0.006032
Epoch #14 cost=0.005827
Epoch #15 cost=0.005629
Epoch #16 cost=0.005454
Epoch #17 cost=0.005284
Epoch #18 cost=0.005126
Epoch #19 cost=0.004978
Nodes keep percentage is :  0.3499999999999994
** Start training **
Epoch #0 cost=0.025782
Epoch #1 cost=0.022106
Epoch #2 cost=0.019919
Epoch #3 cost=0.018296
Epoch #4 cost=0.017032
Epoch #5 cost=0.015968
Epoch #6 cost=0.015068
Epoch #7 cost=0.014277
Epoch #8 cost=0.013559
Epoch #9 cost=0.012921
Epoch #10 cost=0.012355
Epoch #11 cost=0.011836
Epoch #12 cost=0.011368
Epoch #13 cost=0.010922
Epoch #14 cost=0.010510
Epoch #15 cost=0.010134
Epoch #16 cost=0.009764
Epoch #17 cost=0.009435
Epoch #18 cost=0.009108
Epoch #19 cost=0.008806
** Start training **
Epoch #0 cost=0.025533
Epoch #1 cost=0.022014
Epoch #2 cost=0.019774
Epoch #3 cost=0.018195
Epoch #4 cost=0.016950
Epoch #5 cost=0.015944
Epoch #6 cost=0.015079
Epoch #7 cost=0.014306
Epoch #8 cost=0.013615
Epoch #9 cost=0.012983
Epoch #10 cost=0.012407
Epoch #11 cost=0.011912
Epoch #12 cost=0.011425
Epoch #13 cost=0.010993
Epoch #14 cost=0.010586
Epoch #15 cost=0.010214
Epoch #16 cost=0.009855
Epoch #17 cost=0.009519
Epoch #18 cost=0.009208
Epoch #19 cost=0.008907
** Start training **
Epoch #0 cost=0.025904
Epoch #1 cost=0.022412
Epoch #2 cost=0.020201
Epoch #3 cost=0.018648
Epoch #4 cost=0.017409
Epoch #5 cost=0.016383
Epoch #6 cost=0.015478
Epoch #7 cost=0.014692
Epoch #8 cost=0.013936
Epoch #9 cost=0.013282
Epoch #10 cost=0.012693
Epoch #11 cost=0.012134
Epoch #12 cost=0.011641
Epoch #13 cost=0.011167
Epoch #14 cost=0.010722
Epoch #15 cost=0.010316
Epoch #16 cost=0.009931
Epoch #17 cost=0.009568
Epoch #18 cost=0.009242
Epoch #19 cost=0.008929
** Start training **
Epoch #0 cost=0.025464
Epoch #1 cost=0.021917
Epoch #2 cost=0.019671
Epoch #3 cost=0.018049
Epoch #4 cost=0.016758
Epoch #5 cost=0.015661
Epoch #6 cost=0.014725
Epoch #7 cost=0.013903
Epoch #8 cost=0.013203
Epoch #9 cost=0.012554
Epoch #10 cost=0.011972
Epoch #11 cost=0.011430
Epoch #12 cost=0.010949
Epoch #13 cost=0.010498
Epoch #14 cost=0.010074
Epoch #15 cost=0.009683
Epoch #16 cost=0.009311
Epoch #17 cost=0.008975
Epoch #18 cost=0.008655
Epoch #19 cost=0.008367
** Start training **
Epoch #0 cost=0.025954
Epoch #1 cost=0.022487
Epoch #2 cost=0.020239
Epoch #3 cost=0.018626
Epoch #4 cost=0.017371
Epoch #5 cost=0.016310
Epoch #6 cost=0.015403
Epoch #7 cost=0.014609
Epoch #8 cost=0.013870
Epoch #9 cost=0.013210
Epoch #10 cost=0.012627
Epoch #11 cost=0.012068
Epoch #12 cost=0.011565
Epoch #13 cost=0.011100
Epoch #14 cost=0.010654
Epoch #15 cost=0.010258
Epoch #16 cost=0.009883
Epoch #17 cost=0.009533
Epoch #18 cost=0.009209
Epoch #19 cost=0.008900
** Start training **
Epoch #0 cost=0.025441
Epoch #1 cost=0.021892
Epoch #2 cost=0.019679
Epoch #3 cost=0.018078
Epoch #4 cost=0.016854
Epoch #5 cost=0.015840
Epoch #6 cost=0.014987
Epoch #7 cost=0.014219
Epoch #8 cost=0.013519
Epoch #9 cost=0.012878
Epoch #10 cost=0.012314
Epoch #11 cost=0.011784
Epoch #12 cost=0.011309
Epoch #13 cost=0.010854
Epoch #14 cost=0.010443
Epoch #15 cost=0.010059
Epoch #16 cost=0.009712
Epoch #17 cost=0.009360
Epoch #18 cost=0.009053
Epoch #19 cost=0.008758
** Start training **
Epoch #0 cost=0.025568
Epoch #1 cost=0.022105
Epoch #2 cost=0.019888
Epoch #3 cost=0.018273
Epoch #4 cost=0.017008
Epoch #5 cost=0.015950
Epoch #6 cost=0.015031
Epoch #7 cost=0.014226
Epoch #8 cost=0.013517
Epoch #9 cost=0.012875
Epoch #10 cost=0.012291
Epoch #11 cost=0.011744
Epoch #12 cost=0.011249
Epoch #13 cost=0.010796
Epoch #14 cost=0.010359
Epoch #15 cost=0.009968
Epoch #16 cost=0.009612
Epoch #17 cost=0.009272
Epoch #18 cost=0.008953
Epoch #19 cost=0.008660
** Start training **
Epoch #0 cost=0.026120
Epoch #1 cost=0.022453
Epoch #2 cost=0.020200
Epoch #3 cost=0.018550
Epoch #4 cost=0.017241
Epoch #5 cost=0.016158
Epoch #6 cost=0.015214
Epoch #7 cost=0.014398
Epoch #8 cost=0.013693
Epoch #9 cost=0.013043
Epoch #10 cost=0.012462
Epoch #11 cost=0.011937
Epoch #12 cost=0.011460
Epoch #13 cost=0.011016
Epoch #14 cost=0.010607
Epoch #15 cost=0.010223
Epoch #16 cost=0.009858
Epoch #17 cost=0.009514
Epoch #18 cost=0.009189
Epoch #19 cost=0.008899
** Start training **
Epoch #0 cost=0.025779
Epoch #1 cost=0.022073
Epoch #2 cost=0.019779
Epoch #3 cost=0.018179
Epoch #4 cost=0.016912
Epoch #5 cost=0.015872
Epoch #6 cost=0.014986
Epoch #7 cost=0.014196
Epoch #8 cost=0.013482
Epoch #9 cost=0.012844
Epoch #10 cost=0.012251
Epoch #11 cost=0.011716
Epoch #12 cost=0.011234
Epoch #13 cost=0.010790
Epoch #14 cost=0.010376
Epoch #15 cost=0.009986
Epoch #16 cost=0.009630
Epoch #17 cost=0.009291
Epoch #18 cost=0.008972
Epoch #19 cost=0.008677
** Start training **
Epoch #0 cost=0.019417
Epoch #1 cost=0.016062
Epoch #2 cost=0.014125
Epoch #3 cost=0.012750
Epoch #4 cost=0.011702
Epoch #5 cost=0.010833
Epoch #6 cost=0.010107
Epoch #7 cost=0.009502
Epoch #8 cost=0.008979
Epoch #9 cost=0.008522
Epoch #10 cost=0.008110
Epoch #11 cost=0.007763
Epoch #12 cost=0.007433
Epoch #13 cost=0.007135
Epoch #14 cost=0.006864
Epoch #15 cost=0.006616
Epoch #16 cost=0.006378
Epoch #17 cost=0.006175
Epoch #18 cost=0.005968
Epoch #19 cost=0.005787
Nodes keep percentage is :  0.2999999999999994
** Start training **
Epoch #0 cost=0.034962
Epoch #1 cost=0.030472
Epoch #2 cost=0.027838
Epoch #3 cost=0.025702
Epoch #4 cost=0.023884
Epoch #5 cost=0.022304
Epoch #6 cost=0.020836
Epoch #7 cost=0.019541
Epoch #8 cost=0.018389
Epoch #9 cost=0.017332
Epoch #10 cost=0.016351
Epoch #11 cost=0.015456
Epoch #12 cost=0.014644
Epoch #13 cost=0.013879
Epoch #14 cost=0.013220
Epoch #15 cost=0.012607
Epoch #16 cost=0.012045
Epoch #17 cost=0.011524
Epoch #18 cost=0.011036
Epoch #19 cost=0.010581
** Start training **
Epoch #0 cost=0.034872
Epoch #1 cost=0.030229
Epoch #2 cost=0.027135
Epoch #3 cost=0.024826
Epoch #4 cost=0.023000
Epoch #5 cost=0.021460
Epoch #6 cost=0.020129
Epoch #7 cost=0.018911
Epoch #8 cost=0.017812
Epoch #9 cost=0.016846
Epoch #10 cost=0.015950
Epoch #11 cost=0.015151
Epoch #12 cost=0.014427
Epoch #13 cost=0.013713
Epoch #14 cost=0.013089
Epoch #15 cost=0.012487
Epoch #16 cost=0.011960
Epoch #17 cost=0.011435
Epoch #18 cost=0.010979
Epoch #19 cost=0.010536
** Start training **
Epoch #0 cost=0.035038
Epoch #1 cost=0.030612
Epoch #2 cost=0.027630
Epoch #3 cost=0.025359
Epoch #4 cost=0.023522
Epoch #5 cost=0.021946
Epoch #6 cost=0.020567
Epoch #7 cost=0.019348
Epoch #8 cost=0.018240
Epoch #9 cost=0.017250
Epoch #10 cost=0.016317
Epoch #11 cost=0.015484
Epoch #12 cost=0.014675
Epoch #13 cost=0.013930
Epoch #14 cost=0.013274
Epoch #15 cost=0.012627
Epoch #16 cost=0.012071
Epoch #17 cost=0.011542
Epoch #18 cost=0.011044
Epoch #19 cost=0.010602
** Start training **
Epoch #0 cost=0.034801
Epoch #1 cost=0.029999
Epoch #2 cost=0.026838
Epoch #3 cost=0.024405
Epoch #4 cost=0.022454
Epoch #5 cost=0.020856
Epoch #6 cost=0.019461
Epoch #7 cost=0.018175
Epoch #8 cost=0.017052
Epoch #9 cost=0.016015
Epoch #10 cost=0.015103
Epoch #11 cost=0.014315
Epoch #12 cost=0.013589
Epoch #13 cost=0.012928
Epoch #14 cost=0.012329
Epoch #15 cost=0.011774
Epoch #16 cost=0.011241
Epoch #17 cost=0.010742
Epoch #18 cost=0.010290
Epoch #19 cost=0.009868
** Start training **
Epoch #0 cost=0.034913
Epoch #1 cost=0.030368
Epoch #2 cost=0.027409
Epoch #3 cost=0.025081
Epoch #4 cost=0.023209
Epoch #5 cost=0.021642
Epoch #6 cost=0.020226
Epoch #7 cost=0.019003
Epoch #8 cost=0.017891
Epoch #9 cost=0.016895
Epoch #10 cost=0.016021
Epoch #11 cost=0.015222
Epoch #12 cost=0.014476
Epoch #13 cost=0.013808
Epoch #14 cost=0.013180
Epoch #15 cost=0.012593
Epoch #16 cost=0.012037
Epoch #17 cost=0.011523
Epoch #18 cost=0.011030
Epoch #19 cost=0.010590
** Start training **
Epoch #0 cost=0.034730
Epoch #1 cost=0.030036
Epoch #2 cost=0.026941
Epoch #3 cost=0.024598
Epoch #4 cost=0.022707
Epoch #5 cost=0.021150
Epoch #6 cost=0.019797
Epoch #7 cost=0.018572
Epoch #8 cost=0.017494
Epoch #9 cost=0.016538
Epoch #10 cost=0.015649
Epoch #11 cost=0.014825
Epoch #12 cost=0.014069
Epoch #13 cost=0.013381
Epoch #14 cost=0.012750
Epoch #15 cost=0.012164
Epoch #16 cost=0.011627
Epoch #17 cost=0.011116
Epoch #18 cost=0.010655
Epoch #19 cost=0.010227
** Start training **
Epoch #0 cost=0.034497
Epoch #1 cost=0.030042
Epoch #2 cost=0.027168
Epoch #3 cost=0.024925
Epoch #4 cost=0.023091
Epoch #5 cost=0.021546
Epoch #6 cost=0.020228
Epoch #7 cost=0.019029
Epoch #8 cost=0.017946
Epoch #9 cost=0.016981
Epoch #10 cost=0.016078
Epoch #11 cost=0.015254
Epoch #12 cost=0.014513
Epoch #13 cost=0.013827
Epoch #14 cost=0.013185
Epoch #15 cost=0.012601
Epoch #16 cost=0.012048
Epoch #17 cost=0.011544
Epoch #18 cost=0.011052
Epoch #19 cost=0.010614
** Start training **
Epoch #0 cost=0.035355
Epoch #1 cost=0.030577
Epoch #2 cost=0.027426
Epoch #3 cost=0.025020
Epoch #4 cost=0.023062
Epoch #5 cost=0.021421
Epoch #6 cost=0.020007
Epoch #7 cost=0.018760
Epoch #8 cost=0.017617
Epoch #9 cost=0.016637
Epoch #10 cost=0.015750
Epoch #11 cost=0.014945
Epoch #12 cost=0.014220
Epoch #13 cost=0.013528
Epoch #14 cost=0.012915
Epoch #15 cost=0.012313
Epoch #16 cost=0.011781
Epoch #17 cost=0.011273
Epoch #18 cost=0.010802
Epoch #19 cost=0.010380
** Start training **
Epoch #0 cost=0.034839
Epoch #1 cost=0.030278
Epoch #2 cost=0.027203
Epoch #3 cost=0.024894
Epoch #4 cost=0.023035
Epoch #5 cost=0.021465
Epoch #6 cost=0.020044
Epoch #7 cost=0.018811
Epoch #8 cost=0.017675
Epoch #9 cost=0.016656
Epoch #10 cost=0.015753
Epoch #11 cost=0.014937
Epoch #12 cost=0.014173
Epoch #13 cost=0.013491
Epoch #14 cost=0.012852
Epoch #15 cost=0.012265
Epoch #16 cost=0.011730
Epoch #17 cost=0.011231
Epoch #18 cost=0.010766
Epoch #19 cost=0.010343
** Start training **
Epoch #0 cost=0.026860
Epoch #1 cost=0.021496
Epoch #2 cost=0.018571
Epoch #3 cost=0.016546
Epoch #4 cost=0.015014
Epoch #5 cost=0.013781
Epoch #6 cost=0.012763
Epoch #7 cost=0.011909
Epoch #8 cost=0.011161
Epoch #9 cost=0.010522
Epoch #10 cost=0.009939
Epoch #11 cost=0.009426
Epoch #12 cost=0.008960
Epoch #13 cost=0.008544
Epoch #14 cost=0.008162
Epoch #15 cost=0.007821
Epoch #16 cost=0.007507
Epoch #17 cost=0.007215
Epoch #18 cost=0.006954
Epoch #19 cost=0.006704
Nodes keep percentage is :  0.24999999999999933
** Start training **
Epoch #0 cost=0.043502
Epoch #1 cost=0.036717
Epoch #2 cost=0.032410
Epoch #3 cost=0.029098
Epoch #4 cost=0.026440
Epoch #5 cost=0.024245
Epoch #6 cost=0.022378
Epoch #7 cost=0.020787
Epoch #8 cost=0.019422
Epoch #9 cost=0.018246
Epoch #10 cost=0.017195
Epoch #11 cost=0.016261
Epoch #12 cost=0.015393
Epoch #13 cost=0.014616
Epoch #14 cost=0.013922
Epoch #15 cost=0.013274
Epoch #16 cost=0.012665
Epoch #17 cost=0.012123
Epoch #18 cost=0.011614
Epoch #19 cost=0.011135
** Start training **
Epoch #0 cost=0.043655
Epoch #1 cost=0.036080
Epoch #2 cost=0.031598
Epoch #3 cost=0.028199
Epoch #4 cost=0.025555
Epoch #5 cost=0.023396
Epoch #6 cost=0.021627
Epoch #7 cost=0.020101
Epoch #8 cost=0.018824
Epoch #9 cost=0.017728
Epoch #10 cost=0.016748
Epoch #11 cost=0.015905
Epoch #12 cost=0.015099
Epoch #13 cost=0.014393
Epoch #14 cost=0.013726
Epoch #15 cost=0.013116
Epoch #16 cost=0.012578
Epoch #17 cost=0.012067
Epoch #18 cost=0.011591
Epoch #19 cost=0.011161
** Start training **
Epoch #0 cost=0.043613
Epoch #1 cost=0.036311
Epoch #2 cost=0.031969
Epoch #3 cost=0.028684
Epoch #4 cost=0.026024
Epoch #5 cost=0.023865
Epoch #6 cost=0.022077
Epoch #7 cost=0.020554
Epoch #8 cost=0.019239
Epoch #9 cost=0.018083
Epoch #10 cost=0.017054
Epoch #11 cost=0.016150
Epoch #12 cost=0.015326
Epoch #13 cost=0.014575
Epoch #14 cost=0.013882
Epoch #15 cost=0.013258
Epoch #16 cost=0.012657
Epoch #17 cost=0.012121
Epoch #18 cost=0.011644
Epoch #19 cost=0.011164
** Start training **
Epoch #0 cost=0.043334
Epoch #1 cost=0.035769
Epoch #2 cost=0.031251
Epoch #3 cost=0.027858
Epoch #4 cost=0.025209
Epoch #5 cost=0.022968
Epoch #6 cost=0.021140
Epoch #7 cost=0.019592
Epoch #8 cost=0.018254
Epoch #9 cost=0.017075
Epoch #10 cost=0.016074
Epoch #11 cost=0.015168
Epoch #12 cost=0.014372
Epoch #13 cost=0.013643
Epoch #14 cost=0.012971
Epoch #15 cost=0.012374
Epoch #16 cost=0.011809
Epoch #17 cost=0.011297
Epoch #18 cost=0.010830
Epoch #19 cost=0.010396
** Start training **
Epoch #0 cost=0.043701
Epoch #1 cost=0.036509
Epoch #2 cost=0.032075
Epoch #3 cost=0.028731
Epoch #4 cost=0.026061
Epoch #5 cost=0.023826
Epoch #6 cost=0.022038
Epoch #7 cost=0.020480
Epoch #8 cost=0.019152
Epoch #9 cost=0.017993
Epoch #10 cost=0.016976
Epoch #11 cost=0.016060
Epoch #12 cost=0.015249
Epoch #13 cost=0.014479
Epoch #14 cost=0.013822
Epoch #15 cost=0.013185
Epoch #16 cost=0.012620
Epoch #17 cost=0.012093
Epoch #18 cost=0.011615
Epoch #19 cost=0.011159
** Start training **
Epoch #0 cost=0.043099
Epoch #1 cost=0.035564
Epoch #2 cost=0.031035
Epoch #3 cost=0.027725
Epoch #4 cost=0.025080
Epoch #5 cost=0.022977
Epoch #6 cost=0.021238
Epoch #7 cost=0.019768
Epoch #8 cost=0.018478
Epoch #9 cost=0.017352
Epoch #10 cost=0.016377
Epoch #11 cost=0.015501
Epoch #12 cost=0.014720
Epoch #13 cost=0.014028
Epoch #14 cost=0.013382
Epoch #15 cost=0.012809
Epoch #16 cost=0.012270
Epoch #17 cost=0.011762
Epoch #18 cost=0.011296
Epoch #19 cost=0.010871
** Start training **
Epoch #0 cost=0.043450
Epoch #1 cost=0.036099
Epoch #2 cost=0.031613
Epoch #3 cost=0.028231
Epoch #4 cost=0.025546
Epoch #5 cost=0.023371
Epoch #6 cost=0.021546
Epoch #7 cost=0.020027
Epoch #8 cost=0.018713
Epoch #9 cost=0.017629
Epoch #10 cost=0.016643
Epoch #11 cost=0.015744
Epoch #12 cost=0.014956
Epoch #13 cost=0.014217
Epoch #14 cost=0.013564
Epoch #15 cost=0.012954
Epoch #16 cost=0.012383
Epoch #17 cost=0.011865
Epoch #18 cost=0.011382
Epoch #19 cost=0.010950
** Start training **
Epoch #0 cost=0.044180
Epoch #1 cost=0.036568
Epoch #2 cost=0.031943
Epoch #3 cost=0.028489
Epoch #4 cost=0.025788
Epoch #5 cost=0.023624
Epoch #6 cost=0.021830
Epoch #7 cost=0.020296
Epoch #8 cost=0.018953
Epoch #9 cost=0.017815
Epoch #10 cost=0.016831
Epoch #11 cost=0.015917
Epoch #12 cost=0.015118
Epoch #13 cost=0.014365
Epoch #14 cost=0.013697
Epoch #15 cost=0.013100
Epoch #16 cost=0.012541
Epoch #17 cost=0.012040
Epoch #18 cost=0.011563
Epoch #19 cost=0.011111
** Start training **
Epoch #0 cost=0.043079
Epoch #1 cost=0.035733
Epoch #2 cost=0.031351
Epoch #3 cost=0.028036
Epoch #4 cost=0.025482
Epoch #5 cost=0.023353
Epoch #6 cost=0.021555
Epoch #7 cost=0.020054
Epoch #8 cost=0.018757
Epoch #9 cost=0.017605
Epoch #10 cost=0.016587
Epoch #11 cost=0.015678
Epoch #12 cost=0.014865
Epoch #13 cost=0.014143
Epoch #14 cost=0.013465
Epoch #15 cost=0.012859
Epoch #16 cost=0.012286
Epoch #17 cost=0.011784
Epoch #18 cost=0.011298
Epoch #19 cost=0.010860
** Start training **
Epoch #0 cost=0.039072
Epoch #1 cost=0.029752
Epoch #2 cost=0.024714
Epoch #3 cost=0.021212
Epoch #4 cost=0.018635
Epoch #5 cost=0.016665
Epoch #6 cost=0.015099
Epoch #7 cost=0.013831
Epoch #8 cost=0.012788
Epoch #9 cost=0.011888
Epoch #10 cost=0.011120
Epoch #11 cost=0.010465
Epoch #12 cost=0.009872
Epoch #13 cost=0.009354
Epoch #14 cost=0.008880
Epoch #15 cost=0.008464
Epoch #16 cost=0.008082
Epoch #17 cost=0.007730
Epoch #18 cost=0.007415
Epoch #19 cost=0.007123
Nodes keep percentage is :  0.1999999999999993
** Start training **
Epoch #0 cost=0.067262
Epoch #1 cost=0.053422
Epoch #2 cost=0.045872
Epoch #3 cost=0.040533
Epoch #4 cost=0.036523
Epoch #5 cost=0.033441
Epoch #6 cost=0.030899
Epoch #7 cost=0.028731
Epoch #8 cost=0.026732
Epoch #9 cost=0.024946
Epoch #10 cost=0.023412
Epoch #11 cost=0.022029
Epoch #12 cost=0.020790
Epoch #13 cost=0.019696
Epoch #14 cost=0.018666
Epoch #15 cost=0.017734
Epoch #16 cost=0.016878
Epoch #17 cost=0.016082
Epoch #18 cost=0.015329
Epoch #19 cost=0.014631
** Start training **
Epoch #0 cost=0.071851
Epoch #1 cost=0.054827
Epoch #2 cost=0.045969
Epoch #3 cost=0.040472
Epoch #4 cost=0.036307
Epoch #5 cost=0.033149
Epoch #6 cost=0.030677
Epoch #7 cost=0.028561
Epoch #8 cost=0.026818
Epoch #9 cost=0.025323
Epoch #10 cost=0.024048
Epoch #11 cost=0.022830
Epoch #12 cost=0.021717
Epoch #13 cost=0.020672
Epoch #14 cost=0.019723
Epoch #15 cost=0.018839
Epoch #16 cost=0.018005
Epoch #17 cost=0.017264
Epoch #18 cost=0.016528
Epoch #19 cost=0.015848
** Start training **
Epoch #0 cost=0.071746
Epoch #1 cost=0.054860
Epoch #2 cost=0.046230
Epoch #3 cost=0.041120
Epoch #4 cost=0.037045
Epoch #5 cost=0.033846
Epoch #6 cost=0.031235
Epoch #7 cost=0.029076
Epoch #8 cost=0.027223
Epoch #9 cost=0.025579
Epoch #10 cost=0.024144
Epoch #11 cost=0.022862
Epoch #12 cost=0.021788
Epoch #13 cost=0.020723
Epoch #14 cost=0.019721
Epoch #15 cost=0.018785
Epoch #16 cost=0.017945
Epoch #17 cost=0.017141
Epoch #18 cost=0.016376
Epoch #19 cost=0.015662
** Start training **
Epoch #0 cost=0.071665
Epoch #1 cost=0.054707
Epoch #2 cost=0.045656
Epoch #3 cost=0.040181
Epoch #4 cost=0.036006
Epoch #5 cost=0.032764
Epoch #6 cost=0.030154
Epoch #7 cost=0.027979
Epoch #8 cost=0.026094
Epoch #9 cost=0.024483
Epoch #10 cost=0.023125
Epoch #11 cost=0.021892
Epoch #12 cost=0.020700
Epoch #13 cost=0.019664
Epoch #14 cost=0.018712
Epoch #15 cost=0.017836
Epoch #16 cost=0.017026
Epoch #17 cost=0.016263
Epoch #18 cost=0.015508
Epoch #19 cost=0.014761
** Start training **
Epoch #0 cost=0.072028
Epoch #1 cost=0.055317
Epoch #2 cost=0.046430
Epoch #3 cost=0.041095
Epoch #4 cost=0.037067
Epoch #5 cost=0.033902
Epoch #6 cost=0.031363
Epoch #7 cost=0.029223
Epoch #8 cost=0.027374
Epoch #9 cost=0.025747
Epoch #10 cost=0.024338
Epoch #11 cost=0.023116
Epoch #12 cost=0.021900
Epoch #13 cost=0.020793
Epoch #14 cost=0.019800
Epoch #15 cost=0.018856
Epoch #16 cost=0.018017
Epoch #17 cost=0.017196
Epoch #18 cost=0.016455
Epoch #19 cost=0.015766
** Start training **
Epoch #0 cost=0.071371
Epoch #1 cost=0.054174
Epoch #2 cost=0.045243
Epoch #3 cost=0.040043
Epoch #4 cost=0.035946
Epoch #5 cost=0.032754
Epoch #6 cost=0.030189
Epoch #7 cost=0.028032
Epoch #8 cost=0.026234
Epoch #9 cost=0.024670
Epoch #10 cost=0.023309
Epoch #11 cost=0.022136
Epoch #12 cost=0.021079
Epoch #13 cost=0.020039
Epoch #14 cost=0.019087
Epoch #15 cost=0.018229
Epoch #16 cost=0.017430
Epoch #17 cost=0.016673
Epoch #18 cost=0.015970
Epoch #19 cost=0.015305
** Start training **
Epoch #0 cost=0.071838
Epoch #1 cost=0.054825
Epoch #2 cost=0.046088
Epoch #3 cost=0.040836
Epoch #4 cost=0.036708
Epoch #5 cost=0.033466
Epoch #6 cost=0.030813
Epoch #7 cost=0.028694
Epoch #8 cost=0.026895
Epoch #9 cost=0.025347
Epoch #10 cost=0.024020
Epoch #11 cost=0.022867
Epoch #12 cost=0.021818
Epoch #13 cost=0.020759
Epoch #14 cost=0.019799
Epoch #15 cost=0.018920
Epoch #16 cost=0.018110
Epoch #17 cost=0.017354
Epoch #18 cost=0.016650
Epoch #19 cost=0.015981
** Start training **
Epoch #0 cost=0.072379
Epoch #1 cost=0.055245
Epoch #2 cost=0.046393
Epoch #3 cost=0.041126
Epoch #4 cost=0.036972
Epoch #5 cost=0.033691
Epoch #6 cost=0.031020
Epoch #7 cost=0.028795
Epoch #8 cost=0.026877
Epoch #9 cost=0.025226
Epoch #10 cost=0.023827
Epoch #11 cost=0.022646
Epoch #12 cost=0.021507
Epoch #13 cost=0.020412
Epoch #14 cost=0.019417
Epoch #15 cost=0.018500
Epoch #16 cost=0.017667
Epoch #17 cost=0.016889
Epoch #18 cost=0.016142
Epoch #19 cost=0.015460
** Start training **
Epoch #0 cost=0.071348
Epoch #1 cost=0.054408
Epoch #2 cost=0.045777
Epoch #3 cost=0.040732
Epoch #4 cost=0.036726
Epoch #5 cost=0.033506
Epoch #6 cost=0.030891
Epoch #7 cost=0.028672
Epoch #8 cost=0.026794
Epoch #9 cost=0.025200
Epoch #10 cost=0.023781
Epoch #11 cost=0.022533
Epoch #12 cost=0.021400
Epoch #13 cost=0.020396
Epoch #14 cost=0.019416
Epoch #15 cost=0.018497
Epoch #16 cost=0.017649
Epoch #17 cost=0.016842
Epoch #18 cost=0.016119
Epoch #19 cost=0.015403
** Start training **
Epoch #0 cost=0.061948
Epoch #1 cost=0.042277
Epoch #2 cost=0.032848
Epoch #3 cost=0.026995
Epoch #4 cost=0.022947
Epoch #5 cost=0.020100
Epoch #6 cost=0.017957
Epoch #7 cost=0.016240
Epoch #8 cost=0.014777
Epoch #9 cost=0.013546
Epoch #10 cost=0.012526
Epoch #11 cost=0.011697
Epoch #12 cost=0.011006
Epoch #13 cost=0.010408
Epoch #14 cost=0.009892
Epoch #15 cost=0.009414
Epoch #16 cost=0.009006
Epoch #17 cost=0.008612
Epoch #18 cost=0.008264
Epoch #19 cost=0.007948
Nodes keep percentage is :  0.14999999999999925
** Start training **
Epoch #0 cost=0.078233
Epoch #1 cost=0.062242
Epoch #2 cost=0.053454
Epoch #3 cost=0.046850
Epoch #4 cost=0.041918
Epoch #5 cost=0.037898
Epoch #6 cost=0.034638
Epoch #7 cost=0.031944
Epoch #8 cost=0.029607
Epoch #9 cost=0.027588
Epoch #10 cost=0.025840
Epoch #11 cost=0.024303
Epoch #12 cost=0.022909
Epoch #13 cost=0.021670
Epoch #14 cost=0.020543
Epoch #15 cost=0.019529
Epoch #16 cost=0.018581
Epoch #17 cost=0.017735
Epoch #18 cost=0.016925
Epoch #19 cost=0.016179
** Start training **
Epoch #0 cost=0.081361
Epoch #1 cost=0.062802
Epoch #2 cost=0.052872
Epoch #3 cost=0.046128
Epoch #4 cost=0.041121
Epoch #5 cost=0.037041
Epoch #6 cost=0.033708
Epoch #7 cost=0.031062
Epoch #8 cost=0.028804
Epoch #9 cost=0.026960
Epoch #10 cost=0.025273
Epoch #11 cost=0.023794
Epoch #12 cost=0.022486
Epoch #13 cost=0.021297
Epoch #14 cost=0.020249
Epoch #15 cost=0.019264
Epoch #16 cost=0.018361
Epoch #17 cost=0.017554
Epoch #18 cost=0.016796
Epoch #19 cost=0.016086
** Start training **
Epoch #0 cost=0.081577
Epoch #1 cost=0.063527
Epoch #2 cost=0.053706
Epoch #3 cost=0.047019
Epoch #4 cost=0.042008
Epoch #5 cost=0.037905
Epoch #6 cost=0.034621
Epoch #7 cost=0.031823
Epoch #8 cost=0.029467
Epoch #9 cost=0.027434
Epoch #10 cost=0.025637
Epoch #11 cost=0.024071
Epoch #12 cost=0.022723
Epoch #13 cost=0.021494
Epoch #14 cost=0.020380
Epoch #15 cost=0.019356
Epoch #16 cost=0.018437
Epoch #17 cost=0.017577
Epoch #18 cost=0.016801
Epoch #19 cost=0.016089
** Start training **
Epoch #0 cost=0.081508
Epoch #1 cost=0.063156
Epoch #2 cost=0.052984
Epoch #3 cost=0.046080
Epoch #4 cost=0.040810
Epoch #5 cost=0.036736
Epoch #6 cost=0.033472
Epoch #7 cost=0.030658
Epoch #8 cost=0.028301
Epoch #9 cost=0.026295
Epoch #10 cost=0.024550
Epoch #11 cost=0.023041
Epoch #12 cost=0.021706
Epoch #13 cost=0.020514
Epoch #14 cost=0.019425
Epoch #15 cost=0.018462
Epoch #16 cost=0.017583
Epoch #17 cost=0.016775
Epoch #18 cost=0.016012
Epoch #19 cost=0.015233
** Start training **
Epoch #0 cost=0.081856
Epoch #1 cost=0.063753
Epoch #2 cost=0.053725
Epoch #3 cost=0.047022
Epoch #4 cost=0.041913
Epoch #5 cost=0.037850
Epoch #6 cost=0.034465
Epoch #7 cost=0.031737
Epoch #8 cost=0.029393
Epoch #9 cost=0.027406
Epoch #10 cost=0.025659
Epoch #11 cost=0.024156
Epoch #12 cost=0.022798
Epoch #13 cost=0.021566
Epoch #14 cost=0.020459
Epoch #15 cost=0.019463
Epoch #16 cost=0.018538
Epoch #17 cost=0.017697
Epoch #18 cost=0.016921
Epoch #19 cost=0.016202
** Start training **
Epoch #0 cost=0.081015
Epoch #1 cost=0.062667
Epoch #2 cost=0.052634
Epoch #3 cost=0.045826
Epoch #4 cost=0.040843
Epoch #5 cost=0.036756
Epoch #6 cost=0.033413
Epoch #7 cost=0.030717
Epoch #8 cost=0.028444
Epoch #9 cost=0.026503
Epoch #10 cost=0.024842
Epoch #11 cost=0.023392
Epoch #12 cost=0.022081
Epoch #13 cost=0.020903
Epoch #14 cost=0.019858
Epoch #15 cost=0.018901
Epoch #16 cost=0.018024
Epoch #17 cost=0.017211
Epoch #18 cost=0.016468
Epoch #19 cost=0.015760
** Start training **
Epoch #0 cost=0.081659
Epoch #1 cost=0.063099
Epoch #2 cost=0.053183
Epoch #3 cost=0.046372
Epoch #4 cost=0.041228
Epoch #5 cost=0.037101
Epoch #6 cost=0.033811
Epoch #7 cost=0.031044
Epoch #8 cost=0.028727
Epoch #9 cost=0.026825
Epoch #10 cost=0.025135
Epoch #11 cost=0.023645
Epoch #12 cost=0.022299
Epoch #13 cost=0.021118
Epoch #14 cost=0.020077
Epoch #15 cost=0.019103
Epoch #16 cost=0.018216
Epoch #17 cost=0.017400
Epoch #18 cost=0.016635
Epoch #19 cost=0.015955
** Start training **
Epoch #0 cost=0.082088
Epoch #1 cost=0.063616
Epoch #2 cost=0.053361
Epoch #3 cost=0.046644
Epoch #4 cost=0.041532
Epoch #5 cost=0.037430
Epoch #6 cost=0.034061
Epoch #7 cost=0.031250
Epoch #8 cost=0.028869
Epoch #9 cost=0.026843
Epoch #10 cost=0.025079
Epoch #11 cost=0.023581
Epoch #12 cost=0.022271
Epoch #13 cost=0.021120
Epoch #14 cost=0.020058
Epoch #15 cost=0.019086
Epoch #16 cost=0.018215
Epoch #17 cost=0.017401
Epoch #18 cost=0.016641
Epoch #19 cost=0.015928
** Start training **
Epoch #0 cost=0.081090
Epoch #1 cost=0.062767
Epoch #2 cost=0.052976
Epoch #3 cost=0.046354
Epoch #4 cost=0.041374
Epoch #5 cost=0.037324
Epoch #6 cost=0.033945
Epoch #7 cost=0.031252
Epoch #8 cost=0.028944
Epoch #9 cost=0.026967
Epoch #10 cost=0.025258
Epoch #11 cost=0.023730
Epoch #12 cost=0.022343
Epoch #13 cost=0.021136
Epoch #14 cost=0.020012
Epoch #15 cost=0.019010
Epoch #16 cost=0.018101
Epoch #17 cost=0.017253
Epoch #18 cost=0.016468
Epoch #19 cost=0.015690
** Start training **
Epoch #0 cost=0.068060
Epoch #1 cost=0.045346
Epoch #2 cost=0.035055
Epoch #3 cost=0.028798
Epoch #4 cost=0.024654
Epoch #5 cost=0.021466
Epoch #6 cost=0.019039
Epoch #7 cost=0.017249
Epoch #8 cost=0.015815
Epoch #9 cost=0.014648
Epoch #10 cost=0.013651
Epoch #11 cost=0.012740
Epoch #12 cost=0.011941
Epoch #13 cost=0.011231
Epoch #14 cost=0.010568
Epoch #15 cost=0.009993
Epoch #16 cost=0.009534
Epoch #17 cost=0.009097
Epoch #18 cost=0.008708
Epoch #19 cost=0.008365
Nodes keep percentage is :  0.0999999999999992
** Start training **
Epoch #0 cost=0.076393
Epoch #1 cost=0.058953
Epoch #2 cost=0.049648
Epoch #3 cost=0.043217
Epoch #4 cost=0.038437
Epoch #5 cost=0.034769
Epoch #6 cost=0.031799
Epoch #7 cost=0.029326
Epoch #8 cost=0.027167
Epoch #9 cost=0.025386
Epoch #10 cost=0.023792
Epoch #11 cost=0.022393
Epoch #12 cost=0.021160
Epoch #13 cost=0.020036
Epoch #14 cost=0.019014
Epoch #15 cost=0.018065
Epoch #16 cost=0.017178
Epoch #17 cost=0.016387
Epoch #18 cost=0.015634
Epoch #19 cost=0.014957
** Start training **
Epoch #0 cost=0.075542
Epoch #1 cost=0.057938
Epoch #2 cost=0.048372
Epoch #3 cost=0.041870
Epoch #4 cost=0.037120
Epoch #5 cost=0.033527
Epoch #6 cost=0.030683
Epoch #7 cost=0.028318
Epoch #8 cost=0.026314
Epoch #9 cost=0.024603
Epoch #10 cost=0.023110
Epoch #11 cost=0.021824
Epoch #12 cost=0.020662
Epoch #13 cost=0.019613
Epoch #14 cost=0.018673
Epoch #15 cost=0.017797
Epoch #16 cost=0.016986
Epoch #17 cost=0.016231
Epoch #18 cost=0.015534
Epoch #19 cost=0.014877
** Start training **
Epoch #0 cost=0.075677
Epoch #1 cost=0.058601
Epoch #2 cost=0.049292
Epoch #3 cost=0.042902
Epoch #4 cost=0.038120
Epoch #5 cost=0.034494
Epoch #6 cost=0.031610
Epoch #7 cost=0.029205
Epoch #8 cost=0.027138
Epoch #9 cost=0.025326
Epoch #10 cost=0.023762
Epoch #11 cost=0.022362
Epoch #12 cost=0.021136
Epoch #13 cost=0.020015
Epoch #14 cost=0.019032
Epoch #15 cost=0.018093
Epoch #16 cost=0.017265
Epoch #17 cost=0.016510
Epoch #18 cost=0.015735
Epoch #19 cost=0.015064
** Start training **
Epoch #0 cost=0.075422
Epoch #1 cost=0.058182
Epoch #2 cost=0.048626
Epoch #3 cost=0.042041
Epoch #4 cost=0.037232
Epoch #5 cost=0.033462
Epoch #6 cost=0.030461
Epoch #7 cost=0.028012
Epoch #8 cost=0.025964
Epoch #9 cost=0.024164
Epoch #10 cost=0.022609
Epoch #11 cost=0.021228
Epoch #12 cost=0.020013
Epoch #13 cost=0.018947
Epoch #14 cost=0.017947
Epoch #15 cost=0.017066
Epoch #16 cost=0.016229
Epoch #17 cost=0.015449
Epoch #18 cost=0.014723
Epoch #19 cost=0.014052
** Start training **
Epoch #0 cost=0.076149
Epoch #1 cost=0.058974
Epoch #2 cost=0.049466
Epoch #3 cost=0.042949
Epoch #4 cost=0.038236
Epoch #5 cost=0.034557
Epoch #6 cost=0.031598
Epoch #7 cost=0.029150
Epoch #8 cost=0.027060
Epoch #9 cost=0.025257
Epoch #10 cost=0.023682
Epoch #11 cost=0.022320
Epoch #12 cost=0.021091
Epoch #13 cost=0.019957
Epoch #14 cost=0.018967
Epoch #15 cost=0.018055
Epoch #16 cost=0.017207
Epoch #17 cost=0.016393
Epoch #18 cost=0.015675
Epoch #19 cost=0.014968
** Start training **
Epoch #0 cost=0.075351
Epoch #1 cost=0.057920
Epoch #2 cost=0.048424
Epoch #3 cost=0.041987
Epoch #4 cost=0.037248
Epoch #5 cost=0.033689
Epoch #6 cost=0.030777
Epoch #7 cost=0.028343
Epoch #8 cost=0.026278
Epoch #9 cost=0.024527
Epoch #10 cost=0.023026
Epoch #11 cost=0.021708
Epoch #12 cost=0.020522
Epoch #13 cost=0.019454
Epoch #14 cost=0.018486
Epoch #15 cost=0.017577
Epoch #16 cost=0.016761
Epoch #17 cost=0.015989
Epoch #18 cost=0.015264
Epoch #19 cost=0.014613
** Start training **
Epoch #0 cost=0.075757
Epoch #1 cost=0.058458
Epoch #2 cost=0.048882
Epoch #3 cost=0.042368
Epoch #4 cost=0.037643
Epoch #5 cost=0.034022
Epoch #6 cost=0.031089
Epoch #7 cost=0.028664
Epoch #8 cost=0.026624
Epoch #9 cost=0.024895
Epoch #10 cost=0.023391
Epoch #11 cost=0.022083
Epoch #12 cost=0.020911
Epoch #13 cost=0.019864
Epoch #14 cost=0.018875
Epoch #15 cost=0.017988
Epoch #16 cost=0.017169
Epoch #17 cost=0.016422
Epoch #18 cost=0.015714
Epoch #19 cost=0.015070
** Start training **
Epoch #0 cost=0.076341
Epoch #1 cost=0.058972
Epoch #2 cost=0.049308
Epoch #3 cost=0.042664
Epoch #4 cost=0.037880
Epoch #5 cost=0.034217
Epoch #6 cost=0.031228
Epoch #7 cost=0.028743
Epoch #8 cost=0.026670
Epoch #9 cost=0.024879
Epoch #10 cost=0.023288
Epoch #11 cost=0.021937
Epoch #12 cost=0.020715
Epoch #13 cost=0.019636
Epoch #14 cost=0.018638
Epoch #15 cost=0.017707
Epoch #16 cost=0.016850
Epoch #17 cost=0.016085
Epoch #18 cost=0.015334
Epoch #19 cost=0.014675
** Start training **
Epoch #0 cost=0.075112
Epoch #1 cost=0.057997
Epoch #2 cost=0.048725
Epoch #3 cost=0.042419
Epoch #4 cost=0.037681
Epoch #5 cost=0.034065
Epoch #6 cost=0.031154
Epoch #7 cost=0.028672
Epoch #8 cost=0.026586
Epoch #9 cost=0.024789
Epoch #10 cost=0.023227
Epoch #11 cost=0.021836
Epoch #12 cost=0.020597
Epoch #13 cost=0.019478
Epoch #14 cost=0.018461
Epoch #15 cost=0.017499
Epoch #16 cost=0.016662
Epoch #17 cost=0.015859
Epoch #18 cost=0.015115
Epoch #19 cost=0.014433
** Start training **
Epoch #0 cost=0.072053
Epoch #1 cost=0.048295
Epoch #2 cost=0.037049
Epoch #3 cost=0.030067
Epoch #4 cost=0.025381
Epoch #5 cost=0.022087
Epoch #6 cost=0.019568
Epoch #7 cost=0.017574
Epoch #8 cost=0.015962
Epoch #9 cost=0.014648
Epoch #10 cost=0.013522
Epoch #11 cost=0.012579
Epoch #12 cost=0.011759
Epoch #13 cost=0.011048
Epoch #14 cost=0.010420
Epoch #15 cost=0.009868
Epoch #16 cost=0.009364
Epoch #17 cost=0.008922
Epoch #18 cost=0.008508
Epoch #19 cost=0.008140
Nodes keep percentage is :  0.049999999999999156
** Start training **
Epoch #0 cost=0.141706
Epoch #1 cost=0.106765
Epoch #2 cost=0.089786
Epoch #3 cost=0.078406
Epoch #4 cost=0.069890
Epoch #5 cost=0.063108
Epoch #6 cost=0.057690
Epoch #7 cost=0.052964
Epoch #8 cost=0.048806
Epoch #9 cost=0.045291
Epoch #10 cost=0.042139
Epoch #11 cost=0.039389
Epoch #12 cost=0.036919
Epoch #13 cost=0.034624
Epoch #14 cost=0.032489
Epoch #15 cost=0.030476
Epoch #16 cost=0.028630
Epoch #17 cost=0.026925
Epoch #18 cost=0.025364
Epoch #19 cost=0.023893
** Start training **
Epoch #0 cost=0.134711
Epoch #1 cost=0.103728
Epoch #2 cost=0.087294
Epoch #3 cost=0.076021
Epoch #4 cost=0.067814
Epoch #5 cost=0.061326
Epoch #6 cost=0.055951
Epoch #7 cost=0.051367
Epoch #8 cost=0.047419
Epoch #9 cost=0.044018
Epoch #10 cost=0.040999
Epoch #11 cost=0.038326
Epoch #12 cost=0.035912
Epoch #13 cost=0.033717
Epoch #14 cost=0.031687
Epoch #15 cost=0.029875
Epoch #16 cost=0.028159
Epoch #17 cost=0.026563
Epoch #18 cost=0.025103
Epoch #19 cost=0.023749
** Start training **
Epoch #0 cost=0.134429
Epoch #1 cost=0.104258
Epoch #2 cost=0.088353
Epoch #3 cost=0.077339
Epoch #4 cost=0.069203
Epoch #5 cost=0.062652
Epoch #6 cost=0.057221
Epoch #7 cost=0.052563
Epoch #8 cost=0.048499
Epoch #9 cost=0.044910
Epoch #10 cost=0.041812
Epoch #11 cost=0.039082
Epoch #12 cost=0.036578
Epoch #13 cost=0.034319
Epoch #14 cost=0.032222
Epoch #15 cost=0.030328
Epoch #16 cost=0.028562
Epoch #17 cost=0.026927
Epoch #18 cost=0.025404
Epoch #19 cost=0.023980
** Start training **
Epoch #0 cost=0.134531
Epoch #1 cost=0.104066
Epoch #2 cost=0.087952
Epoch #3 cost=0.076781
Epoch #4 cost=0.068509
Epoch #5 cost=0.061703
Epoch #6 cost=0.056030
Epoch #7 cost=0.051268
Epoch #8 cost=0.047006
Epoch #9 cost=0.043331
Epoch #10 cost=0.040082
Epoch #11 cost=0.037281
Epoch #12 cost=0.034743
Epoch #13 cost=0.032512
Epoch #14 cost=0.030486
Epoch #15 cost=0.028623
Epoch #16 cost=0.026934
Epoch #17 cost=0.025401
Epoch #18 cost=0.023912
Epoch #19 cost=0.022507
** Start training **
Epoch #0 cost=0.135068
Epoch #1 cost=0.104859
Epoch #2 cost=0.088921
Epoch #3 cost=0.077904
Epoch #4 cost=0.069746
Epoch #5 cost=0.063244
Epoch #6 cost=0.057719
Epoch #7 cost=0.053084
Epoch #8 cost=0.048997
Epoch #9 cost=0.045442
Epoch #10 cost=0.042367
Epoch #11 cost=0.039557
Epoch #12 cost=0.036996
Epoch #13 cost=0.034684
Epoch #14 cost=0.032565
Epoch #15 cost=0.030644
Epoch #16 cost=0.028870
Epoch #17 cost=0.027204
Epoch #18 cost=0.025671
Epoch #19 cost=0.024234
** Start training **
Epoch #0 cost=0.134252
Epoch #1 cost=0.103584
Epoch #2 cost=0.087208
Epoch #3 cost=0.076081
Epoch #4 cost=0.067850
Epoch #5 cost=0.060968
Epoch #6 cost=0.055455
Epoch #7 cost=0.050759
Epoch #8 cost=0.046714
Epoch #9 cost=0.043193
Epoch #10 cost=0.040181
Epoch #11 cost=0.037432
Epoch #12 cost=0.034956
Epoch #13 cost=0.032818
Epoch #14 cost=0.030886
Epoch #15 cost=0.029095
Epoch #16 cost=0.027437
Epoch #17 cost=0.025887
Epoch #18 cost=0.024475
Epoch #19 cost=0.023111
** Start training **
Epoch #0 cost=0.134735
Epoch #1 cost=0.103888
Epoch #2 cost=0.087677
Epoch #3 cost=0.076905
Epoch #4 cost=0.068552
Epoch #5 cost=0.061804
Epoch #6 cost=0.056211
Epoch #7 cost=0.051462
Epoch #8 cost=0.047365
Epoch #9 cost=0.043810
Epoch #10 cost=0.040807
Epoch #11 cost=0.038113
Epoch #12 cost=0.035658
Epoch #13 cost=0.033407
Epoch #14 cost=0.031383
Epoch #15 cost=0.029621
Epoch #16 cost=0.027920
Epoch #17 cost=0.026382
Epoch #18 cost=0.024943
Epoch #19 cost=0.023625
** Start training **
Epoch #0 cost=0.134712
Epoch #1 cost=0.104056
Epoch #2 cost=0.087917
Epoch #3 cost=0.076861
Epoch #4 cost=0.068743
Epoch #5 cost=0.062027
Epoch #6 cost=0.056445
Epoch #7 cost=0.051712
Epoch #8 cost=0.047587
Epoch #9 cost=0.044096
Epoch #10 cost=0.040962
Epoch #11 cost=0.038162
Epoch #12 cost=0.035697
Epoch #13 cost=0.033460
Epoch #14 cost=0.031463
Epoch #15 cost=0.029592
Epoch #16 cost=0.027886
Epoch #17 cost=0.026265
Epoch #18 cost=0.024764
Epoch #19 cost=0.023393
** Start training **
Epoch #0 cost=0.133506
Epoch #1 cost=0.103568
Epoch #2 cost=0.087795
Epoch #3 cost=0.076807
Epoch #4 cost=0.068708
Epoch #5 cost=0.062223
Epoch #6 cost=0.056837
Epoch #7 cost=0.052360
Epoch #8 cost=0.048513
Epoch #9 cost=0.045067
Epoch #10 cost=0.041966
Epoch #11 cost=0.039131
Epoch #12 cost=0.036619
Epoch #13 cost=0.034293
Epoch #14 cost=0.032192
Epoch #15 cost=0.030288
Epoch #16 cost=0.028487
Epoch #17 cost=0.026866
Epoch #18 cost=0.025324
Epoch #19 cost=0.023962
** Start training **
Epoch #0 cost=0.136874
Epoch #1 cost=0.085302
Epoch #2 cost=0.064010
Epoch #3 cost=0.051657
Epoch #4 cost=0.043479
Epoch #5 cost=0.037699
Epoch #6 cost=0.033108
Epoch #7 cost=0.029535
Epoch #8 cost=0.026617
Epoch #9 cost=0.024195
Epoch #10 cost=0.022122
Epoch #11 cost=0.020426
Epoch #12 cost=0.018944
Epoch #13 cost=0.017609
Epoch #14 cost=0.016456
Epoch #15 cost=0.015451
Epoch #16 cost=0.014568
Epoch #17 cost=0.013758
Epoch #18 cost=0.013061
Epoch #19 cost=0.012410
